[0.394s] DEBUG:colcon:Command line arguments: ['/usr/bin/colcon', 'build']
[0.394s] DEBUG:colcon:Parsed command line arguments: Namespace(allow_overriding=[], ament_cmake_args=None, base_paths=['.'], build_base='build', catkin_cmake_args=None, catkin_skip_building_tests=False, cmake_args=None, cmake_clean_cache=False, cmake_clean_first=False, cmake_force_configure=False, cmake_target=None, cmake_target_skip_unavailable=False, continue_on_error=False, event_handlers=None, executor='parallel', ignore_user_meta=False, install_base='install', log_base=None, log_level=None, main=<bound method BuildVerb.main of <colcon_core.verb.build.BuildVerb object at 0x7f911451e250>>, merge_install=False, metas=['./colcon.meta'], packages_above=None, packages_above_and_dependencies=None, packages_above_depth=None, packages_end=None, packages_ignore=None, packages_ignore_regex=None, packages_select=None, packages_select_build_failed=False, packages_select_by_dep=None, packages_select_regex=None, packages_select_test_failures=False, packages_skip=None, packages_skip_build_finished=False, packages_skip_by_dep=None, packages_skip_regex=None, packages_skip_test_passed=False, packages_skip_up_to=None, packages_start=None, packages_up_to=None, packages_up_to_regex=None, parallel_workers=28, paths=None, symlink_install=False, test_result_base=None, verb_extension=<colcon_core.verb.build.BuildVerb object at 0x7f911451e250>, verb_name='build', verb_parser=<colcon_defaults.argument_parser.defaults.DefaultArgumentsDecorator object at 0x7f911451e790>)
[0.439s] Level 1:colcon.colcon_core.package_discovery:discover_packages(colcon_meta) check parameters
[0.439s] Level 1:colcon.colcon_core.package_discovery:discover_packages(recursive) check parameters
[0.439s] Level 1:colcon.colcon_core.package_discovery:discover_packages(ignore) check parameters
[0.439s] Level 1:colcon.colcon_core.package_discovery:discover_packages(path) check parameters
[0.439s] Level 1:colcon.colcon_core.package_discovery:discover_packages(colcon_meta) discover
[0.439s] Level 1:colcon.colcon_core.package_discovery:discover_packages(recursive) discover
[0.439s] INFO:colcon.colcon_core.package_discovery:Crawling recursively for packages in '/home/bev/bev_ws'
[0.439s] Level 1:colcon.colcon_core.package_identification:_identify(.) by extensions ['ignore', 'ignore_ament_install']
[0.440s] Level 1:colcon.colcon_core.package_identification:_identify(.) by extension 'ignore'
[0.440s] Level 1:colcon.colcon_core.package_identification:_identify(.) by extension 'ignore_ament_install'
[0.440s] Level 1:colcon.colcon_core.package_identification:_identify(.) by extensions ['colcon_pkg']
[0.440s] Level 1:colcon.colcon_core.package_identification:_identify(.) by extension 'colcon_pkg'
[0.440s] Level 1:colcon.colcon_core.package_identification:_identify(.) by extensions ['colcon_meta']
[0.440s] Level 1:colcon.colcon_core.package_identification:_identify(.) by extension 'colcon_meta'
[0.440s] Level 1:colcon.colcon_core.package_identification:_identify(.) by extensions ['ros']
[0.440s] Level 1:colcon.colcon_core.package_identification:_identify(.) by extension 'ros'
[0.460s] Level 1:colcon.colcon_core.package_identification:_identify(.) by extensions ['cmake', 'python']
[0.460s] Level 1:colcon.colcon_core.package_identification:_identify(.) by extension 'cmake'
[0.460s] Level 1:colcon.colcon_core.package_identification:_identify(.) by extension 'python'
[0.460s] Level 1:colcon.colcon_core.package_identification:_identify(.) by extensions ['python_setup_py']
[0.460s] Level 1:colcon.colcon_core.package_identification:_identify(.) by extension 'python_setup_py'
[0.460s] Level 1:colcon.colcon_core.package_identification:_identify(build) by extensions ['ignore', 'ignore_ament_install']
[0.460s] Level 1:colcon.colcon_core.package_identification:_identify(build) by extension 'ignore'
[0.460s] Level 1:colcon.colcon_core.package_identification:_identify(build) ignored
[0.460s] Level 1:colcon.colcon_core.package_identification:_identify(install) by extensions ['ignore', 'ignore_ament_install']
[0.460s] Level 1:colcon.colcon_core.package_identification:_identify(install) by extension 'ignore'
[0.460s] Level 1:colcon.colcon_core.package_identification:_identify(install) ignored
[0.460s] Level 1:colcon.colcon_core.package_identification:_identify(log) by extensions ['ignore', 'ignore_ament_install']
[0.461s] Level 1:colcon.colcon_core.package_identification:_identify(log) by extension 'ignore'
[0.461s] Level 1:colcon.colcon_core.package_identification:_identify(log) ignored
[0.461s] Level 1:colcon.colcon_core.package_identification:_identify(src) by extensions ['ignore', 'ignore_ament_install']
[0.461s] Level 1:colcon.colcon_core.package_identification:_identify(src) by extension 'ignore'
[0.461s] Level 1:colcon.colcon_core.package_identification:_identify(src) by extension 'ignore_ament_install'
[0.461s] Level 1:colcon.colcon_core.package_identification:_identify(src) by extensions ['colcon_pkg']
[0.461s] Level 1:colcon.colcon_core.package_identification:_identify(src) by extension 'colcon_pkg'
[0.461s] Level 1:colcon.colcon_core.package_identification:_identify(src) by extensions ['colcon_meta']
[0.461s] Level 1:colcon.colcon_core.package_identification:_identify(src) by extension 'colcon_meta'
[0.461s] Level 1:colcon.colcon_core.package_identification:_identify(src) by extensions ['ros']
[0.461s] Level 1:colcon.colcon_core.package_identification:_identify(src) by extension 'ros'
[0.461s] Level 1:colcon.colcon_core.package_identification:_identify(src) by extensions ['cmake', 'python']
[0.461s] Level 1:colcon.colcon_core.package_identification:_identify(src) by extension 'cmake'
[0.461s] Level 1:colcon.colcon_core.package_identification:_identify(src) by extension 'python'
[0.461s] Level 1:colcon.colcon_core.package_identification:_identify(src) by extensions ['python_setup_py']
[0.461s] Level 1:colcon.colcon_core.package_identification:_identify(src) by extension 'python_setup_py'
[0.461s] Level 1:colcon.colcon_core.package_identification:_identify(src/custom_msgs) by extensions ['ignore', 'ignore_ament_install']
[0.461s] Level 1:colcon.colcon_core.package_identification:_identify(src/custom_msgs) by extension 'ignore'
[0.461s] Level 1:colcon.colcon_core.package_identification:_identify(src/custom_msgs) by extension 'ignore_ament_install'
[0.461s] Level 1:colcon.colcon_core.package_identification:_identify(src/custom_msgs) by extensions ['colcon_pkg']
[0.461s] Level 1:colcon.colcon_core.package_identification:_identify(src/custom_msgs) by extension 'colcon_pkg'
[0.461s] Level 1:colcon.colcon_core.package_identification:_identify(src/custom_msgs) by extensions ['colcon_meta']
[0.461s] Level 1:colcon.colcon_core.package_identification:_identify(src/custom_msgs) by extension 'colcon_meta'
[0.461s] Level 1:colcon.colcon_core.package_identification:_identify(src/custom_msgs) by extensions ['ros']
[0.461s] Level 1:colcon.colcon_core.package_identification:_identify(src/custom_msgs) by extension 'ros'
[0.464s] DEBUG:colcon.colcon_core.package_identification:Package 'src/custom_msgs' with type 'ros.ament_cmake' and name 'custom_msgs'
[0.464s] Level 1:colcon.colcon_core.package_identification:_identify(src/data_pkg) by extensions ['ignore', 'ignore_ament_install']
[0.464s] Level 1:colcon.colcon_core.package_identification:_identify(src/data_pkg) by extension 'ignore'
[0.464s] Level 1:colcon.colcon_core.package_identification:_identify(src/data_pkg) by extension 'ignore_ament_install'
[0.464s] Level 1:colcon.colcon_core.package_identification:_identify(src/data_pkg) by extensions ['colcon_pkg']
[0.464s] Level 1:colcon.colcon_core.package_identification:_identify(src/data_pkg) by extension 'colcon_pkg'
[0.464s] Level 1:colcon.colcon_core.package_identification:_identify(src/data_pkg) by extensions ['colcon_meta']
[0.464s] Level 1:colcon.colcon_core.package_identification:_identify(src/data_pkg) by extension 'colcon_meta'
[0.464s] Level 1:colcon.colcon_core.package_identification:_identify(src/data_pkg) by extensions ['ros']
[0.464s] Level 1:colcon.colcon_core.package_identification:_identify(src/data_pkg) by extension 'ros'
[0.465s] DEBUG:colcon.colcon_core.package_identification:Package 'src/data_pkg' with type 'ros.ament_cmake' and name 'data_pkg'
[0.465s] Level 1:colcon.colcon_core.package_identification:_identify(src/risk_assessment) by extensions ['ignore', 'ignore_ament_install']
[0.465s] Level 1:colcon.colcon_core.package_identification:_identify(src/risk_assessment) by extension 'ignore'
[0.465s] Level 1:colcon.colcon_core.package_identification:_identify(src/risk_assessment) by extension 'ignore_ament_install'
[0.465s] Level 1:colcon.colcon_core.package_identification:_identify(src/risk_assessment) by extensions ['colcon_pkg']
[0.465s] Level 1:colcon.colcon_core.package_identification:_identify(src/risk_assessment) by extension 'colcon_pkg'
[0.465s] Level 1:colcon.colcon_core.package_identification:_identify(src/risk_assessment) by extensions ['colcon_meta']
[0.465s] Level 1:colcon.colcon_core.package_identification:_identify(src/risk_assessment) by extension 'colcon_meta'
[0.465s] Level 1:colcon.colcon_core.package_identification:_identify(src/risk_assessment) by extensions ['ros']
[0.465s] Level 1:colcon.colcon_core.package_identification:_identify(src/risk_assessment) by extension 'ros'
[0.466s] DEBUG:colcon.colcon_core.package_identification:Package 'src/risk_assessment' with type 'ros.ament_cmake' and name 'risk_assessment'
[0.466s] Level 1:colcon.colcon_core.package_identification:_identify(src/tcp_socket) by extensions ['ignore', 'ignore_ament_install']
[0.466s] Level 1:colcon.colcon_core.package_identification:_identify(src/tcp_socket) by extension 'ignore'
[0.466s] Level 1:colcon.colcon_core.package_identification:_identify(src/tcp_socket) by extension 'ignore_ament_install'
[0.466s] Level 1:colcon.colcon_core.package_identification:_identify(src/tcp_socket) by extensions ['colcon_pkg']
[0.466s] Level 1:colcon.colcon_core.package_identification:_identify(src/tcp_socket) by extension 'colcon_pkg'
[0.466s] Level 1:colcon.colcon_core.package_identification:_identify(src/tcp_socket) by extensions ['colcon_meta']
[0.466s] Level 1:colcon.colcon_core.package_identification:_identify(src/tcp_socket) by extension 'colcon_meta'
[0.466s] Level 1:colcon.colcon_core.package_identification:_identify(src/tcp_socket) by extensions ['ros']
[0.466s] Level 1:colcon.colcon_core.package_identification:_identify(src/tcp_socket) by extension 'ros'
[0.467s] DEBUG:colcon.colcon_core.package_identification:Package 'src/tcp_socket' with type 'ros.ament_cmake' and name 'tcp_socket'
[0.467s] Level 1:colcon.colcon_core.package_identification:_identify(src/tracking_algorithm) by extensions ['ignore', 'ignore_ament_install']
[0.467s] Level 1:colcon.colcon_core.package_identification:_identify(src/tracking_algorithm) by extension 'ignore'
[0.467s] Level 1:colcon.colcon_core.package_identification:_identify(src/tracking_algorithm) by extension 'ignore_ament_install'
[0.467s] Level 1:colcon.colcon_core.package_identification:_identify(src/tracking_algorithm) by extensions ['colcon_pkg']
[0.467s] Level 1:colcon.colcon_core.package_identification:_identify(src/tracking_algorithm) by extension 'colcon_pkg'
[0.467s] Level 1:colcon.colcon_core.package_identification:_identify(src/tracking_algorithm) by extensions ['colcon_meta']
[0.467s] Level 1:colcon.colcon_core.package_identification:_identify(src/tracking_algorithm) by extension 'colcon_meta'
[0.467s] Level 1:colcon.colcon_core.package_identification:_identify(src/tracking_algorithm) by extensions ['ros']
[0.467s] Level 1:colcon.colcon_core.package_identification:_identify(src/tracking_algorithm) by extension 'ros'
[0.468s] DEBUG:colcon.colcon_core.package_identification:Package 'src/tracking_algorithm' with type 'ros.ament_cmake' and name 'tracking_algorithm'
[0.468s] Level 1:colcon.colcon_core.package_discovery:discover_packages(recursive) using defaults
[0.468s] Level 1:colcon.colcon_core.package_discovery:discover_packages(ignore) discover
[0.468s] Level 1:colcon.colcon_core.package_discovery:discover_packages(ignore) using defaults
[0.468s] Level 1:colcon.colcon_core.package_discovery:discover_packages(path) discover
[0.468s] Level 1:colcon.colcon_core.package_discovery:discover_packages(path) using defaults
[0.502s] Level 1:colcon.colcon_core.package_discovery:discover_packages(prefix_path) check parameters
[0.502s] Level 1:colcon.colcon_core.package_discovery:discover_packages(prefix_path) discover
[0.509s] DEBUG:colcon.colcon_installed_package_information.package_discovery:Found 5 installed packages in /home/bev/bev_ws/install
[0.514s] DEBUG:colcon.colcon_installed_package_information.package_discovery:Found 19 installed packages in /home/bev/carla-ros-bridge/install
[0.516s] DEBUG:colcon.colcon_installed_package_information.package_discovery:Found 278 installed packages in /opt/ros/foxy
[0.517s] Level 1:colcon.colcon_core.package_discovery:discover_packages(prefix_path) using defaults
[0.641s] Level 5:colcon.colcon_core.verb:set package 'custom_msgs' build argument 'cmake_args' from command line to 'None'
[0.641s] Level 5:colcon.colcon_core.verb:set package 'custom_msgs' build argument 'cmake_target' from command line to 'None'
[0.641s] Level 5:colcon.colcon_core.verb:set package 'custom_msgs' build argument 'cmake_target_skip_unavailable' from command line to 'False'
[0.641s] Level 5:colcon.colcon_core.verb:set package 'custom_msgs' build argument 'cmake_clean_cache' from command line to 'False'
[0.641s] Level 5:colcon.colcon_core.verb:set package 'custom_msgs' build argument 'cmake_clean_first' from command line to 'False'
[0.641s] Level 5:colcon.colcon_core.verb:set package 'custom_msgs' build argument 'cmake_force_configure' from command line to 'False'
[0.641s] Level 5:colcon.colcon_core.verb:set package 'custom_msgs' build argument 'ament_cmake_args' from command line to 'None'
[0.641s] Level 5:colcon.colcon_core.verb:set package 'custom_msgs' build argument 'catkin_cmake_args' from command line to 'None'
[0.641s] Level 5:colcon.colcon_core.verb:set package 'custom_msgs' build argument 'catkin_skip_building_tests' from command line to 'False'
[0.641s] DEBUG:colcon.colcon_core.verb:Building package 'custom_msgs' with the following arguments: {'ament_cmake_args': None, 'build_base': '/home/bev/bev_ws/build/custom_msgs', 'catkin_cmake_args': None, 'catkin_skip_building_tests': False, 'cmake_args': None, 'cmake_clean_cache': False, 'cmake_clean_first': False, 'cmake_force_configure': False, 'cmake_target': None, 'cmake_target_skip_unavailable': False, 'install_base': '/home/bev/bev_ws/install/custom_msgs', 'merge_install': False, 'path': '/home/bev/bev_ws/src/custom_msgs', 'symlink_install': False, 'test_result_base': None}
[0.642s] Level 5:colcon.colcon_core.verb:set package 'risk_assessment' build argument 'cmake_args' from command line to 'None'
[0.642s] Level 5:colcon.colcon_core.verb:set package 'risk_assessment' build argument 'cmake_target' from command line to 'None'
[0.642s] Level 5:colcon.colcon_core.verb:set package 'risk_assessment' build argument 'cmake_target_skip_unavailable' from command line to 'False'
[0.642s] Level 5:colcon.colcon_core.verb:set package 'risk_assessment' build argument 'cmake_clean_cache' from command line to 'False'
[0.642s] Level 5:colcon.colcon_core.verb:set package 'risk_assessment' build argument 'cmake_clean_first' from command line to 'False'
[0.642s] Level 5:colcon.colcon_core.verb:set package 'risk_assessment' build argument 'cmake_force_configure' from command line to 'False'
[0.642s] Level 5:colcon.colcon_core.verb:set package 'risk_assessment' build argument 'ament_cmake_args' from command line to 'None'
[0.642s] Level 5:colcon.colcon_core.verb:set package 'risk_assessment' build argument 'catkin_cmake_args' from command line to 'None'
[0.642s] Level 5:colcon.colcon_core.verb:set package 'risk_assessment' build argument 'catkin_skip_building_tests' from command line to 'False'
[0.642s] DEBUG:colcon.colcon_core.verb:Building package 'risk_assessment' with the following arguments: {'ament_cmake_args': None, 'build_base': '/home/bev/bev_ws/build/risk_assessment', 'catkin_cmake_args': None, 'catkin_skip_building_tests': False, 'cmake_args': None, 'cmake_clean_cache': False, 'cmake_clean_first': False, 'cmake_force_configure': False, 'cmake_target': None, 'cmake_target_skip_unavailable': False, 'install_base': '/home/bev/bev_ws/install/risk_assessment', 'merge_install': False, 'path': '/home/bev/bev_ws/src/risk_assessment', 'symlink_install': False, 'test_result_base': None}
[0.643s] Level 5:colcon.colcon_core.verb:set package 'tcp_socket' build argument 'cmake_args' from command line to 'None'
[0.643s] Level 5:colcon.colcon_core.verb:set package 'tcp_socket' build argument 'cmake_target' from command line to 'None'
[0.643s] Level 5:colcon.colcon_core.verb:set package 'tcp_socket' build argument 'cmake_target_skip_unavailable' from command line to 'False'
[0.643s] Level 5:colcon.colcon_core.verb:set package 'tcp_socket' build argument 'cmake_clean_cache' from command line to 'False'
[0.643s] Level 5:colcon.colcon_core.verb:set package 'tcp_socket' build argument 'cmake_clean_first' from command line to 'False'
[0.643s] Level 5:colcon.colcon_core.verb:set package 'tcp_socket' build argument 'cmake_force_configure' from command line to 'False'
[0.643s] Level 5:colcon.colcon_core.verb:set package 'tcp_socket' build argument 'ament_cmake_args' from command line to 'None'
[0.643s] Level 5:colcon.colcon_core.verb:set package 'tcp_socket' build argument 'catkin_cmake_args' from command line to 'None'
[0.643s] Level 5:colcon.colcon_core.verb:set package 'tcp_socket' build argument 'catkin_skip_building_tests' from command line to 'False'
[0.643s] DEBUG:colcon.colcon_core.verb:Building package 'tcp_socket' with the following arguments: {'ament_cmake_args': None, 'build_base': '/home/bev/bev_ws/build/tcp_socket', 'catkin_cmake_args': None, 'catkin_skip_building_tests': False, 'cmake_args': None, 'cmake_clean_cache': False, 'cmake_clean_first': False, 'cmake_force_configure': False, 'cmake_target': None, 'cmake_target_skip_unavailable': False, 'install_base': '/home/bev/bev_ws/install/tcp_socket', 'merge_install': False, 'path': '/home/bev/bev_ws/src/tcp_socket', 'symlink_install': False, 'test_result_base': None}
[0.645s] Level 5:colcon.colcon_core.verb:set package 'data_pkg' build argument 'cmake_args' from command line to 'None'
[0.645s] Level 5:colcon.colcon_core.verb:set package 'data_pkg' build argument 'cmake_target' from command line to 'None'
[0.645s] Level 5:colcon.colcon_core.verb:set package 'data_pkg' build argument 'cmake_target_skip_unavailable' from command line to 'False'
[0.645s] Level 5:colcon.colcon_core.verb:set package 'data_pkg' build argument 'cmake_clean_cache' from command line to 'False'
[0.645s] Level 5:colcon.colcon_core.verb:set package 'data_pkg' build argument 'cmake_clean_first' from command line to 'False'
[0.645s] Level 5:colcon.colcon_core.verb:set package 'data_pkg' build argument 'cmake_force_configure' from command line to 'False'
[0.645s] Level 5:colcon.colcon_core.verb:set package 'data_pkg' build argument 'ament_cmake_args' from command line to 'None'
[0.645s] Level 5:colcon.colcon_core.verb:set package 'data_pkg' build argument 'catkin_cmake_args' from command line to 'None'
[0.645s] Level 5:colcon.colcon_core.verb:set package 'data_pkg' build argument 'catkin_skip_building_tests' from command line to 'False'
[0.645s] DEBUG:colcon.colcon_core.verb:Building package 'data_pkg' with the following arguments: {'ament_cmake_args': None, 'build_base': '/home/bev/bev_ws/build/data_pkg', 'catkin_cmake_args': None, 'catkin_skip_building_tests': False, 'cmake_args': None, 'cmake_clean_cache': False, 'cmake_clean_first': False, 'cmake_force_configure': False, 'cmake_target': None, 'cmake_target_skip_unavailable': False, 'install_base': '/home/bev/bev_ws/install/data_pkg', 'merge_install': False, 'path': '/home/bev/bev_ws/src/data_pkg', 'symlink_install': False, 'test_result_base': None}
[0.646s] Level 5:colcon.colcon_core.verb:set package 'tracking_algorithm' build argument 'cmake_args' from command line to 'None'
[0.646s] Level 5:colcon.colcon_core.verb:set package 'tracking_algorithm' build argument 'cmake_target' from command line to 'None'
[0.646s] Level 5:colcon.colcon_core.verb:set package 'tracking_algorithm' build argument 'cmake_target_skip_unavailable' from command line to 'False'
[0.646s] Level 5:colcon.colcon_core.verb:set package 'tracking_algorithm' build argument 'cmake_clean_cache' from command line to 'False'
[0.646s] Level 5:colcon.colcon_core.verb:set package 'tracking_algorithm' build argument 'cmake_clean_first' from command line to 'False'
[0.646s] Level 5:colcon.colcon_core.verb:set package 'tracking_algorithm' build argument 'cmake_force_configure' from command line to 'False'
[0.646s] Level 5:colcon.colcon_core.verb:set package 'tracking_algorithm' build argument 'ament_cmake_args' from command line to 'None'
[0.646s] Level 5:colcon.colcon_core.verb:set package 'tracking_algorithm' build argument 'catkin_cmake_args' from command line to 'None'
[0.646s] Level 5:colcon.colcon_core.verb:set package 'tracking_algorithm' build argument 'catkin_skip_building_tests' from command line to 'False'
[0.646s] DEBUG:colcon.colcon_core.verb:Building package 'tracking_algorithm' with the following arguments: {'ament_cmake_args': None, 'build_base': '/home/bev/bev_ws/build/tracking_algorithm', 'catkin_cmake_args': None, 'catkin_skip_building_tests': False, 'cmake_args': None, 'cmake_clean_cache': False, 'cmake_clean_first': False, 'cmake_force_configure': False, 'cmake_target': None, 'cmake_target_skip_unavailable': False, 'install_base': '/home/bev/bev_ws/install/tracking_algorithm', 'merge_install': False, 'path': '/home/bev/bev_ws/src/tracking_algorithm', 'symlink_install': False, 'test_result_base': None}
[0.647s] INFO:colcon.colcon_core.executor:Executing jobs using 'parallel' executor
[0.650s] DEBUG:colcon.colcon_parallel_executor.executor.parallel:run_until_complete
[0.650s] INFO:colcon.colcon_ros.task.ament_cmake.build:Building ROS package in '/home/bev/bev_ws/src/custom_msgs' with build type 'ament_cmake'
[0.650s] INFO:colcon.colcon_cmake.task.cmake.build:Building CMake package in '/home/bev/bev_ws/src/custom_msgs'
[0.657s] INFO:colcon.colcon_core.plugin_system:Skipping extension 'colcon_core.shell.bat': Not used on non-Windows systems
[0.657s] INFO:colcon.colcon_core.shell:Skip shell extension 'powershell' for command environment: Not usable outside of PowerShell
[0.657s] DEBUG:colcon.colcon_core.shell:Skip shell extension 'dsv' for command environment
[0.665s] INFO:colcon.colcon_ros.task.ament_cmake.build:Building ROS package in '/home/bev/bev_ws/src/risk_assessment' with build type 'ament_cmake'
[0.665s] INFO:colcon.colcon_cmake.task.cmake.build:Building CMake package in '/home/bev/bev_ws/src/risk_assessment'
[0.667s] INFO:colcon.colcon_core.shell:Skip shell extension 'powershell' for command environment: Not usable outside of PowerShell
[0.667s] DEBUG:colcon.colcon_core.shell:Skip shell extension 'dsv' for command environment
[0.676s] INFO:colcon.colcon_ros.task.ament_cmake.build:Building ROS package in '/home/bev/bev_ws/src/tcp_socket' with build type 'ament_cmake'
[0.676s] INFO:colcon.colcon_cmake.task.cmake.build:Building CMake package in '/home/bev/bev_ws/src/tcp_socket'
[0.680s] INFO:colcon.colcon_core.shell:Skip shell extension 'powershell' for command environment: Not usable outside of PowerShell
[0.681s] DEBUG:colcon.colcon_core.shell:Skip shell extension 'dsv' for command environment
[0.705s] DEBUG:colcon.colcon_core.event_handler.log_command:Invoking command in '/home/bev/bev_ws/build/custom_msgs': CMAKE_PREFIX_PATH=${CMAKE_PREFIX_PATH}:/home/bev/carla-ros-bridge/install/rqt_carla_control:/home/bev/carla-ros-bridge/install/carla_waypoint_publisher:/home/bev/carla-ros-bridge/install/carla_ackermann_control:/home/bev/carla-ros-bridge/install/carla_ros_bridge:/home/bev/carla-ros-bridge/install/carla_spawn_objects:/home/bev/carla-ros-bridge/install/carla_manual_control:/home/bev/carla-ros-bridge/install/carla_ad_agent:/home/bev/carla-ros-bridge/install/ros_compatibility:/home/bev/carla-ros-bridge/install/carla_walker_agent:/home/bev/carla-ros-bridge/install/carla_twist_to_control:/home/bev/carla-ros-bridge/install/carla_ros_scenario_runner:/home/bev/carla-ros-bridge/install/carla_common:/opt/ros/foxy /usr/bin/cmake --build /home/bev/bev_ws/build/custom_msgs -- -j28 -l28
[0.713s] DEBUG:colcon.colcon_core.event_handler.log_command:Invoking command in '/home/bev/bev_ws/build/risk_assessment': CMAKE_PREFIX_PATH=${CMAKE_PREFIX_PATH}:/home/bev/carla-ros-bridge/install/rqt_carla_control:/home/bev/carla-ros-bridge/install/carla_waypoint_publisher:/home/bev/carla-ros-bridge/install/carla_ackermann_control:/home/bev/carla-ros-bridge/install/carla_ros_bridge:/home/bev/carla-ros-bridge/install/carla_spawn_objects:/home/bev/carla-ros-bridge/install/carla_manual_control:/home/bev/carla-ros-bridge/install/carla_ad_agent:/home/bev/carla-ros-bridge/install/ros_compatibility:/home/bev/carla-ros-bridge/install/carla_walker_agent:/home/bev/carla-ros-bridge/install/carla_twist_to_control:/home/bev/carla-ros-bridge/install/carla_ros_scenario_runner:/home/bev/carla-ros-bridge/install/carla_common:/opt/ros/foxy /usr/bin/cmake --build /home/bev/bev_ws/build/risk_assessment -- -j28 -l28
[0.721s] DEBUG:colcon.colcon_core.event_handler.log_command:Invoking command in '/home/bev/bev_ws/build/tcp_socket': CMAKE_PREFIX_PATH=${CMAKE_PREFIX_PATH}:/home/bev/carla-ros-bridge/install/rqt_carla_control:/home/bev/carla-ros-bridge/install/carla_waypoint_publisher:/home/bev/carla-ros-bridge/install/carla_ackermann_control:/home/bev/carla-ros-bridge/install/carla_ros_bridge:/home/bev/carla-ros-bridge/install/carla_spawn_objects:/home/bev/carla-ros-bridge/install/carla_manual_control:/home/bev/carla-ros-bridge/install/carla_ad_agent:/home/bev/carla-ros-bridge/install/ros_compatibility:/home/bev/carla-ros-bridge/install/carla_walker_agent:/home/bev/carla-ros-bridge/install/carla_twist_to_control:/home/bev/carla-ros-bridge/install/carla_ros_scenario_runner:/home/bev/carla-ros-bridge/install/carla_common:/opt/ros/foxy /usr/bin/cmake --build /home/bev/bev_ws/build/tcp_socket -- -j28 -l28
[0.881s] DEBUG:colcon.colcon_core.event_handler.log_command:Invoked command in '/home/bev/bev_ws/build/risk_assessment' returned '0': CMAKE_PREFIX_PATH=${CMAKE_PREFIX_PATH}:/home/bev/carla-ros-bridge/install/rqt_carla_control:/home/bev/carla-ros-bridge/install/carla_waypoint_publisher:/home/bev/carla-ros-bridge/install/carla_ackermann_control:/home/bev/carla-ros-bridge/install/carla_ros_bridge:/home/bev/carla-ros-bridge/install/carla_spawn_objects:/home/bev/carla-ros-bridge/install/carla_manual_control:/home/bev/carla-ros-bridge/install/carla_ad_agent:/home/bev/carla-ros-bridge/install/ros_compatibility:/home/bev/carla-ros-bridge/install/carla_walker_agent:/home/bev/carla-ros-bridge/install/carla_twist_to_control:/home/bev/carla-ros-bridge/install/carla_ros_scenario_runner:/home/bev/carla-ros-bridge/install/carla_common:/opt/ros/foxy /usr/bin/cmake --build /home/bev/bev_ws/build/risk_assessment -- -j28 -l28
[0.954s] DEBUG:colcon.colcon_core.event_handler.log_command:Invoking command in '/home/bev/bev_ws/build/risk_assessment': CMAKE_PREFIX_PATH=${CMAKE_PREFIX_PATH}:/home/bev/carla-ros-bridge/install/rqt_carla_control:/home/bev/carla-ros-bridge/install/carla_waypoint_publisher:/home/bev/carla-ros-bridge/install/carla_ackermann_control:/home/bev/carla-ros-bridge/install/carla_ros_bridge:/home/bev/carla-ros-bridge/install/carla_spawn_objects:/home/bev/carla-ros-bridge/install/carla_manual_control:/home/bev/carla-ros-bridge/install/carla_ad_agent:/home/bev/carla-ros-bridge/install/ros_compatibility:/home/bev/carla-ros-bridge/install/carla_walker_agent:/home/bev/carla-ros-bridge/install/carla_twist_to_control:/home/bev/carla-ros-bridge/install/carla_ros_scenario_runner:/home/bev/carla-ros-bridge/install/carla_common:/opt/ros/foxy /usr/bin/cmake --install /home/bev/bev_ws/build/risk_assessment
[0.966s] Level 1:colcon.colcon_core.environment:create_environment_scripts_only(risk_assessment)
[0.971s] DEBUG:colcon.colcon_core.event_handler.log_command:Invoked command in '/home/bev/bev_ws/build/risk_assessment' returned '0': CMAKE_PREFIX_PATH=${CMAKE_PREFIX_PATH}:/home/bev/carla-ros-bridge/install/rqt_carla_control:/home/bev/carla-ros-bridge/install/carla_waypoint_publisher:/home/bev/carla-ros-bridge/install/carla_ackermann_control:/home/bev/carla-ros-bridge/install/carla_ros_bridge:/home/bev/carla-ros-bridge/install/carla_spawn_objects:/home/bev/carla-ros-bridge/install/carla_manual_control:/home/bev/carla-ros-bridge/install/carla_ad_agent:/home/bev/carla-ros-bridge/install/ros_compatibility:/home/bev/carla-ros-bridge/install/carla_walker_agent:/home/bev/carla-ros-bridge/install/carla_twist_to_control:/home/bev/carla-ros-bridge/install/carla_ros_scenario_runner:/home/bev/carla-ros-bridge/install/carla_common:/opt/ros/foxy /usr/bin/cmake --install /home/bev/bev_ws/build/risk_assessment
[0.985s] Level 1:colcon.colcon_core.environment:checking '/home/bev/bev_ws/install/risk_assessment' for CMake module files
[0.986s] Level 1:colcon.colcon_core.environment:checking '/home/bev/bev_ws/install/risk_assessment' for CMake config files
[0.986s] Level 1:colcon.colcon_core.shell:create_environment_hook('risk_assessment', 'cmake_prefix_path')
[0.989s] INFO:colcon.colcon_core.shell:Creating environment hook '/home/bev/bev_ws/install/risk_assessment/share/risk_assessment/hook/cmake_prefix_path.ps1'
[0.990s] INFO:colcon.colcon_core.shell:Creating environment descriptor '/home/bev/bev_ws/install/risk_assessment/share/risk_assessment/hook/cmake_prefix_path.dsv'
[0.991s] INFO:colcon.colcon_core.shell:Creating environment hook '/home/bev/bev_ws/install/risk_assessment/share/risk_assessment/hook/cmake_prefix_path.sh'
[0.993s] Level 1:colcon.colcon_core.environment:checking '/home/bev/bev_ws/install/risk_assessment/lib'
[0.993s] Level 1:colcon.colcon_core.environment:checking '/home/bev/bev_ws/install/risk_assessment/bin'
[0.993s] Level 1:colcon.colcon_core.environment:checking '/home/bev/bev_ws/install/risk_assessment/lib/pkgconfig/risk_assessment.pc'
[0.993s] Level 1:colcon.colcon_core.environment:checking '/home/bev/bev_ws/install/risk_assessment/lib/python3.8/site-packages'
[0.994s] Level 1:colcon.colcon_core.environment:checking '/home/bev/bev_ws/install/risk_assessment/bin'
[0.996s] INFO:colcon.colcon_core.shell:Creating package script '/home/bev/bev_ws/install/risk_assessment/share/risk_assessment/package.ps1'
[0.997s] INFO:colcon.colcon_core.shell:Creating package descriptor '/home/bev/bev_ws/install/risk_assessment/share/risk_assessment/package.dsv'
[0.998s] INFO:colcon.colcon_core.shell:Creating package script '/home/bev/bev_ws/install/risk_assessment/share/risk_assessment/package.sh'
[0.999s] INFO:colcon.colcon_core.shell:Creating package script '/home/bev/bev_ws/install/risk_assessment/share/risk_assessment/package.bash'
[1.000s] INFO:colcon.colcon_core.shell:Creating package script '/home/bev/bev_ws/install/risk_assessment/share/risk_assessment/package.zsh'
[1.001s] Level 1:colcon.colcon_core.environment:create_file_with_runtime_dependencies(/home/bev/bev_ws/install/risk_assessment/share/colcon-core/packages/risk_assessment)
[1.055s] Level 1:colcon.colcon_core.environment:create_environment_scripts_only(risk_assessment)
[1.059s] Level 1:colcon.colcon_core.environment:checking '/home/bev/bev_ws/install/risk_assessment' for CMake module files
[1.061s] Level 1:colcon.colcon_core.environment:checking '/home/bev/bev_ws/install/risk_assessment' for CMake config files
[1.061s] Level 1:colcon.colcon_core.shell:create_environment_hook('risk_assessment', 'cmake_prefix_path')
[1.064s] INFO:colcon.colcon_core.shell:Creating environment hook '/home/bev/bev_ws/install/risk_assessment/share/risk_assessment/hook/cmake_prefix_path.ps1'
[1.065s] INFO:colcon.colcon_core.shell:Creating environment descriptor '/home/bev/bev_ws/install/risk_assessment/share/risk_assessment/hook/cmake_prefix_path.dsv'
[1.065s] INFO:colcon.colcon_core.shell:Creating environment hook '/home/bev/bev_ws/install/risk_assessment/share/risk_assessment/hook/cmake_prefix_path.sh'
[1.066s] Level 1:colcon.colcon_core.environment:checking '/home/bev/bev_ws/install/risk_assessment/lib'
[1.066s] Level 1:colcon.colcon_core.environment:checking '/home/bev/bev_ws/install/risk_assessment/bin'
[1.067s] Level 1:colcon.colcon_core.environment:checking '/home/bev/bev_ws/install/risk_assessment/lib/pkgconfig/risk_assessment.pc'
[1.067s] Level 1:colcon.colcon_core.environment:checking '/home/bev/bev_ws/install/risk_assessment/lib/python3.8/site-packages'
[1.067s] Level 1:colcon.colcon_core.environment:checking '/home/bev/bev_ws/install/risk_assessment/bin'
[1.071s] INFO:colcon.colcon_core.shell:Creating package script '/home/bev/bev_ws/install/risk_assessment/share/risk_assessment/package.ps1'
[1.072s] INFO:colcon.colcon_core.shell:Creating package descriptor '/home/bev/bev_ws/install/risk_assessment/share/risk_assessment/package.dsv'
[1.073s] INFO:colcon.colcon_core.shell:Creating package script '/home/bev/bev_ws/install/risk_assessment/share/risk_assessment/package.sh'
[1.074s] INFO:colcon.colcon_core.shell:Creating package script '/home/bev/bev_ws/install/risk_assessment/share/risk_assessment/package.bash'
[1.075s] INFO:colcon.colcon_core.shell:Creating package script '/home/bev/bev_ws/install/risk_assessment/share/risk_assessment/package.zsh'
[1.075s] Level 1:colcon.colcon_core.environment:create_file_with_runtime_dependencies(/home/bev/bev_ws/install/risk_assessment/share/colcon-core/packages/risk_assessment)
[1.163s] DEBUG:colcon.colcon_core.event_handler.log_command:Invoked command in '/home/bev/bev_ws/build/custom_msgs' returned '0': CMAKE_PREFIX_PATH=${CMAKE_PREFIX_PATH}:/home/bev/carla-ros-bridge/install/rqt_carla_control:/home/bev/carla-ros-bridge/install/carla_waypoint_publisher:/home/bev/carla-ros-bridge/install/carla_ackermann_control:/home/bev/carla-ros-bridge/install/carla_ros_bridge:/home/bev/carla-ros-bridge/install/carla_spawn_objects:/home/bev/carla-ros-bridge/install/carla_manual_control:/home/bev/carla-ros-bridge/install/carla_ad_agent:/home/bev/carla-ros-bridge/install/ros_compatibility:/home/bev/carla-ros-bridge/install/carla_walker_agent:/home/bev/carla-ros-bridge/install/carla_twist_to_control:/home/bev/carla-ros-bridge/install/carla_ros_scenario_runner:/home/bev/carla-ros-bridge/install/carla_common:/opt/ros/foxy /usr/bin/cmake --build /home/bev/bev_ws/build/custom_msgs -- -j28 -l28
[1.390s] DEBUG:colcon.colcon_core.event_handler.log_command:Invoking command in '/home/bev/bev_ws/build/custom_msgs': CMAKE_PREFIX_PATH=${CMAKE_PREFIX_PATH}:/home/bev/carla-ros-bridge/install/rqt_carla_control:/home/bev/carla-ros-bridge/install/carla_waypoint_publisher:/home/bev/carla-ros-bridge/install/carla_ackermann_control:/home/bev/carla-ros-bridge/install/carla_ros_bridge:/home/bev/carla-ros-bridge/install/carla_spawn_objects:/home/bev/carla-ros-bridge/install/carla_manual_control:/home/bev/carla-ros-bridge/install/carla_ad_agent:/home/bev/carla-ros-bridge/install/ros_compatibility:/home/bev/carla-ros-bridge/install/carla_walker_agent:/home/bev/carla-ros-bridge/install/carla_twist_to_control:/home/bev/carla-ros-bridge/install/carla_ros_scenario_runner:/home/bev/carla-ros-bridge/install/carla_common:/opt/ros/foxy /usr/bin/cmake --install /home/bev/bev_ws/build/custom_msgs
[1.486s] Level 1:colcon.colcon_core.environment:create_environment_scripts_only(custom_msgs)
[1.489s] Level 1:colcon.colcon_core.environment:checking '/home/bev/bev_ws/install/custom_msgs' for CMake module files
[1.490s] DEBUG:colcon.colcon_core.event_handler.log_command:Invoked command in '/home/bev/bev_ws/build/custom_msgs' returned '0': CMAKE_PREFIX_PATH=${CMAKE_PREFIX_PATH}:/home/bev/carla-ros-bridge/install/rqt_carla_control:/home/bev/carla-ros-bridge/install/carla_waypoint_publisher:/home/bev/carla-ros-bridge/install/carla_ackermann_control:/home/bev/carla-ros-bridge/install/carla_ros_bridge:/home/bev/carla-ros-bridge/install/carla_spawn_objects:/home/bev/carla-ros-bridge/install/carla_manual_control:/home/bev/carla-ros-bridge/install/carla_ad_agent:/home/bev/carla-ros-bridge/install/ros_compatibility:/home/bev/carla-ros-bridge/install/carla_walker_agent:/home/bev/carla-ros-bridge/install/carla_twist_to_control:/home/bev/carla-ros-bridge/install/carla_ros_scenario_runner:/home/bev/carla-ros-bridge/install/carla_common:/opt/ros/foxy /usr/bin/cmake --install /home/bev/bev_ws/build/custom_msgs
[1.490s] Level 1:colcon.colcon_core.environment:checking '/home/bev/bev_ws/install/custom_msgs' for CMake config files
[1.491s] Level 1:colcon.colcon_core.shell:create_environment_hook('custom_msgs', 'cmake_prefix_path')
[1.493s] INFO:colcon.colcon_core.shell:Creating environment hook '/home/bev/bev_ws/install/custom_msgs/share/custom_msgs/hook/cmake_prefix_path.ps1'
[1.493s] INFO:colcon.colcon_core.shell:Creating environment descriptor '/home/bev/bev_ws/install/custom_msgs/share/custom_msgs/hook/cmake_prefix_path.dsv'
[1.494s] INFO:colcon.colcon_core.shell:Creating environment hook '/home/bev/bev_ws/install/custom_msgs/share/custom_msgs/hook/cmake_prefix_path.sh'
[1.494s] Level 1:colcon.colcon_core.environment:checking '/home/bev/bev_ws/install/custom_msgs/lib'
[1.494s] Level 1:colcon.colcon_core.shell:create_environment_hook('custom_msgs', 'ld_library_path_lib')
[1.496s] INFO:colcon.colcon_core.shell:Creating environment hook '/home/bev/bev_ws/install/custom_msgs/share/custom_msgs/hook/ld_library_path_lib.ps1'
[1.496s] INFO:colcon.colcon_core.shell:Creating environment descriptor '/home/bev/bev_ws/install/custom_msgs/share/custom_msgs/hook/ld_library_path_lib.dsv'
[1.497s] INFO:colcon.colcon_core.shell:Creating environment hook '/home/bev/bev_ws/install/custom_msgs/share/custom_msgs/hook/ld_library_path_lib.sh'
[1.497s] Level 1:colcon.colcon_core.environment:checking '/home/bev/bev_ws/install/custom_msgs/bin'
[1.497s] Level 1:colcon.colcon_core.environment:checking '/home/bev/bev_ws/install/custom_msgs/lib/pkgconfig/custom_msgs.pc'
[1.497s] Level 1:colcon.colcon_core.environment:checking '/home/bev/bev_ws/install/custom_msgs/lib/python3.8/site-packages'
[1.497s] Level 1:colcon.colcon_core.shell:create_environment_hook('custom_msgs', 'pythonpath')
[1.499s] INFO:colcon.colcon_core.shell:Creating environment hook '/home/bev/bev_ws/install/custom_msgs/share/custom_msgs/hook/pythonpath.ps1'
[1.499s] INFO:colcon.colcon_core.shell:Creating environment descriptor '/home/bev/bev_ws/install/custom_msgs/share/custom_msgs/hook/pythonpath.dsv'
[1.499s] INFO:colcon.colcon_core.shell:Creating environment hook '/home/bev/bev_ws/install/custom_msgs/share/custom_msgs/hook/pythonpath.sh'
[1.499s] Level 1:colcon.colcon_core.environment:checking '/home/bev/bev_ws/install/custom_msgs/bin'
[1.501s] INFO:colcon.colcon_core.shell:Creating package script '/home/bev/bev_ws/install/custom_msgs/share/custom_msgs/package.ps1'
[1.501s] INFO:colcon.colcon_core.shell:Creating package descriptor '/home/bev/bev_ws/install/custom_msgs/share/custom_msgs/package.dsv'
[1.502s] INFO:colcon.colcon_core.shell:Creating package script '/home/bev/bev_ws/install/custom_msgs/share/custom_msgs/package.sh'
[1.502s] INFO:colcon.colcon_core.shell:Creating package script '/home/bev/bev_ws/install/custom_msgs/share/custom_msgs/package.bash'
[1.502s] INFO:colcon.colcon_core.shell:Creating package script '/home/bev/bev_ws/install/custom_msgs/share/custom_msgs/package.zsh'
[1.502s] Level 1:colcon.colcon_core.environment:create_file_with_runtime_dependencies(/home/bev/bev_ws/install/custom_msgs/share/colcon-core/packages/custom_msgs)
[1.727s] Level 1:colcon.colcon_core.environment:create_environment_scripts_only(custom_msgs)
[1.732s] Level 1:colcon.colcon_core.environment:checking '/home/bev/bev_ws/install/custom_msgs' for CMake module files
[1.733s] Level 1:colcon.colcon_core.environment:checking '/home/bev/bev_ws/install/custom_msgs' for CMake config files
[1.735s] Level 1:colcon.colcon_core.shell:create_environment_hook('custom_msgs', 'cmake_prefix_path')
[1.738s] INFO:colcon.colcon_core.shell:Creating environment hook '/home/bev/bev_ws/install/custom_msgs/share/custom_msgs/hook/cmake_prefix_path.ps1'
[1.739s] INFO:colcon.colcon_core.shell:Creating environment descriptor '/home/bev/bev_ws/install/custom_msgs/share/custom_msgs/hook/cmake_prefix_path.dsv'
[1.740s] INFO:colcon.colcon_core.shell:Creating environment hook '/home/bev/bev_ws/install/custom_msgs/share/custom_msgs/hook/cmake_prefix_path.sh'
[1.741s] Level 1:colcon.colcon_core.environment:checking '/home/bev/bev_ws/install/custom_msgs/lib'
[1.741s] Level 1:colcon.colcon_core.shell:create_environment_hook('custom_msgs', 'ld_library_path_lib')
[1.743s] INFO:colcon.colcon_core.shell:Creating environment hook '/home/bev/bev_ws/install/custom_msgs/share/custom_msgs/hook/ld_library_path_lib.ps1'
[1.744s] INFO:colcon.colcon_core.shell:Creating environment descriptor '/home/bev/bev_ws/install/custom_msgs/share/custom_msgs/hook/ld_library_path_lib.dsv'
[1.744s] INFO:colcon.colcon_core.shell:Creating environment hook '/home/bev/bev_ws/install/custom_msgs/share/custom_msgs/hook/ld_library_path_lib.sh'
[1.745s] Level 1:colcon.colcon_core.environment:checking '/home/bev/bev_ws/install/custom_msgs/bin'
[1.745s] Level 1:colcon.colcon_core.environment:checking '/home/bev/bev_ws/install/custom_msgs/lib/pkgconfig/custom_msgs.pc'
[1.745s] Level 1:colcon.colcon_core.environment:checking '/home/bev/bev_ws/install/custom_msgs/lib/python3.8/site-packages'
[1.745s] Level 1:colcon.colcon_core.shell:create_environment_hook('custom_msgs', 'pythonpath')
[1.748s] INFO:colcon.colcon_core.shell:Creating environment hook '/home/bev/bev_ws/install/custom_msgs/share/custom_msgs/hook/pythonpath.ps1'
[1.748s] INFO:colcon.colcon_core.shell:Creating environment descriptor '/home/bev/bev_ws/install/custom_msgs/share/custom_msgs/hook/pythonpath.dsv'
[1.749s] INFO:colcon.colcon_core.shell:Creating environment hook '/home/bev/bev_ws/install/custom_msgs/share/custom_msgs/hook/pythonpath.sh'
[1.749s] Level 1:colcon.colcon_core.environment:checking '/home/bev/bev_ws/install/custom_msgs/bin'
[1.752s] INFO:colcon.colcon_core.shell:Creating package script '/home/bev/bev_ws/install/custom_msgs/share/custom_msgs/package.ps1'
[1.752s] INFO:colcon.colcon_core.shell:Creating package descriptor '/home/bev/bev_ws/install/custom_msgs/share/custom_msgs/package.dsv'
[1.753s] INFO:colcon.colcon_core.shell:Creating package script '/home/bev/bev_ws/install/custom_msgs/share/custom_msgs/package.sh'
[1.753s] INFO:colcon.colcon_core.shell:Creating package script '/home/bev/bev_ws/install/custom_msgs/share/custom_msgs/package.bash'
[1.754s] INFO:colcon.colcon_core.shell:Creating package script '/home/bev/bev_ws/install/custom_msgs/share/custom_msgs/package.zsh'
[1.754s] Level 1:colcon.colcon_core.environment:create_file_with_runtime_dependencies(/home/bev/bev_ws/install/custom_msgs/share/colcon-core/packages/custom_msgs)
[1.754s] INFO:colcon.colcon_ros.task.ament_cmake.build:Building ROS package in '/home/bev/bev_ws/src/data_pkg' with build type 'ament_cmake'
[1.755s] INFO:colcon.colcon_cmake.task.cmake.build:Building CMake package in '/home/bev/bev_ws/src/data_pkg'
[1.759s] INFO:colcon.colcon_core.shell:Skip shell extension 'powershell' for command environment: Not usable outside of PowerShell
[1.759s] DEBUG:colcon.colcon_core.shell:Skip shell extension 'dsv' for command environment
[1.777s] INFO:colcon.colcon_ros.task.ament_cmake.build:Building ROS package in '/home/bev/bev_ws/src/tracking_algorithm' with build type 'ament_cmake'
[1.777s] INFO:colcon.colcon_cmake.task.cmake.build:Building CMake package in '/home/bev/bev_ws/src/tracking_algorithm'
[1.780s] INFO:colcon.colcon_core.shell:Skip shell extension 'powershell' for command environment: Not usable outside of PowerShell
[1.781s] DEBUG:colcon.colcon_core.shell:Skip shell extension 'dsv' for command environment
[1.800s] DEBUG:colcon.colcon_core.event_handler.log_command:Invoking command in '/home/bev/bev_ws/build/data_pkg': CMAKE_PREFIX_PATH=/home/bev/bev_ws/install/custom_msgs:/home/bev/bev_ws/install/tracking_algorithm:/home/bev/bev_ws/install/tcp_socket:/home/bev/bev_ws/install/risk_assessment:/home/bev/bev_ws/install/data_pkg:/home/bev/carla-ros-bridge/install/carla_ad_demo:/home/bev/carla-ros-bridge/install/rviz_carla_plugin:/home/bev/carla-ros-bridge/install/pcl_recorder:/home/bev/carla-ros-bridge/install/carla_waypoint_types:/home/bev/carla-ros-bridge/install/carla_ros_scenario_runner_types:/home/bev/carla-ros-bridge/install/carla_ackermann_msgs:/home/bev/carla-ros-bridge/install/carla_msgs:/home/bev/carla-ros-bridge/install/rqt_carla_control:/home/bev/carla-ros-bridge/install/carla_waypoint_publisher:/home/bev/carla-ros-bridge/install/carla_ackermann_control:/home/bev/carla-ros-bridge/install/carla_ros_bridge:/home/bev/carla-ros-bridge/install/carla_spawn_objects:/home/bev/carla-ros-bridge/install/carla_manual_control:/home/bev/carla-ros-bridge/install/carla_ad_agent:/home/bev/carla-ros-bridge/install/ros_compatibility:/home/bev/carla-ros-bridge/install/carla_walker_agent:/home/bev/carla-ros-bridge/install/carla_twist_to_control:/home/bev/carla-ros-bridge/install/carla_ros_scenario_runner:/home/bev/carla-ros-bridge/install/carla_common:/opt/ros/foxy LD_LIBRARY_PATH=/home/bev/bev_ws/install/custom_msgs/lib:/home/bev/carla-ros-bridge/install/rviz_carla_plugin/lib:/home/bev/carla-ros-bridge/install/carla_waypoint_types/lib:/home/bev/carla-ros-bridge/install/carla_ros_scenario_runner_types/lib:/home/bev/carla-ros-bridge/install/carla_ackermann_msgs/lib:/home/bev/carla-ros-bridge/install/carla_msgs/lib:/opt/ros/foxy/opt/yaml_cpp_vendor/lib:/opt/ros/foxy/opt/rviz_ogre_vendor/lib:/opt/ros/foxy/lib/x86_64-linux-gnu:/opt/ros/foxy/lib:/usr/local/cuda-11.3/lib64:/home/bev/TensorRT-8.6.1.6/lib /usr/bin/cmake --build /home/bev/bev_ws/build/data_pkg -- -j28 -l28
[1.809s] DEBUG:colcon.colcon_core.event_handler.log_command:Invoking command in '/home/bev/bev_ws/build/tracking_algorithm': CMAKE_PREFIX_PATH=/home/bev/bev_ws/install/custom_msgs:/home/bev/bev_ws/install/tracking_algorithm:/home/bev/bev_ws/install/tcp_socket:/home/bev/bev_ws/install/risk_assessment:/home/bev/bev_ws/install/data_pkg:/home/bev/carla-ros-bridge/install/carla_ad_demo:/home/bev/carla-ros-bridge/install/rviz_carla_plugin:/home/bev/carla-ros-bridge/install/pcl_recorder:/home/bev/carla-ros-bridge/install/carla_waypoint_types:/home/bev/carla-ros-bridge/install/carla_ros_scenario_runner_types:/home/bev/carla-ros-bridge/install/carla_ackermann_msgs:/home/bev/carla-ros-bridge/install/carla_msgs:/home/bev/carla-ros-bridge/install/rqt_carla_control:/home/bev/carla-ros-bridge/install/carla_waypoint_publisher:/home/bev/carla-ros-bridge/install/carla_ackermann_control:/home/bev/carla-ros-bridge/install/carla_ros_bridge:/home/bev/carla-ros-bridge/install/carla_spawn_objects:/home/bev/carla-ros-bridge/install/carla_manual_control:/home/bev/carla-ros-bridge/install/carla_ad_agent:/home/bev/carla-ros-bridge/install/ros_compatibility:/home/bev/carla-ros-bridge/install/carla_walker_agent:/home/bev/carla-ros-bridge/install/carla_twist_to_control:/home/bev/carla-ros-bridge/install/carla_ros_scenario_runner:/home/bev/carla-ros-bridge/install/carla_common:/opt/ros/foxy LD_LIBRARY_PATH=/home/bev/bev_ws/install/custom_msgs/lib:/home/bev/carla-ros-bridge/install/rviz_carla_plugin/lib:/home/bev/carla-ros-bridge/install/carla_waypoint_types/lib:/home/bev/carla-ros-bridge/install/carla_ros_scenario_runner_types/lib:/home/bev/carla-ros-bridge/install/carla_ackermann_msgs/lib:/home/bev/carla-ros-bridge/install/carla_msgs/lib:/opt/ros/foxy/opt/yaml_cpp_vendor/lib:/opt/ros/foxy/opt/rviz_ogre_vendor/lib:/opt/ros/foxy/lib/x86_64-linux-gnu:/opt/ros/foxy/lib:/usr/local/cuda-11.3/lib64:/home/bev/TensorRT-8.6.1.6/lib /usr/bin/cmake --build /home/bev/bev_ws/build/tracking_algorithm -- -j28 -l28
[1.936s] DEBUG:colcon.colcon_core.event_handler.log_command:Invoked command in '/home/bev/bev_ws/build/data_pkg' returned '0': CMAKE_PREFIX_PATH=/home/bev/bev_ws/install/custom_msgs:/home/bev/bev_ws/install/tracking_algorithm:/home/bev/bev_ws/install/tcp_socket:/home/bev/bev_ws/install/risk_assessment:/home/bev/bev_ws/install/data_pkg:/home/bev/carla-ros-bridge/install/carla_ad_demo:/home/bev/carla-ros-bridge/install/rviz_carla_plugin:/home/bev/carla-ros-bridge/install/pcl_recorder:/home/bev/carla-ros-bridge/install/carla_waypoint_types:/home/bev/carla-ros-bridge/install/carla_ros_scenario_runner_types:/home/bev/carla-ros-bridge/install/carla_ackermann_msgs:/home/bev/carla-ros-bridge/install/carla_msgs:/home/bev/carla-ros-bridge/install/rqt_carla_control:/home/bev/carla-ros-bridge/install/carla_waypoint_publisher:/home/bev/carla-ros-bridge/install/carla_ackermann_control:/home/bev/carla-ros-bridge/install/carla_ros_bridge:/home/bev/carla-ros-bridge/install/carla_spawn_objects:/home/bev/carla-ros-bridge/install/carla_manual_control:/home/bev/carla-ros-bridge/install/carla_ad_agent:/home/bev/carla-ros-bridge/install/ros_compatibility:/home/bev/carla-ros-bridge/install/carla_walker_agent:/home/bev/carla-ros-bridge/install/carla_twist_to_control:/home/bev/carla-ros-bridge/install/carla_ros_scenario_runner:/home/bev/carla-ros-bridge/install/carla_common:/opt/ros/foxy LD_LIBRARY_PATH=/home/bev/bev_ws/install/custom_msgs/lib:/home/bev/carla-ros-bridge/install/rviz_carla_plugin/lib:/home/bev/carla-ros-bridge/install/carla_waypoint_types/lib:/home/bev/carla-ros-bridge/install/carla_ros_scenario_runner_types/lib:/home/bev/carla-ros-bridge/install/carla_ackermann_msgs/lib:/home/bev/carla-ros-bridge/install/carla_msgs/lib:/opt/ros/foxy/opt/yaml_cpp_vendor/lib:/opt/ros/foxy/opt/rviz_ogre_vendor/lib:/opt/ros/foxy/lib/x86_64-linux-gnu:/opt/ros/foxy/lib:/usr/local/cuda-11.3/lib64:/home/bev/TensorRT-8.6.1.6/lib /usr/bin/cmake --build /home/bev/bev_ws/build/data_pkg -- -j28 -l28
[1.972s] DEBUG:colcon.colcon_core.event_handler.log_command:Invoked command in '/home/bev/bev_ws/build/tracking_algorithm' returned '0': CMAKE_PREFIX_PATH=/home/bev/bev_ws/install/custom_msgs:/home/bev/bev_ws/install/tracking_algorithm:/home/bev/bev_ws/install/tcp_socket:/home/bev/bev_ws/install/risk_assessment:/home/bev/bev_ws/install/data_pkg:/home/bev/carla-ros-bridge/install/carla_ad_demo:/home/bev/carla-ros-bridge/install/rviz_carla_plugin:/home/bev/carla-ros-bridge/install/pcl_recorder:/home/bev/carla-ros-bridge/install/carla_waypoint_types:/home/bev/carla-ros-bridge/install/carla_ros_scenario_runner_types:/home/bev/carla-ros-bridge/install/carla_ackermann_msgs:/home/bev/carla-ros-bridge/install/carla_msgs:/home/bev/carla-ros-bridge/install/rqt_carla_control:/home/bev/carla-ros-bridge/install/carla_waypoint_publisher:/home/bev/carla-ros-bridge/install/carla_ackermann_control:/home/bev/carla-ros-bridge/install/carla_ros_bridge:/home/bev/carla-ros-bridge/install/carla_spawn_objects:/home/bev/carla-ros-bridge/install/carla_manual_control:/home/bev/carla-ros-bridge/install/carla_ad_agent:/home/bev/carla-ros-bridge/install/ros_compatibility:/home/bev/carla-ros-bridge/install/carla_walker_agent:/home/bev/carla-ros-bridge/install/carla_twist_to_control:/home/bev/carla-ros-bridge/install/carla_ros_scenario_runner:/home/bev/carla-ros-bridge/install/carla_common:/opt/ros/foxy LD_LIBRARY_PATH=/home/bev/bev_ws/install/custom_msgs/lib:/home/bev/carla-ros-bridge/install/rviz_carla_plugin/lib:/home/bev/carla-ros-bridge/install/carla_waypoint_types/lib:/home/bev/carla-ros-bridge/install/carla_ros_scenario_runner_types/lib:/home/bev/carla-ros-bridge/install/carla_ackermann_msgs/lib:/home/bev/carla-ros-bridge/install/carla_msgs/lib:/opt/ros/foxy/opt/yaml_cpp_vendor/lib:/opt/ros/foxy/opt/rviz_ogre_vendor/lib:/opt/ros/foxy/lib/x86_64-linux-gnu:/opt/ros/foxy/lib:/usr/local/cuda-11.3/lib64:/home/bev/TensorRT-8.6.1.6/lib /usr/bin/cmake --build /home/bev/bev_ws/build/tracking_algorithm -- -j28 -l28
[1.991s] DEBUG:colcon.colcon_core.event_handler.log_command:Invoking command in '/home/bev/bev_ws/build/data_pkg': CMAKE_PREFIX_PATH=/home/bev/bev_ws/install/custom_msgs:/home/bev/bev_ws/install/tracking_algorithm:/home/bev/bev_ws/install/tcp_socket:/home/bev/bev_ws/install/risk_assessment:/home/bev/bev_ws/install/data_pkg:/home/bev/carla-ros-bridge/install/carla_ad_demo:/home/bev/carla-ros-bridge/install/rviz_carla_plugin:/home/bev/carla-ros-bridge/install/pcl_recorder:/home/bev/carla-ros-bridge/install/carla_waypoint_types:/home/bev/carla-ros-bridge/install/carla_ros_scenario_runner_types:/home/bev/carla-ros-bridge/install/carla_ackermann_msgs:/home/bev/carla-ros-bridge/install/carla_msgs:/home/bev/carla-ros-bridge/install/rqt_carla_control:/home/bev/carla-ros-bridge/install/carla_waypoint_publisher:/home/bev/carla-ros-bridge/install/carla_ackermann_control:/home/bev/carla-ros-bridge/install/carla_ros_bridge:/home/bev/carla-ros-bridge/install/carla_spawn_objects:/home/bev/carla-ros-bridge/install/carla_manual_control:/home/bev/carla-ros-bridge/install/carla_ad_agent:/home/bev/carla-ros-bridge/install/ros_compatibility:/home/bev/carla-ros-bridge/install/carla_walker_agent:/home/bev/carla-ros-bridge/install/carla_twist_to_control:/home/bev/carla-ros-bridge/install/carla_ros_scenario_runner:/home/bev/carla-ros-bridge/install/carla_common:/opt/ros/foxy LD_LIBRARY_PATH=/home/bev/bev_ws/install/custom_msgs/lib:/home/bev/carla-ros-bridge/install/rviz_carla_plugin/lib:/home/bev/carla-ros-bridge/install/carla_waypoint_types/lib:/home/bev/carla-ros-bridge/install/carla_ros_scenario_runner_types/lib:/home/bev/carla-ros-bridge/install/carla_ackermann_msgs/lib:/home/bev/carla-ros-bridge/install/carla_msgs/lib:/opt/ros/foxy/opt/yaml_cpp_vendor/lib:/opt/ros/foxy/opt/rviz_ogre_vendor/lib:/opt/ros/foxy/lib/x86_64-linux-gnu:/opt/ros/foxy/lib:/usr/local/cuda-11.3/lib64:/home/bev/TensorRT-8.6.1.6/lib /usr/bin/cmake --install /home/bev/bev_ws/build/data_pkg
[2.013s] Level 1:colcon.colcon_core.environment:create_environment_scripts_only(data_pkg)
[2.020s] Level 1:colcon.colcon_core.environment:checking '/home/bev/bev_ws/install/data_pkg' for CMake module files
[2.021s] DEBUG:colcon.colcon_core.event_handler.log_command:Invoked command in '/home/bev/bev_ws/build/data_pkg' returned '0': CMAKE_PREFIX_PATH=/home/bev/bev_ws/install/custom_msgs:/home/bev/bev_ws/install/tracking_algorithm:/home/bev/bev_ws/install/tcp_socket:/home/bev/bev_ws/install/risk_assessment:/home/bev/bev_ws/install/data_pkg:/home/bev/carla-ros-bridge/install/carla_ad_demo:/home/bev/carla-ros-bridge/install/rviz_carla_plugin:/home/bev/carla-ros-bridge/install/pcl_recorder:/home/bev/carla-ros-bridge/install/carla_waypoint_types:/home/bev/carla-ros-bridge/install/carla_ros_scenario_runner_types:/home/bev/carla-ros-bridge/install/carla_ackermann_msgs:/home/bev/carla-ros-bridge/install/carla_msgs:/home/bev/carla-ros-bridge/install/rqt_carla_control:/home/bev/carla-ros-bridge/install/carla_waypoint_publisher:/home/bev/carla-ros-bridge/install/carla_ackermann_control:/home/bev/carla-ros-bridge/install/carla_ros_bridge:/home/bev/carla-ros-bridge/install/carla_spawn_objects:/home/bev/carla-ros-bridge/install/carla_manual_control:/home/bev/carla-ros-bridge/install/carla_ad_agent:/home/bev/carla-ros-bridge/install/ros_compatibility:/home/bev/carla-ros-bridge/install/carla_walker_agent:/home/bev/carla-ros-bridge/install/carla_twist_to_control:/home/bev/carla-ros-bridge/install/carla_ros_scenario_runner:/home/bev/carla-ros-bridge/install/carla_common:/opt/ros/foxy LD_LIBRARY_PATH=/home/bev/bev_ws/install/custom_msgs/lib:/home/bev/carla-ros-bridge/install/rviz_carla_plugin/lib:/home/bev/carla-ros-bridge/install/carla_waypoint_types/lib:/home/bev/carla-ros-bridge/install/carla_ros_scenario_runner_types/lib:/home/bev/carla-ros-bridge/install/carla_ackermann_msgs/lib:/home/bev/carla-ros-bridge/install/carla_msgs/lib:/opt/ros/foxy/opt/yaml_cpp_vendor/lib:/opt/ros/foxy/opt/rviz_ogre_vendor/lib:/opt/ros/foxy/lib/x86_64-linux-gnu:/opt/ros/foxy/lib:/usr/local/cuda-11.3/lib64:/home/bev/TensorRT-8.6.1.6/lib /usr/bin/cmake --install /home/bev/bev_ws/build/data_pkg
[2.022s] Level 1:colcon.colcon_core.environment:checking '/home/bev/bev_ws/install/data_pkg' for CMake config files
[2.022s] Level 1:colcon.colcon_core.shell:create_environment_hook('data_pkg', 'cmake_prefix_path')
[2.026s] INFO:colcon.colcon_core.shell:Creating environment hook '/home/bev/bev_ws/install/data_pkg/share/data_pkg/hook/cmake_prefix_path.ps1'
[2.027s] INFO:colcon.colcon_core.shell:Creating environment descriptor '/home/bev/bev_ws/install/data_pkg/share/data_pkg/hook/cmake_prefix_path.dsv'
[2.028s] INFO:colcon.colcon_core.shell:Creating environment hook '/home/bev/bev_ws/install/data_pkg/share/data_pkg/hook/cmake_prefix_path.sh'
[2.030s] Level 1:colcon.colcon_core.environment:checking '/home/bev/bev_ws/install/data_pkg/lib'
[2.030s] Level 1:colcon.colcon_core.environment:checking '/home/bev/bev_ws/install/data_pkg/bin'
[2.030s] Level 1:colcon.colcon_core.environment:checking '/home/bev/bev_ws/install/data_pkg/lib/pkgconfig/data_pkg.pc'
[2.031s] Level 1:colcon.colcon_core.environment:checking '/home/bev/bev_ws/install/data_pkg/lib/python3.8/site-packages'
[2.031s] Level 1:colcon.colcon_core.environment:checking '/home/bev/bev_ws/install/data_pkg/bin'
[2.034s] INFO:colcon.colcon_core.shell:Creating package script '/home/bev/bev_ws/install/data_pkg/share/data_pkg/package.ps1'
[2.034s] INFO:colcon.colcon_core.shell:Creating package descriptor '/home/bev/bev_ws/install/data_pkg/share/data_pkg/package.dsv'
[2.035s] INFO:colcon.colcon_core.shell:Creating package script '/home/bev/bev_ws/install/data_pkg/share/data_pkg/package.sh'
[2.036s] INFO:colcon.colcon_core.shell:Creating package script '/home/bev/bev_ws/install/data_pkg/share/data_pkg/package.bash'
[2.036s] INFO:colcon.colcon_core.shell:Creating package script '/home/bev/bev_ws/install/data_pkg/share/data_pkg/package.zsh'
[2.037s] Level 1:colcon.colcon_core.environment:create_file_with_runtime_dependencies(/home/bev/bev_ws/install/data_pkg/share/colcon-core/packages/data_pkg)
[2.069s] DEBUG:colcon.colcon_core.event_handler.log_command:Invoking command in '/home/bev/bev_ws/build/tracking_algorithm': CMAKE_PREFIX_PATH=/home/bev/bev_ws/install/custom_msgs:/home/bev/bev_ws/install/tracking_algorithm:/home/bev/bev_ws/install/tcp_socket:/home/bev/bev_ws/install/risk_assessment:/home/bev/bev_ws/install/data_pkg:/home/bev/carla-ros-bridge/install/carla_ad_demo:/home/bev/carla-ros-bridge/install/rviz_carla_plugin:/home/bev/carla-ros-bridge/install/pcl_recorder:/home/bev/carla-ros-bridge/install/carla_waypoint_types:/home/bev/carla-ros-bridge/install/carla_ros_scenario_runner_types:/home/bev/carla-ros-bridge/install/carla_ackermann_msgs:/home/bev/carla-ros-bridge/install/carla_msgs:/home/bev/carla-ros-bridge/install/rqt_carla_control:/home/bev/carla-ros-bridge/install/carla_waypoint_publisher:/home/bev/carla-ros-bridge/install/carla_ackermann_control:/home/bev/carla-ros-bridge/install/carla_ros_bridge:/home/bev/carla-ros-bridge/install/carla_spawn_objects:/home/bev/carla-ros-bridge/install/carla_manual_control:/home/bev/carla-ros-bridge/install/carla_ad_agent:/home/bev/carla-ros-bridge/install/ros_compatibility:/home/bev/carla-ros-bridge/install/carla_walker_agent:/home/bev/carla-ros-bridge/install/carla_twist_to_control:/home/bev/carla-ros-bridge/install/carla_ros_scenario_runner:/home/bev/carla-ros-bridge/install/carla_common:/opt/ros/foxy LD_LIBRARY_PATH=/home/bev/bev_ws/install/custom_msgs/lib:/home/bev/carla-ros-bridge/install/rviz_carla_plugin/lib:/home/bev/carla-ros-bridge/install/carla_waypoint_types/lib:/home/bev/carla-ros-bridge/install/carla_ros_scenario_runner_types/lib:/home/bev/carla-ros-bridge/install/carla_ackermann_msgs/lib:/home/bev/carla-ros-bridge/install/carla_msgs/lib:/opt/ros/foxy/opt/yaml_cpp_vendor/lib:/opt/ros/foxy/opt/rviz_ogre_vendor/lib:/opt/ros/foxy/lib/x86_64-linux-gnu:/opt/ros/foxy/lib:/usr/local/cuda-11.3/lib64:/home/bev/TensorRT-8.6.1.6/lib /usr/bin/cmake --install /home/bev/bev_ws/build/tracking_algorithm
[2.090s] Level 1:colcon.colcon_core.environment:create_environment_scripts_only(tracking_algorithm)
[2.096s] Level 1:colcon.colcon_core.environment:checking '/home/bev/bev_ws/install/tracking_algorithm' for CMake module files
[2.098s] DEBUG:colcon.colcon_core.event_handler.log_command:Invoked command in '/home/bev/bev_ws/build/tracking_algorithm' returned '0': CMAKE_PREFIX_PATH=/home/bev/bev_ws/install/custom_msgs:/home/bev/bev_ws/install/tracking_algorithm:/home/bev/bev_ws/install/tcp_socket:/home/bev/bev_ws/install/risk_assessment:/home/bev/bev_ws/install/data_pkg:/home/bev/carla-ros-bridge/install/carla_ad_demo:/home/bev/carla-ros-bridge/install/rviz_carla_plugin:/home/bev/carla-ros-bridge/install/pcl_recorder:/home/bev/carla-ros-bridge/install/carla_waypoint_types:/home/bev/carla-ros-bridge/install/carla_ros_scenario_runner_types:/home/bev/carla-ros-bridge/install/carla_ackermann_msgs:/home/bev/carla-ros-bridge/install/carla_msgs:/home/bev/carla-ros-bridge/install/rqt_carla_control:/home/bev/carla-ros-bridge/install/carla_waypoint_publisher:/home/bev/carla-ros-bridge/install/carla_ackermann_control:/home/bev/carla-ros-bridge/install/carla_ros_bridge:/home/bev/carla-ros-bridge/install/carla_spawn_objects:/home/bev/carla-ros-bridge/install/carla_manual_control:/home/bev/carla-ros-bridge/install/carla_ad_agent:/home/bev/carla-ros-bridge/install/ros_compatibility:/home/bev/carla-ros-bridge/install/carla_walker_agent:/home/bev/carla-ros-bridge/install/carla_twist_to_control:/home/bev/carla-ros-bridge/install/carla_ros_scenario_runner:/home/bev/carla-ros-bridge/install/carla_common:/opt/ros/foxy LD_LIBRARY_PATH=/home/bev/bev_ws/install/custom_msgs/lib:/home/bev/carla-ros-bridge/install/rviz_carla_plugin/lib:/home/bev/carla-ros-bridge/install/carla_waypoint_types/lib:/home/bev/carla-ros-bridge/install/carla_ros_scenario_runner_types/lib:/home/bev/carla-ros-bridge/install/carla_ackermann_msgs/lib:/home/bev/carla-ros-bridge/install/carla_msgs/lib:/opt/ros/foxy/opt/yaml_cpp_vendor/lib:/opt/ros/foxy/opt/rviz_ogre_vendor/lib:/opt/ros/foxy/lib/x86_64-linux-gnu:/opt/ros/foxy/lib:/usr/local/cuda-11.3/lib64:/home/bev/TensorRT-8.6.1.6/lib /usr/bin/cmake --install /home/bev/bev_ws/build/tracking_algorithm
[2.098s] Level 1:colcon.colcon_core.environment:checking '/home/bev/bev_ws/install/tracking_algorithm' for CMake config files
[2.099s] Level 1:colcon.colcon_core.shell:create_environment_hook('tracking_algorithm', 'cmake_prefix_path')
[2.102s] INFO:colcon.colcon_core.shell:Creating environment hook '/home/bev/bev_ws/install/tracking_algorithm/share/tracking_algorithm/hook/cmake_prefix_path.ps1'
[2.103s] INFO:colcon.colcon_core.shell:Creating environment descriptor '/home/bev/bev_ws/install/tracking_algorithm/share/tracking_algorithm/hook/cmake_prefix_path.dsv'
[2.104s] INFO:colcon.colcon_core.shell:Creating environment hook '/home/bev/bev_ws/install/tracking_algorithm/share/tracking_algorithm/hook/cmake_prefix_path.sh'
[2.105s] Level 1:colcon.colcon_core.environment:checking '/home/bev/bev_ws/install/tracking_algorithm/lib'
[2.105s] Level 1:colcon.colcon_core.environment:checking '/home/bev/bev_ws/install/tracking_algorithm/bin'
[2.105s] Level 1:colcon.colcon_core.environment:checking '/home/bev/bev_ws/install/tracking_algorithm/lib/pkgconfig/tracking_algorithm.pc'
[2.106s] Level 1:colcon.colcon_core.environment:checking '/home/bev/bev_ws/install/tracking_algorithm/lib/python3.8/site-packages'
[2.106s] Level 1:colcon.colcon_core.environment:checking '/home/bev/bev_ws/install/tracking_algorithm/bin'
[2.109s] INFO:colcon.colcon_core.shell:Creating package script '/home/bev/bev_ws/install/tracking_algorithm/share/tracking_algorithm/package.ps1'
[2.110s] INFO:colcon.colcon_core.shell:Creating package descriptor '/home/bev/bev_ws/install/tracking_algorithm/share/tracking_algorithm/package.dsv'
[2.111s] INFO:colcon.colcon_core.shell:Creating package script '/home/bev/bev_ws/install/tracking_algorithm/share/tracking_algorithm/package.sh'
[2.111s] INFO:colcon.colcon_core.shell:Creating package script '/home/bev/bev_ws/install/tracking_algorithm/share/tracking_algorithm/package.bash'
[2.112s] INFO:colcon.colcon_core.shell:Creating package script '/home/bev/bev_ws/install/tracking_algorithm/share/tracking_algorithm/package.zsh'
[2.112s] Level 1:colcon.colcon_core.environment:create_file_with_runtime_dependencies(/home/bev/bev_ws/install/tracking_algorithm/share/colcon-core/packages/tracking_algorithm)
[2.120s] Level 1:colcon.colcon_core.environment:create_environment_scripts_only(data_pkg)
[2.122s] Level 1:colcon.colcon_core.environment:checking '/home/bev/bev_ws/install/data_pkg' for CMake module files
[2.123s] Level 1:colcon.colcon_core.environment:checking '/home/bev/bev_ws/install/data_pkg' for CMake config files
[2.123s] Level 1:colcon.colcon_core.shell:create_environment_hook('data_pkg', 'cmake_prefix_path')
[2.125s] INFO:colcon.colcon_core.shell:Creating environment hook '/home/bev/bev_ws/install/data_pkg/share/data_pkg/hook/cmake_prefix_path.ps1'
[2.126s] INFO:colcon.colcon_core.shell:Creating environment descriptor '/home/bev/bev_ws/install/data_pkg/share/data_pkg/hook/cmake_prefix_path.dsv'
[2.126s] INFO:colcon.colcon_core.shell:Creating environment hook '/home/bev/bev_ws/install/data_pkg/share/data_pkg/hook/cmake_prefix_path.sh'
[2.127s] Level 1:colcon.colcon_core.environment:checking '/home/bev/bev_ws/install/data_pkg/lib'
[2.127s] Level 1:colcon.colcon_core.environment:checking '/home/bev/bev_ws/install/data_pkg/bin'
[2.127s] Level 1:colcon.colcon_core.environment:checking '/home/bev/bev_ws/install/data_pkg/lib/pkgconfig/data_pkg.pc'
[2.127s] Level 1:colcon.colcon_core.environment:checking '/home/bev/bev_ws/install/data_pkg/lib/python3.8/site-packages'
[2.127s] Level 1:colcon.colcon_core.environment:checking '/home/bev/bev_ws/install/data_pkg/bin'
[2.129s] INFO:colcon.colcon_core.shell:Creating package script '/home/bev/bev_ws/install/data_pkg/share/data_pkg/package.ps1'
[2.130s] INFO:colcon.colcon_core.shell:Creating package descriptor '/home/bev/bev_ws/install/data_pkg/share/data_pkg/package.dsv'
[2.130s] INFO:colcon.colcon_core.shell:Creating package script '/home/bev/bev_ws/install/data_pkg/share/data_pkg/package.sh'
[2.130s] INFO:colcon.colcon_core.shell:Creating package script '/home/bev/bev_ws/install/data_pkg/share/data_pkg/package.bash'
[2.131s] INFO:colcon.colcon_core.shell:Creating package script '/home/bev/bev_ws/install/data_pkg/share/data_pkg/package.zsh'
[2.131s] Level 1:colcon.colcon_core.environment:create_file_with_runtime_dependencies(/home/bev/bev_ws/install/data_pkg/share/colcon-core/packages/data_pkg)
[2.208s] Level 1:colcon.colcon_core.environment:create_environment_scripts_only(tracking_algorithm)
[2.213s] Level 1:colcon.colcon_core.environment:checking '/home/bev/bev_ws/install/tracking_algorithm' for CMake module files
[2.214s] Level 1:colcon.colcon_core.environment:checking '/home/bev/bev_ws/install/tracking_algorithm' for CMake config files
[2.214s] Level 1:colcon.colcon_core.shell:create_environment_hook('tracking_algorithm', 'cmake_prefix_path')
[2.218s] INFO:colcon.colcon_core.shell:Creating environment hook '/home/bev/bev_ws/install/tracking_algorithm/share/tracking_algorithm/hook/cmake_prefix_path.ps1'
[2.219s] INFO:colcon.colcon_core.shell:Creating environment descriptor '/home/bev/bev_ws/install/tracking_algorithm/share/tracking_algorithm/hook/cmake_prefix_path.dsv'
[2.219s] INFO:colcon.colcon_core.shell:Creating environment hook '/home/bev/bev_ws/install/tracking_algorithm/share/tracking_algorithm/hook/cmake_prefix_path.sh'
[2.220s] Level 1:colcon.colcon_core.environment:checking '/home/bev/bev_ws/install/tracking_algorithm/lib'
[2.221s] Level 1:colcon.colcon_core.environment:checking '/home/bev/bev_ws/install/tracking_algorithm/bin'
[2.221s] Level 1:colcon.colcon_core.environment:checking '/home/bev/bev_ws/install/tracking_algorithm/lib/pkgconfig/tracking_algorithm.pc'
[2.221s] Level 1:colcon.colcon_core.environment:checking '/home/bev/bev_ws/install/tracking_algorithm/lib/python3.8/site-packages'
[2.221s] Level 1:colcon.colcon_core.environment:checking '/home/bev/bev_ws/install/tracking_algorithm/bin'
[2.224s] INFO:colcon.colcon_core.shell:Creating package script '/home/bev/bev_ws/install/tracking_algorithm/share/tracking_algorithm/package.ps1'
[2.224s] INFO:colcon.colcon_core.shell:Creating package descriptor '/home/bev/bev_ws/install/tracking_algorithm/share/tracking_algorithm/package.dsv'
[2.225s] INFO:colcon.colcon_core.shell:Creating package script '/home/bev/bev_ws/install/tracking_algorithm/share/tracking_algorithm/package.sh'
[2.225s] INFO:colcon.colcon_core.shell:Creating package script '/home/bev/bev_ws/install/tracking_algorithm/share/tracking_algorithm/package.bash'
[2.226s] INFO:colcon.colcon_core.shell:Creating package script '/home/bev/bev_ws/install/tracking_algorithm/share/tracking_algorithm/package.zsh'
[2.226s] Level 1:colcon.colcon_core.environment:create_file_with_runtime_dependencies(/home/bev/bev_ws/install/tracking_algorithm/share/colcon-core/packages/tracking_algorithm)
[5.261s] DEBUG:colcon.colcon_core.event_handler.log_command:Invoked command in '/home/bev/bev_ws/build/tcp_socket' returned '0': CMAKE_PREFIX_PATH=${CMAKE_PREFIX_PATH}:/home/bev/carla-ros-bridge/install/rqt_carla_control:/home/bev/carla-ros-bridge/install/carla_waypoint_publisher:/home/bev/carla-ros-bridge/install/carla_ackermann_control:/home/bev/carla-ros-bridge/install/carla_ros_bridge:/home/bev/carla-ros-bridge/install/carla_spawn_objects:/home/bev/carla-ros-bridge/install/carla_manual_control:/home/bev/carla-ros-bridge/install/carla_ad_agent:/home/bev/carla-ros-bridge/install/ros_compatibility:/home/bev/carla-ros-bridge/install/carla_walker_agent:/home/bev/carla-ros-bridge/install/carla_twist_to_control:/home/bev/carla-ros-bridge/install/carla_ros_scenario_runner:/home/bev/carla-ros-bridge/install/carla_common:/opt/ros/foxy /usr/bin/cmake --build /home/bev/bev_ws/build/tcp_socket -- -j28 -l28
[5.325s] DEBUG:colcon.colcon_core.event_handler.log_command:Invoking command in '/home/bev/bev_ws/build/tcp_socket': CMAKE_PREFIX_PATH=${CMAKE_PREFIX_PATH}:/home/bev/carla-ros-bridge/install/rqt_carla_control:/home/bev/carla-ros-bridge/install/carla_waypoint_publisher:/home/bev/carla-ros-bridge/install/carla_ackermann_control:/home/bev/carla-ros-bridge/install/carla_ros_bridge:/home/bev/carla-ros-bridge/install/carla_spawn_objects:/home/bev/carla-ros-bridge/install/carla_manual_control:/home/bev/carla-ros-bridge/install/carla_ad_agent:/home/bev/carla-ros-bridge/install/ros_compatibility:/home/bev/carla-ros-bridge/install/carla_walker_agent:/home/bev/carla-ros-bridge/install/carla_twist_to_control:/home/bev/carla-ros-bridge/install/carla_ros_scenario_runner:/home/bev/carla-ros-bridge/install/carla_common:/opt/ros/foxy /usr/bin/cmake --install /home/bev/bev_ws/build/tcp_socket
[5.353s] Level 1:colcon.colcon_core.environment:create_environment_scripts_only(tcp_socket)
[5.360s] Level 1:colcon.colcon_core.environment:checking '/home/bev/bev_ws/install/tcp_socket' for CMake module files
[5.361s] DEBUG:colcon.colcon_core.event_handler.log_command:Invoked command in '/home/bev/bev_ws/build/tcp_socket' returned '0': CMAKE_PREFIX_PATH=${CMAKE_PREFIX_PATH}:/home/bev/carla-ros-bridge/install/rqt_carla_control:/home/bev/carla-ros-bridge/install/carla_waypoint_publisher:/home/bev/carla-ros-bridge/install/carla_ackermann_control:/home/bev/carla-ros-bridge/install/carla_ros_bridge:/home/bev/carla-ros-bridge/install/carla_spawn_objects:/home/bev/carla-ros-bridge/install/carla_manual_control:/home/bev/carla-ros-bridge/install/carla_ad_agent:/home/bev/carla-ros-bridge/install/ros_compatibility:/home/bev/carla-ros-bridge/install/carla_walker_agent:/home/bev/carla-ros-bridge/install/carla_twist_to_control:/home/bev/carla-ros-bridge/install/carla_ros_scenario_runner:/home/bev/carla-ros-bridge/install/carla_common:/opt/ros/foxy /usr/bin/cmake --install /home/bev/bev_ws/build/tcp_socket
[5.362s] Level 1:colcon.colcon_core.environment:checking '/home/bev/bev_ws/install/tcp_socket' for CMake config files
[5.362s] Level 1:colcon.colcon_core.shell:create_environment_hook('tcp_socket', 'cmake_prefix_path')
[5.366s] INFO:colcon.colcon_core.shell:Creating environment hook '/home/bev/bev_ws/install/tcp_socket/share/tcp_socket/hook/cmake_prefix_path.ps1'
[5.367s] INFO:colcon.colcon_core.shell:Creating environment descriptor '/home/bev/bev_ws/install/tcp_socket/share/tcp_socket/hook/cmake_prefix_path.dsv'
[5.368s] INFO:colcon.colcon_core.shell:Creating environment hook '/home/bev/bev_ws/install/tcp_socket/share/tcp_socket/hook/cmake_prefix_path.sh'
[5.369s] Level 1:colcon.colcon_core.environment:checking '/home/bev/bev_ws/install/tcp_socket/lib'
[5.369s] Level 1:colcon.colcon_core.environment:checking '/home/bev/bev_ws/install/tcp_socket/bin'
[5.370s] Level 1:colcon.colcon_core.environment:checking '/home/bev/bev_ws/install/tcp_socket/lib/pkgconfig/tcp_socket.pc'
[5.370s] Level 1:colcon.colcon_core.environment:checking '/home/bev/bev_ws/install/tcp_socket/lib/python3.8/site-packages'
[5.371s] Level 1:colcon.colcon_core.environment:checking '/home/bev/bev_ws/install/tcp_socket/bin'
[5.373s] INFO:colcon.colcon_core.shell:Creating package script '/home/bev/bev_ws/install/tcp_socket/share/tcp_socket/package.ps1'
[5.374s] INFO:colcon.colcon_core.shell:Creating package descriptor '/home/bev/bev_ws/install/tcp_socket/share/tcp_socket/package.dsv'
[5.374s] INFO:colcon.colcon_core.shell:Creating package script '/home/bev/bev_ws/install/tcp_socket/share/tcp_socket/package.sh'
[5.375s] INFO:colcon.colcon_core.shell:Creating package script '/home/bev/bev_ws/install/tcp_socket/share/tcp_socket/package.bash'
[5.376s] INFO:colcon.colcon_core.shell:Creating package script '/home/bev/bev_ws/install/tcp_socket/share/tcp_socket/package.zsh'
[5.376s] Level 1:colcon.colcon_core.environment:create_file_with_runtime_dependencies(/home/bev/bev_ws/install/tcp_socket/share/colcon-core/packages/tcp_socket)
[5.446s] Level 1:colcon.colcon_core.environment:create_environment_scripts_only(tcp_socket)
[5.452s] Level 1:colcon.colcon_core.environment:checking '/home/bev/bev_ws/install/tcp_socket' for CMake module files
[5.453s] Level 1:colcon.colcon_core.environment:checking '/home/bev/bev_ws/install/tcp_socket' for CMake config files
[5.453s] Level 1:colcon.colcon_core.shell:create_environment_hook('tcp_socket', 'cmake_prefix_path')
[5.455s] INFO:colcon.colcon_core.shell:Creating environment hook '/home/bev/bev_ws/install/tcp_socket/share/tcp_socket/hook/cmake_prefix_path.ps1'
[5.456s] INFO:colcon.colcon_core.shell:Creating environment descriptor '/home/bev/bev_ws/install/tcp_socket/share/tcp_socket/hook/cmake_prefix_path.dsv'
[5.457s] INFO:colcon.colcon_core.shell:Creating environment hook '/home/bev/bev_ws/install/tcp_socket/share/tcp_socket/hook/cmake_prefix_path.sh'
[5.458s] Level 1:colcon.colcon_core.environment:checking '/home/bev/bev_ws/install/tcp_socket/lib'
[5.458s] Level 1:colcon.colcon_core.environment:checking '/home/bev/bev_ws/install/tcp_socket/bin'
[5.458s] Level 1:colcon.colcon_core.environment:checking '/home/bev/bev_ws/install/tcp_socket/lib/pkgconfig/tcp_socket.pc'
[5.458s] Level 1:colcon.colcon_core.environment:checking '/home/bev/bev_ws/install/tcp_socket/lib/python3.8/site-packages'
[5.458s] Level 1:colcon.colcon_core.environment:checking '/home/bev/bev_ws/install/tcp_socket/bin'
[5.461s] INFO:colcon.colcon_core.shell:Creating package script '/home/bev/bev_ws/install/tcp_socket/share/tcp_socket/package.ps1'
[5.462s] INFO:colcon.colcon_core.shell:Creating package descriptor '/home/bev/bev_ws/install/tcp_socket/share/tcp_socket/package.dsv'
[5.462s] INFO:colcon.colcon_core.shell:Creating package script '/home/bev/bev_ws/install/tcp_socket/share/tcp_socket/package.sh'
[5.463s] INFO:colcon.colcon_core.shell:Creating package script '/home/bev/bev_ws/install/tcp_socket/share/tcp_socket/package.bash'
[5.463s] INFO:colcon.colcon_core.shell:Creating package script '/home/bev/bev_ws/install/tcp_socket/share/tcp_socket/package.zsh'
[5.463s] Level 1:colcon.colcon_core.environment:create_file_with_runtime_dependencies(/home/bev/bev_ws/install/tcp_socket/share/colcon-core/packages/tcp_socket)
[5.464s] DEBUG:colcon.colcon_parallel_executor.executor.parallel:closing loop
[5.464s] DEBUG:colcon.colcon_parallel_executor.executor.parallel:loop closed
[5.464s] DEBUG:colcon.colcon_parallel_executor.executor.parallel:run_until_complete finished with '0'
[5.464s] DEBUG:colcon.colcon_core.event_reactor:joining thread
[5.481s] INFO:colcon.colcon_core.plugin_system:Skipping extension 'colcon_notification.desktop_notification.terminal_notifier': Not used on non-Darwin systems
[5.481s] INFO:colcon.colcon_core.plugin_system:Skipping extension 'colcon_notification.desktop_notification.win32': Not used on non-Windows systems
[5.481s] INFO:colcon.colcon_notification.desktop_notification:Sending desktop notification using 'notify2'
[5.516s] DEBUG:colcon.colcon_core.event_reactor:joined thread
[5.520s] INFO:colcon.colcon_core.shell:Creating prefix script '/home/bev/bev_ws/install/local_setup.ps1'
[5.522s] INFO:colcon.colcon_core.shell:Creating prefix util module '/home/bev/bev_ws/install/_local_setup_util_ps1.py'
[5.525s] INFO:colcon.colcon_core.shell:Creating prefix chain script '/home/bev/bev_ws/install/setup.ps1'
[5.529s] INFO:colcon.colcon_core.shell:Creating prefix script '/home/bev/bev_ws/install/local_setup.sh'
[5.530s] INFO:colcon.colcon_core.shell:Creating prefix util module '/home/bev/bev_ws/install/_local_setup_util_sh.py'
[5.531s] INFO:colcon.colcon_core.shell:Creating prefix chain script '/home/bev/bev_ws/install/setup.sh'
[5.534s] INFO:colcon.colcon_core.shell:Creating prefix script '/home/bev/bev_ws/install/local_setup.bash'
[5.534s] INFO:colcon.colcon_core.shell:Creating prefix chain script '/home/bev/bev_ws/install/setup.bash'
[5.537s] INFO:colcon.colcon_core.shell:Creating prefix script '/home/bev/bev_ws/install/local_setup.zsh'
[5.538s] INFO:colcon.colcon_core.shell:Creating prefix chain script '/home/bev/bev_ws/install/setup.zsh'
