[0.030s] Invoking command in '/home/bev/bev_ws/build/risk_assessment': CMAKE_PREFIX_PATH=${CMAKE_PREFIX_PATH}:/home/bev/carla-ros-bridge/install/rqt_carla_control:/home/bev/carla-ros-bridge/install/carla_waypoint_publisher:/home/bev/carla-ros-bridge/install/carla_ackermann_control:/home/bev/carla-ros-bridge/install/carla_ros_bridge:/home/bev/carla-ros-bridge/install/carla_spawn_objects:/home/bev/carla-ros-bridge/install/carla_manual_control:/home/bev/carla-ros-bridge/install/carla_ad_agent:/home/bev/carla-ros-bridge/install/ros_compatibility:/home/bev/carla-ros-bridge/install/carla_walker_agent:/home/bev/carla-ros-bridge/install/carla_twist_to_control:/home/bev/carla-ros-bridge/install/carla_ros_scenario_runner:/home/bev/carla-ros-bridge/install/carla_common:/opt/ros/foxy /usr/bin/cmake --build /home/bev/bev_ws/build/risk_assessment -- -j28 -l28
[0.074s] -- Found ament_cmake: 0.9.12 (/opt/ros/foxy/share/ament_cmake/cmake)
[0.113s] -- Using PYTHON_EXECUTABLE: /usr/bin/python3
[0.340s] -- Found rclcpp: 2.4.3 (/opt/ros/foxy/share/rclcpp/cmake)
[0.386s] -- Using all available rosidl_typesupport_c: rosidl_typesupport_fastrtps_c;rosidl_typesupport_introspection_c
[0.389s] -- Found rosidl_adapter: 1.3.1 (/opt/ros/foxy/share/rosidl_adapter/cmake)
[0.513s] -- Using all available rosidl_typesupport_cpp: rosidl_typesupport_fastrtps_cpp;rosidl_typesupport_introspection_cpp
[0.553s] -- Found rmw_implementation_cmake: 1.0.4 (/opt/ros/foxy/share/rmw_implementation_cmake/cmake)
[0.555s] -- Using RMW implementation 'rmw_fastrtps_cpp' as default
[0.674s] -- Found carla_msgs: 1.3.0 (/home/bev/carla-ros-bridge/install/carla_msgs/share/carla_msgs/cmake)
[0.831s] -- Found nav_msgs: 2.0.5 (/opt/ros/foxy/share/nav_msgs/cmake)
[0.892s] -- Found derived_object_msgs: 4.0.0 (/opt/ros/foxy/share/derived_object_msgs/cmake)
[1.073s] -- Found ament_lint_auto: 0.9.8 (/opt/ros/foxy/share/ament_lint_auto/cmake)
[1.165s] -- Added test 'copyright' to check source files copyright and LICENSE
[1.166s] -- Added test 'cppcheck' to perform static code analysis on C / C++ code
[1.167s] -- Configured cppcheck include dirs: /home/bev/bev_ws/src/risk_assessment/include
[1.167s] -- Configured cppcheck exclude dirs and/or files: 
[1.167s] -- Added test 'cpplint' to check C / C++ code against the Google style
[1.167s] -- Configured cpplint exclude dirs and/or files: 
[1.168s] -- Added test 'lint_cmake' to check CMake code style
[1.169s] -- Added test 'uncrustify' to check C / C++ code style
[1.169s] -- Configured uncrustify additional arguments: 
[1.169s] -- Added test 'xmllint' to check XML markup files
[1.172s] -- Configuring done
[1.183s] -- Generating done
[1.184s] -- Build files have been written to: /home/bev/bev_ws/build/risk_assessment
[1.220s] [35m[1mScanning dependencies of target risk_assessment[0m
[1.267s] [ 50%] [32mBuilding CXX object CMakeFiles/risk_assessment.dir/src/calculate_risk.cpp.o[0m
[2.381s] [01m[K/home/bev/bev_ws/src/risk_assessment/src/calculate_risk.cpp:[m[K In member function ‘[01m[Kvoid Calculate::ObjectCallback(derived_object_msgs::msg::ObjectArray_<std::allocator<void> >::SharedPtr)[m[K’:
[2.381s] [01m[K/home/bev/bev_ws/src/risk_assessment/src/calculate_risk.cpp:33:22:[m[K [01;35m[Kwarning: [m[Kcomparison of integer expressions of different signedness: ‘[01m[Kint[m[K’ and ‘[01m[Kstd::vector<derived_object_msgs::msg::Object_<std::allocator<void> >, std::allocator<derived_object_msgs::msg::Object_<std::allocator<void> > > >::size_type[m[K’ {aka ‘[01m[Klong unsigned int[m[K’} [[01;35m[K-Wsign-compare[m[K]
[2.381s]    33 |   for(auto i = 0 ; [01;35m[Ki < msg->objects.size()[m[K ; i++)
[2.381s]       |                    [01;35m[K~~^~~~~~~~~~~~~~~~~~~~~[m[K
[7.004s] [100%] [32m[1mLinking CXX executable risk_assessment[0m
[7.338s] [100%] Built target risk_assessment
[7.363s] Invoked command in '/home/bev/bev_ws/build/risk_assessment' returned '0': CMAKE_PREFIX_PATH=${CMAKE_PREFIX_PATH}:/home/bev/carla-ros-bridge/install/rqt_carla_control:/home/bev/carla-ros-bridge/install/carla_waypoint_publisher:/home/bev/carla-ros-bridge/install/carla_ackermann_control:/home/bev/carla-ros-bridge/install/carla_ros_bridge:/home/bev/carla-ros-bridge/install/carla_spawn_objects:/home/bev/carla-ros-bridge/install/carla_manual_control:/home/bev/carla-ros-bridge/install/carla_ad_agent:/home/bev/carla-ros-bridge/install/ros_compatibility:/home/bev/carla-ros-bridge/install/carla_walker_agent:/home/bev/carla-ros-bridge/install/carla_twist_to_control:/home/bev/carla-ros-bridge/install/carla_ros_scenario_runner:/home/bev/carla-ros-bridge/install/carla_common:/opt/ros/foxy /usr/bin/cmake --build /home/bev/bev_ws/build/risk_assessment -- -j28 -l28
[7.422s] Invoking command in '/home/bev/bev_ws/build/risk_assessment': CMAKE_PREFIX_PATH=${CMAKE_PREFIX_PATH}:/home/bev/carla-ros-bridge/install/rqt_carla_control:/home/bev/carla-ros-bridge/install/carla_waypoint_publisher:/home/bev/carla-ros-bridge/install/carla_ackermann_control:/home/bev/carla-ros-bridge/install/carla_ros_bridge:/home/bev/carla-ros-bridge/install/carla_spawn_objects:/home/bev/carla-ros-bridge/install/carla_manual_control:/home/bev/carla-ros-bridge/install/carla_ad_agent:/home/bev/carla-ros-bridge/install/ros_compatibility:/home/bev/carla-ros-bridge/install/carla_walker_agent:/home/bev/carla-ros-bridge/install/carla_twist_to_control:/home/bev/carla-ros-bridge/install/carla_ros_scenario_runner:/home/bev/carla-ros-bridge/install/carla_common:/opt/ros/foxy /usr/bin/cmake --install /home/bev/bev_ws/build/risk_assessment
[7.440s] -- Install configuration: ""
[7.440s] -- Installing: /home/bev/bev_ws/install/risk_assessment/lib/risk_assessment/risk_assessment
[7.444s] -- Set runtime path of "/home/bev/bev_ws/install/risk_assessment/lib/risk_assessment/risk_assessment" to ""
[7.444s] -- Installing: /home/bev/bev_ws/install/risk_assessment/share/ament_index/resource_index/package_run_dependencies/risk_assessment
[7.444s] -- Up-to-date: /home/bev/bev_ws/install/risk_assessment/share/ament_index/resource_index/parent_prefix_path/risk_assessment
[7.444s] -- Up-to-date: /home/bev/bev_ws/install/risk_assessment/share/risk_assessment/environment/ament_prefix_path.sh
[7.445s] -- Installing: /home/bev/bev_ws/install/risk_assessment/share/risk_assessment/environment/ament_prefix_path.dsv
[7.445s] -- Up-to-date: /home/bev/bev_ws/install/risk_assessment/share/risk_assessment/environment/path.sh
[7.445s] -- Installing: /home/bev/bev_ws/install/risk_assessment/share/risk_assessment/environment/path.dsv
[7.445s] -- Up-to-date: /home/bev/bev_ws/install/risk_assessment/share/risk_assessment/local_setup.bash
[7.445s] -- Up-to-date: /home/bev/bev_ws/install/risk_assessment/share/risk_assessment/local_setup.sh
[7.445s] -- Up-to-date: /home/bev/bev_ws/install/risk_assessment/share/risk_assessment/local_setup.zsh
[7.446s] -- Installing: /home/bev/bev_ws/install/risk_assessment/share/risk_assessment/local_setup.dsv
[7.446s] -- Installing: /home/bev/bev_ws/install/risk_assessment/share/risk_assessment/package.dsv
[7.447s] -- Up-to-date: /home/bev/bev_ws/install/risk_assessment/share/ament_index/resource_index/packages/risk_assessment
[7.447s] -- Up-to-date: /home/bev/bev_ws/install/risk_assessment/share/risk_assessment/cmake/risk_assessmentConfig.cmake
[7.447s] -- Up-to-date: /home/bev/bev_ws/install/risk_assessment/share/risk_assessment/cmake/risk_assessmentConfig-version.cmake
[7.447s] -- Installing: /home/bev/bev_ws/install/risk_assessment/share/risk_assessment/package.xml
[7.454s] Invoked command in '/home/bev/bev_ws/build/risk_assessment' returned '0': CMAKE_PREFIX_PATH=${CMAKE_PREFIX_PATH}:/home/bev/carla-ros-bridge/install/rqt_carla_control:/home/bev/carla-ros-bridge/install/carla_waypoint_publisher:/home/bev/carla-ros-bridge/install/carla_ackermann_control:/home/bev/carla-ros-bridge/install/carla_ros_bridge:/home/bev/carla-ros-bridge/install/carla_spawn_objects:/home/bev/carla-ros-bridge/install/carla_manual_control:/home/bev/carla-ros-bridge/install/carla_ad_agent:/home/bev/carla-ros-bridge/install/ros_compatibility:/home/bev/carla-ros-bridge/install/carla_walker_agent:/home/bev/carla-ros-bridge/install/carla_twist_to_control:/home/bev/carla-ros-bridge/install/carla_ros_scenario_runner:/home/bev/carla-ros-bridge/install/carla_common:/opt/ros/foxy /usr/bin/cmake --install /home/bev/bev_ws/build/risk_assessment
