[0.017s] Invoking command in '/home/bev/bev_ws/build/tracking_algorithm': CMAKE_PREFIX_PATH=/home/bev/bev_ws/install/custom_msgs:/home/bev/bev_ws/install/tracking_algorithm:/opt/ros/foxy LD_LIBRARY_PATH=/home/bev/bev_ws/install/custom_msgs/lib:/opt/ros/foxy/opt/yaml_cpp_vendor/lib:/opt/ros/foxy/opt/rviz_ogre_vendor/lib:/opt/ros/foxy/lib/x86_64-linux-gnu:/opt/ros/foxy/lib:/usr/local/cuda-11.3/lib64:/home/bev/TensorRT-8.6.1.6/lib /usr/bin/cmake --build /home/bev/bev_ws/build/tracking_algorithm -- -j28 -l28
[0.102s] [35m[1mScanning dependencies of target sort_ros[0m
[0.155s] [ 12%] [32mBuilding CXX object CMakeFiles/sort_ros.dir/src/Sort.cpp.o[0m
[1.158s] [ 25%] [32m[1mLinking CXX executable sort_ros[0m
[1.484s] [100%] Built target sort_ros
[1.510s] Invoked command in '/home/bev/bev_ws/build/tracking_algorithm' returned '0': CMAKE_PREFIX_PATH=/home/bev/bev_ws/install/custom_msgs:/home/bev/bev_ws/install/tracking_algorithm:/opt/ros/foxy LD_LIBRARY_PATH=/home/bev/bev_ws/install/custom_msgs/lib:/opt/ros/foxy/opt/yaml_cpp_vendor/lib:/opt/ros/foxy/opt/rviz_ogre_vendor/lib:/opt/ros/foxy/lib/x86_64-linux-gnu:/opt/ros/foxy/lib:/usr/local/cuda-11.3/lib64:/home/bev/TensorRT-8.6.1.6/lib /usr/bin/cmake --build /home/bev/bev_ws/build/tracking_algorithm -- -j28 -l28
[1.590s] Invoking command in '/home/bev/bev_ws/build/tracking_algorithm': CMAKE_PREFIX_PATH=/home/bev/bev_ws/install/custom_msgs:/home/bev/bev_ws/install/tracking_algorithm:/opt/ros/foxy LD_LIBRARY_PATH=/home/bev/bev_ws/install/custom_msgs/lib:/opt/ros/foxy/opt/yaml_cpp_vendor/lib:/opt/ros/foxy/opt/rviz_ogre_vendor/lib:/opt/ros/foxy/lib/x86_64-linux-gnu:/opt/ros/foxy/lib:/usr/local/cuda-11.3/lib64:/home/bev/TensorRT-8.6.1.6/lib /usr/bin/cmake --install /home/bev/bev_ws/build/tracking_algorithm
[1.608s] -- Install configuration: ""
[1.608s] -- Installing: /home/bev/bev_ws/install/tracking_algorithm/lib/tracking_algorithm/sort_ros
[1.612s] -- Set runtime path of "/home/bev/bev_ws/install/tracking_algorithm/lib/tracking_algorithm/sort_ros" to ""
[1.612s] -- Up-to-date: /home/bev/bev_ws/install/tracking_algorithm/share/ament_index/resource_index/package_run_dependencies/tracking_algorithm
[1.612s] -- Up-to-date: /home/bev/bev_ws/install/tracking_algorithm/share/ament_index/resource_index/parent_prefix_path/tracking_algorithm
[1.612s] -- Up-to-date: /home/bev/bev_ws/install/tracking_algorithm/share/tracking_algorithm/environment/ament_prefix_path.sh
[1.613s] -- Up-to-date: /home/bev/bev_ws/install/tracking_algorithm/share/tracking_algorithm/environment/ament_prefix_path.dsv
[1.613s] -- Up-to-date: /home/bev/bev_ws/install/tracking_algorithm/share/tracking_algorithm/environment/path.sh
[1.613s] -- Up-to-date: /home/bev/bev_ws/install/tracking_algorithm/share/tracking_algorithm/environment/path.dsv
[1.613s] -- Up-to-date: /home/bev/bev_ws/install/tracking_algorithm/share/tracking_algorithm/local_setup.bash
[1.613s] -- Up-to-date: /home/bev/bev_ws/install/tracking_algorithm/share/tracking_algorithm/local_setup.sh
[1.613s] -- Up-to-date: /home/bev/bev_ws/install/tracking_algorithm/share/tracking_algorithm/local_setup.zsh
[1.614s] -- Up-to-date: /home/bev/bev_ws/install/tracking_algorithm/share/tracking_algorithm/local_setup.dsv
[1.614s] -- Installing: /home/bev/bev_ws/install/tracking_algorithm/share/tracking_algorithm/package.dsv
[1.614s] -- Up-to-date: /home/bev/bev_ws/install/tracking_algorithm/share/ament_index/resource_index/packages/tracking_algorithm
[1.614s] -- Up-to-date: /home/bev/bev_ws/install/tracking_algorithm/share/tracking_algorithm/cmake/tracking_algorithmConfig.cmake
[1.614s] -- Up-to-date: /home/bev/bev_ws/install/tracking_algorithm/share/tracking_algorithm/cmake/tracking_algorithmConfig-version.cmake
[1.614s] -- Up-to-date: /home/bev/bev_ws/install/tracking_algorithm/share/tracking_algorithm/package.xml
[1.621s] Invoked command in '/home/bev/bev_ws/build/tracking_algorithm' returned '0': CMAKE_PREFIX_PATH=/home/bev/bev_ws/install/custom_msgs:/home/bev/bev_ws/install/tracking_algorithm:/opt/ros/foxy LD_LIBRARY_PATH=/home/bev/bev_ws/install/custom_msgs/lib:/opt/ros/foxy/opt/yaml_cpp_vendor/lib:/opt/ros/foxy/opt/rviz_ogre_vendor/lib:/opt/ros/foxy/lib/x86_64-linux-gnu:/opt/ros/foxy/lib:/usr/local/cuda-11.3/lib64:/home/bev/TensorRT-8.6.1.6/lib /usr/bin/cmake --install /home/bev/bev_ws/build/tracking_algorithm
