[0.293s] DEBUG:colcon:Command line arguments: ['/usr/bin/colcon', 'build']
[0.293s] DEBUG:colcon:Parsed command line arguments: Namespace(allow_overriding=[], ament_cmake_args=None, base_paths=['.'], build_base='build', catkin_cmake_args=None, catkin_skip_building_tests=False, cmake_args=None, cmake_clean_cache=False, cmake_clean_first=False, cmake_force_configure=False, cmake_target=None, cmake_target_skip_unavailable=False, continue_on_error=False, event_handlers=None, executor='parallel', ignore_user_meta=False, install_base='install', log_base=None, log_level=None, main=<bound method BuildVerb.main of <colcon_core.verb.build.BuildVerb object at 0x7f350e9780a0>>, merge_install=False, metas=['./colcon.meta'], packages_above=None, packages_above_and_dependencies=None, packages_above_depth=None, packages_end=None, packages_ignore=None, packages_ignore_regex=None, packages_select=None, packages_select_build_failed=False, packages_select_by_dep=None, packages_select_regex=None, packages_select_test_failures=False, packages_skip=None, packages_skip_build_finished=False, packages_skip_by_dep=None, packages_skip_regex=None, packages_skip_test_passed=False, packages_skip_up_to=None, packages_start=None, packages_up_to=None, packages_up_to_regex=None, parallel_workers=28, paths=None, symlink_install=False, test_result_base=None, verb_extension=<colcon_core.verb.build.BuildVerb object at 0x7f350e9780a0>, verb_name='build', verb_parser=<colcon_defaults.argument_parser.defaults.DefaultArgumentsDecorator object at 0x7f350e978550>)
[0.322s] Level 1:colcon.colcon_core.package_discovery:discover_packages(colcon_meta) check parameters
[0.322s] Level 1:colcon.colcon_core.package_discovery:discover_packages(recursive) check parameters
[0.322s] Level 1:colcon.colcon_core.package_discovery:discover_packages(ignore) check parameters
[0.322s] Level 1:colcon.colcon_core.package_discovery:discover_packages(path) check parameters
[0.322s] Level 1:colcon.colcon_core.package_discovery:discover_packages(colcon_meta) discover
[0.322s] Level 1:colcon.colcon_core.package_discovery:discover_packages(recursive) discover
[0.322s] INFO:colcon.colcon_core.package_discovery:Crawling recursively for packages in '/home/bev/bev_ws'
[0.322s] Level 1:colcon.colcon_core.package_identification:_identify(.) by extensions ['ignore', 'ignore_ament_install']
[0.323s] Level 1:colcon.colcon_core.package_identification:_identify(.) by extension 'ignore'
[0.323s] Level 1:colcon.colcon_core.package_identification:_identify(.) by extension 'ignore_ament_install'
[0.323s] Level 1:colcon.colcon_core.package_identification:_identify(.) by extensions ['colcon_pkg']
[0.323s] Level 1:colcon.colcon_core.package_identification:_identify(.) by extension 'colcon_pkg'
[0.323s] Level 1:colcon.colcon_core.package_identification:_identify(.) by extensions ['colcon_meta']
[0.323s] Level 1:colcon.colcon_core.package_identification:_identify(.) by extension 'colcon_meta'
[0.323s] Level 1:colcon.colcon_core.package_identification:_identify(.) by extensions ['ros']
[0.323s] Level 1:colcon.colcon_core.package_identification:_identify(.) by extension 'ros'
[0.338s] Level 1:colcon.colcon_core.package_identification:_identify(.) by extensions ['cmake', 'python']
[0.338s] Level 1:colcon.colcon_core.package_identification:_identify(.) by extension 'cmake'
[0.338s] Level 1:colcon.colcon_core.package_identification:_identify(.) by extension 'python'
[0.338s] Level 1:colcon.colcon_core.package_identification:_identify(.) by extensions ['python_setup_py']
[0.338s] Level 1:colcon.colcon_core.package_identification:_identify(.) by extension 'python_setup_py'
[0.339s] Level 1:colcon.colcon_core.package_identification:_identify(build) by extensions ['ignore', 'ignore_ament_install']
[0.339s] Level 1:colcon.colcon_core.package_identification:_identify(build) by extension 'ignore'
[0.339s] Level 1:colcon.colcon_core.package_identification:_identify(build) ignored
[0.339s] Level 1:colcon.colcon_core.package_identification:_identify(install) by extensions ['ignore', 'ignore_ament_install']
[0.339s] Level 1:colcon.colcon_core.package_identification:_identify(install) by extension 'ignore'
[0.339s] Level 1:colcon.colcon_core.package_identification:_identify(install) ignored
[0.339s] Level 1:colcon.colcon_core.package_identification:_identify(log) by extensions ['ignore', 'ignore_ament_install']
[0.339s] Level 1:colcon.colcon_core.package_identification:_identify(log) by extension 'ignore'
[0.339s] Level 1:colcon.colcon_core.package_identification:_identify(log) ignored
[0.339s] Level 1:colcon.colcon_core.package_identification:_identify(src) by extensions ['ignore', 'ignore_ament_install']
[0.339s] Level 1:colcon.colcon_core.package_identification:_identify(src) by extension 'ignore'
[0.339s] Level 1:colcon.colcon_core.package_identification:_identify(src) by extension 'ignore_ament_install'
[0.339s] Level 1:colcon.colcon_core.package_identification:_identify(src) by extensions ['colcon_pkg']
[0.339s] Level 1:colcon.colcon_core.package_identification:_identify(src) by extension 'colcon_pkg'
[0.339s] Level 1:colcon.colcon_core.package_identification:_identify(src) by extensions ['colcon_meta']
[0.339s] Level 1:colcon.colcon_core.package_identification:_identify(src) by extension 'colcon_meta'
[0.339s] Level 1:colcon.colcon_core.package_identification:_identify(src) by extensions ['ros']
[0.339s] Level 1:colcon.colcon_core.package_identification:_identify(src) by extension 'ros'
[0.339s] Level 1:colcon.colcon_core.package_identification:_identify(src) by extensions ['cmake', 'python']
[0.339s] Level 1:colcon.colcon_core.package_identification:_identify(src) by extension 'cmake'
[0.339s] Level 1:colcon.colcon_core.package_identification:_identify(src) by extension 'python'
[0.339s] Level 1:colcon.colcon_core.package_identification:_identify(src) by extensions ['python_setup_py']
[0.339s] Level 1:colcon.colcon_core.package_identification:_identify(src) by extension 'python_setup_py'
[0.340s] Level 1:colcon.colcon_core.package_identification:_identify(src/custom_msgs) by extensions ['ignore', 'ignore_ament_install']
[0.340s] Level 1:colcon.colcon_core.package_identification:_identify(src/custom_msgs) by extension 'ignore'
[0.340s] Level 1:colcon.colcon_core.package_identification:_identify(src/custom_msgs) by extension 'ignore_ament_install'
[0.340s] Level 1:colcon.colcon_core.package_identification:_identify(src/custom_msgs) by extensions ['colcon_pkg']
[0.340s] Level 1:colcon.colcon_core.package_identification:_identify(src/custom_msgs) by extension 'colcon_pkg'
[0.340s] Level 1:colcon.colcon_core.package_identification:_identify(src/custom_msgs) by extensions ['colcon_meta']
[0.340s] Level 1:colcon.colcon_core.package_identification:_identify(src/custom_msgs) by extension 'colcon_meta'
[0.340s] Level 1:colcon.colcon_core.package_identification:_identify(src/custom_msgs) by extensions ['ros']
[0.340s] Level 1:colcon.colcon_core.package_identification:_identify(src/custom_msgs) by extension 'ros'
[0.342s] DEBUG:colcon.colcon_core.package_identification:Package 'src/custom_msgs' with type 'ros.ament_cmake' and name 'custom_msgs'
[0.342s] Level 1:colcon.colcon_core.package_identification:_identify(src/tracking_algorithm) by extensions ['ignore', 'ignore_ament_install']
[0.342s] Level 1:colcon.colcon_core.package_identification:_identify(src/tracking_algorithm) by extension 'ignore'
[0.342s] Level 1:colcon.colcon_core.package_identification:_identify(src/tracking_algorithm) by extension 'ignore_ament_install'
[0.342s] Level 1:colcon.colcon_core.package_identification:_identify(src/tracking_algorithm) by extensions ['colcon_pkg']
[0.342s] Level 1:colcon.colcon_core.package_identification:_identify(src/tracking_algorithm) by extension 'colcon_pkg'
[0.342s] Level 1:colcon.colcon_core.package_identification:_identify(src/tracking_algorithm) by extensions ['colcon_meta']
[0.342s] Level 1:colcon.colcon_core.package_identification:_identify(src/tracking_algorithm) by extension 'colcon_meta'
[0.342s] Level 1:colcon.colcon_core.package_identification:_identify(src/tracking_algorithm) by extensions ['ros']
[0.342s] Level 1:colcon.colcon_core.package_identification:_identify(src/tracking_algorithm) by extension 'ros'
[0.343s] DEBUG:colcon.colcon_core.package_identification:Package 'src/tracking_algorithm' with type 'ros.ament_cmake' and name 'tracking_algorithm'
[0.343s] Level 1:colcon.colcon_core.package_discovery:discover_packages(recursive) using defaults
[0.343s] Level 1:colcon.colcon_core.package_discovery:discover_packages(ignore) discover
[0.343s] Level 1:colcon.colcon_core.package_discovery:discover_packages(ignore) using defaults
[0.343s] Level 1:colcon.colcon_core.package_discovery:discover_packages(path) discover
[0.343s] Level 1:colcon.colcon_core.package_discovery:discover_packages(path) using defaults
[0.359s] Level 1:colcon.colcon_core.package_discovery:discover_packages(prefix_path) check parameters
[0.359s] Level 1:colcon.colcon_core.package_discovery:discover_packages(prefix_path) discover
[0.361s] DEBUG:colcon.colcon_installed_package_information.package_discovery:Found 2 installed packages in /home/bev/bev_ws/install
[0.362s] DEBUG:colcon.colcon_installed_package_information.package_discovery:Found 257 installed packages in /opt/ros/foxy
[0.363s] Level 1:colcon.colcon_core.package_discovery:discover_packages(prefix_path) using defaults
[0.413s] Level 5:colcon.colcon_core.verb:set package 'custom_msgs' build argument 'cmake_args' from command line to 'None'
[0.413s] Level 5:colcon.colcon_core.verb:set package 'custom_msgs' build argument 'cmake_target' from command line to 'None'
[0.413s] Level 5:colcon.colcon_core.verb:set package 'custom_msgs' build argument 'cmake_target_skip_unavailable' from command line to 'False'
[0.413s] Level 5:colcon.colcon_core.verb:set package 'custom_msgs' build argument 'cmake_clean_cache' from command line to 'False'
[0.413s] Level 5:colcon.colcon_core.verb:set package 'custom_msgs' build argument 'cmake_clean_first' from command line to 'False'
[0.413s] Level 5:colcon.colcon_core.verb:set package 'custom_msgs' build argument 'cmake_force_configure' from command line to 'False'
[0.413s] Level 5:colcon.colcon_core.verb:set package 'custom_msgs' build argument 'ament_cmake_args' from command line to 'None'
[0.413s] Level 5:colcon.colcon_core.verb:set package 'custom_msgs' build argument 'catkin_cmake_args' from command line to 'None'
[0.413s] Level 5:colcon.colcon_core.verb:set package 'custom_msgs' build argument 'catkin_skip_building_tests' from command line to 'False'
[0.413s] DEBUG:colcon.colcon_core.verb:Building package 'custom_msgs' with the following arguments: {'ament_cmake_args': None, 'build_base': '/home/bev/bev_ws/build/custom_msgs', 'catkin_cmake_args': None, 'catkin_skip_building_tests': False, 'cmake_args': None, 'cmake_clean_cache': False, 'cmake_clean_first': False, 'cmake_force_configure': False, 'cmake_target': None, 'cmake_target_skip_unavailable': False, 'install_base': '/home/bev/bev_ws/install/custom_msgs', 'merge_install': False, 'path': '/home/bev/bev_ws/src/custom_msgs', 'symlink_install': False, 'test_result_base': None}
[0.414s] Level 5:colcon.colcon_core.verb:set package 'tracking_algorithm' build argument 'cmake_args' from command line to 'None'
[0.414s] Level 5:colcon.colcon_core.verb:set package 'tracking_algorithm' build argument 'cmake_target' from command line to 'None'
[0.414s] Level 5:colcon.colcon_core.verb:set package 'tracking_algorithm' build argument 'cmake_target_skip_unavailable' from command line to 'False'
[0.414s] Level 5:colcon.colcon_core.verb:set package 'tracking_algorithm' build argument 'cmake_clean_cache' from command line to 'False'
[0.414s] Level 5:colcon.colcon_core.verb:set package 'tracking_algorithm' build argument 'cmake_clean_first' from command line to 'False'
[0.414s] Level 5:colcon.colcon_core.verb:set package 'tracking_algorithm' build argument 'cmake_force_configure' from command line to 'False'
[0.414s] Level 5:colcon.colcon_core.verb:set package 'tracking_algorithm' build argument 'ament_cmake_args' from command line to 'None'
[0.414s] Level 5:colcon.colcon_core.verb:set package 'tracking_algorithm' build argument 'catkin_cmake_args' from command line to 'None'
[0.414s] Level 5:colcon.colcon_core.verb:set package 'tracking_algorithm' build argument 'catkin_skip_building_tests' from command line to 'False'
[0.414s] DEBUG:colcon.colcon_core.verb:Building package 'tracking_algorithm' with the following arguments: {'ament_cmake_args': None, 'build_base': '/home/bev/bev_ws/build/tracking_algorithm', 'catkin_cmake_args': None, 'catkin_skip_building_tests': False, 'cmake_args': None, 'cmake_clean_cache': False, 'cmake_clean_first': False, 'cmake_force_configure': False, 'cmake_target': None, 'cmake_target_skip_unavailable': False, 'install_base': '/home/bev/bev_ws/install/tracking_algorithm', 'merge_install': False, 'path': '/home/bev/bev_ws/src/tracking_algorithm', 'symlink_install': False, 'test_result_base': None}
[0.414s] INFO:colcon.colcon_core.executor:Executing jobs using 'parallel' executor
[0.417s] DEBUG:colcon.colcon_parallel_executor.executor.parallel:run_until_complete
[0.418s] INFO:colcon.colcon_ros.task.ament_cmake.build:Building ROS package in '/home/bev/bev_ws/src/custom_msgs' with build type 'ament_cmake'
[0.418s] INFO:colcon.colcon_cmake.task.cmake.build:Building CMake package in '/home/bev/bev_ws/src/custom_msgs'
[0.421s] INFO:colcon.colcon_core.plugin_system:Skipping extension 'colcon_core.shell.bat': Not used on non-Windows systems
[0.422s] INFO:colcon.colcon_core.shell:Skip shell extension 'powershell' for command environment: Not usable outside of PowerShell
[0.422s] DEBUG:colcon.colcon_core.shell:Skip shell extension 'dsv' for command environment
[0.442s] DEBUG:colcon.colcon_core.event_handler.log_command:Invoking command in '/home/bev/bev_ws/build/custom_msgs': CMAKE_PREFIX_PATH=${CMAKE_PREFIX_PATH}:/opt/ros/foxy /usr/bin/cmake --build /home/bev/bev_ws/build/custom_msgs -- -j28 -l28
[0.871s] DEBUG:colcon.colcon_core.event_handler.log_command:Invoked command in '/home/bev/bev_ws/build/custom_msgs' returned '0': CMAKE_PREFIX_PATH=${CMAKE_PREFIX_PATH}:/opt/ros/foxy /usr/bin/cmake --build /home/bev/bev_ws/build/custom_msgs -- -j28 -l28
[1.082s] DEBUG:colcon.colcon_core.event_handler.log_command:Invoking command in '/home/bev/bev_ws/build/custom_msgs': CMAKE_PREFIX_PATH=${CMAKE_PREFIX_PATH}:/opt/ros/foxy /usr/bin/cmake --install /home/bev/bev_ws/build/custom_msgs
[1.132s] Level 1:colcon.colcon_core.environment:create_environment_scripts_only(custom_msgs)
[1.142s] DEBUG:colcon.colcon_core.event_handler.log_command:Invoked command in '/home/bev/bev_ws/build/custom_msgs' returned '0': CMAKE_PREFIX_PATH=${CMAKE_PREFIX_PATH}:/opt/ros/foxy /usr/bin/cmake --install /home/bev/bev_ws/build/custom_msgs
[1.149s] Level 1:colcon.colcon_core.environment:checking '/home/bev/bev_ws/install/custom_msgs' for CMake module files
[1.150s] Level 1:colcon.colcon_core.environment:checking '/home/bev/bev_ws/install/custom_msgs' for CMake config files
[1.151s] Level 1:colcon.colcon_core.shell:create_environment_hook('custom_msgs', 'cmake_prefix_path')
[1.154s] INFO:colcon.colcon_core.shell:Creating environment hook '/home/bev/bev_ws/install/custom_msgs/share/custom_msgs/hook/cmake_prefix_path.ps1'
[1.155s] INFO:colcon.colcon_core.shell:Creating environment descriptor '/home/bev/bev_ws/install/custom_msgs/share/custom_msgs/hook/cmake_prefix_path.dsv'
[1.156s] INFO:colcon.colcon_core.shell:Creating environment hook '/home/bev/bev_ws/install/custom_msgs/share/custom_msgs/hook/cmake_prefix_path.sh'
[1.157s] Level 1:colcon.colcon_core.environment:checking '/home/bev/bev_ws/install/custom_msgs/lib'
[1.157s] Level 1:colcon.colcon_core.shell:create_environment_hook('custom_msgs', 'ld_library_path_lib')
[1.160s] INFO:colcon.colcon_core.shell:Creating environment hook '/home/bev/bev_ws/install/custom_msgs/share/custom_msgs/hook/ld_library_path_lib.ps1'
[1.160s] INFO:colcon.colcon_core.shell:Creating environment descriptor '/home/bev/bev_ws/install/custom_msgs/share/custom_msgs/hook/ld_library_path_lib.dsv'
[1.160s] INFO:colcon.colcon_core.shell:Creating environment hook '/home/bev/bev_ws/install/custom_msgs/share/custom_msgs/hook/ld_library_path_lib.sh'
[1.161s] Level 1:colcon.colcon_core.environment:checking '/home/bev/bev_ws/install/custom_msgs/bin'
[1.161s] Level 1:colcon.colcon_core.environment:checking '/home/bev/bev_ws/install/custom_msgs/lib/pkgconfig/custom_msgs.pc'
[1.161s] Level 1:colcon.colcon_core.environment:checking '/home/bev/bev_ws/install/custom_msgs/lib/python3.8/site-packages'
[1.161s] Level 1:colcon.colcon_core.shell:create_environment_hook('custom_msgs', 'pythonpath')
[1.163s] INFO:colcon.colcon_core.shell:Creating environment hook '/home/bev/bev_ws/install/custom_msgs/share/custom_msgs/hook/pythonpath.ps1'
[1.164s] INFO:colcon.colcon_core.shell:Creating environment descriptor '/home/bev/bev_ws/install/custom_msgs/share/custom_msgs/hook/pythonpath.dsv'
[1.164s] INFO:colcon.colcon_core.shell:Creating environment hook '/home/bev/bev_ws/install/custom_msgs/share/custom_msgs/hook/pythonpath.sh'
[1.165s] Level 1:colcon.colcon_core.environment:checking '/home/bev/bev_ws/install/custom_msgs/bin'
[1.166s] INFO:colcon.colcon_core.shell:Creating package script '/home/bev/bev_ws/install/custom_msgs/share/custom_msgs/package.ps1'
[1.167s] INFO:colcon.colcon_core.shell:Creating package descriptor '/home/bev/bev_ws/install/custom_msgs/share/custom_msgs/package.dsv'
[1.168s] INFO:colcon.colcon_core.shell:Creating package script '/home/bev/bev_ws/install/custom_msgs/share/custom_msgs/package.sh'
[1.169s] INFO:colcon.colcon_core.shell:Creating package script '/home/bev/bev_ws/install/custom_msgs/share/custom_msgs/package.bash'
[1.170s] INFO:colcon.colcon_core.shell:Creating package script '/home/bev/bev_ws/install/custom_msgs/share/custom_msgs/package.zsh'
[1.171s] Level 1:colcon.colcon_core.environment:create_file_with_runtime_dependencies(/home/bev/bev_ws/install/custom_msgs/share/colcon-core/packages/custom_msgs)
[1.364s] Level 1:colcon.colcon_core.environment:create_environment_scripts_only(custom_msgs)
[1.369s] Level 1:colcon.colcon_core.environment:checking '/home/bev/bev_ws/install/custom_msgs' for CMake module files
[1.370s] Level 1:colcon.colcon_core.environment:checking '/home/bev/bev_ws/install/custom_msgs' for CMake config files
[1.371s] Level 1:colcon.colcon_core.shell:create_environment_hook('custom_msgs', 'cmake_prefix_path')
[1.374s] INFO:colcon.colcon_core.shell:Creating environment hook '/home/bev/bev_ws/install/custom_msgs/share/custom_msgs/hook/cmake_prefix_path.ps1'
[1.375s] INFO:colcon.colcon_core.shell:Creating environment descriptor '/home/bev/bev_ws/install/custom_msgs/share/custom_msgs/hook/cmake_prefix_path.dsv'
[1.376s] INFO:colcon.colcon_core.shell:Creating environment hook '/home/bev/bev_ws/install/custom_msgs/share/custom_msgs/hook/cmake_prefix_path.sh'
[1.377s] Level 1:colcon.colcon_core.environment:checking '/home/bev/bev_ws/install/custom_msgs/lib'
[1.377s] Level 1:colcon.colcon_core.shell:create_environment_hook('custom_msgs', 'ld_library_path_lib')
[1.379s] INFO:colcon.colcon_core.shell:Creating environment hook '/home/bev/bev_ws/install/custom_msgs/share/custom_msgs/hook/ld_library_path_lib.ps1'
[1.380s] INFO:colcon.colcon_core.shell:Creating environment descriptor '/home/bev/bev_ws/install/custom_msgs/share/custom_msgs/hook/ld_library_path_lib.dsv'
[1.380s] INFO:colcon.colcon_core.shell:Creating environment hook '/home/bev/bev_ws/install/custom_msgs/share/custom_msgs/hook/ld_library_path_lib.sh'
[1.381s] Level 1:colcon.colcon_core.environment:checking '/home/bev/bev_ws/install/custom_msgs/bin'
[1.381s] Level 1:colcon.colcon_core.environment:checking '/home/bev/bev_ws/install/custom_msgs/lib/pkgconfig/custom_msgs.pc'
[1.381s] Level 1:colcon.colcon_core.environment:checking '/home/bev/bev_ws/install/custom_msgs/lib/python3.8/site-packages'
[1.381s] Level 1:colcon.colcon_core.shell:create_environment_hook('custom_msgs', 'pythonpath')
[1.384s] INFO:colcon.colcon_core.shell:Creating environment hook '/home/bev/bev_ws/install/custom_msgs/share/custom_msgs/hook/pythonpath.ps1'
[1.385s] INFO:colcon.colcon_core.shell:Creating environment descriptor '/home/bev/bev_ws/install/custom_msgs/share/custom_msgs/hook/pythonpath.dsv'
[1.386s] INFO:colcon.colcon_core.shell:Creating environment hook '/home/bev/bev_ws/install/custom_msgs/share/custom_msgs/hook/pythonpath.sh'
[1.387s] Level 1:colcon.colcon_core.environment:checking '/home/bev/bev_ws/install/custom_msgs/bin'
[1.390s] INFO:colcon.colcon_core.shell:Creating package script '/home/bev/bev_ws/install/custom_msgs/share/custom_msgs/package.ps1'
[1.391s] INFO:colcon.colcon_core.shell:Creating package descriptor '/home/bev/bev_ws/install/custom_msgs/share/custom_msgs/package.dsv'
[1.392s] INFO:colcon.colcon_core.shell:Creating package script '/home/bev/bev_ws/install/custom_msgs/share/custom_msgs/package.sh'
[1.393s] INFO:colcon.colcon_core.shell:Creating package script '/home/bev/bev_ws/install/custom_msgs/share/custom_msgs/package.bash'
[1.394s] INFO:colcon.colcon_core.shell:Creating package script '/home/bev/bev_ws/install/custom_msgs/share/custom_msgs/package.zsh'
[1.395s] Level 1:colcon.colcon_core.environment:create_file_with_runtime_dependencies(/home/bev/bev_ws/install/custom_msgs/share/colcon-core/packages/custom_msgs)
[1.396s] INFO:colcon.colcon_ros.task.ament_cmake.build:Building ROS package in '/home/bev/bev_ws/src/tracking_algorithm' with build type 'ament_cmake'
[1.396s] INFO:colcon.colcon_cmake.task.cmake.build:Building CMake package in '/home/bev/bev_ws/src/tracking_algorithm'
[1.399s] INFO:colcon.colcon_core.shell:Skip shell extension 'powershell' for command environment: Not usable outside of PowerShell
[1.399s] DEBUG:colcon.colcon_core.shell:Skip shell extension 'dsv' for command environment
[1.424s] DEBUG:colcon.colcon_core.event_handler.log_command:Invoking command in '/home/bev/bev_ws/build/tracking_algorithm': CMAKE_PREFIX_PATH=/home/bev/bev_ws/install/custom_msgs:/home/bev/bev_ws/install/tracking_algorithm:/opt/ros/foxy LD_LIBRARY_PATH=/home/bev/bev_ws/install/custom_msgs/lib:/opt/ros/foxy/opt/yaml_cpp_vendor/lib:/opt/ros/foxy/opt/rviz_ogre_vendor/lib:/opt/ros/foxy/lib/x86_64-linux-gnu:/opt/ros/foxy/lib:/usr/local/cuda-11.3/lib64:/home/bev/TensorRT-8.6.1.6/lib /usr/bin/cmake --build /home/bev/bev_ws/build/tracking_algorithm -- -j28 -l28
[6.804s] DEBUG:colcon.colcon_core.event_handler.log_command:Invoked command in '/home/bev/bev_ws/build/tracking_algorithm' returned '0': CMAKE_PREFIX_PATH=/home/bev/bev_ws/install/custom_msgs:/home/bev/bev_ws/install/tracking_algorithm:/opt/ros/foxy LD_LIBRARY_PATH=/home/bev/bev_ws/install/custom_msgs/lib:/opt/ros/foxy/opt/yaml_cpp_vendor/lib:/opt/ros/foxy/opt/rviz_ogre_vendor/lib:/opt/ros/foxy/lib/x86_64-linux-gnu:/opt/ros/foxy/lib:/usr/local/cuda-11.3/lib64:/home/bev/TensorRT-8.6.1.6/lib /usr/bin/cmake --build /home/bev/bev_ws/build/tracking_algorithm -- -j28 -l28
[6.879s] DEBUG:colcon.colcon_core.event_handler.log_command:Invoking command in '/home/bev/bev_ws/build/tracking_algorithm': CMAKE_PREFIX_PATH=/home/bev/bev_ws/install/custom_msgs:/home/bev/bev_ws/install/tracking_algorithm:/opt/ros/foxy LD_LIBRARY_PATH=/home/bev/bev_ws/install/custom_msgs/lib:/opt/ros/foxy/opt/yaml_cpp_vendor/lib:/opt/ros/foxy/opt/rviz_ogre_vendor/lib:/opt/ros/foxy/lib/x86_64-linux-gnu:/opt/ros/foxy/lib:/usr/local/cuda-11.3/lib64:/home/bev/TensorRT-8.6.1.6/lib /usr/bin/cmake --install /home/bev/bev_ws/build/tracking_algorithm
[6.900s] Level 1:colcon.colcon_core.environment:create_environment_scripts_only(tracking_algorithm)
[6.906s] DEBUG:colcon.colcon_core.event_handler.log_command:Invoked command in '/home/bev/bev_ws/build/tracking_algorithm' returned '0': CMAKE_PREFIX_PATH=/home/bev/bev_ws/install/custom_msgs:/home/bev/bev_ws/install/tracking_algorithm:/opt/ros/foxy LD_LIBRARY_PATH=/home/bev/bev_ws/install/custom_msgs/lib:/opt/ros/foxy/opt/yaml_cpp_vendor/lib:/opt/ros/foxy/opt/rviz_ogre_vendor/lib:/opt/ros/foxy/lib/x86_64-linux-gnu:/opt/ros/foxy/lib:/usr/local/cuda-11.3/lib64:/home/bev/TensorRT-8.6.1.6/lib /usr/bin/cmake --install /home/bev/bev_ws/build/tracking_algorithm
[6.906s] Level 1:colcon.colcon_core.environment:checking '/home/bev/bev_ws/install/tracking_algorithm' for CMake module files
[6.908s] Level 1:colcon.colcon_core.environment:checking '/home/bev/bev_ws/install/tracking_algorithm' for CMake config files
[6.908s] Level 1:colcon.colcon_core.shell:create_environment_hook('tracking_algorithm', 'cmake_prefix_path')
[6.912s] INFO:colcon.colcon_core.shell:Creating environment hook '/home/bev/bev_ws/install/tracking_algorithm/share/tracking_algorithm/hook/cmake_prefix_path.ps1'
[6.913s] INFO:colcon.colcon_core.shell:Creating environment descriptor '/home/bev/bev_ws/install/tracking_algorithm/share/tracking_algorithm/hook/cmake_prefix_path.dsv'
[6.913s] INFO:colcon.colcon_core.shell:Creating environment hook '/home/bev/bev_ws/install/tracking_algorithm/share/tracking_algorithm/hook/cmake_prefix_path.sh'
[6.914s] Level 1:colcon.colcon_core.environment:checking '/home/bev/bev_ws/install/tracking_algorithm/lib'
[6.914s] Level 1:colcon.colcon_core.environment:checking '/home/bev/bev_ws/install/tracking_algorithm/bin'
[6.914s] Level 1:colcon.colcon_core.environment:checking '/home/bev/bev_ws/install/tracking_algorithm/lib/pkgconfig/tracking_algorithm.pc'
[6.915s] Level 1:colcon.colcon_core.environment:checking '/home/bev/bev_ws/install/tracking_algorithm/lib/python3.8/site-packages'
[6.915s] Level 1:colcon.colcon_core.environment:checking '/home/bev/bev_ws/install/tracking_algorithm/bin'
[6.918s] INFO:colcon.colcon_core.shell:Creating package script '/home/bev/bev_ws/install/tracking_algorithm/share/tracking_algorithm/package.ps1'
[6.919s] INFO:colcon.colcon_core.shell:Creating package descriptor '/home/bev/bev_ws/install/tracking_algorithm/share/tracking_algorithm/package.dsv'
[6.919s] INFO:colcon.colcon_core.shell:Creating package script '/home/bev/bev_ws/install/tracking_algorithm/share/tracking_algorithm/package.sh'
[6.920s] INFO:colcon.colcon_core.shell:Creating package script '/home/bev/bev_ws/install/tracking_algorithm/share/tracking_algorithm/package.bash'
[6.920s] INFO:colcon.colcon_core.shell:Creating package script '/home/bev/bev_ws/install/tracking_algorithm/share/tracking_algorithm/package.zsh'
[6.921s] Level 1:colcon.colcon_core.environment:create_file_with_runtime_dependencies(/home/bev/bev_ws/install/tracking_algorithm/share/colcon-core/packages/tracking_algorithm)
[6.996s] Level 1:colcon.colcon_core.environment:create_environment_scripts_only(tracking_algorithm)
[7.000s] Level 1:colcon.colcon_core.environment:checking '/home/bev/bev_ws/install/tracking_algorithm' for CMake module files
[7.002s] Level 1:colcon.colcon_core.environment:checking '/home/bev/bev_ws/install/tracking_algorithm' for CMake config files
[7.002s] Level 1:colcon.colcon_core.shell:create_environment_hook('tracking_algorithm', 'cmake_prefix_path')
[7.004s] INFO:colcon.colcon_core.shell:Creating environment hook '/home/bev/bev_ws/install/tracking_algorithm/share/tracking_algorithm/hook/cmake_prefix_path.ps1'
[7.005s] INFO:colcon.colcon_core.shell:Creating environment descriptor '/home/bev/bev_ws/install/tracking_algorithm/share/tracking_algorithm/hook/cmake_prefix_path.dsv'
[7.006s] INFO:colcon.colcon_core.shell:Creating environment hook '/home/bev/bev_ws/install/tracking_algorithm/share/tracking_algorithm/hook/cmake_prefix_path.sh'
[7.007s] Level 1:colcon.colcon_core.environment:checking '/home/bev/bev_ws/install/tracking_algorithm/lib'
[7.007s] Level 1:colcon.colcon_core.environment:checking '/home/bev/bev_ws/install/tracking_algorithm/bin'
[7.007s] Level 1:colcon.colcon_core.environment:checking '/home/bev/bev_ws/install/tracking_algorithm/lib/pkgconfig/tracking_algorithm.pc'
[7.007s] Level 1:colcon.colcon_core.environment:checking '/home/bev/bev_ws/install/tracking_algorithm/lib/python3.8/site-packages'
[7.007s] Level 1:colcon.colcon_core.environment:checking '/home/bev/bev_ws/install/tracking_algorithm/bin'
[7.010s] INFO:colcon.colcon_core.shell:Creating package script '/home/bev/bev_ws/install/tracking_algorithm/share/tracking_algorithm/package.ps1'
[7.011s] INFO:colcon.colcon_core.shell:Creating package descriptor '/home/bev/bev_ws/install/tracking_algorithm/share/tracking_algorithm/package.dsv'
[7.011s] INFO:colcon.colcon_core.shell:Creating package script '/home/bev/bev_ws/install/tracking_algorithm/share/tracking_algorithm/package.sh'
[7.012s] INFO:colcon.colcon_core.shell:Creating package script '/home/bev/bev_ws/install/tracking_algorithm/share/tracking_algorithm/package.bash'
[7.012s] INFO:colcon.colcon_core.shell:Creating package script '/home/bev/bev_ws/install/tracking_algorithm/share/tracking_algorithm/package.zsh'
[7.013s] Level 1:colcon.colcon_core.environment:create_file_with_runtime_dependencies(/home/bev/bev_ws/install/tracking_algorithm/share/colcon-core/packages/tracking_algorithm)
[7.013s] DEBUG:colcon.colcon_parallel_executor.executor.parallel:closing loop
[7.014s] DEBUG:colcon.colcon_parallel_executor.executor.parallel:loop closed
[7.014s] DEBUG:colcon.colcon_parallel_executor.executor.parallel:run_until_complete finished with '0'
[7.014s] DEBUG:colcon.colcon_core.event_reactor:joining thread
[7.022s] INFO:colcon.colcon_core.plugin_system:Skipping extension 'colcon_notification.desktop_notification.terminal_notifier': Not used on non-Darwin systems
[7.022s] INFO:colcon.colcon_core.plugin_system:Skipping extension 'colcon_notification.desktop_notification.win32': Not used on non-Windows systems
[7.022s] INFO:colcon.colcon_notification.desktop_notification:Sending desktop notification using 'notify2'
[7.049s] DEBUG:colcon.colcon_core.event_reactor:joined thread
[7.052s] INFO:colcon.colcon_core.shell:Creating prefix script '/home/bev/bev_ws/install/local_setup.ps1'
[7.054s] INFO:colcon.colcon_core.shell:Creating prefix util module '/home/bev/bev_ws/install/_local_setup_util_ps1.py'
[7.057s] INFO:colcon.colcon_core.shell:Creating prefix chain script '/home/bev/bev_ws/install/setup.ps1'
[7.059s] INFO:colcon.colcon_core.shell:Creating prefix script '/home/bev/bev_ws/install/local_setup.sh'
[7.060s] INFO:colcon.colcon_core.shell:Creating prefix util module '/home/bev/bev_ws/install/_local_setup_util_sh.py'
[7.061s] INFO:colcon.colcon_core.shell:Creating prefix chain script '/home/bev/bev_ws/install/setup.sh'
[7.064s] INFO:colcon.colcon_core.shell:Creating prefix script '/home/bev/bev_ws/install/local_setup.bash'
[7.064s] INFO:colcon.colcon_core.shell:Creating prefix chain script '/home/bev/bev_ws/install/setup.bash'
[7.066s] INFO:colcon.colcon_core.shell:Creating prefix script '/home/bev/bev_ws/install/local_setup.zsh'
[7.066s] INFO:colcon.colcon_core.shell:Creating prefix chain script '/home/bev/bev_ws/install/setup.zsh'
