[0.019s] Invoking command in '/home/bev/bev_ws/build/custom_msgs': CMAKE_PREFIX_PATH=/opt/ros/foxy /usr/bin/cmake /home/bev/bev_ws/src/custom_msgs -DCMAKE_INSTALL_PREFIX=/home/bev/bev_ws/install/custom_msgs
[0.130s] -- The C compiler identification is GNU 9.4.0
[0.232s] -- The CXX compiler identification is GNU 9.4.0
[0.242s] -- Check for working C compiler: /usr/bin/cc
[0.379s] -- Check for working C compiler: /usr/bin/cc -- works
[0.381s] -- Detecting C compiler ABI info
[0.522s] -- Detecting C compiler ABI info - done
[0.546s] -- Detecting C compile features
[0.546s] -- Detecting C compile features - done
[0.549s] -- Check for working CXX compiler: /usr/bin/c++
[0.697s] -- Check for working CXX compiler: /usr/bin/c++ -- works
[0.700s] -- Detecting CXX compiler ABI info
[0.867s] -- Detecting CXX compiler ABI info - done
[0.892s] -- Detecting CXX compile features
[0.892s] -- Detecting CXX compile features - done
[0.895s] -- Found ament_cmake: 0.9.12 (/opt/ros/foxy/share/ament_cmake/cmake)
[0.919s] -- Found PythonInterp: /usr/bin/python3 (found suitable version "3.8.10", minimum required is "3") 
[0.919s] -- Using PYTHON_EXECUTABLE: /usr/bin/python3
[1.116s] -- Found std_msgs: 2.0.5 (/opt/ros/foxy/share/std_msgs/cmake)
[1.137s] -- Using all available rosidl_typesupport_c: rosidl_typesupport_fastrtps_c;rosidl_typesupport_introspection_c
[1.141s] -- Found rosidl_adapter: 1.3.1 (/opt/ros/foxy/share/rosidl_adapter/cmake)
[1.268s] -- Found OpenSSL: /usr/lib/x86_64-linux-gnu/libcrypto.so (found version "1.1.1f")  
[1.313s] -- Found FastRTPS: /opt/ros/foxy/include  
[1.391s] -- Using all available rosidl_typesupport_cpp: rosidl_typesupport_fastrtps_cpp;rosidl_typesupport_introspection_cpp
[1.426s] -- Found rosidl_default_generators: 1.0.1 (/opt/ros/foxy/share/rosidl_default_generators/cmake)
[1.453s] -- Found PythonInterp: /usr/bin/python3 (found version "3.8.10") 
[1.633s] -- Found ament_cmake_ros: 0.9.2 (/opt/ros/foxy/share/ament_cmake_ros/cmake)
[1.773s] -- Using all available rosidl_typesupport_c: rosidl_typesupport_fastrtps_c;rosidl_typesupport_introspection_c
[1.818s] -- Using all available rosidl_typesupport_cpp: rosidl_typesupport_fastrtps_cpp;rosidl_typesupport_introspection_cpp
[1.841s] -- Found PythonInterp: /usr/bin/python3 (found suitable version "3.8.10", minimum required is "3.5") 
[1.844s] -- Found python_cmake_module: 0.8.1 (/opt/ros/foxy/share/python_cmake_module/cmake)
[1.887s] -- Found PythonLibs: /usr/lib/x86_64-linux-gnu/libpython3.8.so (found suitable version "3.8.10", minimum required is "3.5") 
[1.887s] -- Using PYTHON_EXECUTABLE: /usr/bin/python3
[1.887s] -- Using PYTHON_INCLUDE_DIRS: /usr/include/python3.8
[1.887s] -- Using PYTHON_LIBRARIES: /usr/lib/x86_64-linux-gnu/libpython3.8.so
[1.930s] -- Found PythonExtra: .so  
[2.032s] -- Found ament_lint_auto: 0.9.8 (/opt/ros/foxy/share/ament_lint_auto/cmake)
[2.046s] -- Added test 'copyright' to check source files copyright and LICENSE
[2.047s] -- Added test 'lint_cmake' to check CMake code style
[2.048s] -- Added test 'xmllint' to check XML markup files
[2.051s] -- Configuring done
[2.083s] -- Generating done
[2.085s] -- Build files have been written to: /home/bev/bev_ws/build/custom_msgs
[2.095s] Invoked command in '/home/bev/bev_ws/build/custom_msgs' returned '0': CMAKE_PREFIX_PATH=/opt/ros/foxy /usr/bin/cmake /home/bev/bev_ws/src/custom_msgs -DCMAKE_INSTALL_PREFIX=/home/bev/bev_ws/install/custom_msgs
[2.097s] Invoking command in '/home/bev/bev_ws/build/custom_msgs': CMAKE_PREFIX_PATH=/opt/ros/foxy /usr/bin/cmake --build /home/bev/bev_ws/build/custom_msgs -- -j28 -l28
[2.184s] [35m[1mScanning dependencies of target custom_msgs__cpp[0m
[2.184s] [  2%] [34m[1mGenerating C code for ROS interfaces[0m
[2.207s] [  4%] [34m[1mGenerating C++ code for ROS interfaces[0m
[2.459s] [35m[1mScanning dependencies of target custom_msgs__rosidl_generator_c[0m
[2.474s] [  6%] [32mBuilding C object CMakeFiles/custom_msgs__rosidl_generator_c.dir/rosidl_generator_c/custom_msgs/msg/detail/output_array__functions.c.o[0m
[2.475s] [  8%] [32mBuilding C object CMakeFiles/custom_msgs__rosidl_generator_c.dir/rosidl_generator_c/custom_msgs/msg/detail/output__functions.c.o[0m
[2.475s] [ 10%] [32mBuilding C object CMakeFiles/custom_msgs__rosidl_generator_c.dir/rosidl_generator_c/custom_msgs/msg/detail/bbox__functions.c.o[0m
[2.484s] [ 10%] Built target custom_msgs__cpp
[2.504s] [ 12%] [34m[1mGenerating C++ type support for eProsima Fast-RTPS[0m
[2.507s] [ 14%] [34m[1mGenerating C++ introspection for ROS interfaces[0m
[2.509s] [ 17%] [34m[1mGenerating C++ type support dispatch for ROS interfaces[0m
[2.545s] [ 19%] [32m[1mLinking C shared library libcustom_msgs__rosidl_generator_c.so[0m
[2.616s] [ 19%] Built target custom_msgs__rosidl_generator_c
[2.638s] [ 21%] [34m[1mGenerating C type support dispatch for ROS interfaces[0m
[2.639s] [ 23%] [34m[1mGenerating C introspection for ROS interfaces[0m
[2.723s] [35m[1mScanning dependencies of target custom_msgs__rosidl_typesupport_cpp[0m
[2.741s] [35m[1mScanning dependencies of target custom_msgs__rosidl_typesupport_introspection_cpp[0m
[2.743s] [ 25%] [32mBuilding CXX object CMakeFiles/custom_msgs__rosidl_typesupport_cpp.dir/rosidl_typesupport_cpp/custom_msgs/msg/output__type_support.cpp.o[0m
[2.748s] [ 27%] [32mBuilding CXX object CMakeFiles/custom_msgs__rosidl_typesupport_cpp.dir/rosidl_typesupport_cpp/custom_msgs/msg/bbox__type_support.cpp.o[0m
[2.749s] [ 29%] [32mBuilding CXX object CMakeFiles/custom_msgs__rosidl_typesupport_cpp.dir/rosidl_typesupport_cpp/custom_msgs/msg/output_array__type_support.cpp.o[0m
[2.759s] [ 31%] [32mBuilding CXX object CMakeFiles/custom_msgs__rosidl_typesupport_introspection_cpp.dir/rosidl_typesupport_introspection_cpp/custom_msgs/msg/detail/output_array__type_support.cpp.o[0m
[2.761s] [ 34%] [32mBuilding CXX object CMakeFiles/custom_msgs__rosidl_typesupport_introspection_cpp.dir/rosidl_typesupport_introspection_cpp/custom_msgs/msg/detail/output__type_support.cpp.o[0m
[2.761s] [ 36%] [32mBuilding CXX object CMakeFiles/custom_msgs__rosidl_typesupport_introspection_cpp.dir/rosidl_typesupport_introspection_cpp/custom_msgs/msg/detail/bbox__type_support.cpp.o[0m
[2.782s] [35m[1mScanning dependencies of target custom_msgs__rosidl_typesupport_fastrtps_cpp[0m
[2.807s] [ 38%] [32mBuilding CXX object CMakeFiles/custom_msgs__rosidl_typesupport_fastrtps_cpp.dir/rosidl_typesupport_fastrtps_cpp/custom_msgs/msg/detail/dds_fastrtps/output__type_support.cpp.o[0m
[2.813s] [ 40%] [32mBuilding CXX object CMakeFiles/custom_msgs__rosidl_typesupport_fastrtps_cpp.dir/rosidl_typesupport_fastrtps_cpp/custom_msgs/msg/detail/dds_fastrtps/bbox__type_support.cpp.o[0m
[2.814s] [ 42%] [32mBuilding CXX object CMakeFiles/custom_msgs__rosidl_typesupport_fastrtps_cpp.dir/rosidl_typesupport_fastrtps_cpp/custom_msgs/msg/detail/dds_fastrtps/output_array__type_support.cpp.o[0m
[2.858s] [35m[1mScanning dependencies of target custom_msgs__rosidl_typesupport_c[0m
[2.864s] [35m[1mScanning dependencies of target custom_msgs__rosidl_typesupport_introspection_c[0m
[2.871s] [ 44%] [32mBuilding CXX object CMakeFiles/custom_msgs__rosidl_typesupport_c.dir/rosidl_typesupport_c/custom_msgs/msg/output__type_support.cpp.o[0m
[2.876s] [ 46%] [32mBuilding CXX object CMakeFiles/custom_msgs__rosidl_typesupport_c.dir/rosidl_typesupport_c/custom_msgs/msg/output_array__type_support.cpp.o[0m
[2.878s] [ 48%] [32mBuilding C object CMakeFiles/custom_msgs__rosidl_typesupport_introspection_c.dir/rosidl_typesupport_introspection_c/custom_msgs/msg/detail/output_array__type_support.c.o[0m
[2.880s] [ 51%] [32mBuilding CXX object CMakeFiles/custom_msgs__rosidl_typesupport_c.dir/rosidl_typesupport_c/custom_msgs/msg/bbox__type_support.cpp.o[0m
[2.880s] [ 53%] [32mBuilding C object CMakeFiles/custom_msgs__rosidl_typesupport_introspection_c.dir/rosidl_typesupport_introspection_c/custom_msgs/msg/detail/output__type_support.c.o[0m
[2.881s] [ 55%] [32mBuilding C object CMakeFiles/custom_msgs__rosidl_typesupport_introspection_c.dir/rosidl_typesupport_introspection_c/custom_msgs/msg/detail/bbox__type_support.c.o[0m
[2.914s] [ 57%] [32m[1mLinking CXX shared library libcustom_msgs__rosidl_typesupport_c.so[0m
[2.920s] [ 59%] [32m[1mLinking C shared library libcustom_msgs__rosidl_typesupport_introspection_c.so[0m
[2.957s] [ 59%] Built target custom_msgs__rosidl_typesupport_introspection_c
[2.962s] [ 59%] Built target custom_msgs__rosidl_typesupport_c
[3.002s] [ 61%] [32m[1mLinking CXX shared library libcustom_msgs__rosidl_typesupport_cpp.so[0m
[3.041s] [ 63%] [32m[1mLinking CXX shared library libcustom_msgs__rosidl_typesupport_introspection_cpp.so[0m
[3.074s] [ 63%] Built target custom_msgs__rosidl_typesupport_cpp
[3.161s] [ 63%] Built target custom_msgs__rosidl_typesupport_introspection_cpp
[3.182s] [ 65%] [32m[1mLinking CXX shared library libcustom_msgs__rosidl_typesupport_fastrtps_cpp.so[0m
[3.301s] [ 65%] Built target custom_msgs__rosidl_typesupport_fastrtps_cpp
[3.320s] [ 68%] [34m[1mGenerating C type support for eProsima Fast-RTPS[0m
[3.573s] [35m[1mScanning dependencies of target custom_msgs__rosidl_typesupport_fastrtps_c[0m
[3.594s] [ 70%] [32mBuilding CXX object CMakeFiles/custom_msgs__rosidl_typesupport_fastrtps_c.dir/rosidl_typesupport_fastrtps_c/custom_msgs/msg/detail/bbox__type_support_c.cpp.o[0m
[3.603s] [ 72%] [32mBuilding CXX object CMakeFiles/custom_msgs__rosidl_typesupport_fastrtps_c.dir/rosidl_typesupport_fastrtps_c/custom_msgs/msg/detail/output__type_support_c.cpp.o[0m
[3.604s] [ 74%] [32mBuilding CXX object CMakeFiles/custom_msgs__rosidl_typesupport_fastrtps_c.dir/rosidl_typesupport_fastrtps_c/custom_msgs/msg/detail/output_array__type_support_c.cpp.o[0m
[3.900s] [ 76%] [32m[1mLinking CXX shared library libcustom_msgs__rosidl_typesupport_fastrtps_c.so[0m
[4.011s] [ 76%] Built target custom_msgs__rosidl_typesupport_fastrtps_c
[4.029s] [35m[1mScanning dependencies of target custom_msgs[0m
[4.051s] [ 76%] Built target custom_msgs
[4.072s] [35m[1mScanning dependencies of target custom_msgs__py[0m
[4.095s] [ 78%] [34m[1mGenerating Python code for ROS interfaces[0m
[4.550s] [ 78%] Built target custom_msgs__py
[4.568s] [35m[1mScanning dependencies of target custom_msgs__python[0m
[4.611s] [ 82%] [32mBuilding C object CMakeFiles/custom_msgs__python.dir/rosidl_generator_py/custom_msgs/msg/_bbox_s.c.o[0m
[4.612s] [ 82%] [32mBuilding C object CMakeFiles/custom_msgs__python.dir/rosidl_generator_py/custom_msgs/msg/_output_s.c.o[0m
[4.613s] [ 85%] [32mBuilding C object CMakeFiles/custom_msgs__python.dir/rosidl_generator_py/custom_msgs/msg/_output_array_s.c.o[0m
[4.728s] [ 87%] [32m[1mLinking C shared library rosidl_generator_py/custom_msgs/libcustom_msgs__python.so[0m
[4.816s] [ 87%] Built target custom_msgs__python
[4.840s] [35m[1mScanning dependencies of target custom_msgs__rosidl_typesupport_introspection_c__pyext[0m
[4.840s] [35m[1mScanning dependencies of target custom_msgs__rosidl_typesupport_c__pyext[0m
[4.840s] [35m[1mScanning dependencies of target custom_msgs__rosidl_typesupport_fastrtps_c__pyext[0m
[4.869s] [ 89%] [32mBuilding C object CMakeFiles/custom_msgs__rosidl_typesupport_introspection_c__pyext.dir/rosidl_generator_py/custom_msgs/_custom_msgs_s.ep.rosidl_typesupport_introspection_c.c.o[0m
[4.873s] [ 91%] [32mBuilding C object CMakeFiles/custom_msgs__rosidl_typesupport_c__pyext.dir/rosidl_generator_py/custom_msgs/_custom_msgs_s.ep.rosidl_typesupport_c.c.o[0m
[4.874s] [ 93%] [32mBuilding C object CMakeFiles/custom_msgs__rosidl_typesupport_fastrtps_c__pyext.dir/rosidl_generator_py/custom_msgs/_custom_msgs_s.ep.rosidl_typesupport_fastrtps_c.c.o[0m
[4.957s] [ 95%] [32m[1mLinking C shared library rosidl_generator_py/custom_msgs/custom_msgs_s__rosidl_typesupport_c.cpython-38-x86_64-linux-gnu.so[0m
[4.962s] [ 97%] [32m[1mLinking CXX shared library rosidl_generator_py/custom_msgs/custom_msgs_s__rosidl_typesupport_fastrtps_c.cpython-38-x86_64-linux-gnu.so[0m
[4.972s] [100%] [32m[1mLinking C shared library rosidl_generator_py/custom_msgs/custom_msgs_s__rosidl_typesupport_introspection_c.cpython-38-x86_64-linux-gnu.so[0m
[5.014s] [100%] Built target custom_msgs__rosidl_typesupport_c__pyext
[5.044s] [100%] Built target custom_msgs__rosidl_typesupport_introspection_c__pyext
[5.045s] [100%] Built target custom_msgs__rosidl_typesupport_fastrtps_c__pyext
[5.064s] Invoked command in '/home/bev/bev_ws/build/custom_msgs' returned '0': CMAKE_PREFIX_PATH=/opt/ros/foxy /usr/bin/cmake --build /home/bev/bev_ws/build/custom_msgs -- -j28 -l28
[5.273s] Invoking command in '/home/bev/bev_ws/build/custom_msgs': CMAKE_PREFIX_PATH=/opt/ros/foxy /usr/bin/cmake --install /home/bev/bev_ws/build/custom_msgs
[5.292s] -- Install configuration: ""
[5.292s] -- Installing: /home/bev/bev_ws/install/custom_msgs/share/ament_index/resource_index/rosidl_interfaces/custom_msgs
[5.293s] -- Installing: /home/bev/bev_ws/install/custom_msgs/include/custom_msgs
[5.293s] -- Installing: /home/bev/bev_ws/install/custom_msgs/include/custom_msgs/msg
[5.293s] -- Installing: /home/bev/bev_ws/install/custom_msgs/include/custom_msgs/msg/output.h
[5.293s] -- Installing: /home/bev/bev_ws/install/custom_msgs/include/custom_msgs/msg/detail
[5.293s] -- Installing: /home/bev/bev_ws/install/custom_msgs/include/custom_msgs/msg/detail/output_array__functions.h
[5.294s] -- Installing: /home/bev/bev_ws/install/custom_msgs/include/custom_msgs/msg/detail/output__type_support.h
[5.294s] -- Installing: /home/bev/bev_ws/install/custom_msgs/include/custom_msgs/msg/detail/bbox__type_support.h
[5.294s] -- Installing: /home/bev/bev_ws/install/custom_msgs/include/custom_msgs/msg/detail/output_array__struct.h
[5.294s] -- Installing: /home/bev/bev_ws/install/custom_msgs/include/custom_msgs/msg/detail/output__functions.h
[5.294s] -- Installing: /home/bev/bev_ws/install/custom_msgs/include/custom_msgs/msg/detail/output__functions.c
[5.294s] -- Installing: /home/bev/bev_ws/install/custom_msgs/include/custom_msgs/msg/detail/bbox__functions.c
[5.295s] -- Installing: /home/bev/bev_ws/install/custom_msgs/include/custom_msgs/msg/detail/bbox__struct.h
[5.295s] -- Installing: /home/bev/bev_ws/install/custom_msgs/include/custom_msgs/msg/detail/output_array__functions.c
[5.295s] -- Installing: /home/bev/bev_ws/install/custom_msgs/include/custom_msgs/msg/detail/bbox__functions.h
[5.295s] -- Installing: /home/bev/bev_ws/install/custom_msgs/include/custom_msgs/msg/detail/output__struct.h
[5.295s] -- Installing: /home/bev/bev_ws/install/custom_msgs/include/custom_msgs/msg/detail/output_array__type_support.h
[5.295s] -- Installing: /home/bev/bev_ws/install/custom_msgs/include/custom_msgs/msg/output_array.h
[5.295s] -- Installing: /home/bev/bev_ws/install/custom_msgs/include/custom_msgs/msg/bbox.h
[5.296s] -- Installing: /home/bev/bev_ws/install/custom_msgs/include/custom_msgs/msg/rosidl_generator_c__visibility_control.h
[5.296s] -- Installing: /home/bev/bev_ws/install/custom_msgs/share/custom_msgs/environment/library_path.sh
[5.296s] -- Installing: /home/bev/bev_ws/install/custom_msgs/share/custom_msgs/environment/library_path.dsv
[5.296s] -- Installing: /home/bev/bev_ws/install/custom_msgs/lib/libcustom_msgs__rosidl_generator_c.so
[5.296s] -- Set runtime path of "/home/bev/bev_ws/install/custom_msgs/lib/libcustom_msgs__rosidl_generator_c.so" to ""
[5.296s] -- Up-to-date: /home/bev/bev_ws/install/custom_msgs/include/custom_msgs
[5.297s] -- Up-to-date: /home/bev/bev_ws/install/custom_msgs/include/custom_msgs/msg
[5.297s] -- Up-to-date: /home/bev/bev_ws/install/custom_msgs/include/custom_msgs/msg/detail
[5.297s] -- Installing: /home/bev/bev_ws/install/custom_msgs/include/custom_msgs/msg/detail/output_array__rosidl_typesupport_fastrtps_c.h
[5.297s] -- Installing: /home/bev/bev_ws/install/custom_msgs/include/custom_msgs/msg/detail/bbox__rosidl_typesupport_fastrtps_c.h
[5.297s] -- Installing: /home/bev/bev_ws/install/custom_msgs/include/custom_msgs/msg/detail/output__rosidl_typesupport_fastrtps_c.h
[5.297s] -- Installing: /home/bev/bev_ws/install/custom_msgs/include/custom_msgs/msg/rosidl_typesupport_fastrtps_c__visibility_control.h
[5.297s] -- Installing: /home/bev/bev_ws/install/custom_msgs/lib/libcustom_msgs__rosidl_typesupport_fastrtps_c.so
[5.298s] -- Set runtime path of "/home/bev/bev_ws/install/custom_msgs/lib/libcustom_msgs__rosidl_typesupport_fastrtps_c.so" to ""
[5.298s] -- Up-to-date: /home/bev/bev_ws/install/custom_msgs/include/custom_msgs
[5.298s] -- Up-to-date: /home/bev/bev_ws/install/custom_msgs/include/custom_msgs/msg
[5.298s] -- Installing: /home/bev/bev_ws/install/custom_msgs/include/custom_msgs/msg/rosidl_typesupport_fastrtps_cpp__visibility_control.h
[5.298s] -- Up-to-date: /home/bev/bev_ws/install/custom_msgs/include/custom_msgs/msg/detail
[5.298s] -- Installing: /home/bev/bev_ws/install/custom_msgs/include/custom_msgs/msg/detail/output__rosidl_typesupport_fastrtps_cpp.hpp
[5.299s] -- Installing: /home/bev/bev_ws/install/custom_msgs/include/custom_msgs/msg/detail/output_array__rosidl_typesupport_fastrtps_cpp.hpp
[5.299s] -- Installing: /home/bev/bev_ws/install/custom_msgs/include/custom_msgs/msg/detail/dds_fastrtps
[5.299s] -- Installing: /home/bev/bev_ws/install/custom_msgs/include/custom_msgs/msg/detail/bbox__rosidl_typesupport_fastrtps_cpp.hpp
[5.299s] -- Installing: /home/bev/bev_ws/install/custom_msgs/lib/libcustom_msgs__rosidl_typesupport_fastrtps_cpp.so
[5.299s] -- Set runtime path of "/home/bev/bev_ws/install/custom_msgs/lib/libcustom_msgs__rosidl_typesupport_fastrtps_cpp.so" to ""
[5.299s] -- Up-to-date: /home/bev/bev_ws/install/custom_msgs/include/custom_msgs
[5.299s] -- Up-to-date: /home/bev/bev_ws/install/custom_msgs/include/custom_msgs/msg
[5.299s] -- Up-to-date: /home/bev/bev_ws/install/custom_msgs/include/custom_msgs/msg/detail
[5.300s] -- Installing: /home/bev/bev_ws/install/custom_msgs/include/custom_msgs/msg/detail/output_array__type_support.c
[5.300s] -- Installing: /home/bev/bev_ws/install/custom_msgs/include/custom_msgs/msg/detail/output__type_support.c
[5.300s] -- Installing: /home/bev/bev_ws/install/custom_msgs/include/custom_msgs/msg/detail/output_array__rosidl_typesupport_introspection_c.h
[5.300s] -- Installing: /home/bev/bev_ws/install/custom_msgs/include/custom_msgs/msg/detail/output__rosidl_typesupport_introspection_c.h
[5.300s] -- Installing: /home/bev/bev_ws/install/custom_msgs/include/custom_msgs/msg/detail/bbox__type_support.c
[5.301s] -- Installing: /home/bev/bev_ws/install/custom_msgs/include/custom_msgs/msg/detail/bbox__rosidl_typesupport_introspection_c.h
[5.301s] -- Installing: /home/bev/bev_ws/install/custom_msgs/include/custom_msgs/msg/rosidl_typesupport_introspection_c__visibility_control.h
[5.301s] -- Installing: /home/bev/bev_ws/install/custom_msgs/lib/libcustom_msgs__rosidl_typesupport_introspection_c.so
[5.301s] -- Set runtime path of "/home/bev/bev_ws/install/custom_msgs/lib/libcustom_msgs__rosidl_typesupport_introspection_c.so" to ""
[5.301s] -- Installing: /home/bev/bev_ws/install/custom_msgs/lib/libcustom_msgs__rosidl_typesupport_c.so
[5.301s] -- Set runtime path of "/home/bev/bev_ws/install/custom_msgs/lib/libcustom_msgs__rosidl_typesupport_c.so" to ""
[5.302s] -- Up-to-date: /home/bev/bev_ws/install/custom_msgs/include/custom_msgs
[5.302s] -- Up-to-date: /home/bev/bev_ws/install/custom_msgs/include/custom_msgs/msg
[5.302s] -- Installing: /home/bev/bev_ws/install/custom_msgs/include/custom_msgs/msg/bbox.hpp
[5.302s] -- Up-to-date: /home/bev/bev_ws/install/custom_msgs/include/custom_msgs/msg/detail
[5.302s] -- Installing: /home/bev/bev_ws/install/custom_msgs/include/custom_msgs/msg/detail/bbox__type_support.hpp
[5.302s] -- Installing: /home/bev/bev_ws/install/custom_msgs/include/custom_msgs/msg/detail/output__traits.hpp
[5.302s] -- Installing: /home/bev/bev_ws/install/custom_msgs/include/custom_msgs/msg/detail/bbox__struct.hpp
[5.302s] -- Installing: /home/bev/bev_ws/install/custom_msgs/include/custom_msgs/msg/detail/output__struct.hpp
[5.303s] -- Installing: /home/bev/bev_ws/install/custom_msgs/include/custom_msgs/msg/detail/output_array__builder.hpp
[5.303s] -- Installing: /home/bev/bev_ws/install/custom_msgs/include/custom_msgs/msg/detail/bbox__builder.hpp
[5.303s] -- Installing: /home/bev/bev_ws/install/custom_msgs/include/custom_msgs/msg/detail/output_array__struct.hpp
[5.303s] -- Installing: /home/bev/bev_ws/install/custom_msgs/include/custom_msgs/msg/detail/bbox__traits.hpp
[5.303s] -- Installing: /home/bev/bev_ws/install/custom_msgs/include/custom_msgs/msg/detail/output_array__type_support.hpp
[5.303s] -- Installing: /home/bev/bev_ws/install/custom_msgs/include/custom_msgs/msg/detail/output__type_support.hpp
[5.303s] -- Installing: /home/bev/bev_ws/install/custom_msgs/include/custom_msgs/msg/detail/output__builder.hpp
[5.304s] -- Installing: /home/bev/bev_ws/install/custom_msgs/include/custom_msgs/msg/detail/output_array__traits.hpp
[5.304s] -- Installing: /home/bev/bev_ws/install/custom_msgs/include/custom_msgs/msg/rosidl_generator_cpp__visibility_control.hpp
[5.304s] -- Installing: /home/bev/bev_ws/install/custom_msgs/include/custom_msgs/msg/output_array.hpp
[5.304s] -- Installing: /home/bev/bev_ws/install/custom_msgs/include/custom_msgs/msg/output.hpp
[5.304s] -- Up-to-date: /home/bev/bev_ws/install/custom_msgs/include/custom_msgs
[5.304s] -- Up-to-date: /home/bev/bev_ws/install/custom_msgs/include/custom_msgs/msg
[5.304s] -- Up-to-date: /home/bev/bev_ws/install/custom_msgs/include/custom_msgs/msg/detail
[5.305s] -- Installing: /home/bev/bev_ws/install/custom_msgs/include/custom_msgs/msg/detail/output__type_support.cpp
[5.305s] -- Installing: /home/bev/bev_ws/install/custom_msgs/include/custom_msgs/msg/detail/bbox__rosidl_typesupport_introspection_cpp.hpp
[5.305s] -- Installing: /home/bev/bev_ws/install/custom_msgs/include/custom_msgs/msg/detail/output__rosidl_typesupport_introspection_cpp.hpp
[5.305s] -- Installing: /home/bev/bev_ws/install/custom_msgs/include/custom_msgs/msg/detail/output_array__rosidl_typesupport_introspection_cpp.hpp
[5.305s] -- Installing: /home/bev/bev_ws/install/custom_msgs/include/custom_msgs/msg/detail/output_array__type_support.cpp
[5.305s] -- Installing: /home/bev/bev_ws/install/custom_msgs/include/custom_msgs/msg/detail/bbox__type_support.cpp
[5.305s] -- Installing: /home/bev/bev_ws/install/custom_msgs/lib/libcustom_msgs__rosidl_typesupport_introspection_cpp.so
[5.305s] -- Set runtime path of "/home/bev/bev_ws/install/custom_msgs/lib/libcustom_msgs__rosidl_typesupport_introspection_cpp.so" to ""
[5.305s] -- Installing: /home/bev/bev_ws/install/custom_msgs/lib/libcustom_msgs__rosidl_typesupport_cpp.so
[5.305s] -- Set runtime path of "/home/bev/bev_ws/install/custom_msgs/lib/libcustom_msgs__rosidl_typesupport_cpp.so" to ""
[5.306s] -- Installing: /home/bev/bev_ws/install/custom_msgs/share/custom_msgs/environment/pythonpath.sh
[5.306s] -- Installing: /home/bev/bev_ws/install/custom_msgs/share/custom_msgs/environment/pythonpath.dsv
[5.306s] -- Installing: /home/bev/bev_ws/install/custom_msgs/lib/python3.8/site-packages/custom_msgs/__init__.py
[5.329s] Compiling '/home/bev/bev_ws/install/custom_msgs/lib/python3.8/site-packages/custom_msgs/__init__.py'...
[5.332s] -- Installing: /home/bev/bev_ws/install/custom_msgs/lib/python3.8/site-packages/custom_msgs/msg
[5.333s] -- Installing: /home/bev/bev_ws/install/custom_msgs/lib/python3.8/site-packages/custom_msgs/msg/__init__.py
[5.333s] -- Installing: /home/bev/bev_ws/install/custom_msgs/lib/python3.8/site-packages/custom_msgs/msg/_output_array.py
[5.333s] -- Installing: /home/bev/bev_ws/install/custom_msgs/lib/python3.8/site-packages/custom_msgs/msg/_output_array_s.c
[5.333s] -- Installing: /home/bev/bev_ws/install/custom_msgs/lib/python3.8/site-packages/custom_msgs/msg/_bbox.py
[5.333s] -- Installing: /home/bev/bev_ws/install/custom_msgs/lib/python3.8/site-packages/custom_msgs/msg/_bbox_s.c
[5.334s] -- Installing: /home/bev/bev_ws/install/custom_msgs/lib/python3.8/site-packages/custom_msgs/msg/_output_s.c
[5.334s] -- Installing: /home/bev/bev_ws/install/custom_msgs/lib/python3.8/site-packages/custom_msgs/msg/_output.py
[5.334s] -- Installing: /home/bev/bev_ws/install/custom_msgs/lib/python3.8/site-packages/custom_msgs/custom_msgs_s__rosidl_typesupport_fastrtps_c.cpython-38-x86_64-linux-gnu.so
[5.334s] -- Set runtime path of "/home/bev/bev_ws/install/custom_msgs/lib/python3.8/site-packages/custom_msgs/custom_msgs_s__rosidl_typesupport_fastrtps_c.cpython-38-x86_64-linux-gnu.so" to ""
[5.334s] -- Installing: /home/bev/bev_ws/install/custom_msgs/lib/python3.8/site-packages/custom_msgs/custom_msgs_s__rosidl_typesupport_introspection_c.cpython-38-x86_64-linux-gnu.so
[5.334s] -- Set runtime path of "/home/bev/bev_ws/install/custom_msgs/lib/python3.8/site-packages/custom_msgs/custom_msgs_s__rosidl_typesupport_introspection_c.cpython-38-x86_64-linux-gnu.so" to ""
[5.335s] -- Installing: /home/bev/bev_ws/install/custom_msgs/lib/python3.8/site-packages/custom_msgs/custom_msgs_s__rosidl_typesupport_c.cpython-38-x86_64-linux-gnu.so
[5.335s] -- Set runtime path of "/home/bev/bev_ws/install/custom_msgs/lib/python3.8/site-packages/custom_msgs/custom_msgs_s__rosidl_typesupport_c.cpython-38-x86_64-linux-gnu.so" to ""
[5.335s] -- Installing: /home/bev/bev_ws/install/custom_msgs/lib/libcustom_msgs__python.so
[5.335s] -- Set runtime path of "/home/bev/bev_ws/install/custom_msgs/lib/libcustom_msgs__python.so" to ""
[5.335s] -- Installing: /home/bev/bev_ws/install/custom_msgs/share/custom_msgs/msg/Output.idl
[5.335s] -- Installing: /home/bev/bev_ws/install/custom_msgs/share/custom_msgs/msg/Bbox.idl
[5.336s] -- Installing: /home/bev/bev_ws/install/custom_msgs/share/custom_msgs/msg/OutputArray.idl
[5.336s] -- Installing: /home/bev/bev_ws/install/custom_msgs/share/custom_msgs/msg/Output.msg
[5.336s] -- Installing: /home/bev/bev_ws/install/custom_msgs/share/custom_msgs/msg/Bbox.msg
[5.336s] -- Installing: /home/bev/bev_ws/install/custom_msgs/share/custom_msgs/msg/OutputArray.msg
[5.336s] -- Installing: /home/bev/bev_ws/install/custom_msgs/share/ament_index/resource_index/package_run_dependencies/custom_msgs
[5.336s] -- Installing: /home/bev/bev_ws/install/custom_msgs/share/ament_index/resource_index/parent_prefix_path/custom_msgs
[5.336s] -- Installing: /home/bev/bev_ws/install/custom_msgs/share/custom_msgs/environment/ament_prefix_path.sh
[5.337s] -- Installing: /home/bev/bev_ws/install/custom_msgs/share/custom_msgs/environment/ament_prefix_path.dsv
[5.337s] -- Installing: /home/bev/bev_ws/install/custom_msgs/share/custom_msgs/environment/path.sh
[5.337s] -- Installing: /home/bev/bev_ws/install/custom_msgs/share/custom_msgs/environment/path.dsv
[5.337s] -- Installing: /home/bev/bev_ws/install/custom_msgs/share/custom_msgs/local_setup.bash
[5.337s] -- Installing: /home/bev/bev_ws/install/custom_msgs/share/custom_msgs/local_setup.sh
[5.337s] -- Installing: /home/bev/bev_ws/install/custom_msgs/share/custom_msgs/local_setup.zsh
[5.337s] -- Installing: /home/bev/bev_ws/install/custom_msgs/share/custom_msgs/local_setup.dsv
[5.338s] -- Installing: /home/bev/bev_ws/install/custom_msgs/share/custom_msgs/package.dsv
[5.338s] -- Installing: /home/bev/bev_ws/install/custom_msgs/share/ament_index/resource_index/packages/custom_msgs
[5.338s] -- Installing: /home/bev/bev_ws/install/custom_msgs/share/custom_msgs/cmake/custom_msgs__rosidl_generator_cExport.cmake
[5.338s] -- Installing: /home/bev/bev_ws/install/custom_msgs/share/custom_msgs/cmake/custom_msgs__rosidl_generator_cExport-noconfig.cmake
[5.338s] -- Installing: /home/bev/bev_ws/install/custom_msgs/share/custom_msgs/cmake/custom_msgs__rosidl_typesupport_introspection_cExport.cmake
[5.338s] -- Installing: /home/bev/bev_ws/install/custom_msgs/share/custom_msgs/cmake/custom_msgs__rosidl_typesupport_introspection_cExport-noconfig.cmake
[5.338s] -- Installing: /home/bev/bev_ws/install/custom_msgs/share/custom_msgs/cmake/custom_msgs__rosidl_typesupport_cExport.cmake
[5.339s] -- Installing: /home/bev/bev_ws/install/custom_msgs/share/custom_msgs/cmake/custom_msgs__rosidl_typesupport_cExport-noconfig.cmake
[5.339s] -- Installing: /home/bev/bev_ws/install/custom_msgs/share/custom_msgs/cmake/custom_msgs__rosidl_generator_cppExport.cmake
[5.339s] -- Installing: /home/bev/bev_ws/install/custom_msgs/share/custom_msgs/cmake/custom_msgs__rosidl_typesupport_introspection_cppExport.cmake
[5.339s] -- Installing: /home/bev/bev_ws/install/custom_msgs/share/custom_msgs/cmake/custom_msgs__rosidl_typesupport_introspection_cppExport-noconfig.cmake
[5.339s] -- Installing: /home/bev/bev_ws/install/custom_msgs/share/custom_msgs/cmake/custom_msgs__rosidl_typesupport_cppExport.cmake
[5.339s] -- Installing: /home/bev/bev_ws/install/custom_msgs/share/custom_msgs/cmake/custom_msgs__rosidl_typesupport_cppExport-noconfig.cmake
[5.339s] -- Installing: /home/bev/bev_ws/install/custom_msgs/share/custom_msgs/cmake/rosidl_cmake-extras.cmake
[5.340s] -- Installing: /home/bev/bev_ws/install/custom_msgs/share/custom_msgs/cmake/ament_cmake_export_dependencies-extras.cmake
[5.340s] -- Installing: /home/bev/bev_ws/install/custom_msgs/share/custom_msgs/cmake/ament_cmake_export_libraries-extras.cmake
[5.340s] -- Installing: /home/bev/bev_ws/install/custom_msgs/share/custom_msgs/cmake/ament_cmake_export_targets-extras.cmake
[5.340s] -- Installing: /home/bev/bev_ws/install/custom_msgs/share/custom_msgs/cmake/ament_cmake_export_include_directories-extras.cmake
[5.340s] -- Installing: /home/bev/bev_ws/install/custom_msgs/share/custom_msgs/cmake/rosidl_cmake_export_typesupport_libraries-extras.cmake
[5.341s] -- Installing: /home/bev/bev_ws/install/custom_msgs/share/custom_msgs/cmake/rosidl_cmake_export_typesupport_targets-extras.cmake
[5.341s] -- Installing: /home/bev/bev_ws/install/custom_msgs/share/custom_msgs/cmake/custom_msgsConfig.cmake
[5.341s] -- Installing: /home/bev/bev_ws/install/custom_msgs/share/custom_msgs/cmake/custom_msgsConfig-version.cmake
[5.341s] -- Installing: /home/bev/bev_ws/install/custom_msgs/share/custom_msgs/package.xml
[5.344s] Invoked command in '/home/bev/bev_ws/build/custom_msgs' returned '0': CMAKE_PREFIX_PATH=/opt/ros/foxy /usr/bin/cmake --install /home/bev/bev_ws/build/custom_msgs
