-- Found ament_cmake: 0.9.12 (/opt/ros/foxy/share/ament_cmake/cmake)
-- Using PYTHON_EXECUTABLE: /usr/bin/python3
-- Found rclcpp: 2.4.3 (/opt/ros/foxy/share/rclcpp/cmake)
-- Using all available rosidl_typesupport_c: rosidl_typesupport_fastrtps_c;rosidl_typesupport_introspection_c
-- Found rosidl_adapter: 1.3.1 (/opt/ros/foxy/share/rosidl_adapter/cmake)
-- Using all available rosidl_typesupport_cpp: rosidl_typesupport_fastrtps_cpp;rosidl_typesupport_introspection_cpp
-- Found rmw_implementation_cmake: 1.0.4 (/opt/ros/foxy/share/rmw_implementation_cmake/cmake)
-- Using RMW implementation 'rmw_fastrtps_cpp' as default
CMake Error at CMakeLists.txt:22 (find_package):
  By not providing "Findcustom_msgs.cmake" in CMAKE_MODULE_PATH this project
  has asked CMake to find a package configuration file provided by
  "custom_msgs", but CMake did not find one.

  Could not find a package configuration file provided by "custom_msgs" with
  any of the following names:

    custom_msgsConfig.cmake
    custom_msgs-config.cmake

  Add the installation prefix of "custom_msgs" to CMAKE_PREFIX_PATH or set
  "custom_msgs_DIR" to a directory containing one of the above files.  If
  "custom_msgs" provides a separate development package or SDK, be sure it
  has been installed.


-- Configuring incomplete, errors occurred!
See also "/home/bev/bev_ws/build/data_pkg/CMakeFiles/CMakeOutput.log".
See also "/home/bev/bev_ws/build/data_pkg/CMakeFiles/CMakeError.log".
make: *** [Makefile:296: cmake_check_build_system] Error 1
