[  2%] Built target custom_msgs__cpp
[ 12%] Built target custom_msgs__rosidl_generator_c
[ 23%] Built target custom_msgs__rosidl_typesupport_cpp
[ 34%] Built target custom_msgs__rosidl_typesupport_fastrtps_cpp
[ 44%] Built target custom_msgs__rosidl_typesupport_introspection_cpp
[ 55%] Built target custom_msgs__rosidl_typesupport_c
[ 65%] Built target custom_msgs__rosidl_typesupport_introspection_c
[ 76%] Built target custom_msgs__rosidl_typesupport_fastrtps_c
[ 76%] Built target custom_msgs
[ 78%] Built target custom_msgs__py
[ 87%] Built target custom_msgs__python
[ 91%] Built target custom_msgs__rosidl_typesupport_introspection_c__pyext
[ 95%] Built target custom_msgs__rosidl_typesupport_c__pyext
[100%] Built target custom_msgs__rosidl_typesupport_fastrtps_c__pyext
-- Install configuration: ""
-- Execute custom install script
-- Up-to-date symlink: /home/bev/bev_ws/install/custom_msgs/share/ament_index/resource_index/rosidl_interfaces/custom_msgs
-- Up-to-date symlink: /home/bev/bev_ws/install/custom_msgs/include/custom_msgs/msg/bbox.h
-- Up-to-date symlink: /home/bev/bev_ws/install/custom_msgs/include/custom_msgs/msg/detail/bbox__functions.h
-- Up-to-date symlink: /home/bev/bev_ws/install/custom_msgs/include/custom_msgs/msg/detail/bbox__struct.h
-- Up-to-date symlink: /home/bev/bev_ws/install/custom_msgs/include/custom_msgs/msg/detail/bbox__type_support.h
-- Up-to-date symlink: /home/bev/bev_ws/install/custom_msgs/include/custom_msgs/msg/detail/output__functions.h
-- Up-to-date symlink: /home/bev/bev_ws/install/custom_msgs/include/custom_msgs/msg/detail/output__struct.h
-- Up-to-date symlink: /home/bev/bev_ws/install/custom_msgs/include/custom_msgs/msg/detail/output__type_support.h
-- Up-to-date symlink: /home/bev/bev_ws/install/custom_msgs/include/custom_msgs/msg/detail/output_array__functions.h
-- Up-to-date symlink: /home/bev/bev_ws/install/custom_msgs/include/custom_msgs/msg/detail/output_array__struct.h
-- Up-to-date symlink: /home/bev/bev_ws/install/custom_msgs/include/custom_msgs/msg/detail/output_array__type_support.h
-- Up-to-date symlink: /home/bev/bev_ws/install/custom_msgs/include/custom_msgs/msg/output.h
-- Up-to-date symlink: /home/bev/bev_ws/install/custom_msgs/include/custom_msgs/msg/output_array.h
-- Up-to-date symlink: /home/bev/bev_ws/install/custom_msgs/include/custom_msgs/msg/rosidl_generator_c__visibility_control.h
-- Up-to-date symlink: /home/bev/bev_ws/install/custom_msgs/share/custom_msgs/environment/library_path.sh
-- Up-to-date symlink: /home/bev/bev_ws/install/custom_msgs/share/custom_msgs/environment/library_path.dsv
-- Up-to-date symlink: /home/bev/bev_ws/install/custom_msgs/include/custom_msgs/msg/detail/bbox__rosidl_typesupport_fastrtps_c.h
-- Up-to-date symlink: /home/bev/bev_ws/install/custom_msgs/include/custom_msgs/msg/detail/output__rosidl_typesupport_fastrtps_c.h
-- Up-to-date symlink: /home/bev/bev_ws/install/custom_msgs/include/custom_msgs/msg/detail/output_array__rosidl_typesupport_fastrtps_c.h
-- Up-to-date symlink: /home/bev/bev_ws/install/custom_msgs/include/custom_msgs/msg/rosidl_typesupport_fastrtps_c__visibility_control.h
-- Up-to-date symlink: /home/bev/bev_ws/install/custom_msgs/lib/libcustom_msgs__rosidl_typesupport_fastrtps_c.so
-- Up-to-date symlink: /home/bev/bev_ws/install/custom_msgs/include/custom_msgs/msg/detail/bbox__rosidl_typesupport_fastrtps_cpp.hpp
-- Up-to-date symlink: /home/bev/bev_ws/install/custom_msgs/include/custom_msgs/msg/detail/output__rosidl_typesupport_fastrtps_cpp.hpp
-- Up-to-date symlink: /home/bev/bev_ws/install/custom_msgs/include/custom_msgs/msg/detail/output_array__rosidl_typesupport_fastrtps_cpp.hpp
-- Up-to-date symlink: /home/bev/bev_ws/install/custom_msgs/include/custom_msgs/msg/rosidl_typesupport_fastrtps_cpp__visibility_control.h
-- Up-to-date symlink: /home/bev/bev_ws/install/custom_msgs/lib/libcustom_msgs__rosidl_typesupport_fastrtps_cpp.so
-- Up-to-date symlink: /home/bev/bev_ws/install/custom_msgs/include/custom_msgs/msg/detail/bbox__rosidl_typesupport_introspection_c.h
-- Up-to-date symlink: /home/bev/bev_ws/install/custom_msgs/include/custom_msgs/msg/detail/output__rosidl_typesupport_introspection_c.h
-- Up-to-date symlink: /home/bev/bev_ws/install/custom_msgs/include/custom_msgs/msg/detail/output_array__rosidl_typesupport_introspection_c.h
-- Up-to-date symlink: /home/bev/bev_ws/install/custom_msgs/include/custom_msgs/msg/rosidl_typesupport_introspection_c__visibility_control.h
-- Up-to-date symlink: /home/bev/bev_ws/install/custom_msgs/include/custom_msgs/msg/bbox.hpp
-- Up-to-date symlink: /home/bev/bev_ws/install/custom_msgs/include/custom_msgs/msg/detail/bbox__builder.hpp
-- Up-to-date symlink: /home/bev/bev_ws/install/custom_msgs/include/custom_msgs/msg/detail/bbox__struct.hpp
-- Up-to-date symlink: /home/bev/bev_ws/install/custom_msgs/include/custom_msgs/msg/detail/bbox__traits.hpp
-- Up-to-date symlink: /home/bev/bev_ws/install/custom_msgs/include/custom_msgs/msg/detail/bbox__type_support.hpp
-- Up-to-date symlink: /home/bev/bev_ws/install/custom_msgs/include/custom_msgs/msg/detail/output__builder.hpp
-- Up-to-date symlink: /home/bev/bev_ws/install/custom_msgs/include/custom_msgs/msg/detail/output__struct.hpp
-- Up-to-date symlink: /home/bev/bev_ws/install/custom_msgs/include/custom_msgs/msg/detail/output__traits.hpp
-- Up-to-date symlink: /home/bev/bev_ws/install/custom_msgs/include/custom_msgs/msg/detail/output__type_support.hpp
-- Up-to-date symlink: /home/bev/bev_ws/install/custom_msgs/include/custom_msgs/msg/detail/output_array__builder.hpp
-- Up-to-date symlink: /home/bev/bev_ws/install/custom_msgs/include/custom_msgs/msg/detail/output_array__struct.hpp
-- Up-to-date symlink: /home/bev/bev_ws/install/custom_msgs/include/custom_msgs/msg/detail/output_array__traits.hpp
-- Up-to-date symlink: /home/bev/bev_ws/install/custom_msgs/include/custom_msgs/msg/detail/output_array__type_support.hpp
-- Up-to-date symlink: /home/bev/bev_ws/install/custom_msgs/include/custom_msgs/msg/output.hpp
-- Up-to-date symlink: /home/bev/bev_ws/install/custom_msgs/include/custom_msgs/msg/output_array.hpp
-- Up-to-date symlink: /home/bev/bev_ws/install/custom_msgs/include/custom_msgs/msg/rosidl_generator_cpp__visibility_control.hpp
-- Up-to-date symlink: /home/bev/bev_ws/install/custom_msgs/include/custom_msgs/msg/detail/bbox__rosidl_typesupport_introspection_cpp.hpp
-- Up-to-date symlink: /home/bev/bev_ws/install/custom_msgs/include/custom_msgs/msg/detail/output__rosidl_typesupport_introspection_cpp.hpp
-- Up-to-date symlink: /home/bev/bev_ws/install/custom_msgs/include/custom_msgs/msg/detail/output_array__rosidl_typesupport_introspection_cpp.hpp
-- Up-to-date symlink: /home/bev/bev_ws/install/custom_msgs/share/custom_msgs/environment/pythonpath.sh
-- Up-to-date symlink: /home/bev/bev_ws/install/custom_msgs/share/custom_msgs/environment/pythonpath.dsv
-- Up-to-date symlink: /home/bev/bev_ws/install/custom_msgs/lib/python3.8/site-packages/custom_msgs/__init__.py
-- Up-to-date symlink: /home/bev/bev_ws/install/custom_msgs/lib/python3.8/site-packages/custom_msgs/msg/__init__.py
-- Up-to-date symlink: /home/bev/bev_ws/install/custom_msgs/lib/python3.8/site-packages/custom_msgs/msg/_bbox.py
-- Up-to-date symlink: /home/bev/bev_ws/install/custom_msgs/lib/python3.8/site-packages/custom_msgs/msg/_output.py
-- Up-to-date symlink: /home/bev/bev_ws/install/custom_msgs/lib/python3.8/site-packages/custom_msgs/msg/_output_array.py
-- Up-to-date symlink: /home/bev/bev_ws/install/custom_msgs/lib/python3.8/site-packages/custom_msgs/custom_msgs_s__rosidl_typesupport_fastrtps_c.cpython-38-x86_64-linux-gnu.so
-- Up-to-date symlink: /home/bev/bev_ws/install/custom_msgs/lib/python3.8/site-packages/custom_msgs/custom_msgs_s__rosidl_typesupport_introspection_c.cpython-38-x86_64-linux-gnu.so
-- Up-to-date symlink: /home/bev/bev_ws/install/custom_msgs/lib/python3.8/site-packages/custom_msgs/custom_msgs_s__rosidl_typesupport_c.cpython-38-x86_64-linux-gnu.so
-- Up-to-date symlink: /home/bev/bev_ws/install/custom_msgs/lib/libcustom_msgs__python.so
-- Up-to-date symlink: /home/bev/bev_ws/install/custom_msgs/share/custom_msgs/msg/Output.idl
-- Up-to-date symlink: /home/bev/bev_ws/install/custom_msgs/share/custom_msgs/msg/Bbox.idl
-- Up-to-date symlink: /home/bev/bev_ws/install/custom_msgs/share/custom_msgs/msg/OutputArray.idl
-- Up-to-date symlink: /home/bev/bev_ws/install/custom_msgs/share/custom_msgs/msg/Output.msg
-- Up-to-date symlink: /home/bev/bev_ws/install/custom_msgs/share/custom_msgs/msg/Bbox.msg
-- Up-to-date symlink: /home/bev/bev_ws/install/custom_msgs/share/custom_msgs/msg/OutputArray.msg
-- Up-to-date symlink: /home/bev/bev_ws/install/custom_msgs/share/ament_index/resource_index/package_run_dependencies/custom_msgs
-- Up-to-date symlink: /home/bev/bev_ws/install/custom_msgs/share/ament_index/resource_index/parent_prefix_path/custom_msgs
-- Up-to-date symlink: /home/bev/bev_ws/install/custom_msgs/share/custom_msgs/environment/ament_prefix_path.sh
-- Up-to-date symlink: /home/bev/bev_ws/install/custom_msgs/share/custom_msgs/environment/ament_prefix_path.dsv
-- Up-to-date symlink: /home/bev/bev_ws/install/custom_msgs/share/custom_msgs/environment/path.sh
-- Up-to-date symlink: /home/bev/bev_ws/install/custom_msgs/share/custom_msgs/environment/path.dsv
-- Up-to-date symlink: /home/bev/bev_ws/install/custom_msgs/share/custom_msgs/local_setup.bash
-- Up-to-date symlink: /home/bev/bev_ws/install/custom_msgs/share/custom_msgs/local_setup.sh
-- Up-to-date symlink: /home/bev/bev_ws/install/custom_msgs/share/custom_msgs/local_setup.zsh
-- Up-to-date symlink: /home/bev/bev_ws/install/custom_msgs/share/custom_msgs/local_setup.dsv
-- Symlinking: /home/bev/bev_ws/install/custom_msgs/share/custom_msgs/package.dsv
-- Up-to-date symlink: /home/bev/bev_ws/install/custom_msgs/share/ament_index/resource_index/packages/custom_msgs
-- Up-to-date symlink: /home/bev/bev_ws/install/custom_msgs/share/custom_msgs/cmake/rosidl_cmake-extras.cmake
-- Up-to-date symlink: /home/bev/bev_ws/install/custom_msgs/share/custom_msgs/cmake/ament_cmake_export_dependencies-extras.cmake
-- Up-to-date symlink: /home/bev/bev_ws/install/custom_msgs/share/custom_msgs/cmake/ament_cmake_export_libraries-extras.cmake
-- Up-to-date symlink: /home/bev/bev_ws/install/custom_msgs/share/custom_msgs/cmake/ament_cmake_export_targets-extras.cmake
-- Up-to-date symlink: /home/bev/bev_ws/install/custom_msgs/share/custom_msgs/cmake/ament_cmake_export_include_directories-extras.cmake
-- Up-to-date symlink: /home/bev/bev_ws/install/custom_msgs/share/custom_msgs/cmake/rosidl_cmake_export_typesupport_libraries-extras.cmake
-- Up-to-date symlink: /home/bev/bev_ws/install/custom_msgs/share/custom_msgs/cmake/rosidl_cmake_export_typesupport_targets-extras.cmake
-- Up-to-date symlink: /home/bev/bev_ws/install/custom_msgs/share/custom_msgs/cmake/custom_msgsConfig.cmake
-- Up-to-date symlink: /home/bev/bev_ws/install/custom_msgs/share/custom_msgs/cmake/custom_msgsConfig-version.cmake
-- Up-to-date symlink: /home/bev/bev_ws/install/custom_msgs/share/custom_msgs/package.xml
-- Up-to-date: /home/bev/bev_ws/install/custom_msgs/lib/libcustom_msgs__rosidl_generator_c.so
-- Up-to-date: /home/bev/bev_ws/install/custom_msgs/lib/libcustom_msgs__rosidl_typesupport_introspection_c.so
-- Up-to-date: /home/bev/bev_ws/install/custom_msgs/lib/libcustom_msgs__rosidl_typesupport_c.so
-- Up-to-date: /home/bev/bev_ws/install/custom_msgs/lib/libcustom_msgs__rosidl_typesupport_introspection_cpp.so
-- Up-to-date: /home/bev/bev_ws/install/custom_msgs/lib/libcustom_msgs__rosidl_typesupport_cpp.so
-- Up-to-date: /home/bev/bev_ws/install/custom_msgs/share/custom_msgs/cmake/custom_msgs__rosidl_generator_cExport.cmake
-- Up-to-date: /home/bev/bev_ws/install/custom_msgs/share/custom_msgs/cmake/custom_msgs__rosidl_generator_cExport-noconfig.cmake
-- Up-to-date: /home/bev/bev_ws/install/custom_msgs/share/custom_msgs/cmake/custom_msgs__rosidl_typesupport_introspection_cExport.cmake
-- Up-to-date: /home/bev/bev_ws/install/custom_msgs/share/custom_msgs/cmake/custom_msgs__rosidl_typesupport_introspection_cExport-noconfig.cmake
-- Up-to-date: /home/bev/bev_ws/install/custom_msgs/share/custom_msgs/cmake/custom_msgs__rosidl_typesupport_cExport.cmake
-- Up-to-date: /home/bev/bev_ws/install/custom_msgs/share/custom_msgs/cmake/custom_msgs__rosidl_typesupport_cExport-noconfig.cmake
-- Up-to-date: /home/bev/bev_ws/install/custom_msgs/share/custom_msgs/cmake/custom_msgs__rosidl_generator_cppExport.cmake
-- Up-to-date: /home/bev/bev_ws/install/custom_msgs/share/custom_msgs/cmake/custom_msgs__rosidl_typesupport_introspection_cppExport.cmake
-- Up-to-date: /home/bev/bev_ws/install/custom_msgs/share/custom_msgs/cmake/custom_msgs__rosidl_typesupport_introspection_cppExport-noconfig.cmake
-- Up-to-date: /home/bev/bev_ws/install/custom_msgs/share/custom_msgs/cmake/custom_msgs__rosidl_typesupport_cppExport.cmake
-- Up-to-date: /home/bev/bev_ws/install/custom_msgs/share/custom_msgs/cmake/custom_msgs__rosidl_typesupport_cppExport-noconfig.cmake
