[35m[1mScanning dependencies of target sort_ros[0m
[ 12%] [32mBuilding CXX object CMakeFiles/sort_ros.dir/src/Sort.cpp.o[0m
[01m[K/home/bev/bev_ws/src/tracking_algorithm/src/Sort.cpp:[m[K In member function ‘[01m[Kstd::vector<SortRect> Sort::update(std::vector<SortRect>)[m[K’:
[01m[K/home/bev/bev_ws/src/tracking_algorithm/src/Sort.cpp:48:3:[m[K [01;35m[Kwarning: [m[Kthis ‘[01m[Kfor[m[K’ clause does not guard... [[01;35m[K-Wmisleading-indentation[m[K]
   48 |   [01;35m[Kfor[m[K (std::vector<SortRect>::size_type i = 0; i < predictions.size(); i++)
      |   [01;35m[K^~~[m[K
[01m[K/home/bev/bev_ws/src/tracking_algorithm/src/Sort.cpp:52:5:[m[K [01;36m[Knote: [m[K...this statement, but the latter is misleadingly indented as if it were guarded by the ‘[01m[Kfor[m[K’
   52 |     [01;36m[Kfor[m[K (std::vector<SortRect>::size_type i = 0; i < predictions.size(); i++)
      |     [01;36m[K^~~[m[K
[ 25%] [32m[1mLinking CXX executable sort_ros[0m
[100%] Built target sort_ros
-- Install configuration: ""
-- Installing: /home/bev/bev_ws/install/tracking_algorithm/lib/tracking_algorithm/sort_ros
-- Set runtime path of "/home/bev/bev_ws/install/tracking_algorithm/lib/tracking_algorithm/sort_ros" to ""
-- Up-to-date: /home/bev/bev_ws/install/tracking_algorithm/share/ament_index/resource_index/package_run_dependencies/tracking_algorithm
-- Up-to-date: /home/bev/bev_ws/install/tracking_algorithm/share/ament_index/resource_index/parent_prefix_path/tracking_algorithm
-- Up-to-date: /home/bev/bev_ws/install/tracking_algorithm/share/tracking_algorithm/environment/ament_prefix_path.sh
-- Up-to-date: /home/bev/bev_ws/install/tracking_algorithm/share/tracking_algorithm/environment/ament_prefix_path.dsv
-- Up-to-date: /home/bev/bev_ws/install/tracking_algorithm/share/tracking_algorithm/environment/path.sh
-- Up-to-date: /home/bev/bev_ws/install/tracking_algorithm/share/tracking_algorithm/environment/path.dsv
-- Up-to-date: /home/bev/bev_ws/install/tracking_algorithm/share/tracking_algorithm/local_setup.bash
-- Up-to-date: /home/bev/bev_ws/install/tracking_algorithm/share/tracking_algorithm/local_setup.sh
-- Up-to-date: /home/bev/bev_ws/install/tracking_algorithm/share/tracking_algorithm/local_setup.zsh
-- Up-to-date: /home/bev/bev_ws/install/tracking_algorithm/share/tracking_algorithm/local_setup.dsv
-- Installing: /home/bev/bev_ws/install/tracking_algorithm/share/tracking_algorithm/package.dsv
-- Up-to-date: /home/bev/bev_ws/install/tracking_algorithm/share/ament_index/resource_index/packages/tracking_algorithm
-- Up-to-date: /home/bev/bev_ws/install/tracking_algorithm/share/tracking_algorithm/cmake/tracking_algorithmConfig.cmake
-- Up-to-date: /home/bev/bev_ws/install/tracking_algorithm/share/tracking_algorithm/cmake/tracking_algorithmConfig-version.cmake
-- Up-to-date: /home/bev/bev_ws/install/tracking_algorithm/share/tracking_algorithm/package.xml
