[0.043s] Invoking command in '/home/bev/bev_ws/build/data_pkg': CMAKE_PREFIX_PATH=${CMAKE_PREFIX_PATH}:/opt/ros/foxy /usr/bin/cmake --build /home/bev/bev_ws/build/data_pkg -- -j28 -l28
[0.126s] [35m[1mScanning dependencies of target data_collection[0m
[0.175s] [ 33%] [32mBuilding CXX object CMakeFiles/data_collection.dir/src/data_collection.cpp.o[0m
[3.860s] [ 66%] [32m[1mLinking CXX executable data_collection[0m
[4.113s] [100%] Built target data_collection
[4.130s] Invoked command in '/home/bev/bev_ws/build/data_pkg' returned '0': CMAKE_PREFIX_PATH=${CMAKE_PREFIX_PATH}:/opt/ros/foxy /usr/bin/cmake --build /home/bev/bev_ws/build/data_pkg -- -j28 -l28
[4.193s] Invoking command in '/home/bev/bev_ws/build/data_pkg': CMAKE_PREFIX_PATH=${CMAKE_PREFIX_PATH}:/opt/ros/foxy /usr/bin/cmake --install /home/bev/bev_ws/build/data_pkg
[4.212s] -- Install configuration: ""
[4.213s] -- Installing: /home/bev/bev_ws/install/data_pkg/lib/data_pkg/data_collection
[4.217s] -- Set runtime path of "/home/bev/bev_ws/install/data_pkg/lib/data_pkg/data_collection" to ""
[4.217s] -- Up-to-date: /home/bev/bev_ws/install/data_pkg/share/ament_index/resource_index/package_run_dependencies/data_pkg
[4.218s] -- Up-to-date: /home/bev/bev_ws/install/data_pkg/share/ament_index/resource_index/parent_prefix_path/data_pkg
[4.218s] -- Up-to-date: /home/bev/bev_ws/install/data_pkg/share/data_pkg/environment/ament_prefix_path.sh
[4.218s] -- Up-to-date: /home/bev/bev_ws/install/data_pkg/share/data_pkg/environment/ament_prefix_path.dsv
[4.218s] -- Up-to-date: /home/bev/bev_ws/install/data_pkg/share/data_pkg/environment/path.sh
[4.218s] -- Up-to-date: /home/bev/bev_ws/install/data_pkg/share/data_pkg/environment/path.dsv
[4.219s] -- Up-to-date: /home/bev/bev_ws/install/data_pkg/share/data_pkg/local_setup.bash
[4.219s] -- Up-to-date: /home/bev/bev_ws/install/data_pkg/share/data_pkg/local_setup.sh
[4.219s] -- Up-to-date: /home/bev/bev_ws/install/data_pkg/share/data_pkg/local_setup.zsh
[4.219s] -- Up-to-date: /home/bev/bev_ws/install/data_pkg/share/data_pkg/local_setup.dsv
[4.219s] -- Installing: /home/bev/bev_ws/install/data_pkg/share/data_pkg/package.dsv
[4.219s] -- Up-to-date: /home/bev/bev_ws/install/data_pkg/share/ament_index/resource_index/packages/data_pkg
[4.219s] -- Up-to-date: /home/bev/bev_ws/install/data_pkg/share/data_pkg/cmake/data_pkgConfig.cmake
[4.220s] -- Up-to-date: /home/bev/bev_ws/install/data_pkg/share/data_pkg/cmake/data_pkgConfig-version.cmake
[4.220s] -- Up-to-date: /home/bev/bev_ws/install/data_pkg/share/data_pkg/package.xml
[4.226s] Invoked command in '/home/bev/bev_ws/build/data_pkg' returned '0': CMAKE_PREFIX_PATH=${CMAKE_PREFIX_PATH}:/opt/ros/foxy /usr/bin/cmake --install /home/bev/bev_ws/build/data_pkg
