[0.017s] Invoking command in '/home/bev/bev_ws/build/tracking_algorithm': AMENT_PREFIX_PATH=/home/bev/bev_ws/install/custom_msgs:${AMENT_PREFIX_PATH} CMAKE_PREFIX_PATH=/home/bev/bev_ws/install/custom_msgs:/opt/ros/foxy LD_LIBRARY_PATH=/home/bev/bev_ws/install/custom_msgs/lib:/opt/ros/foxy/opt/yaml_cpp_vendor/lib:/opt/ros/foxy/opt/rviz_ogre_vendor/lib:/opt/ros/foxy/lib/x86_64-linux-gnu:/opt/ros/foxy/lib:/usr/local/cuda-11.3/lib64:/home/bev/TensorRT-8.6.1.6/lib PYTHONPATH=/home/bev/bev_ws/install/custom_msgs/lib/python3.8/site-packages:${PYTHONPATH} /usr/bin/cmake --build /home/bev/bev_ws/build/tracking_algorithm -- -j28 -l28
[0.063s] -- Found ament_cmake: 0.9.12 (/opt/ros/foxy/share/ament_cmake/cmake)
[0.088s] -- Using PYTHON_EXECUTABLE: /usr/bin/python3
[0.256s] -- Found rclcpp: 2.4.3 (/opt/ros/foxy/share/rclcpp/cmake)
[0.289s] -- Using all available rosidl_typesupport_c: rosidl_typesupport_fastrtps_c;rosidl_typesupport_introspection_c
[0.291s] -- Found rosidl_adapter: 1.3.1 (/opt/ros/foxy/share/rosidl_adapter/cmake)
[0.420s] -- Using all available rosidl_typesupport_cpp: rosidl_typesupport_fastrtps_cpp;rosidl_typesupport_introspection_cpp
[0.460s] -- Found rmw_implementation_cmake: 1.0.4 (/opt/ros/foxy/share/rmw_implementation_cmake/cmake)
[0.461s] -- Using RMW implementation 'rmw_fastrtps_cpp' as default
[0.584s] -- Found visualization_msgs: 2.0.5 (/opt/ros/foxy/share/visualization_msgs/cmake)
[0.684s] -- Found custom_msgs: 0.0.0 (/home/bev/bev_ws/install/custom_msgs/share/custom_msgs/cmake)
[0.713s] -- Found ament_lint_auto: 0.9.8 (/opt/ros/foxy/share/ament_lint_auto/cmake)
[0.789s] -- Added test 'copyright' to check source files copyright and LICENSE
[0.790s] -- Added test 'cppcheck' to perform static code analysis on C / C++ code
[0.790s] -- Configured cppcheck include dirs: /home/bev/bev_ws/src/tracking_algorithm/include
[0.791s] -- Configured cppcheck exclude dirs and/or files: 
[0.792s] -- Added test 'cpplint' to check C / C++ code against the Google style
[0.792s] -- Configured cpplint exclude dirs and/or files: 
[0.792s] -- Added test 'lint_cmake' to check CMake code style
[0.794s] -- Added test 'uncrustify' to check C / C++ code style
[0.794s] -- Configured uncrustify additional arguments: 
[0.794s] -- Added test 'xmllint' to check XML markup files
[0.798s] -- Configuring done
[0.813s] -- Generating done
[0.814s] -- Build files have been written to: /home/bev/bev_ws/build/tracking_algorithm
[0.871s] [35m[1mScanning dependencies of target sort_ros[0m
[0.937s] [ 12%] [32mBuilding CXX object CMakeFiles/sort_ros.dir/src/main.cpp.o[0m
[0.939s] [ 25%] [32mBuilding CXX object CMakeFiles/sort_ros.dir/src/SortRos.cpp.o[0m
[5.918s] [ 37%] [32m[1mLinking CXX executable sort_ros[0m
[6.245s] [100%] Built target sort_ros
[6.269s] Invoked command in '/home/bev/bev_ws/build/tracking_algorithm' returned '0': AMENT_PREFIX_PATH=/home/bev/bev_ws/install/custom_msgs:${AMENT_PREFIX_PATH} CMAKE_PREFIX_PATH=/home/bev/bev_ws/install/custom_msgs:/opt/ros/foxy LD_LIBRARY_PATH=/home/bev/bev_ws/install/custom_msgs/lib:/opt/ros/foxy/opt/yaml_cpp_vendor/lib:/opt/ros/foxy/opt/rviz_ogre_vendor/lib:/opt/ros/foxy/lib/x86_64-linux-gnu:/opt/ros/foxy/lib:/usr/local/cuda-11.3/lib64:/home/bev/TensorRT-8.6.1.6/lib PYTHONPATH=/home/bev/bev_ws/install/custom_msgs/lib/python3.8/site-packages:${PYTHONPATH} /usr/bin/cmake --build /home/bev/bev_ws/build/tracking_algorithm -- -j28 -l28
[6.350s] Invoking command in '/home/bev/bev_ws/build/tracking_algorithm': AMENT_PREFIX_PATH=/home/bev/bev_ws/install/custom_msgs:${AMENT_PREFIX_PATH} CMAKE_PREFIX_PATH=/home/bev/bev_ws/install/custom_msgs:/opt/ros/foxy LD_LIBRARY_PATH=/home/bev/bev_ws/install/custom_msgs/lib:/opt/ros/foxy/opt/yaml_cpp_vendor/lib:/opt/ros/foxy/opt/rviz_ogre_vendor/lib:/opt/ros/foxy/lib/x86_64-linux-gnu:/opt/ros/foxy/lib:/usr/local/cuda-11.3/lib64:/home/bev/TensorRT-8.6.1.6/lib PYTHONPATH=/home/bev/bev_ws/install/custom_msgs/lib/python3.8/site-packages:${PYTHONPATH} /usr/bin/cmake --install /home/bev/bev_ws/build/tracking_algorithm
[6.368s] -- Install configuration: ""
[6.369s] -- Installing: /home/bev/bev_ws/install/tracking_algorithm/lib/tracking_algorithm/sort_ros
[6.374s] -- Set runtime path of "/home/bev/bev_ws/install/tracking_algorithm/lib/tracking_algorithm/sort_ros" to ""
[6.374s] -- Up-to-date: /home/bev/bev_ws/install/tracking_algorithm/share/ament_index/resource_index/package_run_dependencies/tracking_algorithm
[6.375s] -- Installing: /home/bev/bev_ws/install/tracking_algorithm/share/ament_index/resource_index/parent_prefix_path/tracking_algorithm
[6.375s] -- Up-to-date: /home/bev/bev_ws/install/tracking_algorithm/share/tracking_algorithm/environment/ament_prefix_path.sh
[6.375s] -- Installing: /home/bev/bev_ws/install/tracking_algorithm/share/tracking_algorithm/environment/ament_prefix_path.dsv
[6.375s] -- Up-to-date: /home/bev/bev_ws/install/tracking_algorithm/share/tracking_algorithm/environment/path.sh
[6.375s] -- Installing: /home/bev/bev_ws/install/tracking_algorithm/share/tracking_algorithm/environment/path.dsv
[6.376s] -- Up-to-date: /home/bev/bev_ws/install/tracking_algorithm/share/tracking_algorithm/local_setup.bash
[6.376s] -- Up-to-date: /home/bev/bev_ws/install/tracking_algorithm/share/tracking_algorithm/local_setup.sh
[6.376s] -- Up-to-date: /home/bev/bev_ws/install/tracking_algorithm/share/tracking_algorithm/local_setup.zsh
[6.376s] -- Installing: /home/bev/bev_ws/install/tracking_algorithm/share/tracking_algorithm/local_setup.dsv
[6.376s] -- Installing: /home/bev/bev_ws/install/tracking_algorithm/share/tracking_algorithm/package.dsv
[6.376s] -- Up-to-date: /home/bev/bev_ws/install/tracking_algorithm/share/ament_index/resource_index/packages/tracking_algorithm
[6.377s] -- Up-to-date: /home/bev/bev_ws/install/tracking_algorithm/share/tracking_algorithm/cmake/tracking_algorithmConfig.cmake
[6.377s] -- Up-to-date: /home/bev/bev_ws/install/tracking_algorithm/share/tracking_algorithm/cmake/tracking_algorithmConfig-version.cmake
[6.377s] -- Up-to-date: /home/bev/bev_ws/install/tracking_algorithm/share/tracking_algorithm/package.xml
[6.382s] Invoked command in '/home/bev/bev_ws/build/tracking_algorithm' returned '0': AMENT_PREFIX_PATH=/home/bev/bev_ws/install/custom_msgs:${AMENT_PREFIX_PATH} CMAKE_PREFIX_PATH=/home/bev/bev_ws/install/custom_msgs:/opt/ros/foxy LD_LIBRARY_PATH=/home/bev/bev_ws/install/custom_msgs/lib:/opt/ros/foxy/opt/yaml_cpp_vendor/lib:/opt/ros/foxy/opt/rviz_ogre_vendor/lib:/opt/ros/foxy/lib/x86_64-linux-gnu:/opt/ros/foxy/lib:/usr/local/cuda-11.3/lib64:/home/bev/TensorRT-8.6.1.6/lib PYTHONPATH=/home/bev/bev_ws/install/custom_msgs/lib/python3.8/site-packages:${PYTHONPATH} /usr/bin/cmake --install /home/bev/bev_ws/build/tracking_algorithm
