[0.288s] DEBUG:colcon:Command line arguments: ['/usr/bin/colcon', 'build']
[0.288s] DEBUG:colcon:Parsed command line arguments: Namespace(allow_overriding=[], ament_cmake_args=None, base_paths=['.'], build_base='build', catkin_cmake_args=None, catkin_skip_building_tests=False, cmake_args=None, cmake_clean_cache=False, cmake_clean_first=False, cmake_force_configure=False, cmake_target=None, cmake_target_skip_unavailable=False, continue_on_error=False, event_handlers=None, executor='parallel', ignore_user_meta=False, install_base='install', log_base=None, log_level=None, main=<bound method BuildVerb.main of <colcon_core.verb.build.BuildVerb object at 0x7f66508f3700>>, merge_install=False, metas=['./colcon.meta'], packages_above=None, packages_above_and_dependencies=None, packages_above_depth=None, packages_end=None, packages_ignore=None, packages_ignore_regex=None, packages_select=None, packages_select_build_failed=False, packages_select_by_dep=None, packages_select_regex=None, packages_select_test_failures=False, packages_skip=None, packages_skip_build_finished=False, packages_skip_by_dep=None, packages_skip_regex=None, packages_skip_test_passed=False, packages_skip_up_to=None, packages_start=None, packages_up_to=None, packages_up_to_regex=None, parallel_workers=28, paths=None, symlink_install=False, test_result_base=None, verb_extension=<colcon_core.verb.build.BuildVerb object at 0x7f66508f3700>, verb_name='build', verb_parser=<colcon_defaults.argument_parser.defaults.DefaultArgumentsDecorator object at 0x7f66508f3c40>)
[0.319s] Level 1:colcon.colcon_core.package_discovery:discover_packages(colcon_meta) check parameters
[0.319s] Level 1:colcon.colcon_core.package_discovery:discover_packages(recursive) check parameters
[0.319s] Level 1:colcon.colcon_core.package_discovery:discover_packages(ignore) check parameters
[0.319s] Level 1:colcon.colcon_core.package_discovery:discover_packages(path) check parameters
[0.319s] Level 1:colcon.colcon_core.package_discovery:discover_packages(colcon_meta) discover
[0.319s] Level 1:colcon.colcon_core.package_discovery:discover_packages(recursive) discover
[0.319s] INFO:colcon.colcon_core.package_discovery:Crawling recursively for packages in '/home/bev/bev_ws'
[0.319s] Level 1:colcon.colcon_core.package_identification:_identify(.) by extensions ['ignore', 'ignore_ament_install']
[0.320s] Level 1:colcon.colcon_core.package_identification:_identify(.) by extension 'ignore'
[0.320s] Level 1:colcon.colcon_core.package_identification:_identify(.) by extension 'ignore_ament_install'
[0.320s] Level 1:colcon.colcon_core.package_identification:_identify(.) by extensions ['colcon_pkg']
[0.320s] Level 1:colcon.colcon_core.package_identification:_identify(.) by extension 'colcon_pkg'
[0.320s] Level 1:colcon.colcon_core.package_identification:_identify(.) by extensions ['colcon_meta']
[0.320s] Level 1:colcon.colcon_core.package_identification:_identify(.) by extension 'colcon_meta'
[0.320s] Level 1:colcon.colcon_core.package_identification:_identify(.) by extensions ['ros']
[0.320s] Level 1:colcon.colcon_core.package_identification:_identify(.) by extension 'ros'
[0.335s] Level 1:colcon.colcon_core.package_identification:_identify(.) by extensions ['cmake', 'python']
[0.335s] Level 1:colcon.colcon_core.package_identification:_identify(.) by extension 'cmake'
[0.335s] Level 1:colcon.colcon_core.package_identification:_identify(.) by extension 'python'
[0.336s] Level 1:colcon.colcon_core.package_identification:_identify(.) by extensions ['python_setup_py']
[0.336s] Level 1:colcon.colcon_core.package_identification:_identify(.) by extension 'python_setup_py'
[0.336s] Level 1:colcon.colcon_core.package_identification:_identify(build) by extensions ['ignore', 'ignore_ament_install']
[0.336s] Level 1:colcon.colcon_core.package_identification:_identify(build) by extension 'ignore'
[0.336s] Level 1:colcon.colcon_core.package_identification:_identify(build) ignored
[0.336s] Level 1:colcon.colcon_core.package_identification:_identify(install) by extensions ['ignore', 'ignore_ament_install']
[0.336s] Level 1:colcon.colcon_core.package_identification:_identify(install) by extension 'ignore'
[0.336s] Level 1:colcon.colcon_core.package_identification:_identify(install) ignored
[0.336s] Level 1:colcon.colcon_core.package_identification:_identify(log) by extensions ['ignore', 'ignore_ament_install']
[0.336s] Level 1:colcon.colcon_core.package_identification:_identify(log) by extension 'ignore'
[0.336s] Level 1:colcon.colcon_core.package_identification:_identify(log) ignored
[0.336s] Level 1:colcon.colcon_core.package_identification:_identify(src) by extensions ['ignore', 'ignore_ament_install']
[0.336s] Level 1:colcon.colcon_core.package_identification:_identify(src) by extension 'ignore'
[0.336s] Level 1:colcon.colcon_core.package_identification:_identify(src) by extension 'ignore_ament_install'
[0.336s] Level 1:colcon.colcon_core.package_identification:_identify(src) by extensions ['colcon_pkg']
[0.336s] Level 1:colcon.colcon_core.package_identification:_identify(src) by extension 'colcon_pkg'
[0.336s] Level 1:colcon.colcon_core.package_identification:_identify(src) by extensions ['colcon_meta']
[0.337s] Level 1:colcon.colcon_core.package_identification:_identify(src) by extension 'colcon_meta'
[0.337s] Level 1:colcon.colcon_core.package_identification:_identify(src) by extensions ['ros']
[0.337s] Level 1:colcon.colcon_core.package_identification:_identify(src) by extension 'ros'
[0.337s] Level 1:colcon.colcon_core.package_identification:_identify(src) by extensions ['cmake', 'python']
[0.337s] Level 1:colcon.colcon_core.package_identification:_identify(src) by extension 'cmake'
[0.337s] Level 1:colcon.colcon_core.package_identification:_identify(src) by extension 'python'
[0.337s] Level 1:colcon.colcon_core.package_identification:_identify(src) by extensions ['python_setup_py']
[0.337s] Level 1:colcon.colcon_core.package_identification:_identify(src) by extension 'python_setup_py'
[0.337s] Level 1:colcon.colcon_core.package_identification:_identify(src/custom_msgs) by extensions ['ignore', 'ignore_ament_install']
[0.337s] Level 1:colcon.colcon_core.package_identification:_identify(src/custom_msgs) by extension 'ignore'
[0.337s] Level 1:colcon.colcon_core.package_identification:_identify(src/custom_msgs) by extension 'ignore_ament_install'
[0.337s] Level 1:colcon.colcon_core.package_identification:_identify(src/custom_msgs) by extensions ['colcon_pkg']
[0.337s] Level 1:colcon.colcon_core.package_identification:_identify(src/custom_msgs) by extension 'colcon_pkg'
[0.337s] Level 1:colcon.colcon_core.package_identification:_identify(src/custom_msgs) by extensions ['colcon_meta']
[0.337s] Level 1:colcon.colcon_core.package_identification:_identify(src/custom_msgs) by extension 'colcon_meta'
[0.337s] Level 1:colcon.colcon_core.package_identification:_identify(src/custom_msgs) by extensions ['ros']
[0.337s] Level 1:colcon.colcon_core.package_identification:_identify(src/custom_msgs) by extension 'ros'
[0.339s] DEBUG:colcon.colcon_core.package_identification:Package 'src/custom_msgs' with type 'ros.ament_cmake' and name 'custom_msgs'
[0.339s] Level 1:colcon.colcon_core.package_identification:_identify(src/data_pkg) by extensions ['ignore', 'ignore_ament_install']
[0.339s] Level 1:colcon.colcon_core.package_identification:_identify(src/data_pkg) by extension 'ignore'
[0.339s] Level 1:colcon.colcon_core.package_identification:_identify(src/data_pkg) by extension 'ignore_ament_install'
[0.339s] Level 1:colcon.colcon_core.package_identification:_identify(src/data_pkg) by extensions ['colcon_pkg']
[0.339s] Level 1:colcon.colcon_core.package_identification:_identify(src/data_pkg) by extension 'colcon_pkg'
[0.339s] Level 1:colcon.colcon_core.package_identification:_identify(src/data_pkg) by extensions ['colcon_meta']
[0.339s] Level 1:colcon.colcon_core.package_identification:_identify(src/data_pkg) by extension 'colcon_meta'
[0.339s] Level 1:colcon.colcon_core.package_identification:_identify(src/data_pkg) by extensions ['ros']
[0.339s] Level 1:colcon.colcon_core.package_identification:_identify(src/data_pkg) by extension 'ros'
[0.340s] DEBUG:colcon.colcon_core.package_identification:Package 'src/data_pkg' with type 'ros.ament_cmake' and name 'data_pkg'
[0.340s] Level 1:colcon.colcon_core.package_identification:_identify(src/risk_assessment) by extensions ['ignore', 'ignore_ament_install']
[0.340s] Level 1:colcon.colcon_core.package_identification:_identify(src/risk_assessment) by extension 'ignore'
[0.340s] Level 1:colcon.colcon_core.package_identification:_identify(src/risk_assessment) by extension 'ignore_ament_install'
[0.340s] Level 1:colcon.colcon_core.package_identification:_identify(src/risk_assessment) by extensions ['colcon_pkg']
[0.340s] Level 1:colcon.colcon_core.package_identification:_identify(src/risk_assessment) by extension 'colcon_pkg'
[0.340s] Level 1:colcon.colcon_core.package_identification:_identify(src/risk_assessment) by extensions ['colcon_meta']
[0.340s] Level 1:colcon.colcon_core.package_identification:_identify(src/risk_assessment) by extension 'colcon_meta'
[0.340s] Level 1:colcon.colcon_core.package_identification:_identify(src/risk_assessment) by extensions ['ros']
[0.340s] Level 1:colcon.colcon_core.package_identification:_identify(src/risk_assessment) by extension 'ros'
[0.341s] DEBUG:colcon.colcon_core.package_identification:Package 'src/risk_assessment' with type 'ros.ament_cmake' and name 'risk_assessment'
[0.341s] Level 1:colcon.colcon_core.package_identification:_identify(src/tcp_socket) by extensions ['ignore', 'ignore_ament_install']
[0.341s] Level 1:colcon.colcon_core.package_identification:_identify(src/tcp_socket) by extension 'ignore'
[0.341s] Level 1:colcon.colcon_core.package_identification:_identify(src/tcp_socket) by extension 'ignore_ament_install'
[0.341s] Level 1:colcon.colcon_core.package_identification:_identify(src/tcp_socket) by extensions ['colcon_pkg']
[0.341s] Level 1:colcon.colcon_core.package_identification:_identify(src/tcp_socket) by extension 'colcon_pkg'
[0.341s] Level 1:colcon.colcon_core.package_identification:_identify(src/tcp_socket) by extensions ['colcon_meta']
[0.341s] Level 1:colcon.colcon_core.package_identification:_identify(src/tcp_socket) by extension 'colcon_meta'
[0.341s] Level 1:colcon.colcon_core.package_identification:_identify(src/tcp_socket) by extensions ['ros']
[0.341s] Level 1:colcon.colcon_core.package_identification:_identify(src/tcp_socket) by extension 'ros'
[0.342s] DEBUG:colcon.colcon_core.package_identification:Package 'src/tcp_socket' with type 'ros.ament_cmake' and name 'tcp_socket'
[0.342s] Level 1:colcon.colcon_core.package_identification:_identify(src/tracking_algorithm) by extensions ['ignore', 'ignore_ament_install']
[0.342s] Level 1:colcon.colcon_core.package_identification:_identify(src/tracking_algorithm) by extension 'ignore'
[0.342s] Level 1:colcon.colcon_core.package_identification:_identify(src/tracking_algorithm) by extension 'ignore_ament_install'
[0.342s] Level 1:colcon.colcon_core.package_identification:_identify(src/tracking_algorithm) by extensions ['colcon_pkg']
[0.342s] Level 1:colcon.colcon_core.package_identification:_identify(src/tracking_algorithm) by extension 'colcon_pkg'
[0.342s] Level 1:colcon.colcon_core.package_identification:_identify(src/tracking_algorithm) by extensions ['colcon_meta']
[0.342s] Level 1:colcon.colcon_core.package_identification:_identify(src/tracking_algorithm) by extension 'colcon_meta'
[0.342s] Level 1:colcon.colcon_core.package_identification:_identify(src/tracking_algorithm) by extensions ['ros']
[0.342s] Level 1:colcon.colcon_core.package_identification:_identify(src/tracking_algorithm) by extension 'ros'
[0.343s] DEBUG:colcon.colcon_core.package_identification:Package 'src/tracking_algorithm' with type 'ros.ament_cmake' and name 'tracking_algorithm'
[0.343s] Level 1:colcon.colcon_core.package_discovery:discover_packages(recursive) using defaults
[0.343s] Level 1:colcon.colcon_core.package_discovery:discover_packages(ignore) discover
[0.343s] Level 1:colcon.colcon_core.package_discovery:discover_packages(ignore) using defaults
[0.343s] Level 1:colcon.colcon_core.package_discovery:discover_packages(path) discover
[0.343s] Level 1:colcon.colcon_core.package_discovery:discover_packages(path) using defaults
[0.360s] Level 1:colcon.colcon_core.package_discovery:discover_packages(prefix_path) check parameters
[0.360s] Level 1:colcon.colcon_core.package_discovery:discover_packages(prefix_path) discover
[0.363s] DEBUG:colcon.colcon_installed_package_information.package_discovery:Found 5 installed packages in /home/bev/bev_ws/install
[0.364s] DEBUG:colcon.colcon_installed_package_information.package_discovery:Found 19 installed packages in /home/bev/carla-ros-bridge/install
[0.366s] DEBUG:colcon.colcon_installed_package_information.package_discovery:Found 278 installed packages in /opt/ros/foxy
[0.367s] Level 1:colcon.colcon_core.package_discovery:discover_packages(prefix_path) using defaults
[0.419s] Level 5:colcon.colcon_core.verb:set package 'custom_msgs' build argument 'cmake_args' from command line to 'None'
[0.419s] Level 5:colcon.colcon_core.verb:set package 'custom_msgs' build argument 'cmake_target' from command line to 'None'
[0.419s] Level 5:colcon.colcon_core.verb:set package 'custom_msgs' build argument 'cmake_target_skip_unavailable' from command line to 'False'
[0.419s] Level 5:colcon.colcon_core.verb:set package 'custom_msgs' build argument 'cmake_clean_cache' from command line to 'False'
[0.419s] Level 5:colcon.colcon_core.verb:set package 'custom_msgs' build argument 'cmake_clean_first' from command line to 'False'
[0.419s] Level 5:colcon.colcon_core.verb:set package 'custom_msgs' build argument 'cmake_force_configure' from command line to 'False'
[0.419s] Level 5:colcon.colcon_core.verb:set package 'custom_msgs' build argument 'ament_cmake_args' from command line to 'None'
[0.419s] Level 5:colcon.colcon_core.verb:set package 'custom_msgs' build argument 'catkin_cmake_args' from command line to 'None'
[0.419s] Level 5:colcon.colcon_core.verb:set package 'custom_msgs' build argument 'catkin_skip_building_tests' from command line to 'False'
[0.419s] DEBUG:colcon.colcon_core.verb:Building package 'custom_msgs' with the following arguments: {'ament_cmake_args': None, 'build_base': '/home/bev/bev_ws/build/custom_msgs', 'catkin_cmake_args': None, 'catkin_skip_building_tests': False, 'cmake_args': None, 'cmake_clean_cache': False, 'cmake_clean_first': False, 'cmake_force_configure': False, 'cmake_target': None, 'cmake_target_skip_unavailable': False, 'install_base': '/home/bev/bev_ws/install/custom_msgs', 'merge_install': False, 'path': '/home/bev/bev_ws/src/custom_msgs', 'symlink_install': False, 'test_result_base': None}
[0.420s] Level 5:colcon.colcon_core.verb:set package 'risk_assessment' build argument 'cmake_args' from command line to 'None'
[0.420s] Level 5:colcon.colcon_core.verb:set package 'risk_assessment' build argument 'cmake_target' from command line to 'None'
[0.420s] Level 5:colcon.colcon_core.verb:set package 'risk_assessment' build argument 'cmake_target_skip_unavailable' from command line to 'False'
[0.420s] Level 5:colcon.colcon_core.verb:set package 'risk_assessment' build argument 'cmake_clean_cache' from command line to 'False'
[0.420s] Level 5:colcon.colcon_core.verb:set package 'risk_assessment' build argument 'cmake_clean_first' from command line to 'False'
[0.420s] Level 5:colcon.colcon_core.verb:set package 'risk_assessment' build argument 'cmake_force_configure' from command line to 'False'
[0.420s] Level 5:colcon.colcon_core.verb:set package 'risk_assessment' build argument 'ament_cmake_args' from command line to 'None'
[0.420s] Level 5:colcon.colcon_core.verb:set package 'risk_assessment' build argument 'catkin_cmake_args' from command line to 'None'
[0.420s] Level 5:colcon.colcon_core.verb:set package 'risk_assessment' build argument 'catkin_skip_building_tests' from command line to 'False'
[0.420s] DEBUG:colcon.colcon_core.verb:Building package 'risk_assessment' with the following arguments: {'ament_cmake_args': None, 'build_base': '/home/bev/bev_ws/build/risk_assessment', 'catkin_cmake_args': None, 'catkin_skip_building_tests': False, 'cmake_args': None, 'cmake_clean_cache': False, 'cmake_clean_first': False, 'cmake_force_configure': False, 'cmake_target': None, 'cmake_target_skip_unavailable': False, 'install_base': '/home/bev/bev_ws/install/risk_assessment', 'merge_install': False, 'path': '/home/bev/bev_ws/src/risk_assessment', 'symlink_install': False, 'test_result_base': None}
[0.422s] Level 5:colcon.colcon_core.verb:set package 'tcp_socket' build argument 'cmake_args' from command line to 'None'
[0.422s] Level 5:colcon.colcon_core.verb:set package 'tcp_socket' build argument 'cmake_target' from command line to 'None'
[0.422s] Level 5:colcon.colcon_core.verb:set package 'tcp_socket' build argument 'cmake_target_skip_unavailable' from command line to 'False'
[0.422s] Level 5:colcon.colcon_core.verb:set package 'tcp_socket' build argument 'cmake_clean_cache' from command line to 'False'
[0.422s] Level 5:colcon.colcon_core.verb:set package 'tcp_socket' build argument 'cmake_clean_first' from command line to 'False'
[0.422s] Level 5:colcon.colcon_core.verb:set package 'tcp_socket' build argument 'cmake_force_configure' from command line to 'False'
[0.422s] Level 5:colcon.colcon_core.verb:set package 'tcp_socket' build argument 'ament_cmake_args' from command line to 'None'
[0.422s] Level 5:colcon.colcon_core.verb:set package 'tcp_socket' build argument 'catkin_cmake_args' from command line to 'None'
[0.422s] Level 5:colcon.colcon_core.verb:set package 'tcp_socket' build argument 'catkin_skip_building_tests' from command line to 'False'
[0.422s] DEBUG:colcon.colcon_core.verb:Building package 'tcp_socket' with the following arguments: {'ament_cmake_args': None, 'build_base': '/home/bev/bev_ws/build/tcp_socket', 'catkin_cmake_args': None, 'catkin_skip_building_tests': False, 'cmake_args': None, 'cmake_clean_cache': False, 'cmake_clean_first': False, 'cmake_force_configure': False, 'cmake_target': None, 'cmake_target_skip_unavailable': False, 'install_base': '/home/bev/bev_ws/install/tcp_socket', 'merge_install': False, 'path': '/home/bev/bev_ws/src/tcp_socket', 'symlink_install': False, 'test_result_base': None}
[0.423s] Level 5:colcon.colcon_core.verb:set package 'data_pkg' build argument 'cmake_args' from command line to 'None'
[0.423s] Level 5:colcon.colcon_core.verb:set package 'data_pkg' build argument 'cmake_target' from command line to 'None'
[0.423s] Level 5:colcon.colcon_core.verb:set package 'data_pkg' build argument 'cmake_target_skip_unavailable' from command line to 'False'
[0.423s] Level 5:colcon.colcon_core.verb:set package 'data_pkg' build argument 'cmake_clean_cache' from command line to 'False'
[0.423s] Level 5:colcon.colcon_core.verb:set package 'data_pkg' build argument 'cmake_clean_first' from command line to 'False'
[0.423s] Level 5:colcon.colcon_core.verb:set package 'data_pkg' build argument 'cmake_force_configure' from command line to 'False'
[0.423s] Level 5:colcon.colcon_core.verb:set package 'data_pkg' build argument 'ament_cmake_args' from command line to 'None'
[0.423s] Level 5:colcon.colcon_core.verb:set package 'data_pkg' build argument 'catkin_cmake_args' from command line to 'None'
[0.423s] Level 5:colcon.colcon_core.verb:set package 'data_pkg' build argument 'catkin_skip_building_tests' from command line to 'False'
[0.423s] DEBUG:colcon.colcon_core.verb:Building package 'data_pkg' with the following arguments: {'ament_cmake_args': None, 'build_base': '/home/bev/bev_ws/build/data_pkg', 'catkin_cmake_args': None, 'catkin_skip_building_tests': False, 'cmake_args': None, 'cmake_clean_cache': False, 'cmake_clean_first': False, 'cmake_force_configure': False, 'cmake_target': None, 'cmake_target_skip_unavailable': False, 'install_base': '/home/bev/bev_ws/install/data_pkg', 'merge_install': False, 'path': '/home/bev/bev_ws/src/data_pkg', 'symlink_install': False, 'test_result_base': None}
[0.424s] Level 5:colcon.colcon_core.verb:set package 'tracking_algorithm' build argument 'cmake_args' from command line to 'None'
[0.424s] Level 5:colcon.colcon_core.verb:set package 'tracking_algorithm' build argument 'cmake_target' from command line to 'None'
[0.424s] Level 5:colcon.colcon_core.verb:set package 'tracking_algorithm' build argument 'cmake_target_skip_unavailable' from command line to 'False'
[0.424s] Level 5:colcon.colcon_core.verb:set package 'tracking_algorithm' build argument 'cmake_clean_cache' from command line to 'False'
[0.424s] Level 5:colcon.colcon_core.verb:set package 'tracking_algorithm' build argument 'cmake_clean_first' from command line to 'False'
[0.424s] Level 5:colcon.colcon_core.verb:set package 'tracking_algorithm' build argument 'cmake_force_configure' from command line to 'False'
[0.424s] Level 5:colcon.colcon_core.verb:set package 'tracking_algorithm' build argument 'ament_cmake_args' from command line to 'None'
[0.424s] Level 5:colcon.colcon_core.verb:set package 'tracking_algorithm' build argument 'catkin_cmake_args' from command line to 'None'
[0.424s] Level 5:colcon.colcon_core.verb:set package 'tracking_algorithm' build argument 'catkin_skip_building_tests' from command line to 'False'
[0.424s] DEBUG:colcon.colcon_core.verb:Building package 'tracking_algorithm' with the following arguments: {'ament_cmake_args': None, 'build_base': '/home/bev/bev_ws/build/tracking_algorithm', 'catkin_cmake_args': None, 'catkin_skip_building_tests': False, 'cmake_args': None, 'cmake_clean_cache': False, 'cmake_clean_first': False, 'cmake_force_configure': False, 'cmake_target': None, 'cmake_target_skip_unavailable': False, 'install_base': '/home/bev/bev_ws/install/tracking_algorithm', 'merge_install': False, 'path': '/home/bev/bev_ws/src/tracking_algorithm', 'symlink_install': False, 'test_result_base': None}
[0.425s] INFO:colcon.colcon_core.executor:Executing jobs using 'parallel' executor
[0.427s] DEBUG:colcon.colcon_parallel_executor.executor.parallel:run_until_complete
[0.428s] INFO:colcon.colcon_ros.task.ament_cmake.build:Building ROS package in '/home/bev/bev_ws/src/custom_msgs' with build type 'ament_cmake'
[0.428s] INFO:colcon.colcon_cmake.task.cmake.build:Building CMake package in '/home/bev/bev_ws/src/custom_msgs'
[0.432s] INFO:colcon.colcon_core.plugin_system:Skipping extension 'colcon_core.shell.bat': Not used on non-Windows systems
[0.432s] INFO:colcon.colcon_core.shell:Skip shell extension 'powershell' for command environment: Not usable outside of PowerShell
[0.432s] DEBUG:colcon.colcon_core.shell:Skip shell extension 'dsv' for command environment
[0.440s] INFO:colcon.colcon_ros.task.ament_cmake.build:Building ROS package in '/home/bev/bev_ws/src/risk_assessment' with build type 'ament_cmake'
[0.440s] INFO:colcon.colcon_cmake.task.cmake.build:Building CMake package in '/home/bev/bev_ws/src/risk_assessment'
[0.442s] INFO:colcon.colcon_core.shell:Skip shell extension 'powershell' for command environment: Not usable outside of PowerShell
[0.442s] DEBUG:colcon.colcon_core.shell:Skip shell extension 'dsv' for command environment
[0.449s] INFO:colcon.colcon_ros.task.ament_cmake.build:Building ROS package in '/home/bev/bev_ws/src/tcp_socket' with build type 'ament_cmake'
[0.450s] INFO:colcon.colcon_cmake.task.cmake.build:Building CMake package in '/home/bev/bev_ws/src/tcp_socket'
[0.451s] INFO:colcon.colcon_core.shell:Skip shell extension 'powershell' for command environment: Not usable outside of PowerShell
[0.451s] DEBUG:colcon.colcon_core.shell:Skip shell extension 'dsv' for command environment
[0.475s] DEBUG:colcon.colcon_core.event_handler.log_command:Invoking command in '/home/bev/bev_ws/build/custom_msgs': CMAKE_PREFIX_PATH=${CMAKE_PREFIX_PATH}:/home/bev/carla-ros-bridge/install/rqt_carla_control:/home/bev/carla-ros-bridge/install/carla_waypoint_publisher:/home/bev/carla-ros-bridge/install/carla_ackermann_control:/home/bev/carla-ros-bridge/install/carla_ros_bridge:/home/bev/carla-ros-bridge/install/carla_spawn_objects:/home/bev/carla-ros-bridge/install/carla_manual_control:/home/bev/carla-ros-bridge/install/carla_ad_agent:/home/bev/carla-ros-bridge/install/ros_compatibility:/home/bev/carla-ros-bridge/install/carla_walker_agent:/home/bev/carla-ros-bridge/install/carla_twist_to_control:/home/bev/carla-ros-bridge/install/carla_ros_scenario_runner:/home/bev/carla-ros-bridge/install/carla_common:/opt/ros/foxy /usr/bin/cmake --build /home/bev/bev_ws/build/custom_msgs -- -j28 -l28
[0.482s] DEBUG:colcon.colcon_core.event_handler.log_command:Invoking command in '/home/bev/bev_ws/build/risk_assessment': CMAKE_PREFIX_PATH=${CMAKE_PREFIX_PATH}:/home/bev/carla-ros-bridge/install/rqt_carla_control:/home/bev/carla-ros-bridge/install/carla_waypoint_publisher:/home/bev/carla-ros-bridge/install/carla_ackermann_control:/home/bev/carla-ros-bridge/install/carla_ros_bridge:/home/bev/carla-ros-bridge/install/carla_spawn_objects:/home/bev/carla-ros-bridge/install/carla_manual_control:/home/bev/carla-ros-bridge/install/carla_ad_agent:/home/bev/carla-ros-bridge/install/ros_compatibility:/home/bev/carla-ros-bridge/install/carla_walker_agent:/home/bev/carla-ros-bridge/install/carla_twist_to_control:/home/bev/carla-ros-bridge/install/carla_ros_scenario_runner:/home/bev/carla-ros-bridge/install/carla_common:/opt/ros/foxy /usr/bin/cmake --build /home/bev/bev_ws/build/risk_assessment -- -j28 -l28
[0.490s] DEBUG:colcon.colcon_core.event_handler.log_command:Invoking command in '/home/bev/bev_ws/build/tcp_socket': CMAKE_PREFIX_PATH=${CMAKE_PREFIX_PATH}:/home/bev/carla-ros-bridge/install/rqt_carla_control:/home/bev/carla-ros-bridge/install/carla_waypoint_publisher:/home/bev/carla-ros-bridge/install/carla_ackermann_control:/home/bev/carla-ros-bridge/install/carla_ros_bridge:/home/bev/carla-ros-bridge/install/carla_spawn_objects:/home/bev/carla-ros-bridge/install/carla_manual_control:/home/bev/carla-ros-bridge/install/carla_ad_agent:/home/bev/carla-ros-bridge/install/ros_compatibility:/home/bev/carla-ros-bridge/install/carla_walker_agent:/home/bev/carla-ros-bridge/install/carla_twist_to_control:/home/bev/carla-ros-bridge/install/carla_ros_scenario_runner:/home/bev/carla-ros-bridge/install/carla_common:/opt/ros/foxy /usr/bin/cmake --build /home/bev/bev_ws/build/tcp_socket -- -j28 -l28
[0.630s] DEBUG:colcon.colcon_core.event_handler.log_command:Invoked command in '/home/bev/bev_ws/build/tcp_socket' returned '0': CMAKE_PREFIX_PATH=${CMAKE_PREFIX_PATH}:/home/bev/carla-ros-bridge/install/rqt_carla_control:/home/bev/carla-ros-bridge/install/carla_waypoint_publisher:/home/bev/carla-ros-bridge/install/carla_ackermann_control:/home/bev/carla-ros-bridge/install/carla_ros_bridge:/home/bev/carla-ros-bridge/install/carla_spawn_objects:/home/bev/carla-ros-bridge/install/carla_manual_control:/home/bev/carla-ros-bridge/install/carla_ad_agent:/home/bev/carla-ros-bridge/install/ros_compatibility:/home/bev/carla-ros-bridge/install/carla_walker_agent:/home/bev/carla-ros-bridge/install/carla_twist_to_control:/home/bev/carla-ros-bridge/install/carla_ros_scenario_runner:/home/bev/carla-ros-bridge/install/carla_common:/opt/ros/foxy /usr/bin/cmake --build /home/bev/bev_ws/build/tcp_socket -- -j28 -l28
[0.635s] DEBUG:colcon.colcon_core.event_handler.log_command:Invoked command in '/home/bev/bev_ws/build/risk_assessment' returned '0': CMAKE_PREFIX_PATH=${CMAKE_PREFIX_PATH}:/home/bev/carla-ros-bridge/install/rqt_carla_control:/home/bev/carla-ros-bridge/install/carla_waypoint_publisher:/home/bev/carla-ros-bridge/install/carla_ackermann_control:/home/bev/carla-ros-bridge/install/carla_ros_bridge:/home/bev/carla-ros-bridge/install/carla_spawn_objects:/home/bev/carla-ros-bridge/install/carla_manual_control:/home/bev/carla-ros-bridge/install/carla_ad_agent:/home/bev/carla-ros-bridge/install/ros_compatibility:/home/bev/carla-ros-bridge/install/carla_walker_agent:/home/bev/carla-ros-bridge/install/carla_twist_to_control:/home/bev/carla-ros-bridge/install/carla_ros_scenario_runner:/home/bev/carla-ros-bridge/install/carla_common:/opt/ros/foxy /usr/bin/cmake --build /home/bev/bev_ws/build/risk_assessment -- -j28 -l28
[0.694s] DEBUG:colcon.colcon_core.event_handler.log_command:Invoking command in '/home/bev/bev_ws/build/tcp_socket': CMAKE_PREFIX_PATH=${CMAKE_PREFIX_PATH}:/home/bev/carla-ros-bridge/install/rqt_carla_control:/home/bev/carla-ros-bridge/install/carla_waypoint_publisher:/home/bev/carla-ros-bridge/install/carla_ackermann_control:/home/bev/carla-ros-bridge/install/carla_ros_bridge:/home/bev/carla-ros-bridge/install/carla_spawn_objects:/home/bev/carla-ros-bridge/install/carla_manual_control:/home/bev/carla-ros-bridge/install/carla_ad_agent:/home/bev/carla-ros-bridge/install/ros_compatibility:/home/bev/carla-ros-bridge/install/carla_walker_agent:/home/bev/carla-ros-bridge/install/carla_twist_to_control:/home/bev/carla-ros-bridge/install/carla_ros_scenario_runner:/home/bev/carla-ros-bridge/install/carla_common:/opt/ros/foxy /usr/bin/cmake --install /home/bev/bev_ws/build/tcp_socket
[0.702s] DEBUG:colcon.colcon_core.event_handler.log_command:Invoking command in '/home/bev/bev_ws/build/risk_assessment': CMAKE_PREFIX_PATH=${CMAKE_PREFIX_PATH}:/home/bev/carla-ros-bridge/install/rqt_carla_control:/home/bev/carla-ros-bridge/install/carla_waypoint_publisher:/home/bev/carla-ros-bridge/install/carla_ackermann_control:/home/bev/carla-ros-bridge/install/carla_ros_bridge:/home/bev/carla-ros-bridge/install/carla_spawn_objects:/home/bev/carla-ros-bridge/install/carla_manual_control:/home/bev/carla-ros-bridge/install/carla_ad_agent:/home/bev/carla-ros-bridge/install/ros_compatibility:/home/bev/carla-ros-bridge/install/carla_walker_agent:/home/bev/carla-ros-bridge/install/carla_twist_to_control:/home/bev/carla-ros-bridge/install/carla_ros_scenario_runner:/home/bev/carla-ros-bridge/install/carla_common:/opt/ros/foxy /usr/bin/cmake --install /home/bev/bev_ws/build/risk_assessment
[0.721s] Level 1:colcon.colcon_core.environment:create_environment_scripts_only(tcp_socket)
[0.722s] DEBUG:colcon.colcon_core.event_handler.log_command:Invoked command in '/home/bev/bev_ws/build/tcp_socket' returned '0': CMAKE_PREFIX_PATH=${CMAKE_PREFIX_PATH}:/home/bev/carla-ros-bridge/install/rqt_carla_control:/home/bev/carla-ros-bridge/install/carla_waypoint_publisher:/home/bev/carla-ros-bridge/install/carla_ackermann_control:/home/bev/carla-ros-bridge/install/carla_ros_bridge:/home/bev/carla-ros-bridge/install/carla_spawn_objects:/home/bev/carla-ros-bridge/install/carla_manual_control:/home/bev/carla-ros-bridge/install/carla_ad_agent:/home/bev/carla-ros-bridge/install/ros_compatibility:/home/bev/carla-ros-bridge/install/carla_walker_agent:/home/bev/carla-ros-bridge/install/carla_twist_to_control:/home/bev/carla-ros-bridge/install/carla_ros_scenario_runner:/home/bev/carla-ros-bridge/install/carla_common:/opt/ros/foxy /usr/bin/cmake --install /home/bev/bev_ws/build/tcp_socket
[0.729s] Level 1:colcon.colcon_core.environment:checking '/home/bev/bev_ws/install/tcp_socket' for CMake module files
[0.730s] Level 1:colcon.colcon_core.environment:checking '/home/bev/bev_ws/install/tcp_socket' for CMake config files
[0.730s] Level 1:colcon.colcon_core.shell:create_environment_hook('tcp_socket', 'cmake_prefix_path')
[0.731s] INFO:colcon.colcon_core.shell:Creating environment hook '/home/bev/bev_ws/install/tcp_socket/share/tcp_socket/hook/cmake_prefix_path.ps1'
[0.732s] INFO:colcon.colcon_core.shell:Creating environment descriptor '/home/bev/bev_ws/install/tcp_socket/share/tcp_socket/hook/cmake_prefix_path.dsv'
[0.732s] INFO:colcon.colcon_core.shell:Creating environment hook '/home/bev/bev_ws/install/tcp_socket/share/tcp_socket/hook/cmake_prefix_path.sh'
[0.733s] Level 1:colcon.colcon_core.environment:checking '/home/bev/bev_ws/install/tcp_socket/lib'
[0.733s] Level 1:colcon.colcon_core.environment:checking '/home/bev/bev_ws/install/tcp_socket/bin'
[0.733s] Level 1:colcon.colcon_core.environment:checking '/home/bev/bev_ws/install/tcp_socket/lib/pkgconfig/tcp_socket.pc'
[0.733s] Level 1:colcon.colcon_core.environment:checking '/home/bev/bev_ws/install/tcp_socket/lib/python3.8/site-packages'
[0.733s] Level 1:colcon.colcon_core.environment:checking '/home/bev/bev_ws/install/tcp_socket/bin'
[0.735s] INFO:colcon.colcon_core.shell:Creating package script '/home/bev/bev_ws/install/tcp_socket/share/tcp_socket/package.ps1'
[0.735s] INFO:colcon.colcon_core.shell:Creating package descriptor '/home/bev/bev_ws/install/tcp_socket/share/tcp_socket/package.dsv'
[0.736s] INFO:colcon.colcon_core.shell:Creating package script '/home/bev/bev_ws/install/tcp_socket/share/tcp_socket/package.sh'
[0.737s] INFO:colcon.colcon_core.shell:Creating package script '/home/bev/bev_ws/install/tcp_socket/share/tcp_socket/package.bash'
[0.738s] INFO:colcon.colcon_core.shell:Creating package script '/home/bev/bev_ws/install/tcp_socket/share/tcp_socket/package.zsh'
[0.739s] Level 1:colcon.colcon_core.environment:create_file_with_runtime_dependencies(/home/bev/bev_ws/install/tcp_socket/share/colcon-core/packages/tcp_socket)
[0.747s] Level 1:colcon.colcon_core.environment:create_environment_scripts_only(risk_assessment)
[0.753s] Level 1:colcon.colcon_core.environment:checking '/home/bev/bev_ws/install/risk_assessment' for CMake module files
[0.754s] DEBUG:colcon.colcon_core.event_handler.log_command:Invoked command in '/home/bev/bev_ws/build/risk_assessment' returned '0': CMAKE_PREFIX_PATH=${CMAKE_PREFIX_PATH}:/home/bev/carla-ros-bridge/install/rqt_carla_control:/home/bev/carla-ros-bridge/install/carla_waypoint_publisher:/home/bev/carla-ros-bridge/install/carla_ackermann_control:/home/bev/carla-ros-bridge/install/carla_ros_bridge:/home/bev/carla-ros-bridge/install/carla_spawn_objects:/home/bev/carla-ros-bridge/install/carla_manual_control:/home/bev/carla-ros-bridge/install/carla_ad_agent:/home/bev/carla-ros-bridge/install/ros_compatibility:/home/bev/carla-ros-bridge/install/carla_walker_agent:/home/bev/carla-ros-bridge/install/carla_twist_to_control:/home/bev/carla-ros-bridge/install/carla_ros_scenario_runner:/home/bev/carla-ros-bridge/install/carla_common:/opt/ros/foxy /usr/bin/cmake --install /home/bev/bev_ws/build/risk_assessment
[0.755s] Level 1:colcon.colcon_core.environment:checking '/home/bev/bev_ws/install/risk_assessment' for CMake config files
[0.756s] Level 1:colcon.colcon_core.shell:create_environment_hook('risk_assessment', 'cmake_prefix_path')
[0.759s] INFO:colcon.colcon_core.shell:Creating environment hook '/home/bev/bev_ws/install/risk_assessment/share/risk_assessment/hook/cmake_prefix_path.ps1'
[0.759s] INFO:colcon.colcon_core.shell:Creating environment descriptor '/home/bev/bev_ws/install/risk_assessment/share/risk_assessment/hook/cmake_prefix_path.dsv'
[0.760s] INFO:colcon.colcon_core.shell:Creating environment hook '/home/bev/bev_ws/install/risk_assessment/share/risk_assessment/hook/cmake_prefix_path.sh'
[0.761s] Level 1:colcon.colcon_core.environment:checking '/home/bev/bev_ws/install/risk_assessment/lib'
[0.761s] Level 1:colcon.colcon_core.environment:checking '/home/bev/bev_ws/install/risk_assessment/bin'
[0.761s] Level 1:colcon.colcon_core.environment:checking '/home/bev/bev_ws/install/risk_assessment/lib/pkgconfig/risk_assessment.pc'
[0.761s] Level 1:colcon.colcon_core.environment:checking '/home/bev/bev_ws/install/risk_assessment/lib/python3.8/site-packages'
[0.762s] Level 1:colcon.colcon_core.environment:checking '/home/bev/bev_ws/install/risk_assessment/bin'
[0.764s] INFO:colcon.colcon_core.shell:Creating package script '/home/bev/bev_ws/install/risk_assessment/share/risk_assessment/package.ps1'
[0.765s] INFO:colcon.colcon_core.shell:Creating package descriptor '/home/bev/bev_ws/install/risk_assessment/share/risk_assessment/package.dsv'
[0.765s] INFO:colcon.colcon_core.shell:Creating package script '/home/bev/bev_ws/install/risk_assessment/share/risk_assessment/package.sh'
[0.766s] INFO:colcon.colcon_core.shell:Creating package script '/home/bev/bev_ws/install/risk_assessment/share/risk_assessment/package.bash'
[0.766s] INFO:colcon.colcon_core.shell:Creating package script '/home/bev/bev_ws/install/risk_assessment/share/risk_assessment/package.zsh'
[0.767s] Level 1:colcon.colcon_core.environment:create_file_with_runtime_dependencies(/home/bev/bev_ws/install/risk_assessment/share/colcon-core/packages/risk_assessment)
[0.796s] Level 1:colcon.colcon_core.environment:create_environment_scripts_only(tcp_socket)
[0.802s] Level 1:colcon.colcon_core.environment:checking '/home/bev/bev_ws/install/tcp_socket' for CMake module files
[0.803s] Level 1:colcon.colcon_core.environment:checking '/home/bev/bev_ws/install/tcp_socket' for CMake config files
[0.804s] Level 1:colcon.colcon_core.shell:create_environment_hook('tcp_socket', 'cmake_prefix_path')
[0.807s] INFO:colcon.colcon_core.shell:Creating environment hook '/home/bev/bev_ws/install/tcp_socket/share/tcp_socket/hook/cmake_prefix_path.ps1'
[0.808s] INFO:colcon.colcon_core.shell:Creating environment descriptor '/home/bev/bev_ws/install/tcp_socket/share/tcp_socket/hook/cmake_prefix_path.dsv'
[0.809s] INFO:colcon.colcon_core.shell:Creating environment hook '/home/bev/bev_ws/install/tcp_socket/share/tcp_socket/hook/cmake_prefix_path.sh'
[0.809s] Level 1:colcon.colcon_core.environment:checking '/home/bev/bev_ws/install/tcp_socket/lib'
[0.809s] Level 1:colcon.colcon_core.environment:checking '/home/bev/bev_ws/install/tcp_socket/bin'
[0.810s] Level 1:colcon.colcon_core.environment:checking '/home/bev/bev_ws/install/tcp_socket/lib/pkgconfig/tcp_socket.pc'
[0.810s] Level 1:colcon.colcon_core.environment:checking '/home/bev/bev_ws/install/tcp_socket/lib/python3.8/site-packages'
[0.810s] Level 1:colcon.colcon_core.environment:checking '/home/bev/bev_ws/install/tcp_socket/bin'
[0.813s] INFO:colcon.colcon_core.shell:Creating package script '/home/bev/bev_ws/install/tcp_socket/share/tcp_socket/package.ps1'
[0.813s] INFO:colcon.colcon_core.shell:Creating package descriptor '/home/bev/bev_ws/install/tcp_socket/share/tcp_socket/package.dsv'
[0.814s] INFO:colcon.colcon_core.shell:Creating package script '/home/bev/bev_ws/install/tcp_socket/share/tcp_socket/package.sh'
[0.815s] INFO:colcon.colcon_core.shell:Creating package script '/home/bev/bev_ws/install/tcp_socket/share/tcp_socket/package.bash'
[0.815s] INFO:colcon.colcon_core.shell:Creating package script '/home/bev/bev_ws/install/tcp_socket/share/tcp_socket/package.zsh'
[0.816s] Level 1:colcon.colcon_core.environment:create_file_with_runtime_dependencies(/home/bev/bev_ws/install/tcp_socket/share/colcon-core/packages/tcp_socket)
[0.827s] Level 1:colcon.colcon_core.environment:create_environment_scripts_only(risk_assessment)
[0.830s] Level 1:colcon.colcon_core.environment:checking '/home/bev/bev_ws/install/risk_assessment' for CMake module files
[0.831s] Level 1:colcon.colcon_core.environment:checking '/home/bev/bev_ws/install/risk_assessment' for CMake config files
[0.831s] Level 1:colcon.colcon_core.shell:create_environment_hook('risk_assessment', 'cmake_prefix_path')
[0.833s] INFO:colcon.colcon_core.shell:Creating environment hook '/home/bev/bev_ws/install/risk_assessment/share/risk_assessment/hook/cmake_prefix_path.ps1'
[0.834s] INFO:colcon.colcon_core.shell:Creating environment descriptor '/home/bev/bev_ws/install/risk_assessment/share/risk_assessment/hook/cmake_prefix_path.dsv'
[0.835s] INFO:colcon.colcon_core.shell:Creating environment hook '/home/bev/bev_ws/install/risk_assessment/share/risk_assessment/hook/cmake_prefix_path.sh'
[0.835s] Level 1:colcon.colcon_core.environment:checking '/home/bev/bev_ws/install/risk_assessment/lib'
[0.835s] Level 1:colcon.colcon_core.environment:checking '/home/bev/bev_ws/install/risk_assessment/bin'
[0.835s] Level 1:colcon.colcon_core.environment:checking '/home/bev/bev_ws/install/risk_assessment/lib/pkgconfig/risk_assessment.pc'
[0.836s] Level 1:colcon.colcon_core.environment:checking '/home/bev/bev_ws/install/risk_assessment/lib/python3.8/site-packages'
[0.836s] Level 1:colcon.colcon_core.environment:checking '/home/bev/bev_ws/install/risk_assessment/bin'
[0.838s] INFO:colcon.colcon_core.shell:Creating package script '/home/bev/bev_ws/install/risk_assessment/share/risk_assessment/package.ps1'
[0.838s] INFO:colcon.colcon_core.shell:Creating package descriptor '/home/bev/bev_ws/install/risk_assessment/share/risk_assessment/package.dsv'
[0.839s] INFO:colcon.colcon_core.shell:Creating package script '/home/bev/bev_ws/install/risk_assessment/share/risk_assessment/package.sh'
[0.839s] INFO:colcon.colcon_core.shell:Creating package script '/home/bev/bev_ws/install/risk_assessment/share/risk_assessment/package.bash'
[0.840s] INFO:colcon.colcon_core.shell:Creating package script '/home/bev/bev_ws/install/risk_assessment/share/risk_assessment/package.zsh'
[0.840s] Level 1:colcon.colcon_core.environment:create_file_with_runtime_dependencies(/home/bev/bev_ws/install/risk_assessment/share/colcon-core/packages/risk_assessment)
[0.921s] DEBUG:colcon.colcon_core.event_handler.log_command:Invoked command in '/home/bev/bev_ws/build/custom_msgs' returned '0': CMAKE_PREFIX_PATH=${CMAKE_PREFIX_PATH}:/home/bev/carla-ros-bridge/install/rqt_carla_control:/home/bev/carla-ros-bridge/install/carla_waypoint_publisher:/home/bev/carla-ros-bridge/install/carla_ackermann_control:/home/bev/carla-ros-bridge/install/carla_ros_bridge:/home/bev/carla-ros-bridge/install/carla_spawn_objects:/home/bev/carla-ros-bridge/install/carla_manual_control:/home/bev/carla-ros-bridge/install/carla_ad_agent:/home/bev/carla-ros-bridge/install/ros_compatibility:/home/bev/carla-ros-bridge/install/carla_walker_agent:/home/bev/carla-ros-bridge/install/carla_twist_to_control:/home/bev/carla-ros-bridge/install/carla_ros_scenario_runner:/home/bev/carla-ros-bridge/install/carla_common:/opt/ros/foxy /usr/bin/cmake --build /home/bev/bev_ws/build/custom_msgs -- -j28 -l28
[1.149s] DEBUG:colcon.colcon_core.event_handler.log_command:Invoking command in '/home/bev/bev_ws/build/custom_msgs': CMAKE_PREFIX_PATH=${CMAKE_PREFIX_PATH}:/home/bev/carla-ros-bridge/install/rqt_carla_control:/home/bev/carla-ros-bridge/install/carla_waypoint_publisher:/home/bev/carla-ros-bridge/install/carla_ackermann_control:/home/bev/carla-ros-bridge/install/carla_ros_bridge:/home/bev/carla-ros-bridge/install/carla_spawn_objects:/home/bev/carla-ros-bridge/install/carla_manual_control:/home/bev/carla-ros-bridge/install/carla_ad_agent:/home/bev/carla-ros-bridge/install/ros_compatibility:/home/bev/carla-ros-bridge/install/carla_walker_agent:/home/bev/carla-ros-bridge/install/carla_twist_to_control:/home/bev/carla-ros-bridge/install/carla_ros_scenario_runner:/home/bev/carla-ros-bridge/install/carla_common:/opt/ros/foxy /usr/bin/cmake --install /home/bev/bev_ws/build/custom_msgs
[1.271s] Level 1:colcon.colcon_core.environment:create_environment_scripts_only(custom_msgs)
[1.278s] Level 1:colcon.colcon_core.environment:checking '/home/bev/bev_ws/install/custom_msgs' for CMake module files
[1.279s] DEBUG:colcon.colcon_core.event_handler.log_command:Invoked command in '/home/bev/bev_ws/build/custom_msgs' returned '0': CMAKE_PREFIX_PATH=${CMAKE_PREFIX_PATH}:/home/bev/carla-ros-bridge/install/rqt_carla_control:/home/bev/carla-ros-bridge/install/carla_waypoint_publisher:/home/bev/carla-ros-bridge/install/carla_ackermann_control:/home/bev/carla-ros-bridge/install/carla_ros_bridge:/home/bev/carla-ros-bridge/install/carla_spawn_objects:/home/bev/carla-ros-bridge/install/carla_manual_control:/home/bev/carla-ros-bridge/install/carla_ad_agent:/home/bev/carla-ros-bridge/install/ros_compatibility:/home/bev/carla-ros-bridge/install/carla_walker_agent:/home/bev/carla-ros-bridge/install/carla_twist_to_control:/home/bev/carla-ros-bridge/install/carla_ros_scenario_runner:/home/bev/carla-ros-bridge/install/carla_common:/opt/ros/foxy /usr/bin/cmake --install /home/bev/bev_ws/build/custom_msgs
[1.280s] Level 1:colcon.colcon_core.environment:checking '/home/bev/bev_ws/install/custom_msgs' for CMake config files
[1.282s] Level 1:colcon.colcon_core.shell:create_environment_hook('custom_msgs', 'cmake_prefix_path')
[1.285s] INFO:colcon.colcon_core.shell:Creating environment hook '/home/bev/bev_ws/install/custom_msgs/share/custom_msgs/hook/cmake_prefix_path.ps1'
[1.287s] INFO:colcon.colcon_core.shell:Creating environment descriptor '/home/bev/bev_ws/install/custom_msgs/share/custom_msgs/hook/cmake_prefix_path.dsv'
[1.287s] INFO:colcon.colcon_core.shell:Creating environment hook '/home/bev/bev_ws/install/custom_msgs/share/custom_msgs/hook/cmake_prefix_path.sh'
[1.288s] Level 1:colcon.colcon_core.environment:checking '/home/bev/bev_ws/install/custom_msgs/lib'
[1.289s] Level 1:colcon.colcon_core.shell:create_environment_hook('custom_msgs', 'ld_library_path_lib')
[1.290s] INFO:colcon.colcon_core.shell:Creating environment hook '/home/bev/bev_ws/install/custom_msgs/share/custom_msgs/hook/ld_library_path_lib.ps1'
[1.290s] INFO:colcon.colcon_core.shell:Creating environment descriptor '/home/bev/bev_ws/install/custom_msgs/share/custom_msgs/hook/ld_library_path_lib.dsv'
[1.291s] INFO:colcon.colcon_core.shell:Creating environment hook '/home/bev/bev_ws/install/custom_msgs/share/custom_msgs/hook/ld_library_path_lib.sh'
[1.291s] Level 1:colcon.colcon_core.environment:checking '/home/bev/bev_ws/install/custom_msgs/bin'
[1.291s] Level 1:colcon.colcon_core.environment:checking '/home/bev/bev_ws/install/custom_msgs/lib/pkgconfig/custom_msgs.pc'
[1.291s] Level 1:colcon.colcon_core.environment:checking '/home/bev/bev_ws/install/custom_msgs/lib/python3.8/site-packages'
[1.291s] Level 1:colcon.colcon_core.shell:create_environment_hook('custom_msgs', 'pythonpath')
[1.292s] INFO:colcon.colcon_core.shell:Creating environment hook '/home/bev/bev_ws/install/custom_msgs/share/custom_msgs/hook/pythonpath.ps1'
[1.293s] INFO:colcon.colcon_core.shell:Creating environment descriptor '/home/bev/bev_ws/install/custom_msgs/share/custom_msgs/hook/pythonpath.dsv'
[1.293s] INFO:colcon.colcon_core.shell:Creating environment hook '/home/bev/bev_ws/install/custom_msgs/share/custom_msgs/hook/pythonpath.sh'
[1.293s] Level 1:colcon.colcon_core.environment:checking '/home/bev/bev_ws/install/custom_msgs/bin'
[1.294s] INFO:colcon.colcon_core.shell:Creating package script '/home/bev/bev_ws/install/custom_msgs/share/custom_msgs/package.ps1'
[1.295s] INFO:colcon.colcon_core.shell:Creating package descriptor '/home/bev/bev_ws/install/custom_msgs/share/custom_msgs/package.dsv'
[1.295s] INFO:colcon.colcon_core.shell:Creating package script '/home/bev/bev_ws/install/custom_msgs/share/custom_msgs/package.sh'
[1.296s] INFO:colcon.colcon_core.shell:Creating package script '/home/bev/bev_ws/install/custom_msgs/share/custom_msgs/package.bash'
[1.296s] INFO:colcon.colcon_core.shell:Creating package script '/home/bev/bev_ws/install/custom_msgs/share/custom_msgs/package.zsh'
[1.296s] Level 1:colcon.colcon_core.environment:create_file_with_runtime_dependencies(/home/bev/bev_ws/install/custom_msgs/share/colcon-core/packages/custom_msgs)
[1.529s] Level 1:colcon.colcon_core.environment:create_environment_scripts_only(custom_msgs)
[1.535s] Level 1:colcon.colcon_core.environment:checking '/home/bev/bev_ws/install/custom_msgs' for CMake module files
[1.537s] Level 1:colcon.colcon_core.environment:checking '/home/bev/bev_ws/install/custom_msgs' for CMake config files
[1.538s] Level 1:colcon.colcon_core.shell:create_environment_hook('custom_msgs', 'cmake_prefix_path')
[1.542s] INFO:colcon.colcon_core.shell:Creating environment hook '/home/bev/bev_ws/install/custom_msgs/share/custom_msgs/hook/cmake_prefix_path.ps1'
[1.543s] INFO:colcon.colcon_core.shell:Creating environment descriptor '/home/bev/bev_ws/install/custom_msgs/share/custom_msgs/hook/cmake_prefix_path.dsv'
[1.544s] INFO:colcon.colcon_core.shell:Creating environment hook '/home/bev/bev_ws/install/custom_msgs/share/custom_msgs/hook/cmake_prefix_path.sh'
[1.545s] Level 1:colcon.colcon_core.environment:checking '/home/bev/bev_ws/install/custom_msgs/lib'
[1.545s] Level 1:colcon.colcon_core.shell:create_environment_hook('custom_msgs', 'ld_library_path_lib')
[1.547s] INFO:colcon.colcon_core.shell:Creating environment hook '/home/bev/bev_ws/install/custom_msgs/share/custom_msgs/hook/ld_library_path_lib.ps1'
[1.548s] INFO:colcon.colcon_core.shell:Creating environment descriptor '/home/bev/bev_ws/install/custom_msgs/share/custom_msgs/hook/ld_library_path_lib.dsv'
[1.548s] INFO:colcon.colcon_core.shell:Creating environment hook '/home/bev/bev_ws/install/custom_msgs/share/custom_msgs/hook/ld_library_path_lib.sh'
[1.549s] Level 1:colcon.colcon_core.environment:checking '/home/bev/bev_ws/install/custom_msgs/bin'
[1.549s] Level 1:colcon.colcon_core.environment:checking '/home/bev/bev_ws/install/custom_msgs/lib/pkgconfig/custom_msgs.pc'
[1.549s] Level 1:colcon.colcon_core.environment:checking '/home/bev/bev_ws/install/custom_msgs/lib/python3.8/site-packages'
[1.550s] Level 1:colcon.colcon_core.shell:create_environment_hook('custom_msgs', 'pythonpath')
[1.552s] INFO:colcon.colcon_core.shell:Creating environment hook '/home/bev/bev_ws/install/custom_msgs/share/custom_msgs/hook/pythonpath.ps1'
[1.552s] INFO:colcon.colcon_core.shell:Creating environment descriptor '/home/bev/bev_ws/install/custom_msgs/share/custom_msgs/hook/pythonpath.dsv'
[1.553s] INFO:colcon.colcon_core.shell:Creating environment hook '/home/bev/bev_ws/install/custom_msgs/share/custom_msgs/hook/pythonpath.sh'
[1.554s] Level 1:colcon.colcon_core.environment:checking '/home/bev/bev_ws/install/custom_msgs/bin'
[1.556s] INFO:colcon.colcon_core.shell:Creating package script '/home/bev/bev_ws/install/custom_msgs/share/custom_msgs/package.ps1'
[1.556s] INFO:colcon.colcon_core.shell:Creating package descriptor '/home/bev/bev_ws/install/custom_msgs/share/custom_msgs/package.dsv'
[1.557s] INFO:colcon.colcon_core.shell:Creating package script '/home/bev/bev_ws/install/custom_msgs/share/custom_msgs/package.sh'
[1.558s] INFO:colcon.colcon_core.shell:Creating package script '/home/bev/bev_ws/install/custom_msgs/share/custom_msgs/package.bash'
[1.559s] INFO:colcon.colcon_core.shell:Creating package script '/home/bev/bev_ws/install/custom_msgs/share/custom_msgs/package.zsh'
[1.559s] Level 1:colcon.colcon_core.environment:create_file_with_runtime_dependencies(/home/bev/bev_ws/install/custom_msgs/share/colcon-core/packages/custom_msgs)
[1.559s] INFO:colcon.colcon_ros.task.ament_cmake.build:Building ROS package in '/home/bev/bev_ws/src/data_pkg' with build type 'ament_cmake'
[1.560s] INFO:colcon.colcon_cmake.task.cmake.build:Building CMake package in '/home/bev/bev_ws/src/data_pkg'
[1.561s] INFO:colcon.colcon_core.shell:Skip shell extension 'powershell' for command environment: Not usable outside of PowerShell
[1.561s] DEBUG:colcon.colcon_core.shell:Skip shell extension 'dsv' for command environment
[1.571s] INFO:colcon.colcon_ros.task.ament_cmake.build:Building ROS package in '/home/bev/bev_ws/src/tracking_algorithm' with build type 'ament_cmake'
[1.572s] INFO:colcon.colcon_cmake.task.cmake.build:Building CMake package in '/home/bev/bev_ws/src/tracking_algorithm'
[1.573s] INFO:colcon.colcon_core.shell:Skip shell extension 'powershell' for command environment: Not usable outside of PowerShell
[1.573s] DEBUG:colcon.colcon_core.shell:Skip shell extension 'dsv' for command environment
[1.588s] DEBUG:colcon.colcon_core.event_handler.log_command:Invoking command in '/home/bev/bev_ws/build/data_pkg': CMAKE_PREFIX_PATH=/home/bev/bev_ws/install/custom_msgs:/home/bev/bev_ws/install/tracking_algorithm:/home/bev/bev_ws/install/tcp_socket:/home/bev/bev_ws/install/risk_assessment:/home/bev/bev_ws/install/data_pkg:/home/bev/carla-ros-bridge/install/carla_ad_demo:/home/bev/carla-ros-bridge/install/rviz_carla_plugin:/home/bev/carla-ros-bridge/install/pcl_recorder:/home/bev/carla-ros-bridge/install/carla_waypoint_types:/home/bev/carla-ros-bridge/install/carla_ros_scenario_runner_types:/home/bev/carla-ros-bridge/install/carla_ackermann_msgs:/home/bev/carla-ros-bridge/install/carla_msgs:/home/bev/carla-ros-bridge/install/rqt_carla_control:/home/bev/carla-ros-bridge/install/carla_waypoint_publisher:/home/bev/carla-ros-bridge/install/carla_ackermann_control:/home/bev/carla-ros-bridge/install/carla_ros_bridge:/home/bev/carla-ros-bridge/install/carla_spawn_objects:/home/bev/carla-ros-bridge/install/carla_manual_control:/home/bev/carla-ros-bridge/install/carla_ad_agent:/home/bev/carla-ros-bridge/install/ros_compatibility:/home/bev/carla-ros-bridge/install/carla_walker_agent:/home/bev/carla-ros-bridge/install/carla_twist_to_control:/home/bev/carla-ros-bridge/install/carla_ros_scenario_runner:/home/bev/carla-ros-bridge/install/carla_common:/opt/ros/foxy LD_LIBRARY_PATH=/home/bev/bev_ws/install/custom_msgs/lib:/home/bev/carla-ros-bridge/install/rviz_carla_plugin/lib:/home/bev/carla-ros-bridge/install/carla_waypoint_types/lib:/home/bev/carla-ros-bridge/install/carla_ros_scenario_runner_types/lib:/home/bev/carla-ros-bridge/install/carla_ackermann_msgs/lib:/home/bev/carla-ros-bridge/install/carla_msgs/lib:/opt/ros/foxy/opt/yaml_cpp_vendor/lib:/opt/ros/foxy/opt/rviz_ogre_vendor/lib:/opt/ros/foxy/lib/x86_64-linux-gnu:/opt/ros/foxy/lib:/usr/local/cuda-11.3/lib64:/home/bev/TensorRT-8.6.1.6/lib /usr/bin/cmake --build /home/bev/bev_ws/build/data_pkg -- -j28 -l28
[1.595s] DEBUG:colcon.colcon_core.event_handler.log_command:Invoking command in '/home/bev/bev_ws/build/tracking_algorithm': CMAKE_PREFIX_PATH=/home/bev/bev_ws/install/custom_msgs:/home/bev/bev_ws/install/tracking_algorithm:/home/bev/bev_ws/install/tcp_socket:/home/bev/bev_ws/install/risk_assessment:/home/bev/bev_ws/install/data_pkg:/home/bev/carla-ros-bridge/install/carla_ad_demo:/home/bev/carla-ros-bridge/install/rviz_carla_plugin:/home/bev/carla-ros-bridge/install/pcl_recorder:/home/bev/carla-ros-bridge/install/carla_waypoint_types:/home/bev/carla-ros-bridge/install/carla_ros_scenario_runner_types:/home/bev/carla-ros-bridge/install/carla_ackermann_msgs:/home/bev/carla-ros-bridge/install/carla_msgs:/home/bev/carla-ros-bridge/install/rqt_carla_control:/home/bev/carla-ros-bridge/install/carla_waypoint_publisher:/home/bev/carla-ros-bridge/install/carla_ackermann_control:/home/bev/carla-ros-bridge/install/carla_ros_bridge:/home/bev/carla-ros-bridge/install/carla_spawn_objects:/home/bev/carla-ros-bridge/install/carla_manual_control:/home/bev/carla-ros-bridge/install/carla_ad_agent:/home/bev/carla-ros-bridge/install/ros_compatibility:/home/bev/carla-ros-bridge/install/carla_walker_agent:/home/bev/carla-ros-bridge/install/carla_twist_to_control:/home/bev/carla-ros-bridge/install/carla_ros_scenario_runner:/home/bev/carla-ros-bridge/install/carla_common:/opt/ros/foxy LD_LIBRARY_PATH=/home/bev/bev_ws/install/custom_msgs/lib:/home/bev/carla-ros-bridge/install/rviz_carla_plugin/lib:/home/bev/carla-ros-bridge/install/carla_waypoint_types/lib:/home/bev/carla-ros-bridge/install/carla_ros_scenario_runner_types/lib:/home/bev/carla-ros-bridge/install/carla_ackermann_msgs/lib:/home/bev/carla-ros-bridge/install/carla_msgs/lib:/opt/ros/foxy/opt/yaml_cpp_vendor/lib:/opt/ros/foxy/opt/rviz_ogre_vendor/lib:/opt/ros/foxy/lib/x86_64-linux-gnu:/opt/ros/foxy/lib:/usr/local/cuda-11.3/lib64:/home/bev/TensorRT-8.6.1.6/lib /usr/bin/cmake --build /home/bev/bev_ws/build/tracking_algorithm -- -j28 -l28
[1.726s] DEBUG:colcon.colcon_core.event_handler.log_command:Invoked command in '/home/bev/bev_ws/build/data_pkg' returned '0': CMAKE_PREFIX_PATH=/home/bev/bev_ws/install/custom_msgs:/home/bev/bev_ws/install/tracking_algorithm:/home/bev/bev_ws/install/tcp_socket:/home/bev/bev_ws/install/risk_assessment:/home/bev/bev_ws/install/data_pkg:/home/bev/carla-ros-bridge/install/carla_ad_demo:/home/bev/carla-ros-bridge/install/rviz_carla_plugin:/home/bev/carla-ros-bridge/install/pcl_recorder:/home/bev/carla-ros-bridge/install/carla_waypoint_types:/home/bev/carla-ros-bridge/install/carla_ros_scenario_runner_types:/home/bev/carla-ros-bridge/install/carla_ackermann_msgs:/home/bev/carla-ros-bridge/install/carla_msgs:/home/bev/carla-ros-bridge/install/rqt_carla_control:/home/bev/carla-ros-bridge/install/carla_waypoint_publisher:/home/bev/carla-ros-bridge/install/carla_ackermann_control:/home/bev/carla-ros-bridge/install/carla_ros_bridge:/home/bev/carla-ros-bridge/install/carla_spawn_objects:/home/bev/carla-ros-bridge/install/carla_manual_control:/home/bev/carla-ros-bridge/install/carla_ad_agent:/home/bev/carla-ros-bridge/install/ros_compatibility:/home/bev/carla-ros-bridge/install/carla_walker_agent:/home/bev/carla-ros-bridge/install/carla_twist_to_control:/home/bev/carla-ros-bridge/install/carla_ros_scenario_runner:/home/bev/carla-ros-bridge/install/carla_common:/opt/ros/foxy LD_LIBRARY_PATH=/home/bev/bev_ws/install/custom_msgs/lib:/home/bev/carla-ros-bridge/install/rviz_carla_plugin/lib:/home/bev/carla-ros-bridge/install/carla_waypoint_types/lib:/home/bev/carla-ros-bridge/install/carla_ros_scenario_runner_types/lib:/home/bev/carla-ros-bridge/install/carla_ackermann_msgs/lib:/home/bev/carla-ros-bridge/install/carla_msgs/lib:/opt/ros/foxy/opt/yaml_cpp_vendor/lib:/opt/ros/foxy/opt/rviz_ogre_vendor/lib:/opt/ros/foxy/lib/x86_64-linux-gnu:/opt/ros/foxy/lib:/usr/local/cuda-11.3/lib64:/home/bev/TensorRT-8.6.1.6/lib /usr/bin/cmake --build /home/bev/bev_ws/build/data_pkg -- -j28 -l28
[1.783s] DEBUG:colcon.colcon_core.event_handler.log_command:Invoking command in '/home/bev/bev_ws/build/data_pkg': CMAKE_PREFIX_PATH=/home/bev/bev_ws/install/custom_msgs:/home/bev/bev_ws/install/tracking_algorithm:/home/bev/bev_ws/install/tcp_socket:/home/bev/bev_ws/install/risk_assessment:/home/bev/bev_ws/install/data_pkg:/home/bev/carla-ros-bridge/install/carla_ad_demo:/home/bev/carla-ros-bridge/install/rviz_carla_plugin:/home/bev/carla-ros-bridge/install/pcl_recorder:/home/bev/carla-ros-bridge/install/carla_waypoint_types:/home/bev/carla-ros-bridge/install/carla_ros_scenario_runner_types:/home/bev/carla-ros-bridge/install/carla_ackermann_msgs:/home/bev/carla-ros-bridge/install/carla_msgs:/home/bev/carla-ros-bridge/install/rqt_carla_control:/home/bev/carla-ros-bridge/install/carla_waypoint_publisher:/home/bev/carla-ros-bridge/install/carla_ackermann_control:/home/bev/carla-ros-bridge/install/carla_ros_bridge:/home/bev/carla-ros-bridge/install/carla_spawn_objects:/home/bev/carla-ros-bridge/install/carla_manual_control:/home/bev/carla-ros-bridge/install/carla_ad_agent:/home/bev/carla-ros-bridge/install/ros_compatibility:/home/bev/carla-ros-bridge/install/carla_walker_agent:/home/bev/carla-ros-bridge/install/carla_twist_to_control:/home/bev/carla-ros-bridge/install/carla_ros_scenario_runner:/home/bev/carla-ros-bridge/install/carla_common:/opt/ros/foxy LD_LIBRARY_PATH=/home/bev/bev_ws/install/custom_msgs/lib:/home/bev/carla-ros-bridge/install/rviz_carla_plugin/lib:/home/bev/carla-ros-bridge/install/carla_waypoint_types/lib:/home/bev/carla-ros-bridge/install/carla_ros_scenario_runner_types/lib:/home/bev/carla-ros-bridge/install/carla_ackermann_msgs/lib:/home/bev/carla-ros-bridge/install/carla_msgs/lib:/opt/ros/foxy/opt/yaml_cpp_vendor/lib:/opt/ros/foxy/opt/rviz_ogre_vendor/lib:/opt/ros/foxy/lib/x86_64-linux-gnu:/opt/ros/foxy/lib:/usr/local/cuda-11.3/lib64:/home/bev/TensorRT-8.6.1.6/lib /usr/bin/cmake --install /home/bev/bev_ws/build/data_pkg
[1.831s] Level 1:colcon.colcon_core.environment:create_environment_scripts_only(data_pkg)
[1.838s] Level 1:colcon.colcon_core.environment:checking '/home/bev/bev_ws/install/data_pkg' for CMake module files
[1.838s] DEBUG:colcon.colcon_core.event_handler.log_command:Invoked command in '/home/bev/bev_ws/build/data_pkg' returned '0': CMAKE_PREFIX_PATH=/home/bev/bev_ws/install/custom_msgs:/home/bev/bev_ws/install/tracking_algorithm:/home/bev/bev_ws/install/tcp_socket:/home/bev/bev_ws/install/risk_assessment:/home/bev/bev_ws/install/data_pkg:/home/bev/carla-ros-bridge/install/carla_ad_demo:/home/bev/carla-ros-bridge/install/rviz_carla_plugin:/home/bev/carla-ros-bridge/install/pcl_recorder:/home/bev/carla-ros-bridge/install/carla_waypoint_types:/home/bev/carla-ros-bridge/install/carla_ros_scenario_runner_types:/home/bev/carla-ros-bridge/install/carla_ackermann_msgs:/home/bev/carla-ros-bridge/install/carla_msgs:/home/bev/carla-ros-bridge/install/rqt_carla_control:/home/bev/carla-ros-bridge/install/carla_waypoint_publisher:/home/bev/carla-ros-bridge/install/carla_ackermann_control:/home/bev/carla-ros-bridge/install/carla_ros_bridge:/home/bev/carla-ros-bridge/install/carla_spawn_objects:/home/bev/carla-ros-bridge/install/carla_manual_control:/home/bev/carla-ros-bridge/install/carla_ad_agent:/home/bev/carla-ros-bridge/install/ros_compatibility:/home/bev/carla-ros-bridge/install/carla_walker_agent:/home/bev/carla-ros-bridge/install/carla_twist_to_control:/home/bev/carla-ros-bridge/install/carla_ros_scenario_runner:/home/bev/carla-ros-bridge/install/carla_common:/opt/ros/foxy LD_LIBRARY_PATH=/home/bev/bev_ws/install/custom_msgs/lib:/home/bev/carla-ros-bridge/install/rviz_carla_plugin/lib:/home/bev/carla-ros-bridge/install/carla_waypoint_types/lib:/home/bev/carla-ros-bridge/install/carla_ros_scenario_runner_types/lib:/home/bev/carla-ros-bridge/install/carla_ackermann_msgs/lib:/home/bev/carla-ros-bridge/install/carla_msgs/lib:/opt/ros/foxy/opt/yaml_cpp_vendor/lib:/opt/ros/foxy/opt/rviz_ogre_vendor/lib:/opt/ros/foxy/lib/x86_64-linux-gnu:/opt/ros/foxy/lib:/usr/local/cuda-11.3/lib64:/home/bev/TensorRT-8.6.1.6/lib /usr/bin/cmake --install /home/bev/bev_ws/build/data_pkg
[1.839s] Level 1:colcon.colcon_core.environment:checking '/home/bev/bev_ws/install/data_pkg' for CMake config files
[1.840s] Level 1:colcon.colcon_core.shell:create_environment_hook('data_pkg', 'cmake_prefix_path')
[1.843s] INFO:colcon.colcon_core.shell:Creating environment hook '/home/bev/bev_ws/install/data_pkg/share/data_pkg/hook/cmake_prefix_path.ps1'
[1.844s] INFO:colcon.colcon_core.shell:Creating environment descriptor '/home/bev/bev_ws/install/data_pkg/share/data_pkg/hook/cmake_prefix_path.dsv'
[1.845s] INFO:colcon.colcon_core.shell:Creating environment hook '/home/bev/bev_ws/install/data_pkg/share/data_pkg/hook/cmake_prefix_path.sh'
[1.846s] Level 1:colcon.colcon_core.environment:checking '/home/bev/bev_ws/install/data_pkg/lib'
[1.846s] Level 1:colcon.colcon_core.environment:checking '/home/bev/bev_ws/install/data_pkg/bin'
[1.846s] Level 1:colcon.colcon_core.environment:checking '/home/bev/bev_ws/install/data_pkg/lib/pkgconfig/data_pkg.pc'
[1.847s] Level 1:colcon.colcon_core.environment:checking '/home/bev/bev_ws/install/data_pkg/lib/python3.8/site-packages'
[1.847s] Level 1:colcon.colcon_core.environment:checking '/home/bev/bev_ws/install/data_pkg/bin'
[1.851s] INFO:colcon.colcon_core.shell:Creating package script '/home/bev/bev_ws/install/data_pkg/share/data_pkg/package.ps1'
[1.852s] INFO:colcon.colcon_core.shell:Creating package descriptor '/home/bev/bev_ws/install/data_pkg/share/data_pkg/package.dsv'
[1.852s] INFO:colcon.colcon_core.shell:Creating package script '/home/bev/bev_ws/install/data_pkg/share/data_pkg/package.sh'
[1.853s] INFO:colcon.colcon_core.shell:Creating package script '/home/bev/bev_ws/install/data_pkg/share/data_pkg/package.bash'
[1.853s] INFO:colcon.colcon_core.shell:Creating package script '/home/bev/bev_ws/install/data_pkg/share/data_pkg/package.zsh'
[1.853s] Level 1:colcon.colcon_core.environment:create_file_with_runtime_dependencies(/home/bev/bev_ws/install/data_pkg/share/colcon-core/packages/data_pkg)
[1.920s] Level 1:colcon.colcon_core.environment:create_environment_scripts_only(data_pkg)
[1.923s] Level 1:colcon.colcon_core.environment:checking '/home/bev/bev_ws/install/data_pkg' for CMake module files
[1.923s] Level 1:colcon.colcon_core.environment:checking '/home/bev/bev_ws/install/data_pkg' for CMake config files
[1.924s] Level 1:colcon.colcon_core.shell:create_environment_hook('data_pkg', 'cmake_prefix_path')
[1.925s] INFO:colcon.colcon_core.shell:Creating environment hook '/home/bev/bev_ws/install/data_pkg/share/data_pkg/hook/cmake_prefix_path.ps1'
[1.926s] INFO:colcon.colcon_core.shell:Creating environment descriptor '/home/bev/bev_ws/install/data_pkg/share/data_pkg/hook/cmake_prefix_path.dsv'
[1.926s] INFO:colcon.colcon_core.shell:Creating environment hook '/home/bev/bev_ws/install/data_pkg/share/data_pkg/hook/cmake_prefix_path.sh'
[1.927s] Level 1:colcon.colcon_core.environment:checking '/home/bev/bev_ws/install/data_pkg/lib'
[1.927s] Level 1:colcon.colcon_core.environment:checking '/home/bev/bev_ws/install/data_pkg/bin'
[1.927s] Level 1:colcon.colcon_core.environment:checking '/home/bev/bev_ws/install/data_pkg/lib/pkgconfig/data_pkg.pc'
[1.928s] Level 1:colcon.colcon_core.environment:checking '/home/bev/bev_ws/install/data_pkg/lib/python3.8/site-packages'
[1.928s] Level 1:colcon.colcon_core.environment:checking '/home/bev/bev_ws/install/data_pkg/bin'
[1.930s] INFO:colcon.colcon_core.shell:Creating package script '/home/bev/bev_ws/install/data_pkg/share/data_pkg/package.ps1'
[1.930s] INFO:colcon.colcon_core.shell:Creating package descriptor '/home/bev/bev_ws/install/data_pkg/share/data_pkg/package.dsv'
[1.931s] INFO:colcon.colcon_core.shell:Creating package script '/home/bev/bev_ws/install/data_pkg/share/data_pkg/package.sh'
[1.931s] INFO:colcon.colcon_core.shell:Creating package script '/home/bev/bev_ws/install/data_pkg/share/data_pkg/package.bash'
[1.932s] INFO:colcon.colcon_core.shell:Creating package script '/home/bev/bev_ws/install/data_pkg/share/data_pkg/package.zsh'
[1.932s] Level 1:colcon.colcon_core.environment:create_file_with_runtime_dependencies(/home/bev/bev_ws/install/data_pkg/share/colcon-core/packages/data_pkg)
[7.105s] DEBUG:colcon.colcon_core.event_handler.log_command:Invoked command in '/home/bev/bev_ws/build/tracking_algorithm' returned '0': CMAKE_PREFIX_PATH=/home/bev/bev_ws/install/custom_msgs:/home/bev/bev_ws/install/tracking_algorithm:/home/bev/bev_ws/install/tcp_socket:/home/bev/bev_ws/install/risk_assessment:/home/bev/bev_ws/install/data_pkg:/home/bev/carla-ros-bridge/install/carla_ad_demo:/home/bev/carla-ros-bridge/install/rviz_carla_plugin:/home/bev/carla-ros-bridge/install/pcl_recorder:/home/bev/carla-ros-bridge/install/carla_waypoint_types:/home/bev/carla-ros-bridge/install/carla_ros_scenario_runner_types:/home/bev/carla-ros-bridge/install/carla_ackermann_msgs:/home/bev/carla-ros-bridge/install/carla_msgs:/home/bev/carla-ros-bridge/install/rqt_carla_control:/home/bev/carla-ros-bridge/install/carla_waypoint_publisher:/home/bev/carla-ros-bridge/install/carla_ackermann_control:/home/bev/carla-ros-bridge/install/carla_ros_bridge:/home/bev/carla-ros-bridge/install/carla_spawn_objects:/home/bev/carla-ros-bridge/install/carla_manual_control:/home/bev/carla-ros-bridge/install/carla_ad_agent:/home/bev/carla-ros-bridge/install/ros_compatibility:/home/bev/carla-ros-bridge/install/carla_walker_agent:/home/bev/carla-ros-bridge/install/carla_twist_to_control:/home/bev/carla-ros-bridge/install/carla_ros_scenario_runner:/home/bev/carla-ros-bridge/install/carla_common:/opt/ros/foxy LD_LIBRARY_PATH=/home/bev/bev_ws/install/custom_msgs/lib:/home/bev/carla-ros-bridge/install/rviz_carla_plugin/lib:/home/bev/carla-ros-bridge/install/carla_waypoint_types/lib:/home/bev/carla-ros-bridge/install/carla_ros_scenario_runner_types/lib:/home/bev/carla-ros-bridge/install/carla_ackermann_msgs/lib:/home/bev/carla-ros-bridge/install/carla_msgs/lib:/opt/ros/foxy/opt/yaml_cpp_vendor/lib:/opt/ros/foxy/opt/rviz_ogre_vendor/lib:/opt/ros/foxy/lib/x86_64-linux-gnu:/opt/ros/foxy/lib:/usr/local/cuda-11.3/lib64:/home/bev/TensorRT-8.6.1.6/lib /usr/bin/cmake --build /home/bev/bev_ws/build/tracking_algorithm -- -j28 -l28
[7.205s] DEBUG:colcon.colcon_core.event_handler.log_command:Invoking command in '/home/bev/bev_ws/build/tracking_algorithm': CMAKE_PREFIX_PATH=/home/bev/bev_ws/install/custom_msgs:/home/bev/bev_ws/install/tracking_algorithm:/home/bev/bev_ws/install/tcp_socket:/home/bev/bev_ws/install/risk_assessment:/home/bev/bev_ws/install/data_pkg:/home/bev/carla-ros-bridge/install/carla_ad_demo:/home/bev/carla-ros-bridge/install/rviz_carla_plugin:/home/bev/carla-ros-bridge/install/pcl_recorder:/home/bev/carla-ros-bridge/install/carla_waypoint_types:/home/bev/carla-ros-bridge/install/carla_ros_scenario_runner_types:/home/bev/carla-ros-bridge/install/carla_ackermann_msgs:/home/bev/carla-ros-bridge/install/carla_msgs:/home/bev/carla-ros-bridge/install/rqt_carla_control:/home/bev/carla-ros-bridge/install/carla_waypoint_publisher:/home/bev/carla-ros-bridge/install/carla_ackermann_control:/home/bev/carla-ros-bridge/install/carla_ros_bridge:/home/bev/carla-ros-bridge/install/carla_spawn_objects:/home/bev/carla-ros-bridge/install/carla_manual_control:/home/bev/carla-ros-bridge/install/carla_ad_agent:/home/bev/carla-ros-bridge/install/ros_compatibility:/home/bev/carla-ros-bridge/install/carla_walker_agent:/home/bev/carla-ros-bridge/install/carla_twist_to_control:/home/bev/carla-ros-bridge/install/carla_ros_scenario_runner:/home/bev/carla-ros-bridge/install/carla_common:/opt/ros/foxy LD_LIBRARY_PATH=/home/bev/bev_ws/install/custom_msgs/lib:/home/bev/carla-ros-bridge/install/rviz_carla_plugin/lib:/home/bev/carla-ros-bridge/install/carla_waypoint_types/lib:/home/bev/carla-ros-bridge/install/carla_ros_scenario_runner_types/lib:/home/bev/carla-ros-bridge/install/carla_ackermann_msgs/lib:/home/bev/carla-ros-bridge/install/carla_msgs/lib:/opt/ros/foxy/opt/yaml_cpp_vendor/lib:/opt/ros/foxy/opt/rviz_ogre_vendor/lib:/opt/ros/foxy/lib/x86_64-linux-gnu:/opt/ros/foxy/lib:/usr/local/cuda-11.3/lib64:/home/bev/TensorRT-8.6.1.6/lib /usr/bin/cmake --install /home/bev/bev_ws/build/tracking_algorithm
[7.253s] Level 1:colcon.colcon_core.environment:create_environment_scripts_only(tracking_algorithm)
[7.260s] Level 1:colcon.colcon_core.environment:checking '/home/bev/bev_ws/install/tracking_algorithm' for CMake module files
[7.261s] DEBUG:colcon.colcon_core.event_handler.log_command:Invoked command in '/home/bev/bev_ws/build/tracking_algorithm' returned '0': CMAKE_PREFIX_PATH=/home/bev/bev_ws/install/custom_msgs:/home/bev/bev_ws/install/tracking_algorithm:/home/bev/bev_ws/install/tcp_socket:/home/bev/bev_ws/install/risk_assessment:/home/bev/bev_ws/install/data_pkg:/home/bev/carla-ros-bridge/install/carla_ad_demo:/home/bev/carla-ros-bridge/install/rviz_carla_plugin:/home/bev/carla-ros-bridge/install/pcl_recorder:/home/bev/carla-ros-bridge/install/carla_waypoint_types:/home/bev/carla-ros-bridge/install/carla_ros_scenario_runner_types:/home/bev/carla-ros-bridge/install/carla_ackermann_msgs:/home/bev/carla-ros-bridge/install/carla_msgs:/home/bev/carla-ros-bridge/install/rqt_carla_control:/home/bev/carla-ros-bridge/install/carla_waypoint_publisher:/home/bev/carla-ros-bridge/install/carla_ackermann_control:/home/bev/carla-ros-bridge/install/carla_ros_bridge:/home/bev/carla-ros-bridge/install/carla_spawn_objects:/home/bev/carla-ros-bridge/install/carla_manual_control:/home/bev/carla-ros-bridge/install/carla_ad_agent:/home/bev/carla-ros-bridge/install/ros_compatibility:/home/bev/carla-ros-bridge/install/carla_walker_agent:/home/bev/carla-ros-bridge/install/carla_twist_to_control:/home/bev/carla-ros-bridge/install/carla_ros_scenario_runner:/home/bev/carla-ros-bridge/install/carla_common:/opt/ros/foxy LD_LIBRARY_PATH=/home/bev/bev_ws/install/custom_msgs/lib:/home/bev/carla-ros-bridge/install/rviz_carla_plugin/lib:/home/bev/carla-ros-bridge/install/carla_waypoint_types/lib:/home/bev/carla-ros-bridge/install/carla_ros_scenario_runner_types/lib:/home/bev/carla-ros-bridge/install/carla_ackermann_msgs/lib:/home/bev/carla-ros-bridge/install/carla_msgs/lib:/opt/ros/foxy/opt/yaml_cpp_vendor/lib:/opt/ros/foxy/opt/rviz_ogre_vendor/lib:/opt/ros/foxy/lib/x86_64-linux-gnu:/opt/ros/foxy/lib:/usr/local/cuda-11.3/lib64:/home/bev/TensorRT-8.6.1.6/lib /usr/bin/cmake --install /home/bev/bev_ws/build/tracking_algorithm
[7.261s] Level 1:colcon.colcon_core.environment:checking '/home/bev/bev_ws/install/tracking_algorithm' for CMake config files
[7.262s] Level 1:colcon.colcon_core.shell:create_environment_hook('tracking_algorithm', 'cmake_prefix_path')
[7.266s] INFO:colcon.colcon_core.shell:Creating environment hook '/home/bev/bev_ws/install/tracking_algorithm/share/tracking_algorithm/hook/cmake_prefix_path.ps1'
[7.267s] INFO:colcon.colcon_core.shell:Creating environment descriptor '/home/bev/bev_ws/install/tracking_algorithm/share/tracking_algorithm/hook/cmake_prefix_path.dsv'
[7.268s] INFO:colcon.colcon_core.shell:Creating environment hook '/home/bev/bev_ws/install/tracking_algorithm/share/tracking_algorithm/hook/cmake_prefix_path.sh'
[7.269s] Level 1:colcon.colcon_core.environment:checking '/home/bev/bev_ws/install/tracking_algorithm/lib'
[7.269s] Level 1:colcon.colcon_core.environment:checking '/home/bev/bev_ws/install/tracking_algorithm/bin'
[7.269s] Level 1:colcon.colcon_core.environment:checking '/home/bev/bev_ws/install/tracking_algorithm/lib/pkgconfig/tracking_algorithm.pc'
[7.269s] Level 1:colcon.colcon_core.environment:checking '/home/bev/bev_ws/install/tracking_algorithm/lib/python3.8/site-packages'
[7.270s] Level 1:colcon.colcon_core.environment:checking '/home/bev/bev_ws/install/tracking_algorithm/bin'
[7.273s] INFO:colcon.colcon_core.shell:Creating package script '/home/bev/bev_ws/install/tracking_algorithm/share/tracking_algorithm/package.ps1'
[7.273s] INFO:colcon.colcon_core.shell:Creating package descriptor '/home/bev/bev_ws/install/tracking_algorithm/share/tracking_algorithm/package.dsv'
[7.274s] INFO:colcon.colcon_core.shell:Creating package script '/home/bev/bev_ws/install/tracking_algorithm/share/tracking_algorithm/package.sh'
[7.274s] INFO:colcon.colcon_core.shell:Creating package script '/home/bev/bev_ws/install/tracking_algorithm/share/tracking_algorithm/package.bash'
[7.275s] INFO:colcon.colcon_core.shell:Creating package script '/home/bev/bev_ws/install/tracking_algorithm/share/tracking_algorithm/package.zsh'
[7.275s] Level 1:colcon.colcon_core.environment:create_file_with_runtime_dependencies(/home/bev/bev_ws/install/tracking_algorithm/share/colcon-core/packages/tracking_algorithm)
[7.374s] Level 1:colcon.colcon_core.environment:create_environment_scripts_only(tracking_algorithm)
[7.375s] Level 1:colcon.colcon_core.environment:checking '/home/bev/bev_ws/install/tracking_algorithm' for CMake module files
[7.376s] Level 1:colcon.colcon_core.environment:checking '/home/bev/bev_ws/install/tracking_algorithm' for CMake config files
[7.376s] Level 1:colcon.colcon_core.shell:create_environment_hook('tracking_algorithm', 'cmake_prefix_path')
[7.377s] INFO:colcon.colcon_core.shell:Creating environment hook '/home/bev/bev_ws/install/tracking_algorithm/share/tracking_algorithm/hook/cmake_prefix_path.ps1'
[7.378s] INFO:colcon.colcon_core.shell:Creating environment descriptor '/home/bev/bev_ws/install/tracking_algorithm/share/tracking_algorithm/hook/cmake_prefix_path.dsv'
[7.378s] INFO:colcon.colcon_core.shell:Creating environment hook '/home/bev/bev_ws/install/tracking_algorithm/share/tracking_algorithm/hook/cmake_prefix_path.sh'
[7.379s] Level 1:colcon.colcon_core.environment:checking '/home/bev/bev_ws/install/tracking_algorithm/lib'
[7.379s] Level 1:colcon.colcon_core.environment:checking '/home/bev/bev_ws/install/tracking_algorithm/bin'
[7.379s] Level 1:colcon.colcon_core.environment:checking '/home/bev/bev_ws/install/tracking_algorithm/lib/pkgconfig/tracking_algorithm.pc'
[7.379s] Level 1:colcon.colcon_core.environment:checking '/home/bev/bev_ws/install/tracking_algorithm/lib/python3.8/site-packages'
[7.379s] Level 1:colcon.colcon_core.environment:checking '/home/bev/bev_ws/install/tracking_algorithm/bin'
[7.380s] INFO:colcon.colcon_core.shell:Creating package script '/home/bev/bev_ws/install/tracking_algorithm/share/tracking_algorithm/package.ps1'
[7.381s] INFO:colcon.colcon_core.shell:Creating package descriptor '/home/bev/bev_ws/install/tracking_algorithm/share/tracking_algorithm/package.dsv'
[7.381s] INFO:colcon.colcon_core.shell:Creating package script '/home/bev/bev_ws/install/tracking_algorithm/share/tracking_algorithm/package.sh'
[7.381s] INFO:colcon.colcon_core.shell:Creating package script '/home/bev/bev_ws/install/tracking_algorithm/share/tracking_algorithm/package.bash'
[7.382s] INFO:colcon.colcon_core.shell:Creating package script '/home/bev/bev_ws/install/tracking_algorithm/share/tracking_algorithm/package.zsh'
[7.382s] Level 1:colcon.colcon_core.environment:create_file_with_runtime_dependencies(/home/bev/bev_ws/install/tracking_algorithm/share/colcon-core/packages/tracking_algorithm)
[7.382s] DEBUG:colcon.colcon_parallel_executor.executor.parallel:closing loop
[7.382s] DEBUG:colcon.colcon_parallel_executor.executor.parallel:loop closed
[7.382s] DEBUG:colcon.colcon_parallel_executor.executor.parallel:run_until_complete finished with '0'
[7.382s] DEBUG:colcon.colcon_core.event_reactor:joining thread
[7.396s] INFO:colcon.colcon_core.plugin_system:Skipping extension 'colcon_notification.desktop_notification.terminal_notifier': Not used on non-Darwin systems
[7.397s] INFO:colcon.colcon_core.plugin_system:Skipping extension 'colcon_notification.desktop_notification.win32': Not used on non-Windows systems
[7.397s] INFO:colcon.colcon_notification.desktop_notification:Sending desktop notification using 'notify2'
[7.412s] DEBUG:colcon.colcon_core.event_reactor:joined thread
[7.415s] INFO:colcon.colcon_core.shell:Creating prefix script '/home/bev/bev_ws/install/local_setup.ps1'
[7.416s] INFO:colcon.colcon_core.shell:Creating prefix util module '/home/bev/bev_ws/install/_local_setup_util_ps1.py'
[7.418s] INFO:colcon.colcon_core.shell:Creating prefix chain script '/home/bev/bev_ws/install/setup.ps1'
[7.421s] INFO:colcon.colcon_core.shell:Creating prefix script '/home/bev/bev_ws/install/local_setup.sh'
[7.422s] INFO:colcon.colcon_core.shell:Creating prefix util module '/home/bev/bev_ws/install/_local_setup_util_sh.py'
[7.423s] INFO:colcon.colcon_core.shell:Creating prefix chain script '/home/bev/bev_ws/install/setup.sh'
[7.426s] INFO:colcon.colcon_core.shell:Creating prefix script '/home/bev/bev_ws/install/local_setup.bash'
[7.426s] INFO:colcon.colcon_core.shell:Creating prefix chain script '/home/bev/bev_ws/install/setup.bash'
[7.429s] INFO:colcon.colcon_core.shell:Creating prefix script '/home/bev/bev_ws/install/local_setup.zsh'
[7.429s] INFO:colcon.colcon_core.shell:Creating prefix chain script '/home/bev/bev_ws/install/setup.zsh'
