[0.294s] DEBUG:colcon:Command line arguments: ['/usr/bin/colcon', 'build']
[0.294s] DEBUG:colcon:Parsed command line arguments: Namespace(allow_overriding=[], ament_cmake_args=None, base_paths=['.'], build_base='build', catkin_cmake_args=None, catkin_skip_building_tests=False, cmake_args=None, cmake_clean_cache=False, cmake_clean_first=False, cmake_force_configure=False, cmake_target=None, cmake_target_skip_unavailable=False, continue_on_error=False, event_handlers=None, executor='parallel', ignore_user_meta=False, install_base='install', log_base=None, log_level=None, main=<bound method BuildVerb.main of <colcon_core.verb.build.BuildVerb object at 0x7f9d0f050190>>, merge_install=False, metas=['./colcon.meta'], packages_above=None, packages_above_and_dependencies=None, packages_above_depth=None, packages_end=None, packages_ignore=None, packages_ignore_regex=None, packages_select=None, packages_select_build_failed=False, packages_select_by_dep=None, packages_select_regex=None, packages_select_test_failures=False, packages_skip=None, packages_skip_build_finished=False, packages_skip_by_dep=None, packages_skip_regex=None, packages_skip_test_passed=False, packages_skip_up_to=None, packages_start=None, packages_up_to=None, packages_up_to_regex=None, parallel_workers=28, paths=None, symlink_install=False, test_result_base=None, verb_extension=<colcon_core.verb.build.BuildVerb object at 0x7f9d0f050190>, verb_name='build', verb_parser=<colcon_defaults.argument_parser.defaults.DefaultArgumentsDecorator object at 0x7f9d0f0506d0>)
[0.327s] Level 1:colcon.colcon_core.package_discovery:discover_packages(colcon_meta) check parameters
[0.327s] Level 1:colcon.colcon_core.package_discovery:discover_packages(recursive) check parameters
[0.327s] Level 1:colcon.colcon_core.package_discovery:discover_packages(ignore) check parameters
[0.327s] Level 1:colcon.colcon_core.package_discovery:discover_packages(path) check parameters
[0.327s] Level 1:colcon.colcon_core.package_discovery:discover_packages(colcon_meta) discover
[0.327s] Level 1:colcon.colcon_core.package_discovery:discover_packages(recursive) discover
[0.327s] INFO:colcon.colcon_core.package_discovery:Crawling recursively for packages in '/home/bev/bev_ws'
[0.328s] Level 1:colcon.colcon_core.package_identification:_identify(.) by extensions ['ignore', 'ignore_ament_install']
[0.328s] Level 1:colcon.colcon_core.package_identification:_identify(.) by extension 'ignore'
[0.328s] Level 1:colcon.colcon_core.package_identification:_identify(.) by extension 'ignore_ament_install'
[0.328s] Level 1:colcon.colcon_core.package_identification:_identify(.) by extensions ['colcon_pkg']
[0.328s] Level 1:colcon.colcon_core.package_identification:_identify(.) by extension 'colcon_pkg'
[0.328s] Level 1:colcon.colcon_core.package_identification:_identify(.) by extensions ['colcon_meta']
[0.328s] Level 1:colcon.colcon_core.package_identification:_identify(.) by extension 'colcon_meta'
[0.328s] Level 1:colcon.colcon_core.package_identification:_identify(.) by extensions ['ros']
[0.328s] Level 1:colcon.colcon_core.package_identification:_identify(.) by extension 'ros'
[0.345s] Level 1:colcon.colcon_core.package_identification:_identify(.) by extensions ['cmake', 'python']
[0.345s] Level 1:colcon.colcon_core.package_identification:_identify(.) by extension 'cmake'
[0.345s] Level 1:colcon.colcon_core.package_identification:_identify(.) by extension 'python'
[0.345s] Level 1:colcon.colcon_core.package_identification:_identify(.) by extensions ['python_setup_py']
[0.345s] Level 1:colcon.colcon_core.package_identification:_identify(.) by extension 'python_setup_py'
[0.345s] Level 1:colcon.colcon_core.package_identification:_identify(build) by extensions ['ignore', 'ignore_ament_install']
[0.345s] Level 1:colcon.colcon_core.package_identification:_identify(build) by extension 'ignore'
[0.345s] Level 1:colcon.colcon_core.package_identification:_identify(build) ignored
[0.346s] Level 1:colcon.colcon_core.package_identification:_identify(install) by extensions ['ignore', 'ignore_ament_install']
[0.346s] Level 1:colcon.colcon_core.package_identification:_identify(install) by extension 'ignore'
[0.346s] Level 1:colcon.colcon_core.package_identification:_identify(install) ignored
[0.346s] Level 1:colcon.colcon_core.package_identification:_identify(log) by extensions ['ignore', 'ignore_ament_install']
[0.346s] Level 1:colcon.colcon_core.package_identification:_identify(log) by extension 'ignore'
[0.346s] Level 1:colcon.colcon_core.package_identification:_identify(log) ignored
[0.346s] Level 1:colcon.colcon_core.package_identification:_identify(src) by extensions ['ignore', 'ignore_ament_install']
[0.346s] Level 1:colcon.colcon_core.package_identification:_identify(src) by extension 'ignore'
[0.346s] Level 1:colcon.colcon_core.package_identification:_identify(src) by extension 'ignore_ament_install'
[0.346s] Level 1:colcon.colcon_core.package_identification:_identify(src) by extensions ['colcon_pkg']
[0.346s] Level 1:colcon.colcon_core.package_identification:_identify(src) by extension 'colcon_pkg'
[0.346s] Level 1:colcon.colcon_core.package_identification:_identify(src) by extensions ['colcon_meta']
[0.346s] Level 1:colcon.colcon_core.package_identification:_identify(src) by extension 'colcon_meta'
[0.346s] Level 1:colcon.colcon_core.package_identification:_identify(src) by extensions ['ros']
[0.346s] Level 1:colcon.colcon_core.package_identification:_identify(src) by extension 'ros'
[0.346s] Level 1:colcon.colcon_core.package_identification:_identify(src) by extensions ['cmake', 'python']
[0.346s] Level 1:colcon.colcon_core.package_identification:_identify(src) by extension 'cmake'
[0.346s] Level 1:colcon.colcon_core.package_identification:_identify(src) by extension 'python'
[0.346s] Level 1:colcon.colcon_core.package_identification:_identify(src) by extensions ['python_setup_py']
[0.347s] Level 1:colcon.colcon_core.package_identification:_identify(src) by extension 'python_setup_py'
[0.347s] Level 1:colcon.colcon_core.package_identification:_identify(src/custom_msgs) by extensions ['ignore', 'ignore_ament_install']
[0.347s] Level 1:colcon.colcon_core.package_identification:_identify(src/custom_msgs) by extension 'ignore'
[0.347s] Level 1:colcon.colcon_core.package_identification:_identify(src/custom_msgs) by extension 'ignore_ament_install'
[0.347s] Level 1:colcon.colcon_core.package_identification:_identify(src/custom_msgs) by extensions ['colcon_pkg']
[0.347s] Level 1:colcon.colcon_core.package_identification:_identify(src/custom_msgs) by extension 'colcon_pkg'
[0.347s] Level 1:colcon.colcon_core.package_identification:_identify(src/custom_msgs) by extensions ['colcon_meta']
[0.347s] Level 1:colcon.colcon_core.package_identification:_identify(src/custom_msgs) by extension 'colcon_meta'
[0.347s] Level 1:colcon.colcon_core.package_identification:_identify(src/custom_msgs) by extensions ['ros']
[0.347s] Level 1:colcon.colcon_core.package_identification:_identify(src/custom_msgs) by extension 'ros'
[0.349s] DEBUG:colcon.colcon_core.package_identification:Package 'src/custom_msgs' with type 'ros.ament_cmake' and name 'custom_msgs'
[0.349s] Level 1:colcon.colcon_core.package_identification:_identify(src/data_pkg) by extensions ['ignore', 'ignore_ament_install']
[0.349s] Level 1:colcon.colcon_core.package_identification:_identify(src/data_pkg) by extension 'ignore'
[0.349s] Level 1:colcon.colcon_core.package_identification:_identify(src/data_pkg) by extension 'ignore_ament_install'
[0.349s] Level 1:colcon.colcon_core.package_identification:_identify(src/data_pkg) by extensions ['colcon_pkg']
[0.349s] Level 1:colcon.colcon_core.package_identification:_identify(src/data_pkg) by extension 'colcon_pkg'
[0.350s] Level 1:colcon.colcon_core.package_identification:_identify(src/data_pkg) by extensions ['colcon_meta']
[0.350s] Level 1:colcon.colcon_core.package_identification:_identify(src/data_pkg) by extension 'colcon_meta'
[0.350s] Level 1:colcon.colcon_core.package_identification:_identify(src/data_pkg) by extensions ['ros']
[0.350s] Level 1:colcon.colcon_core.package_identification:_identify(src/data_pkg) by extension 'ros'
[0.350s] DEBUG:colcon.colcon_core.package_identification:Package 'src/data_pkg' with type 'ros.ament_cmake' and name 'data_pkg'
[0.350s] Level 1:colcon.colcon_core.package_identification:_identify(src/risk_assessment) by extensions ['ignore', 'ignore_ament_install']
[0.350s] Level 1:colcon.colcon_core.package_identification:_identify(src/risk_assessment) by extension 'ignore'
[0.350s] Level 1:colcon.colcon_core.package_identification:_identify(src/risk_assessment) by extension 'ignore_ament_install'
[0.350s] Level 1:colcon.colcon_core.package_identification:_identify(src/risk_assessment) by extensions ['colcon_pkg']
[0.350s] Level 1:colcon.colcon_core.package_identification:_identify(src/risk_assessment) by extension 'colcon_pkg'
[0.350s] Level 1:colcon.colcon_core.package_identification:_identify(src/risk_assessment) by extensions ['colcon_meta']
[0.350s] Level 1:colcon.colcon_core.package_identification:_identify(src/risk_assessment) by extension 'colcon_meta'
[0.351s] Level 1:colcon.colcon_core.package_identification:_identify(src/risk_assessment) by extensions ['ros']
[0.351s] Level 1:colcon.colcon_core.package_identification:_identify(src/risk_assessment) by extension 'ros'
[0.351s] DEBUG:colcon.colcon_core.package_identification:Package 'src/risk_assessment' with type 'ros.ament_cmake' and name 'risk_assessment'
[0.351s] Level 1:colcon.colcon_core.package_identification:_identify(src/tcp_socket) by extensions ['ignore', 'ignore_ament_install']
[0.351s] Level 1:colcon.colcon_core.package_identification:_identify(src/tcp_socket) by extension 'ignore'
[0.352s] Level 1:colcon.colcon_core.package_identification:_identify(src/tcp_socket) by extension 'ignore_ament_install'
[0.352s] Level 1:colcon.colcon_core.package_identification:_identify(src/tcp_socket) by extensions ['colcon_pkg']
[0.352s] Level 1:colcon.colcon_core.package_identification:_identify(src/tcp_socket) by extension 'colcon_pkg'
[0.352s] Level 1:colcon.colcon_core.package_identification:_identify(src/tcp_socket) by extensions ['colcon_meta']
[0.352s] Level 1:colcon.colcon_core.package_identification:_identify(src/tcp_socket) by extension 'colcon_meta'
[0.352s] Level 1:colcon.colcon_core.package_identification:_identify(src/tcp_socket) by extensions ['ros']
[0.352s] Level 1:colcon.colcon_core.package_identification:_identify(src/tcp_socket) by extension 'ros'
[0.352s] DEBUG:colcon.colcon_core.package_identification:Package 'src/tcp_socket' with type 'ros.ament_cmake' and name 'tcp_socket'
[0.352s] Level 1:colcon.colcon_core.package_identification:_identify(src/tracking_algorithm) by extensions ['ignore', 'ignore_ament_install']
[0.352s] Level 1:colcon.colcon_core.package_identification:_identify(src/tracking_algorithm) by extension 'ignore'
[0.352s] Level 1:colcon.colcon_core.package_identification:_identify(src/tracking_algorithm) by extension 'ignore_ament_install'
[0.352s] Level 1:colcon.colcon_core.package_identification:_identify(src/tracking_algorithm) by extensions ['colcon_pkg']
[0.352s] Level 1:colcon.colcon_core.package_identification:_identify(src/tracking_algorithm) by extension 'colcon_pkg'
[0.352s] Level 1:colcon.colcon_core.package_identification:_identify(src/tracking_algorithm) by extensions ['colcon_meta']
[0.352s] Level 1:colcon.colcon_core.package_identification:_identify(src/tracking_algorithm) by extension 'colcon_meta'
[0.352s] Level 1:colcon.colcon_core.package_identification:_identify(src/tracking_algorithm) by extensions ['ros']
[0.352s] Level 1:colcon.colcon_core.package_identification:_identify(src/tracking_algorithm) by extension 'ros'
[0.353s] DEBUG:colcon.colcon_core.package_identification:Package 'src/tracking_algorithm' with type 'ros.ament_cmake' and name 'tracking_algorithm'
[0.353s] Level 1:colcon.colcon_core.package_discovery:discover_packages(recursive) using defaults
[0.353s] Level 1:colcon.colcon_core.package_discovery:discover_packages(ignore) discover
[0.353s] Level 1:colcon.colcon_core.package_discovery:discover_packages(ignore) using defaults
[0.353s] Level 1:colcon.colcon_core.package_discovery:discover_packages(path) discover
[0.353s] Level 1:colcon.colcon_core.package_discovery:discover_packages(path) using defaults
[0.372s] Level 1:colcon.colcon_core.package_discovery:discover_packages(prefix_path) check parameters
[0.372s] Level 1:colcon.colcon_core.package_discovery:discover_packages(prefix_path) discover
[0.375s] DEBUG:colcon.colcon_installed_package_information.package_discovery:Found 5 installed packages in /home/bev/bev_ws/install
[0.376s] DEBUG:colcon.colcon_installed_package_information.package_discovery:Found 19 installed packages in /home/bev/carla-ros-bridge/install
[0.378s] DEBUG:colcon.colcon_installed_package_information.package_discovery:Found 278 installed packages in /opt/ros/foxy
[0.379s] Level 1:colcon.colcon_core.package_discovery:discover_packages(prefix_path) using defaults
[0.433s] Level 5:colcon.colcon_core.verb:set package 'custom_msgs' build argument 'cmake_args' from command line to 'None'
[0.433s] Level 5:colcon.colcon_core.verb:set package 'custom_msgs' build argument 'cmake_target' from command line to 'None'
[0.433s] Level 5:colcon.colcon_core.verb:set package 'custom_msgs' build argument 'cmake_target_skip_unavailable' from command line to 'False'
[0.433s] Level 5:colcon.colcon_core.verb:set package 'custom_msgs' build argument 'cmake_clean_cache' from command line to 'False'
[0.433s] Level 5:colcon.colcon_core.verb:set package 'custom_msgs' build argument 'cmake_clean_first' from command line to 'False'
[0.433s] Level 5:colcon.colcon_core.verb:set package 'custom_msgs' build argument 'cmake_force_configure' from command line to 'False'
[0.433s] Level 5:colcon.colcon_core.verb:set package 'custom_msgs' build argument 'ament_cmake_args' from command line to 'None'
[0.433s] Level 5:colcon.colcon_core.verb:set package 'custom_msgs' build argument 'catkin_cmake_args' from command line to 'None'
[0.433s] Level 5:colcon.colcon_core.verb:set package 'custom_msgs' build argument 'catkin_skip_building_tests' from command line to 'False'
[0.433s] DEBUG:colcon.colcon_core.verb:Building package 'custom_msgs' with the following arguments: {'ament_cmake_args': None, 'build_base': '/home/bev/bev_ws/build/custom_msgs', 'catkin_cmake_args': None, 'catkin_skip_building_tests': False, 'cmake_args': None, 'cmake_clean_cache': False, 'cmake_clean_first': False, 'cmake_force_configure': False, 'cmake_target': None, 'cmake_target_skip_unavailable': False, 'install_base': '/home/bev/bev_ws/install/custom_msgs', 'merge_install': False, 'path': '/home/bev/bev_ws/src/custom_msgs', 'symlink_install': False, 'test_result_base': None}
[0.434s] Level 5:colcon.colcon_core.verb:set package 'risk_assessment' build argument 'cmake_args' from command line to 'None'
[0.434s] Level 5:colcon.colcon_core.verb:set package 'risk_assessment' build argument 'cmake_target' from command line to 'None'
[0.434s] Level 5:colcon.colcon_core.verb:set package 'risk_assessment' build argument 'cmake_target_skip_unavailable' from command line to 'False'
[0.434s] Level 5:colcon.colcon_core.verb:set package 'risk_assessment' build argument 'cmake_clean_cache' from command line to 'False'
[0.434s] Level 5:colcon.colcon_core.verb:set package 'risk_assessment' build argument 'cmake_clean_first' from command line to 'False'
[0.434s] Level 5:colcon.colcon_core.verb:set package 'risk_assessment' build argument 'cmake_force_configure' from command line to 'False'
[0.434s] Level 5:colcon.colcon_core.verb:set package 'risk_assessment' build argument 'ament_cmake_args' from command line to 'None'
[0.434s] Level 5:colcon.colcon_core.verb:set package 'risk_assessment' build argument 'catkin_cmake_args' from command line to 'None'
[0.434s] Level 5:colcon.colcon_core.verb:set package 'risk_assessment' build argument 'catkin_skip_building_tests' from command line to 'False'
[0.434s] DEBUG:colcon.colcon_core.verb:Building package 'risk_assessment' with the following arguments: {'ament_cmake_args': None, 'build_base': '/home/bev/bev_ws/build/risk_assessment', 'catkin_cmake_args': None, 'catkin_skip_building_tests': False, 'cmake_args': None, 'cmake_clean_cache': False, 'cmake_clean_first': False, 'cmake_force_configure': False, 'cmake_target': None, 'cmake_target_skip_unavailable': False, 'install_base': '/home/bev/bev_ws/install/risk_assessment', 'merge_install': False, 'path': '/home/bev/bev_ws/src/risk_assessment', 'symlink_install': False, 'test_result_base': None}
[0.435s] Level 5:colcon.colcon_core.verb:set package 'tcp_socket' build argument 'cmake_args' from command line to 'None'
[0.435s] Level 5:colcon.colcon_core.verb:set package 'tcp_socket' build argument 'cmake_target' from command line to 'None'
[0.435s] Level 5:colcon.colcon_core.verb:set package 'tcp_socket' build argument 'cmake_target_skip_unavailable' from command line to 'False'
[0.435s] Level 5:colcon.colcon_core.verb:set package 'tcp_socket' build argument 'cmake_clean_cache' from command line to 'False'
[0.435s] Level 5:colcon.colcon_core.verb:set package 'tcp_socket' build argument 'cmake_clean_first' from command line to 'False'
[0.435s] Level 5:colcon.colcon_core.verb:set package 'tcp_socket' build argument 'cmake_force_configure' from command line to 'False'
[0.435s] Level 5:colcon.colcon_core.verb:set package 'tcp_socket' build argument 'ament_cmake_args' from command line to 'None'
[0.435s] Level 5:colcon.colcon_core.verb:set package 'tcp_socket' build argument 'catkin_cmake_args' from command line to 'None'
[0.435s] Level 5:colcon.colcon_core.verb:set package 'tcp_socket' build argument 'catkin_skip_building_tests' from command line to 'False'
[0.435s] DEBUG:colcon.colcon_core.verb:Building package 'tcp_socket' with the following arguments: {'ament_cmake_args': None, 'build_base': '/home/bev/bev_ws/build/tcp_socket', 'catkin_cmake_args': None, 'catkin_skip_building_tests': False, 'cmake_args': None, 'cmake_clean_cache': False, 'cmake_clean_first': False, 'cmake_force_configure': False, 'cmake_target': None, 'cmake_target_skip_unavailable': False, 'install_base': '/home/bev/bev_ws/install/tcp_socket', 'merge_install': False, 'path': '/home/bev/bev_ws/src/tcp_socket', 'symlink_install': False, 'test_result_base': None}
[0.437s] Level 5:colcon.colcon_core.verb:set package 'data_pkg' build argument 'cmake_args' from command line to 'None'
[0.437s] Level 5:colcon.colcon_core.verb:set package 'data_pkg' build argument 'cmake_target' from command line to 'None'
[0.437s] Level 5:colcon.colcon_core.verb:set package 'data_pkg' build argument 'cmake_target_skip_unavailable' from command line to 'False'
[0.437s] Level 5:colcon.colcon_core.verb:set package 'data_pkg' build argument 'cmake_clean_cache' from command line to 'False'
[0.437s] Level 5:colcon.colcon_core.verb:set package 'data_pkg' build argument 'cmake_clean_first' from command line to 'False'
[0.437s] Level 5:colcon.colcon_core.verb:set package 'data_pkg' build argument 'cmake_force_configure' from command line to 'False'
[0.437s] Level 5:colcon.colcon_core.verb:set package 'data_pkg' build argument 'ament_cmake_args' from command line to 'None'
[0.437s] Level 5:colcon.colcon_core.verb:set package 'data_pkg' build argument 'catkin_cmake_args' from command line to 'None'
[0.437s] Level 5:colcon.colcon_core.verb:set package 'data_pkg' build argument 'catkin_skip_building_tests' from command line to 'False'
[0.437s] DEBUG:colcon.colcon_core.verb:Building package 'data_pkg' with the following arguments: {'ament_cmake_args': None, 'build_base': '/home/bev/bev_ws/build/data_pkg', 'catkin_cmake_args': None, 'catkin_skip_building_tests': False, 'cmake_args': None, 'cmake_clean_cache': False, 'cmake_clean_first': False, 'cmake_force_configure': False, 'cmake_target': None, 'cmake_target_skip_unavailable': False, 'install_base': '/home/bev/bev_ws/install/data_pkg', 'merge_install': False, 'path': '/home/bev/bev_ws/src/data_pkg', 'symlink_install': False, 'test_result_base': None}
[0.438s] Level 5:colcon.colcon_core.verb:set package 'tracking_algorithm' build argument 'cmake_args' from command line to 'None'
[0.438s] Level 5:colcon.colcon_core.verb:set package 'tracking_algorithm' build argument 'cmake_target' from command line to 'None'
[0.438s] Level 5:colcon.colcon_core.verb:set package 'tracking_algorithm' build argument 'cmake_target_skip_unavailable' from command line to 'False'
[0.438s] Level 5:colcon.colcon_core.verb:set package 'tracking_algorithm' build argument 'cmake_clean_cache' from command line to 'False'
[0.438s] Level 5:colcon.colcon_core.verb:set package 'tracking_algorithm' build argument 'cmake_clean_first' from command line to 'False'
[0.438s] Level 5:colcon.colcon_core.verb:set package 'tracking_algorithm' build argument 'cmake_force_configure' from command line to 'False'
[0.438s] Level 5:colcon.colcon_core.verb:set package 'tracking_algorithm' build argument 'ament_cmake_args' from command line to 'None'
[0.438s] Level 5:colcon.colcon_core.verb:set package 'tracking_algorithm' build argument 'catkin_cmake_args' from command line to 'None'
[0.438s] Level 5:colcon.colcon_core.verb:set package 'tracking_algorithm' build argument 'catkin_skip_building_tests' from command line to 'False'
[0.438s] DEBUG:colcon.colcon_core.verb:Building package 'tracking_algorithm' with the following arguments: {'ament_cmake_args': None, 'build_base': '/home/bev/bev_ws/build/tracking_algorithm', 'catkin_cmake_args': None, 'catkin_skip_building_tests': False, 'cmake_args': None, 'cmake_clean_cache': False, 'cmake_clean_first': False, 'cmake_force_configure': False, 'cmake_target': None, 'cmake_target_skip_unavailable': False, 'install_base': '/home/bev/bev_ws/install/tracking_algorithm', 'merge_install': False, 'path': '/home/bev/bev_ws/src/tracking_algorithm', 'symlink_install': False, 'test_result_base': None}
[0.439s] INFO:colcon.colcon_core.executor:Executing jobs using 'parallel' executor
[0.442s] DEBUG:colcon.colcon_parallel_executor.executor.parallel:run_until_complete
[0.442s] INFO:colcon.colcon_ros.task.ament_cmake.build:Building ROS package in '/home/bev/bev_ws/src/custom_msgs' with build type 'ament_cmake'
[0.442s] INFO:colcon.colcon_cmake.task.cmake.build:Building CMake package in '/home/bev/bev_ws/src/custom_msgs'
[0.446s] INFO:colcon.colcon_core.plugin_system:Skipping extension 'colcon_core.shell.bat': Not used on non-Windows systems
[0.447s] INFO:colcon.colcon_core.shell:Skip shell extension 'powershell' for command environment: Not usable outside of PowerShell
[0.447s] DEBUG:colcon.colcon_core.shell:Skip shell extension 'dsv' for command environment
[0.456s] INFO:colcon.colcon_ros.task.ament_cmake.build:Building ROS package in '/home/bev/bev_ws/src/risk_assessment' with build type 'ament_cmake'
[0.457s] INFO:colcon.colcon_cmake.task.cmake.build:Building CMake package in '/home/bev/bev_ws/src/risk_assessment'
[0.461s] INFO:colcon.colcon_core.shell:Skip shell extension 'powershell' for command environment: Not usable outside of PowerShell
[0.462s] DEBUG:colcon.colcon_core.shell:Skip shell extension 'dsv' for command environment
[0.483s] INFO:colcon.colcon_ros.task.ament_cmake.build:Building ROS package in '/home/bev/bev_ws/src/tcp_socket' with build type 'ament_cmake'
[0.483s] INFO:colcon.colcon_cmake.task.cmake.build:Building CMake package in '/home/bev/bev_ws/src/tcp_socket'
[0.487s] INFO:colcon.colcon_core.shell:Skip shell extension 'powershell' for command environment: Not usable outside of PowerShell
[0.488s] DEBUG:colcon.colcon_core.shell:Skip shell extension 'dsv' for command environment
[0.517s] DEBUG:colcon.colcon_core.event_handler.log_command:Invoking command in '/home/bev/bev_ws/build/custom_msgs': CMAKE_PREFIX_PATH=${CMAKE_PREFIX_PATH}:/home/bev/carla-ros-bridge/install/rqt_carla_control:/home/bev/carla-ros-bridge/install/carla_waypoint_publisher:/home/bev/carla-ros-bridge/install/carla_ackermann_control:/home/bev/carla-ros-bridge/install/carla_ros_bridge:/home/bev/carla-ros-bridge/install/carla_spawn_objects:/home/bev/carla-ros-bridge/install/carla_manual_control:/home/bev/carla-ros-bridge/install/carla_ad_agent:/home/bev/carla-ros-bridge/install/ros_compatibility:/home/bev/carla-ros-bridge/install/carla_walker_agent:/home/bev/carla-ros-bridge/install/carla_twist_to_control:/home/bev/carla-ros-bridge/install/carla_ros_scenario_runner:/home/bev/carla-ros-bridge/install/carla_common:/opt/ros/foxy /usr/bin/cmake --build /home/bev/bev_ws/build/custom_msgs -- -j28 -l28
[0.526s] DEBUG:colcon.colcon_core.event_handler.log_command:Invoking command in '/home/bev/bev_ws/build/risk_assessment': CMAKE_PREFIX_PATH=${CMAKE_PREFIX_PATH}:/home/bev/carla-ros-bridge/install/rqt_carla_control:/home/bev/carla-ros-bridge/install/carla_waypoint_publisher:/home/bev/carla-ros-bridge/install/carla_ackermann_control:/home/bev/carla-ros-bridge/install/carla_ros_bridge:/home/bev/carla-ros-bridge/install/carla_spawn_objects:/home/bev/carla-ros-bridge/install/carla_manual_control:/home/bev/carla-ros-bridge/install/carla_ad_agent:/home/bev/carla-ros-bridge/install/ros_compatibility:/home/bev/carla-ros-bridge/install/carla_walker_agent:/home/bev/carla-ros-bridge/install/carla_twist_to_control:/home/bev/carla-ros-bridge/install/carla_ros_scenario_runner:/home/bev/carla-ros-bridge/install/carla_common:/opt/ros/foxy /usr/bin/cmake --build /home/bev/bev_ws/build/risk_assessment -- -j28 -l28
[0.535s] DEBUG:colcon.colcon_core.event_handler.log_command:Invoking command in '/home/bev/bev_ws/build/tcp_socket': CMAKE_PREFIX_PATH=${CMAKE_PREFIX_PATH}:/home/bev/carla-ros-bridge/install/rqt_carla_control:/home/bev/carla-ros-bridge/install/carla_waypoint_publisher:/home/bev/carla-ros-bridge/install/carla_ackermann_control:/home/bev/carla-ros-bridge/install/carla_ros_bridge:/home/bev/carla-ros-bridge/install/carla_spawn_objects:/home/bev/carla-ros-bridge/install/carla_manual_control:/home/bev/carla-ros-bridge/install/carla_ad_agent:/home/bev/carla-ros-bridge/install/ros_compatibility:/home/bev/carla-ros-bridge/install/carla_walker_agent:/home/bev/carla-ros-bridge/install/carla_twist_to_control:/home/bev/carla-ros-bridge/install/carla_ros_scenario_runner:/home/bev/carla-ros-bridge/install/carla_common:/opt/ros/foxy /usr/bin/cmake --build /home/bev/bev_ws/build/tcp_socket -- -j28 -l28
[0.684s] DEBUG:colcon.colcon_core.event_handler.log_command:Invoked command in '/home/bev/bev_ws/build/tcp_socket' returned '0': CMAKE_PREFIX_PATH=${CMAKE_PREFIX_PATH}:/home/bev/carla-ros-bridge/install/rqt_carla_control:/home/bev/carla-ros-bridge/install/carla_waypoint_publisher:/home/bev/carla-ros-bridge/install/carla_ackermann_control:/home/bev/carla-ros-bridge/install/carla_ros_bridge:/home/bev/carla-ros-bridge/install/carla_spawn_objects:/home/bev/carla-ros-bridge/install/carla_manual_control:/home/bev/carla-ros-bridge/install/carla_ad_agent:/home/bev/carla-ros-bridge/install/ros_compatibility:/home/bev/carla-ros-bridge/install/carla_walker_agent:/home/bev/carla-ros-bridge/install/carla_twist_to_control:/home/bev/carla-ros-bridge/install/carla_ros_scenario_runner:/home/bev/carla-ros-bridge/install/carla_common:/opt/ros/foxy /usr/bin/cmake --build /home/bev/bev_ws/build/tcp_socket -- -j28 -l28
[0.752s] DEBUG:colcon.colcon_core.event_handler.log_command:Invoking command in '/home/bev/bev_ws/build/tcp_socket': CMAKE_PREFIX_PATH=${CMAKE_PREFIX_PATH}:/home/bev/carla-ros-bridge/install/rqt_carla_control:/home/bev/carla-ros-bridge/install/carla_waypoint_publisher:/home/bev/carla-ros-bridge/install/carla_ackermann_control:/home/bev/carla-ros-bridge/install/carla_ros_bridge:/home/bev/carla-ros-bridge/install/carla_spawn_objects:/home/bev/carla-ros-bridge/install/carla_manual_control:/home/bev/carla-ros-bridge/install/carla_ad_agent:/home/bev/carla-ros-bridge/install/ros_compatibility:/home/bev/carla-ros-bridge/install/carla_walker_agent:/home/bev/carla-ros-bridge/install/carla_twist_to_control:/home/bev/carla-ros-bridge/install/carla_ros_scenario_runner:/home/bev/carla-ros-bridge/install/carla_common:/opt/ros/foxy /usr/bin/cmake --install /home/bev/bev_ws/build/tcp_socket
[0.777s] Level 1:colcon.colcon_core.environment:create_environment_scripts_only(tcp_socket)
[0.778s] DEBUG:colcon.colcon_core.event_handler.log_command:Invoked command in '/home/bev/bev_ws/build/tcp_socket' returned '0': CMAKE_PREFIX_PATH=${CMAKE_PREFIX_PATH}:/home/bev/carla-ros-bridge/install/rqt_carla_control:/home/bev/carla-ros-bridge/install/carla_waypoint_publisher:/home/bev/carla-ros-bridge/install/carla_ackermann_control:/home/bev/carla-ros-bridge/install/carla_ros_bridge:/home/bev/carla-ros-bridge/install/carla_spawn_objects:/home/bev/carla-ros-bridge/install/carla_manual_control:/home/bev/carla-ros-bridge/install/carla_ad_agent:/home/bev/carla-ros-bridge/install/ros_compatibility:/home/bev/carla-ros-bridge/install/carla_walker_agent:/home/bev/carla-ros-bridge/install/carla_twist_to_control:/home/bev/carla-ros-bridge/install/carla_ros_scenario_runner:/home/bev/carla-ros-bridge/install/carla_common:/opt/ros/foxy /usr/bin/cmake --install /home/bev/bev_ws/build/tcp_socket
[0.784s] Level 1:colcon.colcon_core.environment:checking '/home/bev/bev_ws/install/tcp_socket' for CMake module files
[0.784s] Level 1:colcon.colcon_core.environment:checking '/home/bev/bev_ws/install/tcp_socket' for CMake config files
[0.785s] Level 1:colcon.colcon_core.shell:create_environment_hook('tcp_socket', 'cmake_prefix_path')
[0.786s] INFO:colcon.colcon_core.shell:Creating environment hook '/home/bev/bev_ws/install/tcp_socket/share/tcp_socket/hook/cmake_prefix_path.ps1'
[0.787s] INFO:colcon.colcon_core.shell:Creating environment descriptor '/home/bev/bev_ws/install/tcp_socket/share/tcp_socket/hook/cmake_prefix_path.dsv'
[0.787s] INFO:colcon.colcon_core.shell:Creating environment hook '/home/bev/bev_ws/install/tcp_socket/share/tcp_socket/hook/cmake_prefix_path.sh'
[0.788s] Level 1:colcon.colcon_core.environment:checking '/home/bev/bev_ws/install/tcp_socket/lib'
[0.788s] Level 1:colcon.colcon_core.environment:checking '/home/bev/bev_ws/install/tcp_socket/bin'
[0.788s] Level 1:colcon.colcon_core.environment:checking '/home/bev/bev_ws/install/tcp_socket/lib/pkgconfig/tcp_socket.pc'
[0.788s] Level 1:colcon.colcon_core.environment:checking '/home/bev/bev_ws/install/tcp_socket/lib/python3.8/site-packages'
[0.788s] Level 1:colcon.colcon_core.environment:checking '/home/bev/bev_ws/install/tcp_socket/bin'
[0.790s] INFO:colcon.colcon_core.shell:Creating package script '/home/bev/bev_ws/install/tcp_socket/share/tcp_socket/package.ps1'
[0.790s] INFO:colcon.colcon_core.shell:Creating package descriptor '/home/bev/bev_ws/install/tcp_socket/share/tcp_socket/package.dsv'
[0.791s] INFO:colcon.colcon_core.shell:Creating package script '/home/bev/bev_ws/install/tcp_socket/share/tcp_socket/package.sh'
[0.791s] INFO:colcon.colcon_core.shell:Creating package script '/home/bev/bev_ws/install/tcp_socket/share/tcp_socket/package.bash'
[0.792s] INFO:colcon.colcon_core.shell:Creating package script '/home/bev/bev_ws/install/tcp_socket/share/tcp_socket/package.zsh'
[0.792s] Level 1:colcon.colcon_core.environment:create_file_with_runtime_dependencies(/home/bev/bev_ws/install/tcp_socket/share/colcon-core/packages/tcp_socket)
[0.843s] Level 1:colcon.colcon_core.environment:create_environment_scripts_only(tcp_socket)
[0.848s] Level 1:colcon.colcon_core.environment:checking '/home/bev/bev_ws/install/tcp_socket' for CMake module files
[0.849s] Level 1:colcon.colcon_core.environment:checking '/home/bev/bev_ws/install/tcp_socket' for CMake config files
[0.850s] Level 1:colcon.colcon_core.shell:create_environment_hook('tcp_socket', 'cmake_prefix_path')
[0.852s] INFO:colcon.colcon_core.shell:Creating environment hook '/home/bev/bev_ws/install/tcp_socket/share/tcp_socket/hook/cmake_prefix_path.ps1'
[0.853s] INFO:colcon.colcon_core.shell:Creating environment descriptor '/home/bev/bev_ws/install/tcp_socket/share/tcp_socket/hook/cmake_prefix_path.dsv'
[0.854s] INFO:colcon.colcon_core.shell:Creating environment hook '/home/bev/bev_ws/install/tcp_socket/share/tcp_socket/hook/cmake_prefix_path.sh'
[0.855s] Level 1:colcon.colcon_core.environment:checking '/home/bev/bev_ws/install/tcp_socket/lib'
[0.855s] Level 1:colcon.colcon_core.environment:checking '/home/bev/bev_ws/install/tcp_socket/bin'
[0.855s] Level 1:colcon.colcon_core.environment:checking '/home/bev/bev_ws/install/tcp_socket/lib/pkgconfig/tcp_socket.pc'
[0.855s] Level 1:colcon.colcon_core.environment:checking '/home/bev/bev_ws/install/tcp_socket/lib/python3.8/site-packages'
[0.855s] Level 1:colcon.colcon_core.environment:checking '/home/bev/bev_ws/install/tcp_socket/bin'
[0.858s] INFO:colcon.colcon_core.shell:Creating package script '/home/bev/bev_ws/install/tcp_socket/share/tcp_socket/package.ps1'
[0.858s] INFO:colcon.colcon_core.shell:Creating package descriptor '/home/bev/bev_ws/install/tcp_socket/share/tcp_socket/package.dsv'
[0.859s] INFO:colcon.colcon_core.shell:Creating package script '/home/bev/bev_ws/install/tcp_socket/share/tcp_socket/package.sh'
[0.859s] INFO:colcon.colcon_core.shell:Creating package script '/home/bev/bev_ws/install/tcp_socket/share/tcp_socket/package.bash'
[0.860s] INFO:colcon.colcon_core.shell:Creating package script '/home/bev/bev_ws/install/tcp_socket/share/tcp_socket/package.zsh'
[0.860s] Level 1:colcon.colcon_core.environment:create_file_with_runtime_dependencies(/home/bev/bev_ws/install/tcp_socket/share/colcon-core/packages/tcp_socket)
[0.948s] DEBUG:colcon.colcon_core.event_handler.log_command:Invoked command in '/home/bev/bev_ws/build/custom_msgs' returned '0': CMAKE_PREFIX_PATH=${CMAKE_PREFIX_PATH}:/home/bev/carla-ros-bridge/install/rqt_carla_control:/home/bev/carla-ros-bridge/install/carla_waypoint_publisher:/home/bev/carla-ros-bridge/install/carla_ackermann_control:/home/bev/carla-ros-bridge/install/carla_ros_bridge:/home/bev/carla-ros-bridge/install/carla_spawn_objects:/home/bev/carla-ros-bridge/install/carla_manual_control:/home/bev/carla-ros-bridge/install/carla_ad_agent:/home/bev/carla-ros-bridge/install/ros_compatibility:/home/bev/carla-ros-bridge/install/carla_walker_agent:/home/bev/carla-ros-bridge/install/carla_twist_to_control:/home/bev/carla-ros-bridge/install/carla_ros_scenario_runner:/home/bev/carla-ros-bridge/install/carla_common:/opt/ros/foxy /usr/bin/cmake --build /home/bev/bev_ws/build/custom_msgs -- -j28 -l28
[1.181s] DEBUG:colcon.colcon_core.event_handler.log_command:Invoking command in '/home/bev/bev_ws/build/custom_msgs': CMAKE_PREFIX_PATH=${CMAKE_PREFIX_PATH}:/home/bev/carla-ros-bridge/install/rqt_carla_control:/home/bev/carla-ros-bridge/install/carla_waypoint_publisher:/home/bev/carla-ros-bridge/install/carla_ackermann_control:/home/bev/carla-ros-bridge/install/carla_ros_bridge:/home/bev/carla-ros-bridge/install/carla_spawn_objects:/home/bev/carla-ros-bridge/install/carla_manual_control:/home/bev/carla-ros-bridge/install/carla_ad_agent:/home/bev/carla-ros-bridge/install/ros_compatibility:/home/bev/carla-ros-bridge/install/carla_walker_agent:/home/bev/carla-ros-bridge/install/carla_twist_to_control:/home/bev/carla-ros-bridge/install/carla_ros_scenario_runner:/home/bev/carla-ros-bridge/install/carla_common:/opt/ros/foxy /usr/bin/cmake --install /home/bev/bev_ws/build/custom_msgs
[1.278s] Level 1:colcon.colcon_core.environment:create_environment_scripts_only(custom_msgs)
[1.280s] Level 1:colcon.colcon_core.environment:checking '/home/bev/bev_ws/install/custom_msgs' for CMake module files
[1.281s] DEBUG:colcon.colcon_core.event_handler.log_command:Invoked command in '/home/bev/bev_ws/build/custom_msgs' returned '0': CMAKE_PREFIX_PATH=${CMAKE_PREFIX_PATH}:/home/bev/carla-ros-bridge/install/rqt_carla_control:/home/bev/carla-ros-bridge/install/carla_waypoint_publisher:/home/bev/carla-ros-bridge/install/carla_ackermann_control:/home/bev/carla-ros-bridge/install/carla_ros_bridge:/home/bev/carla-ros-bridge/install/carla_spawn_objects:/home/bev/carla-ros-bridge/install/carla_manual_control:/home/bev/carla-ros-bridge/install/carla_ad_agent:/home/bev/carla-ros-bridge/install/ros_compatibility:/home/bev/carla-ros-bridge/install/carla_walker_agent:/home/bev/carla-ros-bridge/install/carla_twist_to_control:/home/bev/carla-ros-bridge/install/carla_ros_scenario_runner:/home/bev/carla-ros-bridge/install/carla_common:/opt/ros/foxy /usr/bin/cmake --install /home/bev/bev_ws/build/custom_msgs
[1.281s] Level 1:colcon.colcon_core.environment:checking '/home/bev/bev_ws/install/custom_msgs' for CMake config files
[1.282s] Level 1:colcon.colcon_core.shell:create_environment_hook('custom_msgs', 'cmake_prefix_path')
[1.283s] INFO:colcon.colcon_core.shell:Creating environment hook '/home/bev/bev_ws/install/custom_msgs/share/custom_msgs/hook/cmake_prefix_path.ps1'
[1.284s] INFO:colcon.colcon_core.shell:Creating environment descriptor '/home/bev/bev_ws/install/custom_msgs/share/custom_msgs/hook/cmake_prefix_path.dsv'
[1.284s] INFO:colcon.colcon_core.shell:Creating environment hook '/home/bev/bev_ws/install/custom_msgs/share/custom_msgs/hook/cmake_prefix_path.sh'
[1.284s] Level 1:colcon.colcon_core.environment:checking '/home/bev/bev_ws/install/custom_msgs/lib'
[1.284s] Level 1:colcon.colcon_core.shell:create_environment_hook('custom_msgs', 'ld_library_path_lib')
[1.286s] INFO:colcon.colcon_core.shell:Creating environment hook '/home/bev/bev_ws/install/custom_msgs/share/custom_msgs/hook/ld_library_path_lib.ps1'
[1.286s] INFO:colcon.colcon_core.shell:Creating environment descriptor '/home/bev/bev_ws/install/custom_msgs/share/custom_msgs/hook/ld_library_path_lib.dsv'
[1.286s] INFO:colcon.colcon_core.shell:Creating environment hook '/home/bev/bev_ws/install/custom_msgs/share/custom_msgs/hook/ld_library_path_lib.sh'
[1.286s] Level 1:colcon.colcon_core.environment:checking '/home/bev/bev_ws/install/custom_msgs/bin'
[1.286s] Level 1:colcon.colcon_core.environment:checking '/home/bev/bev_ws/install/custom_msgs/lib/pkgconfig/custom_msgs.pc'
[1.287s] Level 1:colcon.colcon_core.environment:checking '/home/bev/bev_ws/install/custom_msgs/lib/python3.8/site-packages'
[1.287s] Level 1:colcon.colcon_core.shell:create_environment_hook('custom_msgs', 'pythonpath')
[1.288s] INFO:colcon.colcon_core.shell:Creating environment hook '/home/bev/bev_ws/install/custom_msgs/share/custom_msgs/hook/pythonpath.ps1'
[1.288s] INFO:colcon.colcon_core.shell:Creating environment descriptor '/home/bev/bev_ws/install/custom_msgs/share/custom_msgs/hook/pythonpath.dsv'
[1.289s] INFO:colcon.colcon_core.shell:Creating environment hook '/home/bev/bev_ws/install/custom_msgs/share/custom_msgs/hook/pythonpath.sh'
[1.289s] Level 1:colcon.colcon_core.environment:checking '/home/bev/bev_ws/install/custom_msgs/bin'
[1.290s] INFO:colcon.colcon_core.shell:Creating package script '/home/bev/bev_ws/install/custom_msgs/share/custom_msgs/package.ps1'
[1.291s] INFO:colcon.colcon_core.shell:Creating package descriptor '/home/bev/bev_ws/install/custom_msgs/share/custom_msgs/package.dsv'
[1.291s] INFO:colcon.colcon_core.shell:Creating package script '/home/bev/bev_ws/install/custom_msgs/share/custom_msgs/package.sh'
[1.291s] INFO:colcon.colcon_core.shell:Creating package script '/home/bev/bev_ws/install/custom_msgs/share/custom_msgs/package.bash'
[1.292s] INFO:colcon.colcon_core.shell:Creating package script '/home/bev/bev_ws/install/custom_msgs/share/custom_msgs/package.zsh'
[1.292s] Level 1:colcon.colcon_core.environment:create_file_with_runtime_dependencies(/home/bev/bev_ws/install/custom_msgs/share/colcon-core/packages/custom_msgs)
[1.521s] Level 1:colcon.colcon_core.environment:create_environment_scripts_only(custom_msgs)
[1.527s] Level 1:colcon.colcon_core.environment:checking '/home/bev/bev_ws/install/custom_msgs' for CMake module files
[1.528s] Level 1:colcon.colcon_core.environment:checking '/home/bev/bev_ws/install/custom_msgs' for CMake config files
[1.530s] Level 1:colcon.colcon_core.shell:create_environment_hook('custom_msgs', 'cmake_prefix_path')
[1.533s] INFO:colcon.colcon_core.shell:Creating environment hook '/home/bev/bev_ws/install/custom_msgs/share/custom_msgs/hook/cmake_prefix_path.ps1'
[1.534s] INFO:colcon.colcon_core.shell:Creating environment descriptor '/home/bev/bev_ws/install/custom_msgs/share/custom_msgs/hook/cmake_prefix_path.dsv'
[1.535s] INFO:colcon.colcon_core.shell:Creating environment hook '/home/bev/bev_ws/install/custom_msgs/share/custom_msgs/hook/cmake_prefix_path.sh'
[1.535s] Level 1:colcon.colcon_core.environment:checking '/home/bev/bev_ws/install/custom_msgs/lib'
[1.536s] Level 1:colcon.colcon_core.shell:create_environment_hook('custom_msgs', 'ld_library_path_lib')
[1.539s] INFO:colcon.colcon_core.shell:Creating environment hook '/home/bev/bev_ws/install/custom_msgs/share/custom_msgs/hook/ld_library_path_lib.ps1'
[1.539s] INFO:colcon.colcon_core.shell:Creating environment descriptor '/home/bev/bev_ws/install/custom_msgs/share/custom_msgs/hook/ld_library_path_lib.dsv'
[1.540s] INFO:colcon.colcon_core.shell:Creating environment hook '/home/bev/bev_ws/install/custom_msgs/share/custom_msgs/hook/ld_library_path_lib.sh'
[1.541s] Level 1:colcon.colcon_core.environment:checking '/home/bev/bev_ws/install/custom_msgs/bin'
[1.541s] Level 1:colcon.colcon_core.environment:checking '/home/bev/bev_ws/install/custom_msgs/lib/pkgconfig/custom_msgs.pc'
[1.541s] Level 1:colcon.colcon_core.environment:checking '/home/bev/bev_ws/install/custom_msgs/lib/python3.8/site-packages'
[1.542s] Level 1:colcon.colcon_core.shell:create_environment_hook('custom_msgs', 'pythonpath')
[1.544s] INFO:colcon.colcon_core.shell:Creating environment hook '/home/bev/bev_ws/install/custom_msgs/share/custom_msgs/hook/pythonpath.ps1'
[1.545s] INFO:colcon.colcon_core.shell:Creating environment descriptor '/home/bev/bev_ws/install/custom_msgs/share/custom_msgs/hook/pythonpath.dsv'
[1.545s] INFO:colcon.colcon_core.shell:Creating environment hook '/home/bev/bev_ws/install/custom_msgs/share/custom_msgs/hook/pythonpath.sh'
[1.547s] Level 1:colcon.colcon_core.environment:checking '/home/bev/bev_ws/install/custom_msgs/bin'
[1.551s] INFO:colcon.colcon_core.shell:Creating package script '/home/bev/bev_ws/install/custom_msgs/share/custom_msgs/package.ps1'
[1.552s] INFO:colcon.colcon_core.shell:Creating package descriptor '/home/bev/bev_ws/install/custom_msgs/share/custom_msgs/package.dsv'
[1.553s] INFO:colcon.colcon_core.shell:Creating package script '/home/bev/bev_ws/install/custom_msgs/share/custom_msgs/package.sh'
[1.554s] INFO:colcon.colcon_core.shell:Creating package script '/home/bev/bev_ws/install/custom_msgs/share/custom_msgs/package.bash'
[1.555s] INFO:colcon.colcon_core.shell:Creating package script '/home/bev/bev_ws/install/custom_msgs/share/custom_msgs/package.zsh'
[1.556s] Level 1:colcon.colcon_core.environment:create_file_with_runtime_dependencies(/home/bev/bev_ws/install/custom_msgs/share/colcon-core/packages/custom_msgs)
[1.557s] INFO:colcon.colcon_ros.task.ament_cmake.build:Building ROS package in '/home/bev/bev_ws/src/data_pkg' with build type 'ament_cmake'
[1.557s] INFO:colcon.colcon_cmake.task.cmake.build:Building CMake package in '/home/bev/bev_ws/src/data_pkg'
[1.561s] INFO:colcon.colcon_core.shell:Skip shell extension 'powershell' for command environment: Not usable outside of PowerShell
[1.562s] DEBUG:colcon.colcon_core.shell:Skip shell extension 'dsv' for command environment
[1.576s] INFO:colcon.colcon_ros.task.ament_cmake.build:Building ROS package in '/home/bev/bev_ws/src/tracking_algorithm' with build type 'ament_cmake'
[1.576s] INFO:colcon.colcon_cmake.task.cmake.build:Building CMake package in '/home/bev/bev_ws/src/tracking_algorithm'
[1.578s] INFO:colcon.colcon_core.shell:Skip shell extension 'powershell' for command environment: Not usable outside of PowerShell
[1.578s] DEBUG:colcon.colcon_core.shell:Skip shell extension 'dsv' for command environment
[1.597s] DEBUG:colcon.colcon_core.event_handler.log_command:Invoking command in '/home/bev/bev_ws/build/data_pkg': CMAKE_PREFIX_PATH=/home/bev/bev_ws/install/custom_msgs:/home/bev/bev_ws/install/tracking_algorithm:/home/bev/bev_ws/install/tcp_socket:/home/bev/bev_ws/install/risk_assessment:/home/bev/bev_ws/install/data_pkg:/home/bev/carla-ros-bridge/install/carla_ad_demo:/home/bev/carla-ros-bridge/install/rviz_carla_plugin:/home/bev/carla-ros-bridge/install/pcl_recorder:/home/bev/carla-ros-bridge/install/carla_waypoint_types:/home/bev/carla-ros-bridge/install/carla_ros_scenario_runner_types:/home/bev/carla-ros-bridge/install/carla_ackermann_msgs:/home/bev/carla-ros-bridge/install/carla_msgs:/home/bev/carla-ros-bridge/install/rqt_carla_control:/home/bev/carla-ros-bridge/install/carla_waypoint_publisher:/home/bev/carla-ros-bridge/install/carla_ackermann_control:/home/bev/carla-ros-bridge/install/carla_ros_bridge:/home/bev/carla-ros-bridge/install/carla_spawn_objects:/home/bev/carla-ros-bridge/install/carla_manual_control:/home/bev/carla-ros-bridge/install/carla_ad_agent:/home/bev/carla-ros-bridge/install/ros_compatibility:/home/bev/carla-ros-bridge/install/carla_walker_agent:/home/bev/carla-ros-bridge/install/carla_twist_to_control:/home/bev/carla-ros-bridge/install/carla_ros_scenario_runner:/home/bev/carla-ros-bridge/install/carla_common:/opt/ros/foxy LD_LIBRARY_PATH=/home/bev/bev_ws/install/custom_msgs/lib:/home/bev/carla-ros-bridge/install/rviz_carla_plugin/lib:/home/bev/carla-ros-bridge/install/carla_waypoint_types/lib:/home/bev/carla-ros-bridge/install/carla_ros_scenario_runner_types/lib:/home/bev/carla-ros-bridge/install/carla_ackermann_msgs/lib:/home/bev/carla-ros-bridge/install/carla_msgs/lib:/opt/ros/foxy/opt/yaml_cpp_vendor/lib:/opt/ros/foxy/opt/rviz_ogre_vendor/lib:/opt/ros/foxy/lib/x86_64-linux-gnu:/opt/ros/foxy/lib:/usr/local/cuda-11.3/lib64:/home/bev/TensorRT-8.6.1.6/lib /usr/bin/cmake --build /home/bev/bev_ws/build/data_pkg -- -j28 -l28
[1.607s] DEBUG:colcon.colcon_core.event_handler.log_command:Invoking command in '/home/bev/bev_ws/build/tracking_algorithm': CMAKE_PREFIX_PATH=/home/bev/bev_ws/install/custom_msgs:/home/bev/bev_ws/install/tracking_algorithm:/home/bev/bev_ws/install/tcp_socket:/home/bev/bev_ws/install/risk_assessment:/home/bev/bev_ws/install/data_pkg:/home/bev/carla-ros-bridge/install/carla_ad_demo:/home/bev/carla-ros-bridge/install/rviz_carla_plugin:/home/bev/carla-ros-bridge/install/pcl_recorder:/home/bev/carla-ros-bridge/install/carla_waypoint_types:/home/bev/carla-ros-bridge/install/carla_ros_scenario_runner_types:/home/bev/carla-ros-bridge/install/carla_ackermann_msgs:/home/bev/carla-ros-bridge/install/carla_msgs:/home/bev/carla-ros-bridge/install/rqt_carla_control:/home/bev/carla-ros-bridge/install/carla_waypoint_publisher:/home/bev/carla-ros-bridge/install/carla_ackermann_control:/home/bev/carla-ros-bridge/install/carla_ros_bridge:/home/bev/carla-ros-bridge/install/carla_spawn_objects:/home/bev/carla-ros-bridge/install/carla_manual_control:/home/bev/carla-ros-bridge/install/carla_ad_agent:/home/bev/carla-ros-bridge/install/ros_compatibility:/home/bev/carla-ros-bridge/install/carla_walker_agent:/home/bev/carla-ros-bridge/install/carla_twist_to_control:/home/bev/carla-ros-bridge/install/carla_ros_scenario_runner:/home/bev/carla-ros-bridge/install/carla_common:/opt/ros/foxy LD_LIBRARY_PATH=/home/bev/bev_ws/install/custom_msgs/lib:/home/bev/carla-ros-bridge/install/rviz_carla_plugin/lib:/home/bev/carla-ros-bridge/install/carla_waypoint_types/lib:/home/bev/carla-ros-bridge/install/carla_ros_scenario_runner_types/lib:/home/bev/carla-ros-bridge/install/carla_ackermann_msgs/lib:/home/bev/carla-ros-bridge/install/carla_msgs/lib:/opt/ros/foxy/opt/yaml_cpp_vendor/lib:/opt/ros/foxy/opt/rviz_ogre_vendor/lib:/opt/ros/foxy/lib/x86_64-linux-gnu:/opt/ros/foxy/lib:/usr/local/cuda-11.3/lib64:/home/bev/TensorRT-8.6.1.6/lib /usr/bin/cmake --build /home/bev/bev_ws/build/tracking_algorithm -- -j28 -l28
[1.735s] DEBUG:colcon.colcon_core.event_handler.log_command:Invoked command in '/home/bev/bev_ws/build/data_pkg' returned '0': CMAKE_PREFIX_PATH=/home/bev/bev_ws/install/custom_msgs:/home/bev/bev_ws/install/tracking_algorithm:/home/bev/bev_ws/install/tcp_socket:/home/bev/bev_ws/install/risk_assessment:/home/bev/bev_ws/install/data_pkg:/home/bev/carla-ros-bridge/install/carla_ad_demo:/home/bev/carla-ros-bridge/install/rviz_carla_plugin:/home/bev/carla-ros-bridge/install/pcl_recorder:/home/bev/carla-ros-bridge/install/carla_waypoint_types:/home/bev/carla-ros-bridge/install/carla_ros_scenario_runner_types:/home/bev/carla-ros-bridge/install/carla_ackermann_msgs:/home/bev/carla-ros-bridge/install/carla_msgs:/home/bev/carla-ros-bridge/install/rqt_carla_control:/home/bev/carla-ros-bridge/install/carla_waypoint_publisher:/home/bev/carla-ros-bridge/install/carla_ackermann_control:/home/bev/carla-ros-bridge/install/carla_ros_bridge:/home/bev/carla-ros-bridge/install/carla_spawn_objects:/home/bev/carla-ros-bridge/install/carla_manual_control:/home/bev/carla-ros-bridge/install/carla_ad_agent:/home/bev/carla-ros-bridge/install/ros_compatibility:/home/bev/carla-ros-bridge/install/carla_walker_agent:/home/bev/carla-ros-bridge/install/carla_twist_to_control:/home/bev/carla-ros-bridge/install/carla_ros_scenario_runner:/home/bev/carla-ros-bridge/install/carla_common:/opt/ros/foxy LD_LIBRARY_PATH=/home/bev/bev_ws/install/custom_msgs/lib:/home/bev/carla-ros-bridge/install/rviz_carla_plugin/lib:/home/bev/carla-ros-bridge/install/carla_waypoint_types/lib:/home/bev/carla-ros-bridge/install/carla_ros_scenario_runner_types/lib:/home/bev/carla-ros-bridge/install/carla_ackermann_msgs/lib:/home/bev/carla-ros-bridge/install/carla_msgs/lib:/opt/ros/foxy/opt/yaml_cpp_vendor/lib:/opt/ros/foxy/opt/rviz_ogre_vendor/lib:/opt/ros/foxy/lib/x86_64-linux-gnu:/opt/ros/foxy/lib:/usr/local/cuda-11.3/lib64:/home/bev/TensorRT-8.6.1.6/lib /usr/bin/cmake --build /home/bev/bev_ws/build/data_pkg -- -j28 -l28
[1.759s] DEBUG:colcon.colcon_core.event_handler.log_command:Invoked command in '/home/bev/bev_ws/build/tracking_algorithm' returned '0': CMAKE_PREFIX_PATH=/home/bev/bev_ws/install/custom_msgs:/home/bev/bev_ws/install/tracking_algorithm:/home/bev/bev_ws/install/tcp_socket:/home/bev/bev_ws/install/risk_assessment:/home/bev/bev_ws/install/data_pkg:/home/bev/carla-ros-bridge/install/carla_ad_demo:/home/bev/carla-ros-bridge/install/rviz_carla_plugin:/home/bev/carla-ros-bridge/install/pcl_recorder:/home/bev/carla-ros-bridge/install/carla_waypoint_types:/home/bev/carla-ros-bridge/install/carla_ros_scenario_runner_types:/home/bev/carla-ros-bridge/install/carla_ackermann_msgs:/home/bev/carla-ros-bridge/install/carla_msgs:/home/bev/carla-ros-bridge/install/rqt_carla_control:/home/bev/carla-ros-bridge/install/carla_waypoint_publisher:/home/bev/carla-ros-bridge/install/carla_ackermann_control:/home/bev/carla-ros-bridge/install/carla_ros_bridge:/home/bev/carla-ros-bridge/install/carla_spawn_objects:/home/bev/carla-ros-bridge/install/carla_manual_control:/home/bev/carla-ros-bridge/install/carla_ad_agent:/home/bev/carla-ros-bridge/install/ros_compatibility:/home/bev/carla-ros-bridge/install/carla_walker_agent:/home/bev/carla-ros-bridge/install/carla_twist_to_control:/home/bev/carla-ros-bridge/install/carla_ros_scenario_runner:/home/bev/carla-ros-bridge/install/carla_common:/opt/ros/foxy LD_LIBRARY_PATH=/home/bev/bev_ws/install/custom_msgs/lib:/home/bev/carla-ros-bridge/install/rviz_carla_plugin/lib:/home/bev/carla-ros-bridge/install/carla_waypoint_types/lib:/home/bev/carla-ros-bridge/install/carla_ros_scenario_runner_types/lib:/home/bev/carla-ros-bridge/install/carla_ackermann_msgs/lib:/home/bev/carla-ros-bridge/install/carla_msgs/lib:/opt/ros/foxy/opt/yaml_cpp_vendor/lib:/opt/ros/foxy/opt/rviz_ogre_vendor/lib:/opt/ros/foxy/lib/x86_64-linux-gnu:/opt/ros/foxy/lib:/usr/local/cuda-11.3/lib64:/home/bev/TensorRT-8.6.1.6/lib /usr/bin/cmake --build /home/bev/bev_ws/build/tracking_algorithm -- -j28 -l28
[1.801s] DEBUG:colcon.colcon_core.event_handler.log_command:Invoking command in '/home/bev/bev_ws/build/data_pkg': CMAKE_PREFIX_PATH=/home/bev/bev_ws/install/custom_msgs:/home/bev/bev_ws/install/tracking_algorithm:/home/bev/bev_ws/install/tcp_socket:/home/bev/bev_ws/install/risk_assessment:/home/bev/bev_ws/install/data_pkg:/home/bev/carla-ros-bridge/install/carla_ad_demo:/home/bev/carla-ros-bridge/install/rviz_carla_plugin:/home/bev/carla-ros-bridge/install/pcl_recorder:/home/bev/carla-ros-bridge/install/carla_waypoint_types:/home/bev/carla-ros-bridge/install/carla_ros_scenario_runner_types:/home/bev/carla-ros-bridge/install/carla_ackermann_msgs:/home/bev/carla-ros-bridge/install/carla_msgs:/home/bev/carla-ros-bridge/install/rqt_carla_control:/home/bev/carla-ros-bridge/install/carla_waypoint_publisher:/home/bev/carla-ros-bridge/install/carla_ackermann_control:/home/bev/carla-ros-bridge/install/carla_ros_bridge:/home/bev/carla-ros-bridge/install/carla_spawn_objects:/home/bev/carla-ros-bridge/install/carla_manual_control:/home/bev/carla-ros-bridge/install/carla_ad_agent:/home/bev/carla-ros-bridge/install/ros_compatibility:/home/bev/carla-ros-bridge/install/carla_walker_agent:/home/bev/carla-ros-bridge/install/carla_twist_to_control:/home/bev/carla-ros-bridge/install/carla_ros_scenario_runner:/home/bev/carla-ros-bridge/install/carla_common:/opt/ros/foxy LD_LIBRARY_PATH=/home/bev/bev_ws/install/custom_msgs/lib:/home/bev/carla-ros-bridge/install/rviz_carla_plugin/lib:/home/bev/carla-ros-bridge/install/carla_waypoint_types/lib:/home/bev/carla-ros-bridge/install/carla_ros_scenario_runner_types/lib:/home/bev/carla-ros-bridge/install/carla_ackermann_msgs/lib:/home/bev/carla-ros-bridge/install/carla_msgs/lib:/opt/ros/foxy/opt/yaml_cpp_vendor/lib:/opt/ros/foxy/opt/rviz_ogre_vendor/lib:/opt/ros/foxy/lib/x86_64-linux-gnu:/opt/ros/foxy/lib:/usr/local/cuda-11.3/lib64:/home/bev/TensorRT-8.6.1.6/lib /usr/bin/cmake --install /home/bev/bev_ws/build/data_pkg
[1.830s] Level 1:colcon.colcon_core.environment:create_environment_scripts_only(data_pkg)
[1.837s] Level 1:colcon.colcon_core.environment:checking '/home/bev/bev_ws/install/data_pkg' for CMake module files
[1.838s] DEBUG:colcon.colcon_core.event_handler.log_command:Invoked command in '/home/bev/bev_ws/build/data_pkg' returned '0': CMAKE_PREFIX_PATH=/home/bev/bev_ws/install/custom_msgs:/home/bev/bev_ws/install/tracking_algorithm:/home/bev/bev_ws/install/tcp_socket:/home/bev/bev_ws/install/risk_assessment:/home/bev/bev_ws/install/data_pkg:/home/bev/carla-ros-bridge/install/carla_ad_demo:/home/bev/carla-ros-bridge/install/rviz_carla_plugin:/home/bev/carla-ros-bridge/install/pcl_recorder:/home/bev/carla-ros-bridge/install/carla_waypoint_types:/home/bev/carla-ros-bridge/install/carla_ros_scenario_runner_types:/home/bev/carla-ros-bridge/install/carla_ackermann_msgs:/home/bev/carla-ros-bridge/install/carla_msgs:/home/bev/carla-ros-bridge/install/rqt_carla_control:/home/bev/carla-ros-bridge/install/carla_waypoint_publisher:/home/bev/carla-ros-bridge/install/carla_ackermann_control:/home/bev/carla-ros-bridge/install/carla_ros_bridge:/home/bev/carla-ros-bridge/install/carla_spawn_objects:/home/bev/carla-ros-bridge/install/carla_manual_control:/home/bev/carla-ros-bridge/install/carla_ad_agent:/home/bev/carla-ros-bridge/install/ros_compatibility:/home/bev/carla-ros-bridge/install/carla_walker_agent:/home/bev/carla-ros-bridge/install/carla_twist_to_control:/home/bev/carla-ros-bridge/install/carla_ros_scenario_runner:/home/bev/carla-ros-bridge/install/carla_common:/opt/ros/foxy LD_LIBRARY_PATH=/home/bev/bev_ws/install/custom_msgs/lib:/home/bev/carla-ros-bridge/install/rviz_carla_plugin/lib:/home/bev/carla-ros-bridge/install/carla_waypoint_types/lib:/home/bev/carla-ros-bridge/install/carla_ros_scenario_runner_types/lib:/home/bev/carla-ros-bridge/install/carla_ackermann_msgs/lib:/home/bev/carla-ros-bridge/install/carla_msgs/lib:/opt/ros/foxy/opt/yaml_cpp_vendor/lib:/opt/ros/foxy/opt/rviz_ogre_vendor/lib:/opt/ros/foxy/lib/x86_64-linux-gnu:/opt/ros/foxy/lib:/usr/local/cuda-11.3/lib64:/home/bev/TensorRT-8.6.1.6/lib /usr/bin/cmake --install /home/bev/bev_ws/build/data_pkg
[1.838s] Level 1:colcon.colcon_core.environment:checking '/home/bev/bev_ws/install/data_pkg' for CMake config files
[1.839s] Level 1:colcon.colcon_core.shell:create_environment_hook('data_pkg', 'cmake_prefix_path')
[1.843s] INFO:colcon.colcon_core.shell:Creating environment hook '/home/bev/bev_ws/install/data_pkg/share/data_pkg/hook/cmake_prefix_path.ps1'
[1.844s] INFO:colcon.colcon_core.shell:Creating environment descriptor '/home/bev/bev_ws/install/data_pkg/share/data_pkg/hook/cmake_prefix_path.dsv'
[1.844s] INFO:colcon.colcon_core.shell:Creating environment hook '/home/bev/bev_ws/install/data_pkg/share/data_pkg/hook/cmake_prefix_path.sh'
[1.847s] Level 1:colcon.colcon_core.environment:checking '/home/bev/bev_ws/install/data_pkg/lib'
[1.847s] Level 1:colcon.colcon_core.environment:checking '/home/bev/bev_ws/install/data_pkg/bin'
[1.847s] Level 1:colcon.colcon_core.environment:checking '/home/bev/bev_ws/install/data_pkg/lib/pkgconfig/data_pkg.pc'
[1.848s] Level 1:colcon.colcon_core.environment:checking '/home/bev/bev_ws/install/data_pkg/lib/python3.8/site-packages'
[1.848s] Level 1:colcon.colcon_core.environment:checking '/home/bev/bev_ws/install/data_pkg/bin'
[1.851s] INFO:colcon.colcon_core.shell:Creating package script '/home/bev/bev_ws/install/data_pkg/share/data_pkg/package.ps1'
[1.852s] INFO:colcon.colcon_core.shell:Creating package descriptor '/home/bev/bev_ws/install/data_pkg/share/data_pkg/package.dsv'
[1.852s] INFO:colcon.colcon_core.shell:Creating package script '/home/bev/bev_ws/install/data_pkg/share/data_pkg/package.sh'
[1.853s] INFO:colcon.colcon_core.shell:Creating package script '/home/bev/bev_ws/install/data_pkg/share/data_pkg/package.bash'
[1.853s] INFO:colcon.colcon_core.shell:Creating package script '/home/bev/bev_ws/install/data_pkg/share/data_pkg/package.zsh'
[1.853s] Level 1:colcon.colcon_core.environment:create_file_with_runtime_dependencies(/home/bev/bev_ws/install/data_pkg/share/colcon-core/packages/data_pkg)
[1.865s] DEBUG:colcon.colcon_core.event_handler.log_command:Invoking command in '/home/bev/bev_ws/build/tracking_algorithm': CMAKE_PREFIX_PATH=/home/bev/bev_ws/install/custom_msgs:/home/bev/bev_ws/install/tracking_algorithm:/home/bev/bev_ws/install/tcp_socket:/home/bev/bev_ws/install/risk_assessment:/home/bev/bev_ws/install/data_pkg:/home/bev/carla-ros-bridge/install/carla_ad_demo:/home/bev/carla-ros-bridge/install/rviz_carla_plugin:/home/bev/carla-ros-bridge/install/pcl_recorder:/home/bev/carla-ros-bridge/install/carla_waypoint_types:/home/bev/carla-ros-bridge/install/carla_ros_scenario_runner_types:/home/bev/carla-ros-bridge/install/carla_ackermann_msgs:/home/bev/carla-ros-bridge/install/carla_msgs:/home/bev/carla-ros-bridge/install/rqt_carla_control:/home/bev/carla-ros-bridge/install/carla_waypoint_publisher:/home/bev/carla-ros-bridge/install/carla_ackermann_control:/home/bev/carla-ros-bridge/install/carla_ros_bridge:/home/bev/carla-ros-bridge/install/carla_spawn_objects:/home/bev/carla-ros-bridge/install/carla_manual_control:/home/bev/carla-ros-bridge/install/carla_ad_agent:/home/bev/carla-ros-bridge/install/ros_compatibility:/home/bev/carla-ros-bridge/install/carla_walker_agent:/home/bev/carla-ros-bridge/install/carla_twist_to_control:/home/bev/carla-ros-bridge/install/carla_ros_scenario_runner:/home/bev/carla-ros-bridge/install/carla_common:/opt/ros/foxy LD_LIBRARY_PATH=/home/bev/bev_ws/install/custom_msgs/lib:/home/bev/carla-ros-bridge/install/rviz_carla_plugin/lib:/home/bev/carla-ros-bridge/install/carla_waypoint_types/lib:/home/bev/carla-ros-bridge/install/carla_ros_scenario_runner_types/lib:/home/bev/carla-ros-bridge/install/carla_ackermann_msgs/lib:/home/bev/carla-ros-bridge/install/carla_msgs/lib:/opt/ros/foxy/opt/yaml_cpp_vendor/lib:/opt/ros/foxy/opt/rviz_ogre_vendor/lib:/opt/ros/foxy/lib/x86_64-linux-gnu:/opt/ros/foxy/lib:/usr/local/cuda-11.3/lib64:/home/bev/TensorRT-8.6.1.6/lib /usr/bin/cmake --install /home/bev/bev_ws/build/tracking_algorithm
[1.887s] Level 1:colcon.colcon_core.environment:create_environment_scripts_only(tracking_algorithm)
[1.891s] Level 1:colcon.colcon_core.environment:checking '/home/bev/bev_ws/install/tracking_algorithm' for CMake module files
[1.893s] DEBUG:colcon.colcon_core.event_handler.log_command:Invoked command in '/home/bev/bev_ws/build/tracking_algorithm' returned '0': CMAKE_PREFIX_PATH=/home/bev/bev_ws/install/custom_msgs:/home/bev/bev_ws/install/tracking_algorithm:/home/bev/bev_ws/install/tcp_socket:/home/bev/bev_ws/install/risk_assessment:/home/bev/bev_ws/install/data_pkg:/home/bev/carla-ros-bridge/install/carla_ad_demo:/home/bev/carla-ros-bridge/install/rviz_carla_plugin:/home/bev/carla-ros-bridge/install/pcl_recorder:/home/bev/carla-ros-bridge/install/carla_waypoint_types:/home/bev/carla-ros-bridge/install/carla_ros_scenario_runner_types:/home/bev/carla-ros-bridge/install/carla_ackermann_msgs:/home/bev/carla-ros-bridge/install/carla_msgs:/home/bev/carla-ros-bridge/install/rqt_carla_control:/home/bev/carla-ros-bridge/install/carla_waypoint_publisher:/home/bev/carla-ros-bridge/install/carla_ackermann_control:/home/bev/carla-ros-bridge/install/carla_ros_bridge:/home/bev/carla-ros-bridge/install/carla_spawn_objects:/home/bev/carla-ros-bridge/install/carla_manual_control:/home/bev/carla-ros-bridge/install/carla_ad_agent:/home/bev/carla-ros-bridge/install/ros_compatibility:/home/bev/carla-ros-bridge/install/carla_walker_agent:/home/bev/carla-ros-bridge/install/carla_twist_to_control:/home/bev/carla-ros-bridge/install/carla_ros_scenario_runner:/home/bev/carla-ros-bridge/install/carla_common:/opt/ros/foxy LD_LIBRARY_PATH=/home/bev/bev_ws/install/custom_msgs/lib:/home/bev/carla-ros-bridge/install/rviz_carla_plugin/lib:/home/bev/carla-ros-bridge/install/carla_waypoint_types/lib:/home/bev/carla-ros-bridge/install/carla_ros_scenario_runner_types/lib:/home/bev/carla-ros-bridge/install/carla_ackermann_msgs/lib:/home/bev/carla-ros-bridge/install/carla_msgs/lib:/opt/ros/foxy/opt/yaml_cpp_vendor/lib:/opt/ros/foxy/opt/rviz_ogre_vendor/lib:/opt/ros/foxy/lib/x86_64-linux-gnu:/opt/ros/foxy/lib:/usr/local/cuda-11.3/lib64:/home/bev/TensorRT-8.6.1.6/lib /usr/bin/cmake --install /home/bev/bev_ws/build/tracking_algorithm
[1.893s] Level 1:colcon.colcon_core.environment:checking '/home/bev/bev_ws/install/tracking_algorithm' for CMake config files
[1.893s] Level 1:colcon.colcon_core.shell:create_environment_hook('tracking_algorithm', 'cmake_prefix_path')
[1.895s] INFO:colcon.colcon_core.shell:Creating environment hook '/home/bev/bev_ws/install/tracking_algorithm/share/tracking_algorithm/hook/cmake_prefix_path.ps1'
[1.895s] INFO:colcon.colcon_core.shell:Creating environment descriptor '/home/bev/bev_ws/install/tracking_algorithm/share/tracking_algorithm/hook/cmake_prefix_path.dsv'
[1.896s] INFO:colcon.colcon_core.shell:Creating environment hook '/home/bev/bev_ws/install/tracking_algorithm/share/tracking_algorithm/hook/cmake_prefix_path.sh'
[1.896s] Level 1:colcon.colcon_core.environment:checking '/home/bev/bev_ws/install/tracking_algorithm/lib'
[1.896s] Level 1:colcon.colcon_core.environment:checking '/home/bev/bev_ws/install/tracking_algorithm/bin'
[1.896s] Level 1:colcon.colcon_core.environment:checking '/home/bev/bev_ws/install/tracking_algorithm/lib/pkgconfig/tracking_algorithm.pc'
[1.897s] Level 1:colcon.colcon_core.environment:checking '/home/bev/bev_ws/install/tracking_algorithm/lib/python3.8/site-packages'
[1.897s] Level 1:colcon.colcon_core.environment:checking '/home/bev/bev_ws/install/tracking_algorithm/bin'
[1.898s] INFO:colcon.colcon_core.shell:Creating package script '/home/bev/bev_ws/install/tracking_algorithm/share/tracking_algorithm/package.ps1'
[1.899s] INFO:colcon.colcon_core.shell:Creating package descriptor '/home/bev/bev_ws/install/tracking_algorithm/share/tracking_algorithm/package.dsv'
[1.899s] INFO:colcon.colcon_core.shell:Creating package script '/home/bev/bev_ws/install/tracking_algorithm/share/tracking_algorithm/package.sh'
[1.900s] INFO:colcon.colcon_core.shell:Creating package script '/home/bev/bev_ws/install/tracking_algorithm/share/tracking_algorithm/package.bash'
[1.900s] INFO:colcon.colcon_core.shell:Creating package script '/home/bev/bev_ws/install/tracking_algorithm/share/tracking_algorithm/package.zsh'
[1.900s] Level 1:colcon.colcon_core.environment:create_file_with_runtime_dependencies(/home/bev/bev_ws/install/tracking_algorithm/share/colcon-core/packages/tracking_algorithm)
[1.916s] Level 1:colcon.colcon_core.environment:create_environment_scripts_only(data_pkg)
[1.922s] Level 1:colcon.colcon_core.environment:checking '/home/bev/bev_ws/install/data_pkg' for CMake module files
[1.923s] Level 1:colcon.colcon_core.environment:checking '/home/bev/bev_ws/install/data_pkg' for CMake config files
[1.924s] Level 1:colcon.colcon_core.shell:create_environment_hook('data_pkg', 'cmake_prefix_path')
[1.926s] INFO:colcon.colcon_core.shell:Creating environment hook '/home/bev/bev_ws/install/data_pkg/share/data_pkg/hook/cmake_prefix_path.ps1'
[1.927s] INFO:colcon.colcon_core.shell:Creating environment descriptor '/home/bev/bev_ws/install/data_pkg/share/data_pkg/hook/cmake_prefix_path.dsv'
[1.928s] INFO:colcon.colcon_core.shell:Creating environment hook '/home/bev/bev_ws/install/data_pkg/share/data_pkg/hook/cmake_prefix_path.sh'
[1.928s] Level 1:colcon.colcon_core.environment:checking '/home/bev/bev_ws/install/data_pkg/lib'
[1.929s] Level 1:colcon.colcon_core.environment:checking '/home/bev/bev_ws/install/data_pkg/bin'
[1.929s] Level 1:colcon.colcon_core.environment:checking '/home/bev/bev_ws/install/data_pkg/lib/pkgconfig/data_pkg.pc'
[1.929s] Level 1:colcon.colcon_core.environment:checking '/home/bev/bev_ws/install/data_pkg/lib/python3.8/site-packages'
[1.929s] Level 1:colcon.colcon_core.environment:checking '/home/bev/bev_ws/install/data_pkg/bin'
[1.932s] INFO:colcon.colcon_core.shell:Creating package script '/home/bev/bev_ws/install/data_pkg/share/data_pkg/package.ps1'
[1.933s] INFO:colcon.colcon_core.shell:Creating package descriptor '/home/bev/bev_ws/install/data_pkg/share/data_pkg/package.dsv'
[1.934s] INFO:colcon.colcon_core.shell:Creating package script '/home/bev/bev_ws/install/data_pkg/share/data_pkg/package.sh'
[1.934s] INFO:colcon.colcon_core.shell:Creating package script '/home/bev/bev_ws/install/data_pkg/share/data_pkg/package.bash'
[1.935s] INFO:colcon.colcon_core.shell:Creating package script '/home/bev/bev_ws/install/data_pkg/share/data_pkg/package.zsh'
[1.935s] Level 1:colcon.colcon_core.environment:create_file_with_runtime_dependencies(/home/bev/bev_ws/install/data_pkg/share/colcon-core/packages/data_pkg)
[1.993s] Level 1:colcon.colcon_core.environment:create_environment_scripts_only(tracking_algorithm)
[1.999s] Level 1:colcon.colcon_core.environment:checking '/home/bev/bev_ws/install/tracking_algorithm' for CMake module files
[2.000s] Level 1:colcon.colcon_core.environment:checking '/home/bev/bev_ws/install/tracking_algorithm' for CMake config files
[2.001s] Level 1:colcon.colcon_core.shell:create_environment_hook('tracking_algorithm', 'cmake_prefix_path')
[2.005s] INFO:colcon.colcon_core.shell:Creating environment hook '/home/bev/bev_ws/install/tracking_algorithm/share/tracking_algorithm/hook/cmake_prefix_path.ps1'
[2.006s] INFO:colcon.colcon_core.shell:Creating environment descriptor '/home/bev/bev_ws/install/tracking_algorithm/share/tracking_algorithm/hook/cmake_prefix_path.dsv'
[2.007s] INFO:colcon.colcon_core.shell:Creating environment hook '/home/bev/bev_ws/install/tracking_algorithm/share/tracking_algorithm/hook/cmake_prefix_path.sh'
[2.008s] Level 1:colcon.colcon_core.environment:checking '/home/bev/bev_ws/install/tracking_algorithm/lib'
[2.008s] Level 1:colcon.colcon_core.environment:checking '/home/bev/bev_ws/install/tracking_algorithm/bin'
[2.008s] Level 1:colcon.colcon_core.environment:checking '/home/bev/bev_ws/install/tracking_algorithm/lib/pkgconfig/tracking_algorithm.pc'
[2.008s] Level 1:colcon.colcon_core.environment:checking '/home/bev/bev_ws/install/tracking_algorithm/lib/python3.8/site-packages'
[2.009s] Level 1:colcon.colcon_core.environment:checking '/home/bev/bev_ws/install/tracking_algorithm/bin'
[2.012s] INFO:colcon.colcon_core.shell:Creating package script '/home/bev/bev_ws/install/tracking_algorithm/share/tracking_algorithm/package.ps1'
[2.013s] INFO:colcon.colcon_core.shell:Creating package descriptor '/home/bev/bev_ws/install/tracking_algorithm/share/tracking_algorithm/package.dsv'
[2.013s] INFO:colcon.colcon_core.shell:Creating package script '/home/bev/bev_ws/install/tracking_algorithm/share/tracking_algorithm/package.sh'
[2.014s] INFO:colcon.colcon_core.shell:Creating package script '/home/bev/bev_ws/install/tracking_algorithm/share/tracking_algorithm/package.bash'
[2.015s] INFO:colcon.colcon_core.shell:Creating package script '/home/bev/bev_ws/install/tracking_algorithm/share/tracking_algorithm/package.zsh'
[2.015s] Level 1:colcon.colcon_core.environment:create_file_with_runtime_dependencies(/home/bev/bev_ws/install/tracking_algorithm/share/colcon-core/packages/tracking_algorithm)
[7.351s] DEBUG:colcon.colcon_core.event_handler.log_command:Invoked command in '/home/bev/bev_ws/build/risk_assessment' returned '0': CMAKE_PREFIX_PATH=${CMAKE_PREFIX_PATH}:/home/bev/carla-ros-bridge/install/rqt_carla_control:/home/bev/carla-ros-bridge/install/carla_waypoint_publisher:/home/bev/carla-ros-bridge/install/carla_ackermann_control:/home/bev/carla-ros-bridge/install/carla_ros_bridge:/home/bev/carla-ros-bridge/install/carla_spawn_objects:/home/bev/carla-ros-bridge/install/carla_manual_control:/home/bev/carla-ros-bridge/install/carla_ad_agent:/home/bev/carla-ros-bridge/install/ros_compatibility:/home/bev/carla-ros-bridge/install/carla_walker_agent:/home/bev/carla-ros-bridge/install/carla_twist_to_control:/home/bev/carla-ros-bridge/install/carla_ros_scenario_runner:/home/bev/carla-ros-bridge/install/carla_common:/opt/ros/foxy /usr/bin/cmake --build /home/bev/bev_ws/build/risk_assessment -- -j28 -l28
[7.400s] DEBUG:colcon.colcon_core.event_handler.log_command:Invoking command in '/home/bev/bev_ws/build/risk_assessment': CMAKE_PREFIX_PATH=${CMAKE_PREFIX_PATH}:/home/bev/carla-ros-bridge/install/rqt_carla_control:/home/bev/carla-ros-bridge/install/carla_waypoint_publisher:/home/bev/carla-ros-bridge/install/carla_ackermann_control:/home/bev/carla-ros-bridge/install/carla_ros_bridge:/home/bev/carla-ros-bridge/install/carla_spawn_objects:/home/bev/carla-ros-bridge/install/carla_manual_control:/home/bev/carla-ros-bridge/install/carla_ad_agent:/home/bev/carla-ros-bridge/install/ros_compatibility:/home/bev/carla-ros-bridge/install/carla_walker_agent:/home/bev/carla-ros-bridge/install/carla_twist_to_control:/home/bev/carla-ros-bridge/install/carla_ros_scenario_runner:/home/bev/carla-ros-bridge/install/carla_common:/opt/ros/foxy /usr/bin/cmake --install /home/bev/bev_ws/build/risk_assessment
[7.421s] Level 1:colcon.colcon_core.environment:create_environment_scripts_only(risk_assessment)
[7.424s] Level 1:colcon.colcon_core.environment:checking '/home/bev/bev_ws/install/risk_assessment' for CMake module files
[7.425s] DEBUG:colcon.colcon_core.event_handler.log_command:Invoked command in '/home/bev/bev_ws/build/risk_assessment' returned '0': CMAKE_PREFIX_PATH=${CMAKE_PREFIX_PATH}:/home/bev/carla-ros-bridge/install/rqt_carla_control:/home/bev/carla-ros-bridge/install/carla_waypoint_publisher:/home/bev/carla-ros-bridge/install/carla_ackermann_control:/home/bev/carla-ros-bridge/install/carla_ros_bridge:/home/bev/carla-ros-bridge/install/carla_spawn_objects:/home/bev/carla-ros-bridge/install/carla_manual_control:/home/bev/carla-ros-bridge/install/carla_ad_agent:/home/bev/carla-ros-bridge/install/ros_compatibility:/home/bev/carla-ros-bridge/install/carla_walker_agent:/home/bev/carla-ros-bridge/install/carla_twist_to_control:/home/bev/carla-ros-bridge/install/carla_ros_scenario_runner:/home/bev/carla-ros-bridge/install/carla_common:/opt/ros/foxy /usr/bin/cmake --install /home/bev/bev_ws/build/risk_assessment
[7.425s] Level 1:colcon.colcon_core.environment:checking '/home/bev/bev_ws/install/risk_assessment' for CMake config files
[7.425s] Level 1:colcon.colcon_core.shell:create_environment_hook('risk_assessment', 'cmake_prefix_path')
[7.427s] INFO:colcon.colcon_core.shell:Creating environment hook '/home/bev/bev_ws/install/risk_assessment/share/risk_assessment/hook/cmake_prefix_path.ps1'
[7.427s] INFO:colcon.colcon_core.shell:Creating environment descriptor '/home/bev/bev_ws/install/risk_assessment/share/risk_assessment/hook/cmake_prefix_path.dsv'
[7.427s] INFO:colcon.colcon_core.shell:Creating environment hook '/home/bev/bev_ws/install/risk_assessment/share/risk_assessment/hook/cmake_prefix_path.sh'
[7.428s] Level 1:colcon.colcon_core.environment:checking '/home/bev/bev_ws/install/risk_assessment/lib'
[7.428s] Level 1:colcon.colcon_core.environment:checking '/home/bev/bev_ws/install/risk_assessment/bin'
[7.428s] Level 1:colcon.colcon_core.environment:checking '/home/bev/bev_ws/install/risk_assessment/lib/pkgconfig/risk_assessment.pc'
[7.428s] Level 1:colcon.colcon_core.environment:checking '/home/bev/bev_ws/install/risk_assessment/lib/python3.8/site-packages'
[7.428s] Level 1:colcon.colcon_core.environment:checking '/home/bev/bev_ws/install/risk_assessment/bin'
[7.430s] INFO:colcon.colcon_core.shell:Creating package script '/home/bev/bev_ws/install/risk_assessment/share/risk_assessment/package.ps1'
[7.430s] INFO:colcon.colcon_core.shell:Creating package descriptor '/home/bev/bev_ws/install/risk_assessment/share/risk_assessment/package.dsv'
[7.430s] INFO:colcon.colcon_core.shell:Creating package script '/home/bev/bev_ws/install/risk_assessment/share/risk_assessment/package.sh'
[7.431s] INFO:colcon.colcon_core.shell:Creating package script '/home/bev/bev_ws/install/risk_assessment/share/risk_assessment/package.bash'
[7.431s] INFO:colcon.colcon_core.shell:Creating package script '/home/bev/bev_ws/install/risk_assessment/share/risk_assessment/package.zsh'
[7.431s] Level 1:colcon.colcon_core.environment:create_file_with_runtime_dependencies(/home/bev/bev_ws/install/risk_assessment/share/colcon-core/packages/risk_assessment)
[7.482s] Level 1:colcon.colcon_core.environment:create_environment_scripts_only(risk_assessment)
[7.488s] Level 1:colcon.colcon_core.environment:checking '/home/bev/bev_ws/install/risk_assessment' for CMake module files
[7.489s] Level 1:colcon.colcon_core.environment:checking '/home/bev/bev_ws/install/risk_assessment' for CMake config files
[7.490s] Level 1:colcon.colcon_core.shell:create_environment_hook('risk_assessment', 'cmake_prefix_path')
[7.493s] INFO:colcon.colcon_core.shell:Creating environment hook '/home/bev/bev_ws/install/risk_assessment/share/risk_assessment/hook/cmake_prefix_path.ps1'
[7.494s] INFO:colcon.colcon_core.shell:Creating environment descriptor '/home/bev/bev_ws/install/risk_assessment/share/risk_assessment/hook/cmake_prefix_path.dsv'
[7.494s] INFO:colcon.colcon_core.shell:Creating environment hook '/home/bev/bev_ws/install/risk_assessment/share/risk_assessment/hook/cmake_prefix_path.sh'
[7.495s] Level 1:colcon.colcon_core.environment:checking '/home/bev/bev_ws/install/risk_assessment/lib'
[7.496s] Level 1:colcon.colcon_core.environment:checking '/home/bev/bev_ws/install/risk_assessment/bin'
[7.496s] Level 1:colcon.colcon_core.environment:checking '/home/bev/bev_ws/install/risk_assessment/lib/pkgconfig/risk_assessment.pc'
[7.496s] Level 1:colcon.colcon_core.environment:checking '/home/bev/bev_ws/install/risk_assessment/lib/python3.8/site-packages'
[7.497s] Level 1:colcon.colcon_core.environment:checking '/home/bev/bev_ws/install/risk_assessment/bin'
[7.499s] INFO:colcon.colcon_core.shell:Creating package script '/home/bev/bev_ws/install/risk_assessment/share/risk_assessment/package.ps1'
[7.500s] INFO:colcon.colcon_core.shell:Creating package descriptor '/home/bev/bev_ws/install/risk_assessment/share/risk_assessment/package.dsv'
[7.500s] INFO:colcon.colcon_core.shell:Creating package script '/home/bev/bev_ws/install/risk_assessment/share/risk_assessment/package.sh'
[7.501s] INFO:colcon.colcon_core.shell:Creating package script '/home/bev/bev_ws/install/risk_assessment/share/risk_assessment/package.bash'
[7.501s] INFO:colcon.colcon_core.shell:Creating package script '/home/bev/bev_ws/install/risk_assessment/share/risk_assessment/package.zsh'
[7.502s] Level 1:colcon.colcon_core.environment:create_file_with_runtime_dependencies(/home/bev/bev_ws/install/risk_assessment/share/colcon-core/packages/risk_assessment)
[7.502s] DEBUG:colcon.colcon_parallel_executor.executor.parallel:closing loop
[7.503s] DEBUG:colcon.colcon_parallel_executor.executor.parallel:loop closed
[7.503s] DEBUG:colcon.colcon_parallel_executor.executor.parallel:run_until_complete finished with '0'
[7.503s] DEBUG:colcon.colcon_core.event_reactor:joining thread
[7.517s] INFO:colcon.colcon_core.plugin_system:Skipping extension 'colcon_notification.desktop_notification.terminal_notifier': Not used on non-Darwin systems
[7.517s] INFO:colcon.colcon_core.plugin_system:Skipping extension 'colcon_notification.desktop_notification.win32': Not used on non-Windows systems
[7.517s] INFO:colcon.colcon_notification.desktop_notification:Sending desktop notification using 'notify2'
[7.538s] DEBUG:colcon.colcon_core.event_reactor:joined thread
[7.543s] INFO:colcon.colcon_core.shell:Creating prefix script '/home/bev/bev_ws/install/local_setup.ps1'
[7.545s] INFO:colcon.colcon_core.shell:Creating prefix util module '/home/bev/bev_ws/install/_local_setup_util_ps1.py'
[7.548s] INFO:colcon.colcon_core.shell:Creating prefix chain script '/home/bev/bev_ws/install/setup.ps1'
[7.552s] INFO:colcon.colcon_core.shell:Creating prefix script '/home/bev/bev_ws/install/local_setup.sh'
[7.554s] INFO:colcon.colcon_core.shell:Creating prefix util module '/home/bev/bev_ws/install/_local_setup_util_sh.py'
[7.555s] INFO:colcon.colcon_core.shell:Creating prefix chain script '/home/bev/bev_ws/install/setup.sh'
[7.560s] INFO:colcon.colcon_core.shell:Creating prefix script '/home/bev/bev_ws/install/local_setup.bash'
[7.561s] INFO:colcon.colcon_core.shell:Creating prefix chain script '/home/bev/bev_ws/install/setup.bash'
[7.564s] INFO:colcon.colcon_core.shell:Creating prefix script '/home/bev/bev_ws/install/local_setup.zsh'
[7.565s] INFO:colcon.colcon_core.shell:Creating prefix chain script '/home/bev/bev_ws/install/setup.zsh'
