[35m[1mScanning dependencies of target risk_assessment[0m
[ 50%] [32mBuilding CXX object CMakeFiles/risk_assessment.dir/src/calculate_risk.cpp.o[0m
[100%] [32m[1mLinking CXX executable risk_assessment[0m
[100%] Built target risk_assessment
-- Install configuration: ""
-- Execute custom install script
-- Up-to-date symlink: /home/bev/bev_ws/install/risk_assessment/lib/risk_assessment/risk_assessment
-- Up-to-date symlink: /home/bev/bev_ws/install/risk_assessment/share/ament_index/resource_index/package_run_dependencies/risk_assessment
-- Up-to-date symlink: /home/bev/bev_ws/install/risk_assessment/share/ament_index/resource_index/parent_prefix_path/risk_assessment
-- Up-to-date symlink: /home/bev/bev_ws/install/risk_assessment/share/risk_assessment/environment/ament_prefix_path.sh
-- Up-to-date symlink: /home/bev/bev_ws/install/risk_assessment/share/risk_assessment/environment/ament_prefix_path.dsv
-- Up-to-date symlink: /home/bev/bev_ws/install/risk_assessment/share/risk_assessment/environment/path.sh
-- Up-to-date symlink: /home/bev/bev_ws/install/risk_assessment/share/risk_assessment/environment/path.dsv
-- Up-to-date symlink: /home/bev/bev_ws/install/risk_assessment/share/risk_assessment/local_setup.bash
-- Up-to-date symlink: /home/bev/bev_ws/install/risk_assessment/share/risk_assessment/local_setup.sh
-- Up-to-date symlink: /home/bev/bev_ws/install/risk_assessment/share/risk_assessment/local_setup.zsh
-- Up-to-date symlink: /home/bev/bev_ws/install/risk_assessment/share/risk_assessment/local_setup.dsv
-- Symlinking: /home/bev/bev_ws/install/risk_assessment/share/risk_assessment/package.dsv
-- Up-to-date symlink: /home/bev/bev_ws/install/risk_assessment/share/ament_index/resource_index/packages/risk_assessment
-- Up-to-date symlink: /home/bev/bev_ws/install/risk_assessment/share/risk_assessment/cmake/risk_assessmentConfig.cmake
-- Up-to-date symlink: /home/bev/bev_ws/install/risk_assessment/share/risk_assessment/cmake/risk_assessmentConfig-version.cmake
-- Up-to-date symlink: /home/bev/bev_ws/install/risk_assessment/share/risk_assessment/package.xml
