[0.022s] Invoking command in '/home/bev/bev_ws/build/tracking_algorithm': CMAKE_PREFIX_PATH=/home/bev/bev_ws/install/custom_msgs:/home/bev/bev_ws/install/tracking_algorithm:/home/bev/bev_ws/install/tcp_socket:/home/bev/bev_ws/install/data_pkg:/opt/ros/foxy LD_LIBRARY_PATH=/home/bev/bev_ws/install/custom_msgs/lib:/opt/ros/foxy/opt/yaml_cpp_vendor/lib:/opt/ros/foxy/opt/rviz_ogre_vendor/lib:/opt/ros/foxy/lib/x86_64-linux-gnu:/opt/ros/foxy/lib:/usr/local/cuda-11.3/lib64:/home/bev/TensorRT-8.6.1.6/lib /usr/bin/cmake --build /home/bev/bev_ws/build/tracking_algorithm -- -j28 -l28
[0.139s] [100%] Built target sort_ros
[0.163s] Invoked command in '/home/bev/bev_ws/build/tracking_algorithm' returned '0': CMAKE_PREFIX_PATH=/home/bev/bev_ws/install/custom_msgs:/home/bev/bev_ws/install/tracking_algorithm:/home/bev/bev_ws/install/tcp_socket:/home/bev/bev_ws/install/data_pkg:/opt/ros/foxy LD_LIBRARY_PATH=/home/bev/bev_ws/install/custom_msgs/lib:/opt/ros/foxy/opt/yaml_cpp_vendor/lib:/opt/ros/foxy/opt/rviz_ogre_vendor/lib:/opt/ros/foxy/lib/x86_64-linux-gnu:/opt/ros/foxy/lib:/usr/local/cuda-11.3/lib64:/home/bev/TensorRT-8.6.1.6/lib /usr/bin/cmake --build /home/bev/bev_ws/build/tracking_algorithm -- -j28 -l28
[0.253s] Invoking command in '/home/bev/bev_ws/build/tracking_algorithm': CMAKE_PREFIX_PATH=/home/bev/bev_ws/install/custom_msgs:/home/bev/bev_ws/install/tracking_algorithm:/home/bev/bev_ws/install/tcp_socket:/home/bev/bev_ws/install/data_pkg:/opt/ros/foxy LD_LIBRARY_PATH=/home/bev/bev_ws/install/custom_msgs/lib:/opt/ros/foxy/opt/yaml_cpp_vendor/lib:/opt/ros/foxy/opt/rviz_ogre_vendor/lib:/opt/ros/foxy/lib/x86_64-linux-gnu:/opt/ros/foxy/lib:/usr/local/cuda-11.3/lib64:/home/bev/TensorRT-8.6.1.6/lib /usr/bin/cmake --install /home/bev/bev_ws/build/tracking_algorithm
[0.268s] -- Install configuration: ""
[0.268s] -- Up-to-date: /home/bev/bev_ws/install/tracking_algorithm/lib/tracking_algorithm/sort_ros
[0.269s] -- Up-to-date: /home/bev/bev_ws/install/tracking_algorithm/share/ament_index/resource_index/package_run_dependencies/tracking_algorithm
[0.269s] -- Up-to-date: /home/bev/bev_ws/install/tracking_algorithm/share/ament_index/resource_index/parent_prefix_path/tracking_algorithm
[0.269s] -- Up-to-date: /home/bev/bev_ws/install/tracking_algorithm/share/tracking_algorithm/environment/ament_prefix_path.sh
[0.269s] -- Up-to-date: /home/bev/bev_ws/install/tracking_algorithm/share/tracking_algorithm/environment/ament_prefix_path.dsv
[0.269s] -- Up-to-date: /home/bev/bev_ws/install/tracking_algorithm/share/tracking_algorithm/environment/path.sh
[0.270s] -- Up-to-date: /home/bev/bev_ws/install/tracking_algorithm/share/tracking_algorithm/environment/path.dsv
[0.270s] -- Up-to-date: /home/bev/bev_ws/install/tracking_algorithm/share/tracking_algorithm/local_setup.bash
[0.270s] -- Up-to-date: /home/bev/bev_ws/install/tracking_algorithm/share/tracking_algorithm/local_setup.sh
[0.270s] -- Up-to-date: /home/bev/bev_ws/install/tracking_algorithm/share/tracking_algorithm/local_setup.zsh
[0.270s] -- Up-to-date: /home/bev/bev_ws/install/tracking_algorithm/share/tracking_algorithm/local_setup.dsv
[0.270s] -- Installing: /home/bev/bev_ws/install/tracking_algorithm/share/tracking_algorithm/package.dsv
[0.270s] -- Up-to-date: /home/bev/bev_ws/install/tracking_algorithm/share/ament_index/resource_index/packages/tracking_algorithm
[0.270s] -- Up-to-date: /home/bev/bev_ws/install/tracking_algorithm/share/tracking_algorithm/cmake/tracking_algorithmConfig.cmake
[0.271s] -- Up-to-date: /home/bev/bev_ws/install/tracking_algorithm/share/tracking_algorithm/cmake/tracking_algorithmConfig-version.cmake
[0.271s] -- Up-to-date: /home/bev/bev_ws/install/tracking_algorithm/share/tracking_algorithm/package.xml
[0.278s] Invoked command in '/home/bev/bev_ws/build/tracking_algorithm' returned '0': CMAKE_PREFIX_PATH=/home/bev/bev_ws/install/custom_msgs:/home/bev/bev_ws/install/tracking_algorithm:/home/bev/bev_ws/install/tcp_socket:/home/bev/bev_ws/install/data_pkg:/opt/ros/foxy LD_LIBRARY_PATH=/home/bev/bev_ws/install/custom_msgs/lib:/opt/ros/foxy/opt/yaml_cpp_vendor/lib:/opt/ros/foxy/opt/rviz_ogre_vendor/lib:/opt/ros/foxy/lib/x86_64-linux-gnu:/opt/ros/foxy/lib:/usr/local/cuda-11.3/lib64:/home/bev/TensorRT-8.6.1.6/lib /usr/bin/cmake --install /home/bev/bev_ws/build/tracking_algorithm
