[01m[K/home/bev/bev_ws/src/tracking_algorithm/src/SortRos.cpp:[m[K In member function ‘[01m[Kvoid SortRos::setup()[m[K’:
[01m[K/home/bev/bev_ws/src/tracking_algorithm/src/SortRos.cpp:22:10:[m[K [01;31m[Kerror: [m[Kredeclaration of ‘[01m[Kdouble maxAge[m[K’
   22 |   double [01;31m[KmaxAge[m[K = param_maxAge;
      |          [01;31m[K^~~~~~[m[K
[01m[K/home/bev/bev_ws/src/tracking_algorithm/src/SortRos.cpp:15:10:[m[K [01;36m[Knote: [m[K‘[01m[Kdouble maxAge[m[K’ previously declared here
   15 |   double [01;36m[KmaxAge[m[K = 7;
      |          [01;36m[K^~~~~~[m[K
[01m[K/home/bev/bev_ws/src/tracking_algorithm/src/SortRos.cpp:23:10:[m[K [01;31m[Kerror: [m[Kredeclaration of ‘[01m[Kdouble minHits[m[K’
   23 |   double [01;31m[KminHits[m[K = param_minHits;
      |          [01;31m[K^~~~~~~[m[K
[01m[K/home/bev/bev_ws/src/tracking_algorithm/src/SortRos.cpp:16:10:[m[K [01;36m[Knote: [m[K‘[01m[Kdouble minHits[m[K’ previously declared here
   16 |   double [01;36m[KminHits[m[K = 0;
      |          [01;36m[K^~~~~~~[m[K
[01m[K/home/bev/bev_ws/src/tracking_algorithm/src/SortRos.cpp:24:10:[m[K [01;31m[Kerror: [m[Kredeclaration of ‘[01m[Kdouble iouThreshold[m[K’
   24 |   double [01;31m[KiouThreshold[m[K = param_iouThreshold;
      |          [01;31m[K^~~~~~~~~~~~[m[K
[01m[K/home/bev/bev_ws/src/tracking_algorithm/src/SortRos.cpp:17:10:[m[K [01;36m[Knote: [m[K‘[01m[Kdouble iouThreshold[m[K’ previously declared here
   17 |   double [01;36m[KiouThreshold[m[K = 0.00001;
      |          [01;36m[K^~~~~~~~~~~~[m[K
make[2]: *** [CMakeFiles/sort_ros.dir/build.make:115: CMakeFiles/sort_ros.dir/src/SortRos.cpp.o] Error 1
make[1]: *** [CMakeFiles/Makefile2:105: CMakeFiles/sort_ros.dir/all] Error 2
make: *** [Makefile:141: all] Error 2
