[0.022s] Invoking command in '/home/bev/bev_ws/build/tracking_algorithm': CMAKE_PREFIX_PATH=/home/bev/bev_ws/install/custom_msgs:/home/bev/bev_ws/install/tracking_algorithm:/home/bev/bev_ws/install/tcp_socket:/home/bev/bev_ws/install/risk_assessment:/home/bev/bev_ws/install/data_pkg:/home/bev/carla-ros-bridge/install/carla_ad_demo:/home/bev/carla-ros-bridge/install/rviz_carla_plugin:/home/bev/carla-ros-bridge/install/pcl_recorder:/home/bev/carla-ros-bridge/install/carla_waypoint_types:/home/bev/carla-ros-bridge/install/carla_ros_scenario_runner_types:/home/bev/carla-ros-bridge/install/carla_ackermann_msgs:/home/bev/carla-ros-bridge/install/carla_msgs:/home/bev/carla-ros-bridge/install/rqt_carla_control:/home/bev/carla-ros-bridge/install/carla_waypoint_publisher:/home/bev/carla-ros-bridge/install/carla_ackermann_control:/home/bev/carla-ros-bridge/install/carla_ros_bridge:/home/bev/carla-ros-bridge/install/carla_spawn_objects:/home/bev/carla-ros-bridge/install/carla_manual_control:/home/bev/carla-ros-bridge/install/carla_ad_agent:/home/bev/carla-ros-bridge/install/ros_compatibility:/home/bev/carla-ros-bridge/install/carla_walker_agent:/home/bev/carla-ros-bridge/install/carla_twist_to_control:/home/bev/carla-ros-bridge/install/carla_ros_scenario_runner:/home/bev/carla-ros-bridge/install/carla_common:/opt/ros/foxy LD_LIBRARY_PATH=/home/bev/bev_ws/install/custom_msgs/lib:/home/bev/carla-ros-bridge/install/rviz_carla_plugin/lib:/home/bev/carla-ros-bridge/install/carla_waypoint_types/lib:/home/bev/carla-ros-bridge/install/carla_ros_scenario_runner_types/lib:/home/bev/carla-ros-bridge/install/carla_ackermann_msgs/lib:/home/bev/carla-ros-bridge/install/carla_msgs/lib:/opt/ros/foxy/opt/yaml_cpp_vendor/lib:/opt/ros/foxy/opt/rviz_ogre_vendor/lib:/opt/ros/foxy/lib/x86_64-linux-gnu:/opt/ros/foxy/lib:/usr/local/cuda-11.3/lib64:/home/bev/TensorRT-8.6.1.6/lib /usr/bin/cmake --build /home/bev/bev_ws/build/tracking_algorithm -- -j28 -l28
[0.107s] [35m[1mScanning dependencies of target sort_ros[0m
[0.177s] [ 12%] [32mBuilding CXX object CMakeFiles/sort_ros.dir/src/SortRos.cpp.o[0m
[1.395s] [01m[K/home/bev/bev_ws/src/tracking_algorithm/src/SortRos.cpp:[m[K In member function ‘[01m[Kvoid SortRos::setup()[m[K’:
[1.395s] [01m[K/home/bev/bev_ws/src/tracking_algorithm/src/SortRos.cpp:22:10:[m[K [01;31m[Kerror: [m[Kredeclaration of ‘[01m[Kdouble maxAge[m[K’
[1.395s]    22 |   double [01;31m[KmaxAge[m[K = param_maxAge;
[1.395s]       |          [01;31m[K^~~~~~[m[K
[1.395s] [01m[K/home/bev/bev_ws/src/tracking_algorithm/src/SortRos.cpp:15:10:[m[K [01;36m[Knote: [m[K‘[01m[Kdouble maxAge[m[K’ previously declared here
[1.395s]    15 |   double [01;36m[KmaxAge[m[K = 7;
[1.396s]       |          [01;36m[K^~~~~~[m[K
[1.396s] [01m[K/home/bev/bev_ws/src/tracking_algorithm/src/SortRos.cpp:23:10:[m[K [01;31m[Kerror: [m[Kredeclaration of ‘[01m[Kdouble minHits[m[K’
[1.396s]    23 |   double [01;31m[KminHits[m[K = param_minHits;
[1.396s]       |          [01;31m[K^~~~~~~[m[K
[1.396s] [01m[K/home/bev/bev_ws/src/tracking_algorithm/src/SortRos.cpp:16:10:[m[K [01;36m[Knote: [m[K‘[01m[Kdouble minHits[m[K’ previously declared here
[1.396s]    16 |   double [01;36m[KminHits[m[K = 0;
[1.396s]       |          [01;36m[K^~~~~~~[m[K
[1.397s] [01m[K/home/bev/bev_ws/src/tracking_algorithm/src/SortRos.cpp:24:10:[m[K [01;31m[Kerror: [m[Kredeclaration of ‘[01m[Kdouble iouThreshold[m[K’
[1.397s]    24 |   double [01;31m[KiouThreshold[m[K = param_iouThreshold;
[1.397s]       |          [01;31m[K^~~~~~~~~~~~[m[K
[1.397s] [01m[K/home/bev/bev_ws/src/tracking_algorithm/src/SortRos.cpp:17:10:[m[K [01;36m[Knote: [m[K‘[01m[Kdouble iouThreshold[m[K’ previously declared here
[1.397s]    17 |   double [01;36m[KiouThreshold[m[K = 0.00001;
[1.397s]       |          [01;36m[K^~~~~~~~~~~~[m[K
[2.806s] make[2]: *** [CMakeFiles/sort_ros.dir/build.make:115: CMakeFiles/sort_ros.dir/src/SortRos.cpp.o] Error 1
[2.806s] make[1]: *** [CMakeFiles/Makefile2:105: CMakeFiles/sort_ros.dir/all] Error 2
[2.807s] make: *** [Makefile:141: all] Error 2
[2.810s] Invoked command in '/home/bev/bev_ws/build/tracking_algorithm' returned '2': CMAKE_PREFIX_PATH=/home/bev/bev_ws/install/custom_msgs:/home/bev/bev_ws/install/tracking_algorithm:/home/bev/bev_ws/install/tcp_socket:/home/bev/bev_ws/install/risk_assessment:/home/bev/bev_ws/install/data_pkg:/home/bev/carla-ros-bridge/install/carla_ad_demo:/home/bev/carla-ros-bridge/install/rviz_carla_plugin:/home/bev/carla-ros-bridge/install/pcl_recorder:/home/bev/carla-ros-bridge/install/carla_waypoint_types:/home/bev/carla-ros-bridge/install/carla_ros_scenario_runner_types:/home/bev/carla-ros-bridge/install/carla_ackermann_msgs:/home/bev/carla-ros-bridge/install/carla_msgs:/home/bev/carla-ros-bridge/install/rqt_carla_control:/home/bev/carla-ros-bridge/install/carla_waypoint_publisher:/home/bev/carla-ros-bridge/install/carla_ackermann_control:/home/bev/carla-ros-bridge/install/carla_ros_bridge:/home/bev/carla-ros-bridge/install/carla_spawn_objects:/home/bev/carla-ros-bridge/install/carla_manual_control:/home/bev/carla-ros-bridge/install/carla_ad_agent:/home/bev/carla-ros-bridge/install/ros_compatibility:/home/bev/carla-ros-bridge/install/carla_walker_agent:/home/bev/carla-ros-bridge/install/carla_twist_to_control:/home/bev/carla-ros-bridge/install/carla_ros_scenario_runner:/home/bev/carla-ros-bridge/install/carla_common:/opt/ros/foxy LD_LIBRARY_PATH=/home/bev/bev_ws/install/custom_msgs/lib:/home/bev/carla-ros-bridge/install/rviz_carla_plugin/lib:/home/bev/carla-ros-bridge/install/carla_waypoint_types/lib:/home/bev/carla-ros-bridge/install/carla_ros_scenario_runner_types/lib:/home/bev/carla-ros-bridge/install/carla_ackermann_msgs/lib:/home/bev/carla-ros-bridge/install/carla_msgs/lib:/opt/ros/foxy/opt/yaml_cpp_vendor/lib:/opt/ros/foxy/opt/rviz_ogre_vendor/lib:/opt/ros/foxy/lib/x86_64-linux-gnu:/opt/ros/foxy/lib:/usr/local/cuda-11.3/lib64:/home/bev/TensorRT-8.6.1.6/lib /usr/bin/cmake --build /home/bev/bev_ws/build/tracking_algorithm -- -j28 -l28
