[0.019s] Invoking command in '/home/bev/bev_ws/build/tcp_socket': CMAKE_PREFIX_PATH=${CMAKE_PREFIX_PATH}:/opt/ros/foxy /usr/bin/cmake --build /home/bev/bev_ws/build/tcp_socket -- -j28 -l28
[0.097s] [35m[1mScanning dependencies of target tcp_socket[0m
[0.139s] [ 50%] [32mBuilding CXX object CMakeFiles/tcp_socket.dir/src/tcp_socket_server.cpp.o[0m
[1.139s] [01m[K/home/bev/bev_ws/src/tcp_socket/src/tcp_socket_server.cpp:[m[K In member function ‘[01m[Kvoid TCPServer::callback(custom_msgs::msg::OutputArray_<std::allocator<void> >::SharedPtr)[m[K’:
[1.139s] [01m[K/home/bev/bev_ws/src/tcp_socket/src/tcp_socket_server.cpp:57:55:[m[K [01;35m[Kwarning: [m[Kunused parameter ‘[01m[Kmsg[m[K’ [[01;35m[K-Wunused-parameter[m[K]
[1.140s]    57 | void TCPServer::callback([01;35m[Kconst OutputArray::SharedPtr msg[m[K)
[1.140s]       |                          [01;35m[K~~~~~~~~~~~~~~~~~~~~~~~~~~~~~^~~[m[K
[1.143s] [01m[K/home/bev/bev_ws/src/tcp_socket/src/tcp_socket_server.cpp:[m[K In function ‘[01m[Kint main(int, char**)[m[K’:
[1.143s] [01m[K/home/bev/bev_ws/src/tcp_socket/src/tcp_socket_server.cpp:74:13:[m[K [01;35m[Kwarning: [m[Kunused variable ‘[01m[Khtons[m[K’ [[01;35m[K-Wunused-variable[m[K]
[1.144s]    74 |   in_port_t [01;35m[Khtons[m[K(atoi(argv[1]));
[1.144s]       |             [01;35m[K^~~~~[m[K
[3.965s] [100%] [32m[1mLinking CXX executable tcp_socket[0m
[4.199s] [100%] Built target tcp_socket
[4.214s] Invoked command in '/home/bev/bev_ws/build/tcp_socket' returned '0': CMAKE_PREFIX_PATH=${CMAKE_PREFIX_PATH}:/opt/ros/foxy /usr/bin/cmake --build /home/bev/bev_ws/build/tcp_socket -- -j28 -l28
[4.270s] Invoking command in '/home/bev/bev_ws/build/tcp_socket': CMAKE_PREFIX_PATH=${CMAKE_PREFIX_PATH}:/opt/ros/foxy /usr/bin/cmake --install /home/bev/bev_ws/build/tcp_socket
[4.289s] -- Install configuration: ""
[4.289s] -- Installing: /home/bev/bev_ws/install/tcp_socket/lib/tcp_socket/tcp_socket
[4.293s] -- Set runtime path of "/home/bev/bev_ws/install/tcp_socket/lib/tcp_socket/tcp_socket" to ""
[4.294s] -- Up-to-date: /home/bev/bev_ws/install/tcp_socket/share/ament_index/resource_index/package_run_dependencies/tcp_socket
[4.294s] -- Up-to-date: /home/bev/bev_ws/install/tcp_socket/share/ament_index/resource_index/parent_prefix_path/tcp_socket
[4.294s] -- Up-to-date: /home/bev/bev_ws/install/tcp_socket/share/tcp_socket/environment/ament_prefix_path.sh
[4.294s] -- Up-to-date: /home/bev/bev_ws/install/tcp_socket/share/tcp_socket/environment/ament_prefix_path.dsv
[4.294s] -- Up-to-date: /home/bev/bev_ws/install/tcp_socket/share/tcp_socket/environment/path.sh
[4.295s] -- Up-to-date: /home/bev/bev_ws/install/tcp_socket/share/tcp_socket/environment/path.dsv
[4.295s] -- Up-to-date: /home/bev/bev_ws/install/tcp_socket/share/tcp_socket/local_setup.bash
[4.295s] -- Up-to-date: /home/bev/bev_ws/install/tcp_socket/share/tcp_socket/local_setup.sh
[4.295s] -- Up-to-date: /home/bev/bev_ws/install/tcp_socket/share/tcp_socket/local_setup.zsh
[4.295s] -- Up-to-date: /home/bev/bev_ws/install/tcp_socket/share/tcp_socket/local_setup.dsv
[4.295s] -- Installing: /home/bev/bev_ws/install/tcp_socket/share/tcp_socket/package.dsv
[4.295s] -- Up-to-date: /home/bev/bev_ws/install/tcp_socket/share/ament_index/resource_index/packages/tcp_socket
[4.296s] -- Up-to-date: /home/bev/bev_ws/install/tcp_socket/share/tcp_socket/cmake/tcp_socketConfig.cmake
[4.296s] -- Up-to-date: /home/bev/bev_ws/install/tcp_socket/share/tcp_socket/cmake/tcp_socketConfig-version.cmake
[4.296s] -- Up-to-date: /home/bev/bev_ws/install/tcp_socket/share/tcp_socket/package.xml
[4.304s] Invoked command in '/home/bev/bev_ws/build/tcp_socket' returned '0': CMAKE_PREFIX_PATH=${CMAKE_PREFIX_PATH}:/opt/ros/foxy /usr/bin/cmake --install /home/bev/bev_ws/build/tcp_socket
