-- Found ament_cmake: 0.9.12 (/opt/ros/foxy/share/ament_cmake/cmake)
-- Using PYTHON_EXECUTABLE: /usr/bin/python3
-- Override CMake install command with custom implementation using symlinks instead of copying resources
-- Found rclcpp: 2.4.3 (/opt/ros/foxy/share/rclcpp/cmake)
-- Using all available rosidl_typesupport_c: rosidl_typesupport_fastrtps_c;rosidl_typesupport_introspection_c
-- Found rosidl_adapter: 1.3.1 (/opt/ros/foxy/share/rosidl_adapter/cmake)
-- Using all available rosidl_typesupport_cpp: rosidl_typesupport_fastrtps_cpp;rosidl_typesupport_introspection_cpp
-- Found rmw_implementation_cmake: 1.0.4 (/opt/ros/foxy/share/rmw_implementation_cmake/cmake)
-- Using RMW implementation 'rmw_fastrtps_cpp' as default
-- Found custom_msgs: 0.0.0 (/home/bev/bev_ws/install/custom_msgs/share/custom_msgs/cmake)
-- Found ament_lint_auto: 0.9.8 (/opt/ros/foxy/share/ament_lint_auto/cmake)
-- Added test 'copyright' to check source files copyright and LICENSE
-- Added test 'cppcheck' to perform static code analysis on C / C++ code
-- Configured cppcheck include dirs: /home/bev/bev_ws/src/tcp_socket/include
-- Configured cppcheck exclude dirs and/or files: 
-- Added test 'cpplint' to check C / C++ code against the Google style
-- Configured cpplint exclude dirs and/or files: 
-- Added test 'lint_cmake' to check CMake code style
-- Added test 'uncrustify' to check C / C++ code style
-- Configured uncrustify additional arguments: 
-- Added test 'xmllint' to check XML markup files
-- Configuring done
-- Generating done
-- Build files have been written to: /home/bev/bev_ws/build/tcp_socket
[100%] Built target tcp_socket
-- Install configuration: ""
-- Execute custom install script
-- Up-to-date symlink: /home/bev/bev_ws/install/tcp_socket/lib/tcp_socket/tcp_socket
-- Up-to-date symlink: /home/bev/bev_ws/install/tcp_socket/share/ament_index/resource_index/package_run_dependencies/tcp_socket
-- Up-to-date symlink: /home/bev/bev_ws/install/tcp_socket/share/ament_index/resource_index/parent_prefix_path/tcp_socket
-- Up-to-date symlink: /home/bev/bev_ws/install/tcp_socket/share/tcp_socket/environment/ament_prefix_path.sh
-- Up-to-date symlink: /home/bev/bev_ws/install/tcp_socket/share/tcp_socket/environment/ament_prefix_path.dsv
-- Up-to-date symlink: /home/bev/bev_ws/install/tcp_socket/share/tcp_socket/environment/path.sh
-- Up-to-date symlink: /home/bev/bev_ws/install/tcp_socket/share/tcp_socket/environment/path.dsv
-- Up-to-date symlink: /home/bev/bev_ws/install/tcp_socket/share/tcp_socket/local_setup.bash
-- Up-to-date symlink: /home/bev/bev_ws/install/tcp_socket/share/tcp_socket/local_setup.sh
-- Up-to-date symlink: /home/bev/bev_ws/install/tcp_socket/share/tcp_socket/local_setup.zsh
-- Up-to-date symlink: /home/bev/bev_ws/install/tcp_socket/share/tcp_socket/local_setup.dsv
-- Symlinking: /home/bev/bev_ws/install/tcp_socket/share/tcp_socket/package.dsv
-- Up-to-date symlink: /home/bev/bev_ws/install/tcp_socket/share/ament_index/resource_index/packages/tcp_socket
-- Up-to-date symlink: /home/bev/bev_ws/install/tcp_socket/share/tcp_socket/cmake/tcp_socketConfig.cmake
-- Up-to-date symlink: /home/bev/bev_ws/install/tcp_socket/share/tcp_socket/cmake/tcp_socketConfig-version.cmake
-- Up-to-date symlink: /home/bev/bev_ws/install/tcp_socket/share/tcp_socket/package.xml
