[0.045s] Invoking command in '/home/bev/bev_ws/build/tcp_socket': CMAKE_PREFIX_PATH=${CMAKE_PREFIX_PATH}:/home/bev/carla-ros-bridge/install/rqt_carla_control:/home/bev/carla-ros-bridge/install/carla_waypoint_publisher:/home/bev/carla-ros-bridge/install/carla_ackermann_control:/home/bev/carla-ros-bridge/install/carla_ros_bridge:/home/bev/carla-ros-bridge/install/carla_spawn_objects:/home/bev/carla-ros-bridge/install/carla_manual_control:/home/bev/carla-ros-bridge/install/carla_ad_agent:/home/bev/carla-ros-bridge/install/ros_compatibility:/home/bev/carla-ros-bridge/install/carla_walker_agent:/home/bev/carla-ros-bridge/install/carla_twist_to_control:/home/bev/carla-ros-bridge/install/carla_ros_scenario_runner:/home/bev/carla-ros-bridge/install/carla_common:/opt/ros/foxy /usr/bin/cmake --build /home/bev/bev_ws/build/tcp_socket -- -j28 -l28
[0.095s] -- Found ament_cmake: 0.9.12 (/opt/ros/foxy/share/ament_cmake/cmake)
[0.125s] -- Using PYTHON_EXECUTABLE: /usr/bin/python3
[0.334s] -- Override CMake install command with custom implementation using symlinks instead of copying resources
[0.340s] -- Found rclcpp: 2.4.3 (/opt/ros/foxy/share/rclcpp/cmake)
[0.368s] -- Using all available rosidl_typesupport_c: rosidl_typesupport_fastrtps_c;rosidl_typesupport_introspection_c
[0.370s] -- Found rosidl_adapter: 1.3.1 (/opt/ros/foxy/share/rosidl_adapter/cmake)
[0.500s] -- Using all available rosidl_typesupport_cpp: rosidl_typesupport_fastrtps_cpp;rosidl_typesupport_introspection_cpp
[0.538s] -- Found rmw_implementation_cmake: 1.0.4 (/opt/ros/foxy/share/rmw_implementation_cmake/cmake)
[0.539s] -- Using RMW implementation 'rmw_fastrtps_cpp' as default
[0.653s] -- Found custom_msgs: 0.0.0 (/home/bev/bev_ws/install/custom_msgs/share/custom_msgs/cmake)
[0.681s] -- Found ament_lint_auto: 0.9.8 (/opt/ros/foxy/share/ament_lint_auto/cmake)
[0.760s] -- Added test 'copyright' to check source files copyright and LICENSE
[0.761s] -- Added test 'cppcheck' to perform static code analysis on C / C++ code
[0.761s] -- Configured cppcheck include dirs: /home/bev/bev_ws/src/tcp_socket/include
[0.761s] -- Configured cppcheck exclude dirs and/or files: 
[0.761s] -- Added test 'cpplint' to check C / C++ code against the Google style
[0.762s] -- Configured cpplint exclude dirs and/or files: 
[0.762s] -- Added test 'lint_cmake' to check CMake code style
[0.763s] -- Added test 'uncrustify' to check C / C++ code style
[0.763s] -- Configured uncrustify additional arguments: 
[0.763s] -- Added test 'xmllint' to check XML markup files
[0.766s] -- Configuring done
[0.772s] -- Generating done
[0.773s] -- Build files have been written to: /home/bev/bev_ws/build/tcp_socket
[0.855s] [100%] Built target tcp_socket
[0.879s] Invoked command in '/home/bev/bev_ws/build/tcp_socket' returned '0': CMAKE_PREFIX_PATH=${CMAKE_PREFIX_PATH}:/home/bev/carla-ros-bridge/install/rqt_carla_control:/home/bev/carla-ros-bridge/install/carla_waypoint_publisher:/home/bev/carla-ros-bridge/install/carla_ackermann_control:/home/bev/carla-ros-bridge/install/carla_ros_bridge:/home/bev/carla-ros-bridge/install/carla_spawn_objects:/home/bev/carla-ros-bridge/install/carla_manual_control:/home/bev/carla-ros-bridge/install/carla_ad_agent:/home/bev/carla-ros-bridge/install/ros_compatibility:/home/bev/carla-ros-bridge/install/carla_walker_agent:/home/bev/carla-ros-bridge/install/carla_twist_to_control:/home/bev/carla-ros-bridge/install/carla_ros_scenario_runner:/home/bev/carla-ros-bridge/install/carla_common:/opt/ros/foxy /usr/bin/cmake --build /home/bev/bev_ws/build/tcp_socket -- -j28 -l28
[0.946s] Invoking command in '/home/bev/bev_ws/build/tcp_socket': CMAKE_PREFIX_PATH=${CMAKE_PREFIX_PATH}:/home/bev/carla-ros-bridge/install/rqt_carla_control:/home/bev/carla-ros-bridge/install/carla_waypoint_publisher:/home/bev/carla-ros-bridge/install/carla_ackermann_control:/home/bev/carla-ros-bridge/install/carla_ros_bridge:/home/bev/carla-ros-bridge/install/carla_spawn_objects:/home/bev/carla-ros-bridge/install/carla_manual_control:/home/bev/carla-ros-bridge/install/carla_ad_agent:/home/bev/carla-ros-bridge/install/ros_compatibility:/home/bev/carla-ros-bridge/install/carla_walker_agent:/home/bev/carla-ros-bridge/install/carla_twist_to_control:/home/bev/carla-ros-bridge/install/carla_ros_scenario_runner:/home/bev/carla-ros-bridge/install/carla_common:/opt/ros/foxy /usr/bin/cmake --install /home/bev/bev_ws/build/tcp_socket
[0.965s] -- Install configuration: ""
[0.966s] -- Execute custom install script
[0.966s] -- Up-to-date symlink: /home/bev/bev_ws/install/tcp_socket/lib/tcp_socket/tcp_socket
[0.967s] -- Up-to-date symlink: /home/bev/bev_ws/install/tcp_socket/share/ament_index/resource_index/package_run_dependencies/tcp_socket
[0.967s] -- Up-to-date symlink: /home/bev/bev_ws/install/tcp_socket/share/ament_index/resource_index/parent_prefix_path/tcp_socket
[0.967s] -- Up-to-date symlink: /home/bev/bev_ws/install/tcp_socket/share/tcp_socket/environment/ament_prefix_path.sh
[0.968s] -- Up-to-date symlink: /home/bev/bev_ws/install/tcp_socket/share/tcp_socket/environment/ament_prefix_path.dsv
[0.968s] -- Up-to-date symlink: /home/bev/bev_ws/install/tcp_socket/share/tcp_socket/environment/path.sh
[0.969s] -- Up-to-date symlink: /home/bev/bev_ws/install/tcp_socket/share/tcp_socket/environment/path.dsv
[0.969s] -- Up-to-date symlink: /home/bev/bev_ws/install/tcp_socket/share/tcp_socket/local_setup.bash
[0.969s] -- Up-to-date symlink: /home/bev/bev_ws/install/tcp_socket/share/tcp_socket/local_setup.sh
[0.970s] -- Up-to-date symlink: /home/bev/bev_ws/install/tcp_socket/share/tcp_socket/local_setup.zsh
[0.970s] -- Up-to-date symlink: /home/bev/bev_ws/install/tcp_socket/share/tcp_socket/local_setup.dsv
[0.970s] -- Symlinking: /home/bev/bev_ws/install/tcp_socket/share/tcp_socket/package.dsv
[0.982s] -- Up-to-date symlink: /home/bev/bev_ws/install/tcp_socket/share/ament_index/resource_index/packages/tcp_socket
[0.982s] -- Up-to-date symlink: /home/bev/bev_ws/install/tcp_socket/share/tcp_socket/cmake/tcp_socketConfig.cmake
[0.983s] -- Up-to-date symlink: /home/bev/bev_ws/install/tcp_socket/share/tcp_socket/cmake/tcp_socketConfig-version.cmake
[0.983s] -- Up-to-date symlink: /home/bev/bev_ws/install/tcp_socket/share/tcp_socket/package.xml
[0.993s] Invoked command in '/home/bev/bev_ws/build/tcp_socket' returned '0': CMAKE_PREFIX_PATH=${CMAKE_PREFIX_PATH}:/home/bev/carla-ros-bridge/install/rqt_carla_control:/home/bev/carla-ros-bridge/install/carla_waypoint_publisher:/home/bev/carla-ros-bridge/install/carla_ackermann_control:/home/bev/carla-ros-bridge/install/carla_ros_bridge:/home/bev/carla-ros-bridge/install/carla_spawn_objects:/home/bev/carla-ros-bridge/install/carla_manual_control:/home/bev/carla-ros-bridge/install/carla_ad_agent:/home/bev/carla-ros-bridge/install/ros_compatibility:/home/bev/carla-ros-bridge/install/carla_walker_agent:/home/bev/carla-ros-bridge/install/carla_twist_to_control:/home/bev/carla-ros-bridge/install/carla_ros_scenario_runner:/home/bev/carla-ros-bridge/install/carla_common:/opt/ros/foxy /usr/bin/cmake --install /home/bev/bev_ws/build/tcp_socket
