[0.035s] Invoking command in '/home/bev/bev_ws/build/data_pkg': CMAKE_PREFIX_PATH=/opt/ros/foxy /usr/bin/cmake --build /home/bev/bev_ws/build/data_pkg -- -j28 -l28
[0.112s] [35m[1mScanning dependencies of target data_collection[0m
[0.154s] [ 33%] [32mBuilding CXX object CMakeFiles/data_collection.dir/src/data_collection.cpp.o[0m
[0.157s] [ 66%] [32mBuilding CXX object CMakeFiles/data_collection.dir/src/jsoncpp.cpp.o[0m
[4.137s] [100%] [32m[1mLinking CXX executable data_collection[0m
[4.396s] [100%] Built target data_collection
[4.419s] Invoked command in '/home/bev/bev_ws/build/data_pkg' returned '0': CMAKE_PREFIX_PATH=/opt/ros/foxy /usr/bin/cmake --build /home/bev/bev_ws/build/data_pkg -- -j28 -l28
[4.480s] Invoking command in '/home/bev/bev_ws/build/data_pkg': CMAKE_PREFIX_PATH=/opt/ros/foxy /usr/bin/cmake --install /home/bev/bev_ws/build/data_pkg
[4.498s] -- Install configuration: ""
[4.498s] -- Installing: /home/bev/bev_ws/install/data_pkg/lib/data_pkg/data_collection
[4.501s] -- Set runtime path of "/home/bev/bev_ws/install/data_pkg/lib/data_pkg/data_collection" to ""
[4.501s] -- Up-to-date: /home/bev/bev_ws/install/data_pkg/share/ament_index/resource_index/package_run_dependencies/data_pkg
[4.501s] -- Up-to-date: /home/bev/bev_ws/install/data_pkg/share/ament_index/resource_index/parent_prefix_path/data_pkg
[4.501s] -- Up-to-date: /home/bev/bev_ws/install/data_pkg/share/data_pkg/environment/ament_prefix_path.sh
[4.502s] -- Installing: /home/bev/bev_ws/install/data_pkg/share/data_pkg/environment/ament_prefix_path.dsv
[4.502s] -- Up-to-date: /home/bev/bev_ws/install/data_pkg/share/data_pkg/environment/path.sh
[4.502s] -- Installing: /home/bev/bev_ws/install/data_pkg/share/data_pkg/environment/path.dsv
[4.502s] -- Up-to-date: /home/bev/bev_ws/install/data_pkg/share/data_pkg/local_setup.bash
[4.502s] -- Up-to-date: /home/bev/bev_ws/install/data_pkg/share/data_pkg/local_setup.sh
[4.502s] -- Up-to-date: /home/bev/bev_ws/install/data_pkg/share/data_pkg/local_setup.zsh
[4.503s] -- Installing: /home/bev/bev_ws/install/data_pkg/share/data_pkg/local_setup.dsv
[4.503s] -- Installing: /home/bev/bev_ws/install/data_pkg/share/data_pkg/package.dsv
[4.503s] -- Up-to-date: /home/bev/bev_ws/install/data_pkg/share/ament_index/resource_index/packages/data_pkg
[4.503s] -- Up-to-date: /home/bev/bev_ws/install/data_pkg/share/data_pkg/cmake/data_pkgConfig.cmake
[4.503s] -- Up-to-date: /home/bev/bev_ws/install/data_pkg/share/data_pkg/cmake/data_pkgConfig-version.cmake
[4.503s] -- Up-to-date: /home/bev/bev_ws/install/data_pkg/share/data_pkg/package.xml
[4.510s] Invoked command in '/home/bev/bev_ws/build/data_pkg' returned '0': CMAKE_PREFIX_PATH=/opt/ros/foxy /usr/bin/cmake --install /home/bev/bev_ws/build/data_pkg
