[0.045s] Invoking command in '/home/bev/bev_ws/build/risk_assessment': CMAKE_PREFIX_PATH=${CMAKE_PREFIX_PATH}:/home/bev/carla-ros-bridge/install/rqt_carla_control:/home/bev/carla-ros-bridge/install/carla_waypoint_publisher:/home/bev/carla-ros-bridge/install/carla_ackermann_control:/home/bev/carla-ros-bridge/install/carla_ros_bridge:/home/bev/carla-ros-bridge/install/carla_spawn_objects:/home/bev/carla-ros-bridge/install/carla_manual_control:/home/bev/carla-ros-bridge/install/carla_ad_agent:/home/bev/carla-ros-bridge/install/ros_compatibility:/home/bev/carla-ros-bridge/install/carla_walker_agent:/home/bev/carla-ros-bridge/install/carla_twist_to_control:/home/bev/carla-ros-bridge/install/carla_ros_scenario_runner:/home/bev/carla-ros-bridge/install/carla_common:/opt/ros/foxy /usr/bin/cmake --build /home/bev/bev_ws/build/risk_assessment -- -j28 -l28
[0.093s] -- Found ament_cmake: 0.9.12 (/opt/ros/foxy/share/ament_cmake/cmake)
[0.123s] -- Using PYTHON_EXECUTABLE: /usr/bin/python3
[0.356s] -- Found rclcpp: 2.4.3 (/opt/ros/foxy/share/rclcpp/cmake)
[0.385s] -- Using all available rosidl_typesupport_c: rosidl_typesupport_fastrtps_c;rosidl_typesupport_introspection_c
[0.387s] -- Found rosidl_adapter: 1.3.1 (/opt/ros/foxy/share/rosidl_adapter/cmake)
[0.533s] -- Using all available rosidl_typesupport_cpp: rosidl_typesupport_fastrtps_cpp;rosidl_typesupport_introspection_cpp
[0.575s] -- Found rmw_implementation_cmake: 1.0.4 (/opt/ros/foxy/share/rmw_implementation_cmake/cmake)
[0.577s] -- Using RMW implementation 'rmw_fastrtps_cpp' as default
[0.699s] -- Found carla_msgs: 1.3.0 (/home/bev/carla-ros-bridge/install/carla_msgs/share/carla_msgs/cmake)
[0.857s] -- Found nav_msgs: 2.0.5 (/opt/ros/foxy/share/nav_msgs/cmake)
[0.919s] -- Found ament_lint_auto: 0.9.8 (/opt/ros/foxy/share/ament_lint_auto/cmake)
[1.028s] -- Added test 'copyright' to check source files copyright and LICENSE
[1.029s] -- Added test 'cppcheck' to perform static code analysis on C / C++ code
[1.029s] -- Configured cppcheck include dirs: /home/bev/bev_ws/src/risk_assessment/include
[1.030s] -- Configured cppcheck exclude dirs and/or files: 
[1.030s] -- Added test 'cpplint' to check C / C++ code against the Google style
[1.030s] -- Configured cpplint exclude dirs and/or files: 
[1.031s] -- Added test 'lint_cmake' to check CMake code style
[1.032s] -- Added test 'uncrustify' to check C / C++ code style
[1.032s] -- Configured uncrustify additional arguments: 
[1.032s] -- Added test 'xmllint' to check XML markup files
[1.037s] -- Configuring done
[1.038s] CMake Error at CMakeLists.txt:27 (add_executable):
[1.039s]   Cannot find source file:
[1.039s] 
[1.040s]     src/carculate_risk.cpp
[1.040s] 
[1.040s]   Tried extensions .c .C .c++ .cc .cpp .cxx .cu .m .M .mm .h .hh .h++ .hm
[1.040s]   .hpp .hxx .in .txx
[1.041s] 
[1.041s] 
[1.041s] CMake Error at CMakeLists.txt:27 (add_executable):
[1.041s]   No SOURCES given to target: risk_assessment
[1.042s] 
[1.042s] 
[1.042s] CMake Generate step failed.  Build files cannot be regenerated correctly.
[1.048s] make: *** [Makefile:222: cmake_check_build_system] Error 1
[1.051s] Invoked command in '/home/bev/bev_ws/build/risk_assessment' returned '2': CMAKE_PREFIX_PATH=${CMAKE_PREFIX_PATH}:/home/bev/carla-ros-bridge/install/rqt_carla_control:/home/bev/carla-ros-bridge/install/carla_waypoint_publisher:/home/bev/carla-ros-bridge/install/carla_ackermann_control:/home/bev/carla-ros-bridge/install/carla_ros_bridge:/home/bev/carla-ros-bridge/install/carla_spawn_objects:/home/bev/carla-ros-bridge/install/carla_manual_control:/home/bev/carla-ros-bridge/install/carla_ad_agent:/home/bev/carla-ros-bridge/install/ros_compatibility:/home/bev/carla-ros-bridge/install/carla_walker_agent:/home/bev/carla-ros-bridge/install/carla_twist_to_control:/home/bev/carla-ros-bridge/install/carla_ros_scenario_runner:/home/bev/carla-ros-bridge/install/carla_common:/opt/ros/foxy /usr/bin/cmake --build /home/bev/bev_ws/build/risk_assessment -- -j28 -l28
