[0.048s] Invoking command in '/home/bev/bev_ws/build/risk_assessment': CMAKE_PREFIX_PATH=${CMAKE_PREFIX_PATH}:/home/bev/carla-ros-bridge/install/rqt_carla_control:/home/bev/carla-ros-bridge/install/carla_waypoint_publisher:/home/bev/carla-ros-bridge/install/carla_ackermann_control:/home/bev/carla-ros-bridge/install/carla_ros_bridge:/home/bev/carla-ros-bridge/install/carla_spawn_objects:/home/bev/carla-ros-bridge/install/carla_manual_control:/home/bev/carla-ros-bridge/install/carla_ad_agent:/home/bev/carla-ros-bridge/install/ros_compatibility:/home/bev/carla-ros-bridge/install/carla_walker_agent:/home/bev/carla-ros-bridge/install/carla_twist_to_control:/home/bev/carla-ros-bridge/install/carla_ros_scenario_runner:/home/bev/carla-ros-bridge/install/carla_common:/opt/ros/foxy /usr/bin/cmake --build /home/bev/bev_ws/build/risk_assessment -- -j28 -l28
[0.143s] [100%] Built target risk_assessment
[0.156s] Invoked command in '/home/bev/bev_ws/build/risk_assessment' returned '0': CMAKE_PREFIX_PATH=${CMAKE_PREFIX_PATH}:/home/bev/carla-ros-bridge/install/rqt_carla_control:/home/bev/carla-ros-bridge/install/carla_waypoint_publisher:/home/bev/carla-ros-bridge/install/carla_ackermann_control:/home/bev/carla-ros-bridge/install/carla_ros_bridge:/home/bev/carla-ros-bridge/install/carla_spawn_objects:/home/bev/carla-ros-bridge/install/carla_manual_control:/home/bev/carla-ros-bridge/install/carla_ad_agent:/home/bev/carla-ros-bridge/install/ros_compatibility:/home/bev/carla-ros-bridge/install/carla_walker_agent:/home/bev/carla-ros-bridge/install/carla_twist_to_control:/home/bev/carla-ros-bridge/install/carla_ros_scenario_runner:/home/bev/carla-ros-bridge/install/carla_common:/opt/ros/foxy /usr/bin/cmake --build /home/bev/bev_ws/build/risk_assessment -- -j28 -l28
[0.209s] Invoking command in '/home/bev/bev_ws/build/risk_assessment': CMAKE_PREFIX_PATH=${CMAKE_PREFIX_PATH}:/home/bev/carla-ros-bridge/install/rqt_carla_control:/home/bev/carla-ros-bridge/install/carla_waypoint_publisher:/home/bev/carla-ros-bridge/install/carla_ackermann_control:/home/bev/carla-ros-bridge/install/carla_ros_bridge:/home/bev/carla-ros-bridge/install/carla_spawn_objects:/home/bev/carla-ros-bridge/install/carla_manual_control:/home/bev/carla-ros-bridge/install/carla_ad_agent:/home/bev/carla-ros-bridge/install/ros_compatibility:/home/bev/carla-ros-bridge/install/carla_walker_agent:/home/bev/carla-ros-bridge/install/carla_twist_to_control:/home/bev/carla-ros-bridge/install/carla_ros_scenario_runner:/home/bev/carla-ros-bridge/install/carla_common:/opt/ros/foxy /usr/bin/cmake --install /home/bev/bev_ws/build/risk_assessment
[0.220s] -- Install configuration: ""
[0.220s] -- Execute custom install script
[0.220s] -- Up-to-date symlink: /home/bev/bev_ws/install/risk_assessment/lib/risk_assessment/risk_assessment
[0.220s] -- Up-to-date symlink: /home/bev/bev_ws/install/risk_assessment/share/ament_index/resource_index/package_run_dependencies/risk_assessment
[0.221s] -- Up-to-date symlink: /home/bev/bev_ws/install/risk_assessment/share/ament_index/resource_index/parent_prefix_path/risk_assessment
[0.221s] -- Up-to-date symlink: /home/bev/bev_ws/install/risk_assessment/share/risk_assessment/environment/ament_prefix_path.sh
[0.221s] -- Up-to-date symlink: /home/bev/bev_ws/install/risk_assessment/share/risk_assessment/environment/ament_prefix_path.dsv
[0.222s] -- Up-to-date symlink: /home/bev/bev_ws/install/risk_assessment/share/risk_assessment/environment/path.sh
[0.222s] -- Up-to-date symlink: /home/bev/bev_ws/install/risk_assessment/share/risk_assessment/environment/path.dsv
[0.222s] -- Up-to-date symlink: /home/bev/bev_ws/install/risk_assessment/share/risk_assessment/local_setup.bash
[0.222s] -- Up-to-date symlink: /home/bev/bev_ws/install/risk_assessment/share/risk_assessment/local_setup.sh
[0.222s] -- Up-to-date symlink: /home/bev/bev_ws/install/risk_assessment/share/risk_assessment/local_setup.zsh
[0.222s] -- Up-to-date symlink: /home/bev/bev_ws/install/risk_assessment/share/risk_assessment/local_setup.dsv
[0.223s] -- Symlinking: /home/bev/bev_ws/install/risk_assessment/share/risk_assessment/package.dsv
[0.243s] -- Up-to-date symlink: /home/bev/bev_ws/install/risk_assessment/share/ament_index/resource_index/packages/risk_assessment
[0.243s] -- Up-to-date symlink: /home/bev/bev_ws/install/risk_assessment/share/risk_assessment/cmake/risk_assessmentConfig.cmake
[0.243s] -- Up-to-date symlink: /home/bev/bev_ws/install/risk_assessment/share/risk_assessment/cmake/risk_assessmentConfig-version.cmake
[0.243s] -- Up-to-date symlink: /home/bev/bev_ws/install/risk_assessment/share/risk_assessment/package.xml
[0.248s] Invoked command in '/home/bev/bev_ws/build/risk_assessment' returned '0': CMAKE_PREFIX_PATH=${CMAKE_PREFIX_PATH}:/home/bev/carla-ros-bridge/install/rqt_carla_control:/home/bev/carla-ros-bridge/install/carla_waypoint_publisher:/home/bev/carla-ros-bridge/install/carla_ackermann_control:/home/bev/carla-ros-bridge/install/carla_ros_bridge:/home/bev/carla-ros-bridge/install/carla_spawn_objects:/home/bev/carla-ros-bridge/install/carla_manual_control:/home/bev/carla-ros-bridge/install/carla_ad_agent:/home/bev/carla-ros-bridge/install/ros_compatibility:/home/bev/carla-ros-bridge/install/carla_walker_agent:/home/bev/carla-ros-bridge/install/carla_twist_to_control:/home/bev/carla-ros-bridge/install/carla_ros_scenario_runner:/home/bev/carla-ros-bridge/install/carla_common:/opt/ros/foxy /usr/bin/cmake --install /home/bev/bev_ws/build/risk_assessment
