-- The C compiler identification is GNU 9.4.0
-- The CXX compiler identification is GNU 9.4.0
-- Check for working C compiler: /usr/bin/cc
-- Check for working C compiler: /usr/bin/cc -- works
-- Detecting C compiler ABI info
-- Detecting C compiler ABI info - done
-- Detecting C compile features
-- Detecting C compile features - done
-- Check for working CXX compiler: /usr/bin/c++
-- Check for working CXX compiler: /usr/bin/c++ -- works
-- Detecting CXX compiler ABI info
-- Detecting CXX compiler ABI info - done
-- Detecting CXX compile features
-- Detecting CXX compile features - done
-- Found ament_cmake: 0.9.12 (/opt/ros/foxy/share/ament_cmake/cmake)
-- Found PythonInterp: /usr/bin/python3 (found suitable version "3.8.10", minimum required is "3") 
-- Using PYTHON_EXECUTABLE: /usr/bin/python3
-- Found rclcpp: 2.4.3 (/opt/ros/foxy/share/rclcpp/cmake)
-- Using all available rosidl_typesupport_c: rosidl_typesupport_fastrtps_c;rosidl_typesupport_introspection_c
-- Found rosidl_adapter: 1.3.1 (/opt/ros/foxy/share/rosidl_adapter/cmake)
-- Found OpenSSL: /usr/lib/x86_64-linux-gnu/libcrypto.so (found version "1.1.1f")  
-- Found FastRTPS: /opt/ros/foxy/include  
-- Using all available rosidl_typesupport_cpp: rosidl_typesupport_fastrtps_cpp;rosidl_typesupport_introspection_cpp
-- Found rmw_implementation_cmake: 1.0.4 (/opt/ros/foxy/share/rmw_implementation_cmake/cmake)
-- Using RMW implementation 'rmw_fastrtps_cpp' as default
-- Looking for pthread.h
-- Looking for pthread.h - found
-- Performing Test CMAKE_HAVE_LIBC_PTHREAD
-- Performing Test CMAKE_HAVE_LIBC_PTHREAD - Failed
-- Looking for pthread_create in pthreads
-- Looking for pthread_create in pthreads - not found
-- Looking for pthread_create in pthread
-- Looking for pthread_create in pthread - found
-- Found Threads: TRUE  
-- Found visualization_msgs: 2.0.5 (/opt/ros/foxy/share/visualization_msgs/cmake)
-- Found OpenCV: /usr (found version "4.2.0") 
-- Found custom_msgs: 0.0.0 (/home/bev/bev_ws/install/custom_msgs/share/custom_msgs/cmake)
-- Found ament_lint_auto: 0.9.8 (/opt/ros/foxy/share/ament_lint_auto/cmake)
-- Added test 'copyright' to check source files copyright and LICENSE
-- Added test 'cppcheck' to perform static code analysis on C / C++ code
-- Configured cppcheck include dirs: /home/bev/bev_ws/src/tracking_algorithm/include
-- Configured cppcheck exclude dirs and/or files: 
-- Added test 'cpplint' to check C / C++ code against the Google style
-- Configured cpplint exclude dirs and/or files: 
-- Added test 'lint_cmake' to check CMake code style
-- Added test 'uncrustify' to check C / C++ code style
-- Configured uncrustify additional arguments: 
-- Added test 'xmllint' to check XML markup files
-- Configuring done
-- Generating done
-- Build files have been written to: /home/bev/bev_ws/build/tracking_algorithm
[35m[1mScanning dependencies of target sort_ros[0m
[ 12%] [32mBuilding CXX object CMakeFiles/sort_ros.dir/src/Tracker.cpp.o[0m
[ 50%] [32mBuilding CXX object CMakeFiles/sort_ros.dir/src/Sort.cpp.o[0m
[ 50%] [32mBuilding CXX object CMakeFiles/sort_ros.dir/src/Hungarian.cpp.o[0m
[ 50%] [32mBuilding CXX object CMakeFiles/sort_ros.dir/src/main.cpp.o[0m
[ 62%] [32mBuilding CXX object CMakeFiles/sort_ros.dir/src/TrackerState.cpp.o[0m
[ 75%] [32mBuilding CXX object CMakeFiles/sort_ros.dir/src/SortRect.cpp.o[0m
[ 87%] [32mBuilding CXX object CMakeFiles/sort_ros.dir/src/SortRos.cpp.o[0m
[100%] [32m[1mLinking CXX executable sort_ros[0m
[100%] Built target sort_ros
-- Install configuration: ""
-- Installing: /home/bev/bev_ws/install/tracking_algorithm/lib/tracking_algorithm/sort_ros
-- Set runtime path of "/home/bev/bev_ws/install/tracking_algorithm/lib/tracking_algorithm/sort_ros" to ""
-- Installing: /home/bev/bev_ws/install/tracking_algorithm/share/ament_index/resource_index/package_run_dependencies/tracking_algorithm
-- Installing: /home/bev/bev_ws/install/tracking_algorithm/share/ament_index/resource_index/parent_prefix_path/tracking_algorithm
-- Installing: /home/bev/bev_ws/install/tracking_algorithm/share/tracking_algorithm/environment/ament_prefix_path.sh
-- Installing: /home/bev/bev_ws/install/tracking_algorithm/share/tracking_algorithm/environment/ament_prefix_path.dsv
-- Installing: /home/bev/bev_ws/install/tracking_algorithm/share/tracking_algorithm/environment/path.sh
-- Installing: /home/bev/bev_ws/install/tracking_algorithm/share/tracking_algorithm/environment/path.dsv
-- Installing: /home/bev/bev_ws/install/tracking_algorithm/share/tracking_algorithm/local_setup.bash
-- Installing: /home/bev/bev_ws/install/tracking_algorithm/share/tracking_algorithm/local_setup.sh
-- Installing: /home/bev/bev_ws/install/tracking_algorithm/share/tracking_algorithm/local_setup.zsh
-- Installing: /home/bev/bev_ws/install/tracking_algorithm/share/tracking_algorithm/local_setup.dsv
-- Installing: /home/bev/bev_ws/install/tracking_algorithm/share/tracking_algorithm/package.dsv
-- Installing: /home/bev/bev_ws/install/tracking_algorithm/share/ament_index/resource_index/packages/tracking_algorithm
-- Installing: /home/bev/bev_ws/install/tracking_algorithm/share/tracking_algorithm/cmake/tracking_algorithmConfig.cmake
-- Installing: /home/bev/bev_ws/install/tracking_algorithm/share/tracking_algorithm/cmake/tracking_algorithmConfig-version.cmake
-- Installing: /home/bev/bev_ws/install/tracking_algorithm/share/tracking_algorithm/package.xml
