[35m[1mScanning dependencies of target data_collection[0m
[ 50%] [32mBuilding CXX object CMakeFiles/data_collection.dir/src/data_collection.cpp.o[0m
[01m[K/home/bev/bev_ws/src/data_pkg/src/data_collection.cpp:[m[K In member function ‘[01m[Kvoid Data::Parse()[m[K’:
[01m[K/home/bev/bev_ws/src/data_pkg/src/data_collection.cpp:174:20:[m[K [01;35m[Kwarning: [m[Kcomparison of integer expressions of different signedness: ‘[01m[Kint[m[K’ and ‘[01m[Kstd::vector<custom_msgs::msg::Output_<std::allocator<void> >, std::allocator<custom_msgs::msg::Output_<std::allocator<void> > > >::size_type[m[K’ {aka ‘[01m[Klong unsigned int[m[K’} [[01;35m[K-Wsign-compare[m[K]
  174 |       for(int i=0;[01;35m[Ki<bev_output->outputs.size()[m[K;i++)
      |                   [01;35m[K~^~~~~~~~~~~~~~~~~~~~~~~~~~~[m[K
[01m[K/home/bev/bev_ws/src/data_pkg/src/data_collection.cpp:[m[K In member function ‘[01m[Kvoid Data::Collect()[m[K’:
[01m[K/home/bev/bev_ws/src/data_pkg/src/data_collection.cpp:307:16:[m[K [01;35m[Kwarning: [m[Kcomparison of integer expressions of different signedness: ‘[01m[Kint[m[K’ and ‘[01m[Kstd::vector<custom_msgs::msg::Output_<std::allocator<void> >, std::allocator<custom_msgs::msg::Output_<std::allocator<void> > > >::size_type[m[K’ {aka ‘[01m[Klong unsigned int[m[K’} [[01;35m[K-Wsign-compare[m[K]
  307 |   for(int i=0;[01;35m[Ki<bev_output->outputs.size()[m[K;i++)
      |               [01;35m[K~^~~~~~~~~~~~~~~~~~~~~~~~~~~[m[K
[100%] [32m[1mLinking CXX executable data_collection[0m
[100%] Built target data_collection
-- Install configuration: ""
-- Installing: /home/bev/bev_ws/install/data_pkg/lib/data_pkg/data_collection
-- Set runtime path of "/home/bev/bev_ws/install/data_pkg/lib/data_pkg/data_collection" to ""
-- Up-to-date: /home/bev/bev_ws/install/data_pkg/share/ament_index/resource_index/package_run_dependencies/data_pkg
-- Up-to-date: /home/bev/bev_ws/install/data_pkg/share/ament_index/resource_index/parent_prefix_path/data_pkg
-- Up-to-date: /home/bev/bev_ws/install/data_pkg/share/data_pkg/environment/ament_prefix_path.sh
-- Up-to-date: /home/bev/bev_ws/install/data_pkg/share/data_pkg/environment/ament_prefix_path.dsv
-- Up-to-date: /home/bev/bev_ws/install/data_pkg/share/data_pkg/environment/path.sh
-- Up-to-date: /home/bev/bev_ws/install/data_pkg/share/data_pkg/environment/path.dsv
-- Up-to-date: /home/bev/bev_ws/install/data_pkg/share/data_pkg/local_setup.bash
-- Up-to-date: /home/bev/bev_ws/install/data_pkg/share/data_pkg/local_setup.sh
-- Up-to-date: /home/bev/bev_ws/install/data_pkg/share/data_pkg/local_setup.zsh
-- Up-to-date: /home/bev/bev_ws/install/data_pkg/share/data_pkg/local_setup.dsv
-- Installing: /home/bev/bev_ws/install/data_pkg/share/data_pkg/package.dsv
-- Up-to-date: /home/bev/bev_ws/install/data_pkg/share/ament_index/resource_index/packages/data_pkg
-- Up-to-date: /home/bev/bev_ws/install/data_pkg/share/data_pkg/cmake/data_pkgConfig.cmake
-- Up-to-date: /home/bev/bev_ws/install/data_pkg/share/data_pkg/cmake/data_pkgConfig-version.cmake
-- Up-to-date: /home/bev/bev_ws/install/data_pkg/share/data_pkg/package.xml
