[0.041s] Invoking command in '/home/bev/bev_ws/build/tcp_socket': CMAKE_PREFIX_PATH=${CMAKE_PREFIX_PATH}:/home/bev/carla-ros-bridge/install/rqt_carla_control:/home/bev/carla-ros-bridge/install/carla_waypoint_publisher:/home/bev/carla-ros-bridge/install/carla_ackermann_control:/home/bev/carla-ros-bridge/install/carla_ros_bridge:/home/bev/carla-ros-bridge/install/carla_spawn_objects:/home/bev/carla-ros-bridge/install/carla_manual_control:/home/bev/carla-ros-bridge/install/carla_ad_agent:/home/bev/carla-ros-bridge/install/ros_compatibility:/home/bev/carla-ros-bridge/install/carla_walker_agent:/home/bev/carla-ros-bridge/install/carla_twist_to_control:/home/bev/carla-ros-bridge/install/carla_ros_scenario_runner:/home/bev/carla-ros-bridge/install/carla_common:/opt/ros/foxy /usr/bin/cmake --build /home/bev/bev_ws/build/tcp_socket -- -j28 -l28
[0.167s] [100%] Built target tcp_socket
[0.180s] Invoked command in '/home/bev/bev_ws/build/tcp_socket' returned '0': CMAKE_PREFIX_PATH=${CMAKE_PREFIX_PATH}:/home/bev/carla-ros-bridge/install/rqt_carla_control:/home/bev/carla-ros-bridge/install/carla_waypoint_publisher:/home/bev/carla-ros-bridge/install/carla_ackermann_control:/home/bev/carla-ros-bridge/install/carla_ros_bridge:/home/bev/carla-ros-bridge/install/carla_spawn_objects:/home/bev/carla-ros-bridge/install/carla_manual_control:/home/bev/carla-ros-bridge/install/carla_ad_agent:/home/bev/carla-ros-bridge/install/ros_compatibility:/home/bev/carla-ros-bridge/install/carla_walker_agent:/home/bev/carla-ros-bridge/install/carla_twist_to_control:/home/bev/carla-ros-bridge/install/carla_ros_scenario_runner:/home/bev/carla-ros-bridge/install/carla_common:/opt/ros/foxy /usr/bin/cmake --build /home/bev/bev_ws/build/tcp_socket -- -j28 -l28
[0.240s] Invoking command in '/home/bev/bev_ws/build/tcp_socket': CMAKE_PREFIX_PATH=${CMAKE_PREFIX_PATH}:/home/bev/carla-ros-bridge/install/rqt_carla_control:/home/bev/carla-ros-bridge/install/carla_waypoint_publisher:/home/bev/carla-ros-bridge/install/carla_ackermann_control:/home/bev/carla-ros-bridge/install/carla_ros_bridge:/home/bev/carla-ros-bridge/install/carla_spawn_objects:/home/bev/carla-ros-bridge/install/carla_manual_control:/home/bev/carla-ros-bridge/install/carla_ad_agent:/home/bev/carla-ros-bridge/install/ros_compatibility:/home/bev/carla-ros-bridge/install/carla_walker_agent:/home/bev/carla-ros-bridge/install/carla_twist_to_control:/home/bev/carla-ros-bridge/install/carla_ros_scenario_runner:/home/bev/carla-ros-bridge/install/carla_common:/opt/ros/foxy /usr/bin/cmake --install /home/bev/bev_ws/build/tcp_socket
[0.259s] -- Install configuration: ""
[0.259s] -- Execute custom install script
[0.260s] -- Up-to-date symlink: /home/bev/bev_ws/install/tcp_socket/lib/tcp_socket/tcp_socket
[0.260s] -- Up-to-date symlink: /home/bev/bev_ws/install/tcp_socket/share/ament_index/resource_index/package_run_dependencies/tcp_socket
[0.261s] -- Up-to-date symlink: /home/bev/bev_ws/install/tcp_socket/share/ament_index/resource_index/parent_prefix_path/tcp_socket
[0.261s] -- Up-to-date symlink: /home/bev/bev_ws/install/tcp_socket/share/tcp_socket/environment/ament_prefix_path.sh
[0.262s] -- Up-to-date symlink: /home/bev/bev_ws/install/tcp_socket/share/tcp_socket/environment/ament_prefix_path.dsv
[0.262s] -- Up-to-date symlink: /home/bev/bev_ws/install/tcp_socket/share/tcp_socket/environment/path.sh
[0.262s] -- Up-to-date symlink: /home/bev/bev_ws/install/tcp_socket/share/tcp_socket/environment/path.dsv
[0.262s] -- Up-to-date symlink: /home/bev/bev_ws/install/tcp_socket/share/tcp_socket/local_setup.bash
[0.263s] -- Up-to-date symlink: /home/bev/bev_ws/install/tcp_socket/share/tcp_socket/local_setup.sh
[0.263s] -- Up-to-date symlink: /home/bev/bev_ws/install/tcp_socket/share/tcp_socket/local_setup.zsh
[0.263s] -- Up-to-date symlink: /home/bev/bev_ws/install/tcp_socket/share/tcp_socket/local_setup.dsv
[0.264s] -- Symlinking: /home/bev/bev_ws/install/tcp_socket/share/tcp_socket/package.dsv
[0.287s] -- Up-to-date symlink: /home/bev/bev_ws/install/tcp_socket/share/ament_index/resource_index/packages/tcp_socket
[0.288s] -- Up-to-date symlink: /home/bev/bev_ws/install/tcp_socket/share/tcp_socket/cmake/tcp_socketConfig.cmake
[0.289s] -- Up-to-date symlink: /home/bev/bev_ws/install/tcp_socket/share/tcp_socket/cmake/tcp_socketConfig-version.cmake
[0.290s] -- Up-to-date symlink: /home/bev/bev_ws/install/tcp_socket/share/tcp_socket/package.xml
[0.313s] Invoked command in '/home/bev/bev_ws/build/tcp_socket' returned '0': CMAKE_PREFIX_PATH=${CMAKE_PREFIX_PATH}:/home/bev/carla-ros-bridge/install/rqt_carla_control:/home/bev/carla-ros-bridge/install/carla_waypoint_publisher:/home/bev/carla-ros-bridge/install/carla_ackermann_control:/home/bev/carla-ros-bridge/install/carla_ros_bridge:/home/bev/carla-ros-bridge/install/carla_spawn_objects:/home/bev/carla-ros-bridge/install/carla_manual_control:/home/bev/carla-ros-bridge/install/carla_ad_agent:/home/bev/carla-ros-bridge/install/ros_compatibility:/home/bev/carla-ros-bridge/install/carla_walker_agent:/home/bev/carla-ros-bridge/install/carla_twist_to_control:/home/bev/carla-ros-bridge/install/carla_ros_scenario_runner:/home/bev/carla-ros-bridge/install/carla_common:/opt/ros/foxy /usr/bin/cmake --install /home/bev/bev_ws/build/tcp_socket
