[0.250s] DEBUG:colcon:Command line arguments: ['/usr/bin/colcon', 'build']
[0.250s] DEBUG:colcon:Parsed command line arguments: Namespace(allow_overriding=[], ament_cmake_args=None, base_paths=['.'], build_base='build', catkin_cmake_args=None, catkin_skip_building_tests=False, cmake_args=None, cmake_clean_cache=False, cmake_clean_first=False, cmake_force_configure=False, cmake_target=None, cmake_target_skip_unavailable=False, continue_on_error=False, event_handlers=None, executor='parallel', ignore_user_meta=False, install_base='install', log_base=None, log_level=None, main=<bound method BuildVerb.main of <colcon_core.verb.build.BuildVerb object at 0x7fdb152e40a0>>, merge_install=False, metas=['./colcon.meta'], packages_above=None, packages_above_and_dependencies=None, packages_above_depth=None, packages_end=None, packages_ignore=None, packages_ignore_regex=None, packages_select=None, packages_select_build_failed=False, packages_select_by_dep=None, packages_select_regex=None, packages_select_test_failures=False, packages_skip=None, packages_skip_build_finished=False, packages_skip_by_dep=None, packages_skip_regex=None, packages_skip_test_passed=False, packages_skip_up_to=None, packages_start=None, packages_up_to=None, packages_up_to_regex=None, parallel_workers=28, paths=None, symlink_install=False, test_result_base=None, verb_extension=<colcon_core.verb.build.BuildVerb object at 0x7fdb152e40a0>, verb_name='build', verb_parser=<colcon_defaults.argument_parser.defaults.DefaultArgumentsDecorator object at 0x7fdb152e4550>)
[0.278s] Level 1:colcon.colcon_core.package_discovery:discover_packages(colcon_meta) check parameters
[0.278s] Level 1:colcon.colcon_core.package_discovery:discover_packages(recursive) check parameters
[0.278s] Level 1:colcon.colcon_core.package_discovery:discover_packages(ignore) check parameters
[0.278s] Level 1:colcon.colcon_core.package_discovery:discover_packages(path) check parameters
[0.278s] Level 1:colcon.colcon_core.package_discovery:discover_packages(colcon_meta) discover
[0.278s] Level 1:colcon.colcon_core.package_discovery:discover_packages(recursive) discover
[0.278s] INFO:colcon.colcon_core.package_discovery:Crawling recursively for packages in '/home/bev/bev_ws'
[0.278s] Level 1:colcon.colcon_core.package_identification:_identify(.) by extensions ['ignore', 'ignore_ament_install']
[0.279s] Level 1:colcon.colcon_core.package_identification:_identify(.) by extension 'ignore'
[0.279s] Level 1:colcon.colcon_core.package_identification:_identify(.) by extension 'ignore_ament_install'
[0.279s] Level 1:colcon.colcon_core.package_identification:_identify(.) by extensions ['colcon_pkg']
[0.279s] Level 1:colcon.colcon_core.package_identification:_identify(.) by extension 'colcon_pkg'
[0.279s] Level 1:colcon.colcon_core.package_identification:_identify(.) by extensions ['colcon_meta']
[0.279s] Level 1:colcon.colcon_core.package_identification:_identify(.) by extension 'colcon_meta'
[0.279s] Level 1:colcon.colcon_core.package_identification:_identify(.) by extensions ['ros']
[0.279s] Level 1:colcon.colcon_core.package_identification:_identify(.) by extension 'ros'
[0.294s] Level 1:colcon.colcon_core.package_identification:_identify(.) by extensions ['cmake', 'python']
[0.294s] Level 1:colcon.colcon_core.package_identification:_identify(.) by extension 'cmake'
[0.294s] Level 1:colcon.colcon_core.package_identification:_identify(.) by extension 'python'
[0.294s] Level 1:colcon.colcon_core.package_identification:_identify(.) by extensions ['python_setup_py']
[0.294s] Level 1:colcon.colcon_core.package_identification:_identify(.) by extension 'python_setup_py'
[0.294s] Level 1:colcon.colcon_core.package_identification:_identify(build) by extensions ['ignore', 'ignore_ament_install']
[0.294s] Level 1:colcon.colcon_core.package_identification:_identify(build) by extension 'ignore'
[0.294s] Level 1:colcon.colcon_core.package_identification:_identify(build) ignored
[0.295s] Level 1:colcon.colcon_core.package_identification:_identify(install) by extensions ['ignore', 'ignore_ament_install']
[0.295s] Level 1:colcon.colcon_core.package_identification:_identify(install) by extension 'ignore'
[0.295s] Level 1:colcon.colcon_core.package_identification:_identify(install) ignored
[0.295s] Level 1:colcon.colcon_core.package_identification:_identify(log) by extensions ['ignore', 'ignore_ament_install']
[0.295s] Level 1:colcon.colcon_core.package_identification:_identify(log) by extension 'ignore'
[0.295s] Level 1:colcon.colcon_core.package_identification:_identify(log) ignored
[0.295s] Level 1:colcon.colcon_core.package_identification:_identify(src) by extensions ['ignore', 'ignore_ament_install']
[0.295s] Level 1:colcon.colcon_core.package_identification:_identify(src) by extension 'ignore'
[0.295s] Level 1:colcon.colcon_core.package_identification:_identify(src) by extension 'ignore_ament_install'
[0.295s] Level 1:colcon.colcon_core.package_identification:_identify(src) by extensions ['colcon_pkg']
[0.295s] Level 1:colcon.colcon_core.package_identification:_identify(src) by extension 'colcon_pkg'
[0.295s] Level 1:colcon.colcon_core.package_identification:_identify(src) by extensions ['colcon_meta']
[0.295s] Level 1:colcon.colcon_core.package_identification:_identify(src) by extension 'colcon_meta'
[0.295s] Level 1:colcon.colcon_core.package_identification:_identify(src) by extensions ['ros']
[0.295s] Level 1:colcon.colcon_core.package_identification:_identify(src) by extension 'ros'
[0.295s] Level 1:colcon.colcon_core.package_identification:_identify(src) by extensions ['cmake', 'python']
[0.295s] Level 1:colcon.colcon_core.package_identification:_identify(src) by extension 'cmake'
[0.295s] Level 1:colcon.colcon_core.package_identification:_identify(src) by extension 'python'
[0.295s] Level 1:colcon.colcon_core.package_identification:_identify(src) by extensions ['python_setup_py']
[0.295s] Level 1:colcon.colcon_core.package_identification:_identify(src) by extension 'python_setup_py'
[0.295s] Level 1:colcon.colcon_core.package_identification:_identify(src/custom_msgs) by extensions ['ignore', 'ignore_ament_install']
[0.295s] Level 1:colcon.colcon_core.package_identification:_identify(src/custom_msgs) by extension 'ignore'
[0.296s] Level 1:colcon.colcon_core.package_identification:_identify(src/custom_msgs) by extension 'ignore_ament_install'
[0.296s] Level 1:colcon.colcon_core.package_identification:_identify(src/custom_msgs) by extensions ['colcon_pkg']
[0.296s] Level 1:colcon.colcon_core.package_identification:_identify(src/custom_msgs) by extension 'colcon_pkg'
[0.296s] Level 1:colcon.colcon_core.package_identification:_identify(src/custom_msgs) by extensions ['colcon_meta']
[0.296s] Level 1:colcon.colcon_core.package_identification:_identify(src/custom_msgs) by extension 'colcon_meta'
[0.296s] Level 1:colcon.colcon_core.package_identification:_identify(src/custom_msgs) by extensions ['ros']
[0.296s] Level 1:colcon.colcon_core.package_identification:_identify(src/custom_msgs) by extension 'ros'
[0.298s] DEBUG:colcon.colcon_core.package_identification:Package 'src/custom_msgs' with type 'ros.ament_cmake' and name 'custom_msgs'
[0.298s] Level 1:colcon.colcon_core.package_identification:_identify(src/data_pkg) by extensions ['ignore', 'ignore_ament_install']
[0.298s] Level 1:colcon.colcon_core.package_identification:_identify(src/data_pkg) by extension 'ignore'
[0.298s] Level 1:colcon.colcon_core.package_identification:_identify(src/data_pkg) by extension 'ignore_ament_install'
[0.298s] Level 1:colcon.colcon_core.package_identification:_identify(src/data_pkg) by extensions ['colcon_pkg']
[0.298s] Level 1:colcon.colcon_core.package_identification:_identify(src/data_pkg) by extension 'colcon_pkg'
[0.298s] Level 1:colcon.colcon_core.package_identification:_identify(src/data_pkg) by extensions ['colcon_meta']
[0.298s] Level 1:colcon.colcon_core.package_identification:_identify(src/data_pkg) by extension 'colcon_meta'
[0.298s] Level 1:colcon.colcon_core.package_identification:_identify(src/data_pkg) by extensions ['ros']
[0.298s] Level 1:colcon.colcon_core.package_identification:_identify(src/data_pkg) by extension 'ros'
[0.299s] DEBUG:colcon.colcon_core.package_identification:Package 'src/data_pkg' with type 'ros.ament_cmake' and name 'data_pkg'
[0.299s] Level 1:colcon.colcon_core.package_identification:_identify(src/tracking_algorithm) by extensions ['ignore', 'ignore_ament_install']
[0.299s] Level 1:colcon.colcon_core.package_identification:_identify(src/tracking_algorithm) by extension 'ignore'
[0.299s] Level 1:colcon.colcon_core.package_identification:_identify(src/tracking_algorithm) by extension 'ignore_ament_install'
[0.299s] Level 1:colcon.colcon_core.package_identification:_identify(src/tracking_algorithm) by extensions ['colcon_pkg']
[0.299s] Level 1:colcon.colcon_core.package_identification:_identify(src/tracking_algorithm) by extension 'colcon_pkg'
[0.299s] Level 1:colcon.colcon_core.package_identification:_identify(src/tracking_algorithm) by extensions ['colcon_meta']
[0.299s] Level 1:colcon.colcon_core.package_identification:_identify(src/tracking_algorithm) by extension 'colcon_meta'
[0.299s] Level 1:colcon.colcon_core.package_identification:_identify(src/tracking_algorithm) by extensions ['ros']
[0.299s] Level 1:colcon.colcon_core.package_identification:_identify(src/tracking_algorithm) by extension 'ros'
[0.300s] DEBUG:colcon.colcon_core.package_identification:Package 'src/tracking_algorithm' with type 'ros.ament_cmake' and name 'tracking_algorithm'
[0.300s] Level 1:colcon.colcon_core.package_discovery:discover_packages(recursive) using defaults
[0.300s] Level 1:colcon.colcon_core.package_discovery:discover_packages(ignore) discover
[0.300s] Level 1:colcon.colcon_core.package_discovery:discover_packages(ignore) using defaults
[0.300s] Level 1:colcon.colcon_core.package_discovery:discover_packages(path) discover
[0.300s] Level 1:colcon.colcon_core.package_discovery:discover_packages(path) using defaults
[0.315s] Level 1:colcon.colcon_core.package_discovery:discover_packages(prefix_path) check parameters
[0.315s] Level 1:colcon.colcon_core.package_discovery:discover_packages(prefix_path) discover
[0.317s] DEBUG:colcon.colcon_installed_package_information.package_discovery:Found 3 installed packages in /home/bev/bev_ws/install
[0.319s] DEBUG:colcon.colcon_installed_package_information.package_discovery:Found 257 installed packages in /opt/ros/foxy
[0.320s] Level 1:colcon.colcon_core.package_discovery:discover_packages(prefix_path) using defaults
[0.368s] Level 5:colcon.colcon_core.verb:set package 'custom_msgs' build argument 'cmake_args' from command line to 'None'
[0.368s] Level 5:colcon.colcon_core.verb:set package 'custom_msgs' build argument 'cmake_target' from command line to 'None'
[0.368s] Level 5:colcon.colcon_core.verb:set package 'custom_msgs' build argument 'cmake_target_skip_unavailable' from command line to 'False'
[0.368s] Level 5:colcon.colcon_core.verb:set package 'custom_msgs' build argument 'cmake_clean_cache' from command line to 'False'
[0.368s] Level 5:colcon.colcon_core.verb:set package 'custom_msgs' build argument 'cmake_clean_first' from command line to 'False'
[0.369s] Level 5:colcon.colcon_core.verb:set package 'custom_msgs' build argument 'cmake_force_configure' from command line to 'False'
[0.369s] Level 5:colcon.colcon_core.verb:set package 'custom_msgs' build argument 'ament_cmake_args' from command line to 'None'
[0.369s] Level 5:colcon.colcon_core.verb:set package 'custom_msgs' build argument 'catkin_cmake_args' from command line to 'None'
[0.369s] Level 5:colcon.colcon_core.verb:set package 'custom_msgs' build argument 'catkin_skip_building_tests' from command line to 'False'
[0.369s] DEBUG:colcon.colcon_core.verb:Building package 'custom_msgs' with the following arguments: {'ament_cmake_args': None, 'build_base': '/home/bev/bev_ws/build/custom_msgs', 'catkin_cmake_args': None, 'catkin_skip_building_tests': False, 'cmake_args': None, 'cmake_clean_cache': False, 'cmake_clean_first': False, 'cmake_force_configure': False, 'cmake_target': None, 'cmake_target_skip_unavailable': False, 'install_base': '/home/bev/bev_ws/install/custom_msgs', 'merge_install': False, 'path': '/home/bev/bev_ws/src/custom_msgs', 'symlink_install': False, 'test_result_base': None}
[0.369s] Level 5:colcon.colcon_core.verb:set package 'data_pkg' build argument 'cmake_args' from command line to 'None'
[0.370s] Level 5:colcon.colcon_core.verb:set package 'data_pkg' build argument 'cmake_target' from command line to 'None'
[0.370s] Level 5:colcon.colcon_core.verb:set package 'data_pkg' build argument 'cmake_target_skip_unavailable' from command line to 'False'
[0.370s] Level 5:colcon.colcon_core.verb:set package 'data_pkg' build argument 'cmake_clean_cache' from command line to 'False'
[0.370s] Level 5:colcon.colcon_core.verb:set package 'data_pkg' build argument 'cmake_clean_first' from command line to 'False'
[0.370s] Level 5:colcon.colcon_core.verb:set package 'data_pkg' build argument 'cmake_force_configure' from command line to 'False'
[0.370s] Level 5:colcon.colcon_core.verb:set package 'data_pkg' build argument 'ament_cmake_args' from command line to 'None'
[0.370s] Level 5:colcon.colcon_core.verb:set package 'data_pkg' build argument 'catkin_cmake_args' from command line to 'None'
[0.370s] Level 5:colcon.colcon_core.verb:set package 'data_pkg' build argument 'catkin_skip_building_tests' from command line to 'False'
[0.370s] DEBUG:colcon.colcon_core.verb:Building package 'data_pkg' with the following arguments: {'ament_cmake_args': None, 'build_base': '/home/bev/bev_ws/build/data_pkg', 'catkin_cmake_args': None, 'catkin_skip_building_tests': False, 'cmake_args': None, 'cmake_clean_cache': False, 'cmake_clean_first': False, 'cmake_force_configure': False, 'cmake_target': None, 'cmake_target_skip_unavailable': False, 'install_base': '/home/bev/bev_ws/install/data_pkg', 'merge_install': False, 'path': '/home/bev/bev_ws/src/data_pkg', 'symlink_install': False, 'test_result_base': None}
[0.370s] Level 5:colcon.colcon_core.verb:set package 'tracking_algorithm' build argument 'cmake_args' from command line to 'None'
[0.370s] Level 5:colcon.colcon_core.verb:set package 'tracking_algorithm' build argument 'cmake_target' from command line to 'None'
[0.370s] Level 5:colcon.colcon_core.verb:set package 'tracking_algorithm' build argument 'cmake_target_skip_unavailable' from command line to 'False'
[0.370s] Level 5:colcon.colcon_core.verb:set package 'tracking_algorithm' build argument 'cmake_clean_cache' from command line to 'False'
[0.370s] Level 5:colcon.colcon_core.verb:set package 'tracking_algorithm' build argument 'cmake_clean_first' from command line to 'False'
[0.371s] Level 5:colcon.colcon_core.verb:set package 'tracking_algorithm' build argument 'cmake_force_configure' from command line to 'False'
[0.371s] Level 5:colcon.colcon_core.verb:set package 'tracking_algorithm' build argument 'ament_cmake_args' from command line to 'None'
[0.371s] Level 5:colcon.colcon_core.verb:set package 'tracking_algorithm' build argument 'catkin_cmake_args' from command line to 'None'
[0.371s] Level 5:colcon.colcon_core.verb:set package 'tracking_algorithm' build argument 'catkin_skip_building_tests' from command line to 'False'
[0.371s] DEBUG:colcon.colcon_core.verb:Building package 'tracking_algorithm' with the following arguments: {'ament_cmake_args': None, 'build_base': '/home/bev/bev_ws/build/tracking_algorithm', 'catkin_cmake_args': None, 'catkin_skip_building_tests': False, 'cmake_args': None, 'cmake_clean_cache': False, 'cmake_clean_first': False, 'cmake_force_configure': False, 'cmake_target': None, 'cmake_target_skip_unavailable': False, 'install_base': '/home/bev/bev_ws/install/tracking_algorithm', 'merge_install': False, 'path': '/home/bev/bev_ws/src/tracking_algorithm', 'symlink_install': False, 'test_result_base': None}
[0.371s] INFO:colcon.colcon_core.executor:Executing jobs using 'parallel' executor
[0.374s] DEBUG:colcon.colcon_parallel_executor.executor.parallel:run_until_complete
[0.374s] INFO:colcon.colcon_ros.task.ament_cmake.build:Building ROS package in '/home/bev/bev_ws/src/custom_msgs' with build type 'ament_cmake'
[0.374s] INFO:colcon.colcon_cmake.task.cmake.build:Building CMake package in '/home/bev/bev_ws/src/custom_msgs'
[0.378s] INFO:colcon.colcon_core.plugin_system:Skipping extension 'colcon_core.shell.bat': Not used on non-Windows systems
[0.378s] INFO:colcon.colcon_core.shell:Skip shell extension 'powershell' for command environment: Not usable outside of PowerShell
[0.378s] DEBUG:colcon.colcon_core.shell:Skip shell extension 'dsv' for command environment
[0.394s] DEBUG:colcon.colcon_core.event_handler.log_command:Invoking command in '/home/bev/bev_ws/build/custom_msgs': CMAKE_PREFIX_PATH=${CMAKE_PREFIX_PATH}:/opt/ros/foxy /usr/bin/cmake --build /home/bev/bev_ws/build/custom_msgs -- -j28 -l28
[0.849s] DEBUG:colcon.colcon_core.event_handler.log_command:Invoked command in '/home/bev/bev_ws/build/custom_msgs' returned '0': CMAKE_PREFIX_PATH=${CMAKE_PREFIX_PATH}:/opt/ros/foxy /usr/bin/cmake --build /home/bev/bev_ws/build/custom_msgs -- -j28 -l28
[1.079s] DEBUG:colcon.colcon_core.event_handler.log_command:Invoking command in '/home/bev/bev_ws/build/custom_msgs': CMAKE_PREFIX_PATH=${CMAKE_PREFIX_PATH}:/opt/ros/foxy /usr/bin/cmake --install /home/bev/bev_ws/build/custom_msgs
[1.178s] Level 1:colcon.colcon_core.environment:create_environment_scripts_only(custom_msgs)
[1.180s] DEBUG:colcon.colcon_core.event_handler.log_command:Invoked command in '/home/bev/bev_ws/build/custom_msgs' returned '0': CMAKE_PREFIX_PATH=${CMAKE_PREFIX_PATH}:/opt/ros/foxy /usr/bin/cmake --install /home/bev/bev_ws/build/custom_msgs
[1.191s] Level 1:colcon.colcon_core.environment:checking '/home/bev/bev_ws/install/custom_msgs' for CMake module files
[1.193s] Level 1:colcon.colcon_core.environment:checking '/home/bev/bev_ws/install/custom_msgs' for CMake config files
[1.194s] Level 1:colcon.colcon_core.shell:create_environment_hook('custom_msgs', 'cmake_prefix_path')
[1.197s] INFO:colcon.colcon_core.shell:Creating environment hook '/home/bev/bev_ws/install/custom_msgs/share/custom_msgs/hook/cmake_prefix_path.ps1'
[1.198s] INFO:colcon.colcon_core.shell:Creating environment descriptor '/home/bev/bev_ws/install/custom_msgs/share/custom_msgs/hook/cmake_prefix_path.dsv'
[1.199s] INFO:colcon.colcon_core.shell:Creating environment hook '/home/bev/bev_ws/install/custom_msgs/share/custom_msgs/hook/cmake_prefix_path.sh'
[1.200s] Level 1:colcon.colcon_core.environment:checking '/home/bev/bev_ws/install/custom_msgs/lib'
[1.200s] Level 1:colcon.colcon_core.shell:create_environment_hook('custom_msgs', 'ld_library_path_lib')
[1.202s] INFO:colcon.colcon_core.shell:Creating environment hook '/home/bev/bev_ws/install/custom_msgs/share/custom_msgs/hook/ld_library_path_lib.ps1'
[1.203s] INFO:colcon.colcon_core.shell:Creating environment descriptor '/home/bev/bev_ws/install/custom_msgs/share/custom_msgs/hook/ld_library_path_lib.dsv'
[1.203s] INFO:colcon.colcon_core.shell:Creating environment hook '/home/bev/bev_ws/install/custom_msgs/share/custom_msgs/hook/ld_library_path_lib.sh'
[1.204s] Level 1:colcon.colcon_core.environment:checking '/home/bev/bev_ws/install/custom_msgs/bin'
[1.204s] Level 1:colcon.colcon_core.environment:checking '/home/bev/bev_ws/install/custom_msgs/lib/pkgconfig/custom_msgs.pc'
[1.204s] Level 1:colcon.colcon_core.environment:checking '/home/bev/bev_ws/install/custom_msgs/lib/python3.8/site-packages'
[1.204s] Level 1:colcon.colcon_core.shell:create_environment_hook('custom_msgs', 'pythonpath')
[1.206s] INFO:colcon.colcon_core.shell:Creating environment hook '/home/bev/bev_ws/install/custom_msgs/share/custom_msgs/hook/pythonpath.ps1'
[1.207s] INFO:colcon.colcon_core.shell:Creating environment descriptor '/home/bev/bev_ws/install/custom_msgs/share/custom_msgs/hook/pythonpath.dsv'
[1.207s] INFO:colcon.colcon_core.shell:Creating environment hook '/home/bev/bev_ws/install/custom_msgs/share/custom_msgs/hook/pythonpath.sh'
[1.207s] Level 1:colcon.colcon_core.environment:checking '/home/bev/bev_ws/install/custom_msgs/bin'
[1.209s] INFO:colcon.colcon_core.shell:Creating package script '/home/bev/bev_ws/install/custom_msgs/share/custom_msgs/package.ps1'
[1.210s] INFO:colcon.colcon_core.shell:Creating package descriptor '/home/bev/bev_ws/install/custom_msgs/share/custom_msgs/package.dsv'
[1.210s] INFO:colcon.colcon_core.shell:Creating package script '/home/bev/bev_ws/install/custom_msgs/share/custom_msgs/package.sh'
[1.211s] INFO:colcon.colcon_core.shell:Creating package script '/home/bev/bev_ws/install/custom_msgs/share/custom_msgs/package.bash'
[1.212s] INFO:colcon.colcon_core.shell:Creating package script '/home/bev/bev_ws/install/custom_msgs/share/custom_msgs/package.zsh'
[1.213s] Level 1:colcon.colcon_core.environment:create_file_with_runtime_dependencies(/home/bev/bev_ws/install/custom_msgs/share/colcon-core/packages/custom_msgs)
[1.414s] Level 1:colcon.colcon_core.environment:create_environment_scripts_only(custom_msgs)
[1.419s] Level 1:colcon.colcon_core.environment:checking '/home/bev/bev_ws/install/custom_msgs' for CMake module files
[1.420s] Level 1:colcon.colcon_core.environment:checking '/home/bev/bev_ws/install/custom_msgs' for CMake config files
[1.421s] Level 1:colcon.colcon_core.shell:create_environment_hook('custom_msgs', 'cmake_prefix_path')
[1.423s] INFO:colcon.colcon_core.shell:Creating environment hook '/home/bev/bev_ws/install/custom_msgs/share/custom_msgs/hook/cmake_prefix_path.ps1'
[1.424s] INFO:colcon.colcon_core.shell:Creating environment descriptor '/home/bev/bev_ws/install/custom_msgs/share/custom_msgs/hook/cmake_prefix_path.dsv'
[1.425s] INFO:colcon.colcon_core.shell:Creating environment hook '/home/bev/bev_ws/install/custom_msgs/share/custom_msgs/hook/cmake_prefix_path.sh'
[1.426s] Level 1:colcon.colcon_core.environment:checking '/home/bev/bev_ws/install/custom_msgs/lib'
[1.426s] Level 1:colcon.colcon_core.shell:create_environment_hook('custom_msgs', 'ld_library_path_lib')
[1.428s] INFO:colcon.colcon_core.shell:Creating environment hook '/home/bev/bev_ws/install/custom_msgs/share/custom_msgs/hook/ld_library_path_lib.ps1'
[1.429s] INFO:colcon.colcon_core.shell:Creating environment descriptor '/home/bev/bev_ws/install/custom_msgs/share/custom_msgs/hook/ld_library_path_lib.dsv'
[1.429s] INFO:colcon.colcon_core.shell:Creating environment hook '/home/bev/bev_ws/install/custom_msgs/share/custom_msgs/hook/ld_library_path_lib.sh'
[1.430s] Level 1:colcon.colcon_core.environment:checking '/home/bev/bev_ws/install/custom_msgs/bin'
[1.430s] Level 1:colcon.colcon_core.environment:checking '/home/bev/bev_ws/install/custom_msgs/lib/pkgconfig/custom_msgs.pc'
[1.430s] Level 1:colcon.colcon_core.environment:checking '/home/bev/bev_ws/install/custom_msgs/lib/python3.8/site-packages'
[1.430s] Level 1:colcon.colcon_core.shell:create_environment_hook('custom_msgs', 'pythonpath')
[1.432s] INFO:colcon.colcon_core.shell:Creating environment hook '/home/bev/bev_ws/install/custom_msgs/share/custom_msgs/hook/pythonpath.ps1'
[1.433s] INFO:colcon.colcon_core.shell:Creating environment descriptor '/home/bev/bev_ws/install/custom_msgs/share/custom_msgs/hook/pythonpath.dsv'
[1.433s] INFO:colcon.colcon_core.shell:Creating environment hook '/home/bev/bev_ws/install/custom_msgs/share/custom_msgs/hook/pythonpath.sh'
[1.434s] Level 1:colcon.colcon_core.environment:checking '/home/bev/bev_ws/install/custom_msgs/bin'
[1.435s] INFO:colcon.colcon_core.shell:Creating package script '/home/bev/bev_ws/install/custom_msgs/share/custom_msgs/package.ps1'
[1.436s] INFO:colcon.colcon_core.shell:Creating package descriptor '/home/bev/bev_ws/install/custom_msgs/share/custom_msgs/package.dsv'
[1.437s] INFO:colcon.colcon_core.shell:Creating package script '/home/bev/bev_ws/install/custom_msgs/share/custom_msgs/package.sh'
[1.437s] INFO:colcon.colcon_core.shell:Creating package script '/home/bev/bev_ws/install/custom_msgs/share/custom_msgs/package.bash'
[1.438s] INFO:colcon.colcon_core.shell:Creating package script '/home/bev/bev_ws/install/custom_msgs/share/custom_msgs/package.zsh'
[1.438s] Level 1:colcon.colcon_core.environment:create_file_with_runtime_dependencies(/home/bev/bev_ws/install/custom_msgs/share/colcon-core/packages/custom_msgs)
[1.439s] INFO:colcon.colcon_ros.task.ament_cmake.build:Building ROS package in '/home/bev/bev_ws/src/data_pkg' with build type 'ament_cmake'
[1.439s] INFO:colcon.colcon_cmake.task.cmake.build:Building CMake package in '/home/bev/bev_ws/src/data_pkg'
[1.441s] INFO:colcon.colcon_core.shell:Skip shell extension 'powershell' for command environment: Not usable outside of PowerShell
[1.441s] DEBUG:colcon.colcon_core.shell:Skip shell extension 'dsv' for command environment
[1.449s] INFO:colcon.colcon_ros.task.ament_cmake.build:Building ROS package in '/home/bev/bev_ws/src/tracking_algorithm' with build type 'ament_cmake'
[1.449s] INFO:colcon.colcon_cmake.task.cmake.build:Building CMake package in '/home/bev/bev_ws/src/tracking_algorithm'
[1.450s] INFO:colcon.colcon_core.shell:Skip shell extension 'powershell' for command environment: Not usable outside of PowerShell
[1.451s] DEBUG:colcon.colcon_core.shell:Skip shell extension 'dsv' for command environment
[1.472s] DEBUG:colcon.colcon_core.event_handler.log_command:Invoking command in '/home/bev/bev_ws/build/data_pkg': CMAKE_PREFIX_PATH=/home/bev/bev_ws/install/custom_msgs:/home/bev/bev_ws/install/tracking_algorithm:/home/bev/bev_ws/install/data_pkg:/opt/ros/foxy LD_LIBRARY_PATH=/home/bev/bev_ws/install/custom_msgs/lib:/opt/ros/foxy/opt/yaml_cpp_vendor/lib:/opt/ros/foxy/opt/rviz_ogre_vendor/lib:/opt/ros/foxy/lib/x86_64-linux-gnu:/opt/ros/foxy/lib:/usr/local/cuda-11.3/lib64:/home/bev/TensorRT-8.6.1.6/lib /usr/bin/cmake --build /home/bev/bev_ws/build/data_pkg -- -j28 -l28
[1.479s] DEBUG:colcon.colcon_core.event_handler.log_command:Invoking command in '/home/bev/bev_ws/build/tracking_algorithm': CMAKE_PREFIX_PATH=/home/bev/bev_ws/install/custom_msgs:/home/bev/bev_ws/install/tracking_algorithm:/home/bev/bev_ws/install/data_pkg:/opt/ros/foxy LD_LIBRARY_PATH=/home/bev/bev_ws/install/custom_msgs/lib:/opt/ros/foxy/opt/yaml_cpp_vendor/lib:/opt/ros/foxy/opt/rviz_ogre_vendor/lib:/opt/ros/foxy/lib/x86_64-linux-gnu:/opt/ros/foxy/lib:/usr/local/cuda-11.3/lib64:/home/bev/TensorRT-8.6.1.6/lib /usr/bin/cmake --build /home/bev/bev_ws/build/tracking_algorithm -- -j28 -l28
[1.639s] DEBUG:colcon.colcon_core.event_handler.log_command:Invoked command in '/home/bev/bev_ws/build/tracking_algorithm' returned '0': CMAKE_PREFIX_PATH=/home/bev/bev_ws/install/custom_msgs:/home/bev/bev_ws/install/tracking_algorithm:/home/bev/bev_ws/install/data_pkg:/opt/ros/foxy LD_LIBRARY_PATH=/home/bev/bev_ws/install/custom_msgs/lib:/opt/ros/foxy/opt/yaml_cpp_vendor/lib:/opt/ros/foxy/opt/rviz_ogre_vendor/lib:/opt/ros/foxy/lib/x86_64-linux-gnu:/opt/ros/foxy/lib:/usr/local/cuda-11.3/lib64:/home/bev/TensorRT-8.6.1.6/lib /usr/bin/cmake --build /home/bev/bev_ws/build/tracking_algorithm -- -j28 -l28
[1.720s] DEBUG:colcon.colcon_core.event_handler.log_command:Invoking command in '/home/bev/bev_ws/build/tracking_algorithm': CMAKE_PREFIX_PATH=/home/bev/bev_ws/install/custom_msgs:/home/bev/bev_ws/install/tracking_algorithm:/home/bev/bev_ws/install/data_pkg:/opt/ros/foxy LD_LIBRARY_PATH=/home/bev/bev_ws/install/custom_msgs/lib:/opt/ros/foxy/opt/yaml_cpp_vendor/lib:/opt/ros/foxy/opt/rviz_ogre_vendor/lib:/opt/ros/foxy/lib/x86_64-linux-gnu:/opt/ros/foxy/lib:/usr/local/cuda-11.3/lib64:/home/bev/TensorRT-8.6.1.6/lib /usr/bin/cmake --install /home/bev/bev_ws/build/tracking_algorithm
[1.742s] Level 1:colcon.colcon_core.environment:create_environment_scripts_only(tracking_algorithm)
[1.748s] Level 1:colcon.colcon_core.environment:checking '/home/bev/bev_ws/install/tracking_algorithm' for CMake module files
[1.749s] DEBUG:colcon.colcon_core.event_handler.log_command:Invoked command in '/home/bev/bev_ws/build/tracking_algorithm' returned '0': CMAKE_PREFIX_PATH=/home/bev/bev_ws/install/custom_msgs:/home/bev/bev_ws/install/tracking_algorithm:/home/bev/bev_ws/install/data_pkg:/opt/ros/foxy LD_LIBRARY_PATH=/home/bev/bev_ws/install/custom_msgs/lib:/opt/ros/foxy/opt/yaml_cpp_vendor/lib:/opt/ros/foxy/opt/rviz_ogre_vendor/lib:/opt/ros/foxy/lib/x86_64-linux-gnu:/opt/ros/foxy/lib:/usr/local/cuda-11.3/lib64:/home/bev/TensorRT-8.6.1.6/lib /usr/bin/cmake --install /home/bev/bev_ws/build/tracking_algorithm
[1.750s] Level 1:colcon.colcon_core.environment:checking '/home/bev/bev_ws/install/tracking_algorithm' for CMake config files
[1.750s] Level 1:colcon.colcon_core.shell:create_environment_hook('tracking_algorithm', 'cmake_prefix_path')
[1.754s] INFO:colcon.colcon_core.shell:Creating environment hook '/home/bev/bev_ws/install/tracking_algorithm/share/tracking_algorithm/hook/cmake_prefix_path.ps1'
[1.755s] INFO:colcon.colcon_core.shell:Creating environment descriptor '/home/bev/bev_ws/install/tracking_algorithm/share/tracking_algorithm/hook/cmake_prefix_path.dsv'
[1.756s] INFO:colcon.colcon_core.shell:Creating environment hook '/home/bev/bev_ws/install/tracking_algorithm/share/tracking_algorithm/hook/cmake_prefix_path.sh'
[1.757s] Level 1:colcon.colcon_core.environment:checking '/home/bev/bev_ws/install/tracking_algorithm/lib'
[1.758s] Level 1:colcon.colcon_core.environment:checking '/home/bev/bev_ws/install/tracking_algorithm/bin'
[1.758s] Level 1:colcon.colcon_core.environment:checking '/home/bev/bev_ws/install/tracking_algorithm/lib/pkgconfig/tracking_algorithm.pc'
[1.758s] Level 1:colcon.colcon_core.environment:checking '/home/bev/bev_ws/install/tracking_algorithm/lib/python3.8/site-packages'
[1.758s] Level 1:colcon.colcon_core.environment:checking '/home/bev/bev_ws/install/tracking_algorithm/bin'
[1.762s] INFO:colcon.colcon_core.shell:Creating package script '/home/bev/bev_ws/install/tracking_algorithm/share/tracking_algorithm/package.ps1'
[1.763s] INFO:colcon.colcon_core.shell:Creating package descriptor '/home/bev/bev_ws/install/tracking_algorithm/share/tracking_algorithm/package.dsv'
[1.764s] INFO:colcon.colcon_core.shell:Creating package script '/home/bev/bev_ws/install/tracking_algorithm/share/tracking_algorithm/package.sh'
[1.765s] INFO:colcon.colcon_core.shell:Creating package script '/home/bev/bev_ws/install/tracking_algorithm/share/tracking_algorithm/package.bash'
[1.766s] INFO:colcon.colcon_core.shell:Creating package script '/home/bev/bev_ws/install/tracking_algorithm/share/tracking_algorithm/package.zsh'
[1.766s] Level 1:colcon.colcon_core.environment:create_file_with_runtime_dependencies(/home/bev/bev_ws/install/tracking_algorithm/share/colcon-core/packages/tracking_algorithm)
[1.850s] Level 1:colcon.colcon_core.environment:create_environment_scripts_only(tracking_algorithm)
[1.855s] Level 1:colcon.colcon_core.environment:checking '/home/bev/bev_ws/install/tracking_algorithm' for CMake module files
[1.856s] Level 1:colcon.colcon_core.environment:checking '/home/bev/bev_ws/install/tracking_algorithm' for CMake config files
[1.857s] Level 1:colcon.colcon_core.shell:create_environment_hook('tracking_algorithm', 'cmake_prefix_path')
[1.860s] INFO:colcon.colcon_core.shell:Creating environment hook '/home/bev/bev_ws/install/tracking_algorithm/share/tracking_algorithm/hook/cmake_prefix_path.ps1'
[1.861s] INFO:colcon.colcon_core.shell:Creating environment descriptor '/home/bev/bev_ws/install/tracking_algorithm/share/tracking_algorithm/hook/cmake_prefix_path.dsv'
[1.862s] INFO:colcon.colcon_core.shell:Creating environment hook '/home/bev/bev_ws/install/tracking_algorithm/share/tracking_algorithm/hook/cmake_prefix_path.sh'
[1.862s] Level 1:colcon.colcon_core.environment:checking '/home/bev/bev_ws/install/tracking_algorithm/lib'
[1.863s] Level 1:colcon.colcon_core.environment:checking '/home/bev/bev_ws/install/tracking_algorithm/bin'
[1.863s] Level 1:colcon.colcon_core.environment:checking '/home/bev/bev_ws/install/tracking_algorithm/lib/pkgconfig/tracking_algorithm.pc'
[1.863s] Level 1:colcon.colcon_core.environment:checking '/home/bev/bev_ws/install/tracking_algorithm/lib/python3.8/site-packages'
[1.863s] Level 1:colcon.colcon_core.environment:checking '/home/bev/bev_ws/install/tracking_algorithm/bin'
[1.866s] INFO:colcon.colcon_core.shell:Creating package script '/home/bev/bev_ws/install/tracking_algorithm/share/tracking_algorithm/package.ps1'
[1.866s] INFO:colcon.colcon_core.shell:Creating package descriptor '/home/bev/bev_ws/install/tracking_algorithm/share/tracking_algorithm/package.dsv'
[1.867s] INFO:colcon.colcon_core.shell:Creating package script '/home/bev/bev_ws/install/tracking_algorithm/share/tracking_algorithm/package.sh'
[1.867s] INFO:colcon.colcon_core.shell:Creating package script '/home/bev/bev_ws/install/tracking_algorithm/share/tracking_algorithm/package.bash'
[1.868s] INFO:colcon.colcon_core.shell:Creating package script '/home/bev/bev_ws/install/tracking_algorithm/share/tracking_algorithm/package.zsh'
[1.868s] Level 1:colcon.colcon_core.environment:create_file_with_runtime_dependencies(/home/bev/bev_ws/install/tracking_algorithm/share/colcon-core/packages/tracking_algorithm)
[5.953s] DEBUG:colcon.colcon_core.event_handler.log_command:Invoked command in '/home/bev/bev_ws/build/data_pkg' returned '0': CMAKE_PREFIX_PATH=/home/bev/bev_ws/install/custom_msgs:/home/bev/bev_ws/install/tracking_algorithm:/home/bev/bev_ws/install/data_pkg:/opt/ros/foxy LD_LIBRARY_PATH=/home/bev/bev_ws/install/custom_msgs/lib:/opt/ros/foxy/opt/yaml_cpp_vendor/lib:/opt/ros/foxy/opt/rviz_ogre_vendor/lib:/opt/ros/foxy/lib/x86_64-linux-gnu:/opt/ros/foxy/lib:/usr/local/cuda-11.3/lib64:/home/bev/TensorRT-8.6.1.6/lib /usr/bin/cmake --build /home/bev/bev_ws/build/data_pkg -- -j28 -l28
[6.011s] DEBUG:colcon.colcon_core.event_handler.log_command:Invoking command in '/home/bev/bev_ws/build/data_pkg': CMAKE_PREFIX_PATH=/home/bev/bev_ws/install/custom_msgs:/home/bev/bev_ws/install/tracking_algorithm:/home/bev/bev_ws/install/data_pkg:/opt/ros/foxy LD_LIBRARY_PATH=/home/bev/bev_ws/install/custom_msgs/lib:/opt/ros/foxy/opt/yaml_cpp_vendor/lib:/opt/ros/foxy/opt/rviz_ogre_vendor/lib:/opt/ros/foxy/lib/x86_64-linux-gnu:/opt/ros/foxy/lib:/usr/local/cuda-11.3/lib64:/home/bev/TensorRT-8.6.1.6/lib /usr/bin/cmake --install /home/bev/bev_ws/build/data_pkg
[6.037s] Level 1:colcon.colcon_core.environment:create_environment_scripts_only(data_pkg)
[6.043s] Level 1:colcon.colcon_core.environment:checking '/home/bev/bev_ws/install/data_pkg' for CMake module files
[6.044s] DEBUG:colcon.colcon_core.event_handler.log_command:Invoked command in '/home/bev/bev_ws/build/data_pkg' returned '0': CMAKE_PREFIX_PATH=/home/bev/bev_ws/install/custom_msgs:/home/bev/bev_ws/install/tracking_algorithm:/home/bev/bev_ws/install/data_pkg:/opt/ros/foxy LD_LIBRARY_PATH=/home/bev/bev_ws/install/custom_msgs/lib:/opt/ros/foxy/opt/yaml_cpp_vendor/lib:/opt/ros/foxy/opt/rviz_ogre_vendor/lib:/opt/ros/foxy/lib/x86_64-linux-gnu:/opt/ros/foxy/lib:/usr/local/cuda-11.3/lib64:/home/bev/TensorRT-8.6.1.6/lib /usr/bin/cmake --install /home/bev/bev_ws/build/data_pkg
[6.044s] Level 1:colcon.colcon_core.environment:checking '/home/bev/bev_ws/install/data_pkg' for CMake config files
[6.045s] Level 1:colcon.colcon_core.shell:create_environment_hook('data_pkg', 'cmake_prefix_path')
[6.048s] INFO:colcon.colcon_core.shell:Creating environment hook '/home/bev/bev_ws/install/data_pkg/share/data_pkg/hook/cmake_prefix_path.ps1'
[6.049s] INFO:colcon.colcon_core.shell:Creating environment descriptor '/home/bev/bev_ws/install/data_pkg/share/data_pkg/hook/cmake_prefix_path.dsv'
[6.050s] INFO:colcon.colcon_core.shell:Creating environment hook '/home/bev/bev_ws/install/data_pkg/share/data_pkg/hook/cmake_prefix_path.sh'
[6.051s] Level 1:colcon.colcon_core.environment:checking '/home/bev/bev_ws/install/data_pkg/lib'
[6.051s] Level 1:colcon.colcon_core.environment:checking '/home/bev/bev_ws/install/data_pkg/bin'
[6.051s] Level 1:colcon.colcon_core.environment:checking '/home/bev/bev_ws/install/data_pkg/lib/pkgconfig/data_pkg.pc'
[6.052s] Level 1:colcon.colcon_core.environment:checking '/home/bev/bev_ws/install/data_pkg/lib/python3.8/site-packages'
[6.052s] Level 1:colcon.colcon_core.environment:checking '/home/bev/bev_ws/install/data_pkg/bin'
[6.055s] INFO:colcon.colcon_core.shell:Creating package script '/home/bev/bev_ws/install/data_pkg/share/data_pkg/package.ps1'
[6.056s] INFO:colcon.colcon_core.shell:Creating package descriptor '/home/bev/bev_ws/install/data_pkg/share/data_pkg/package.dsv'
[6.057s] INFO:colcon.colcon_core.shell:Creating package script '/home/bev/bev_ws/install/data_pkg/share/data_pkg/package.sh'
[6.057s] INFO:colcon.colcon_core.shell:Creating package script '/home/bev/bev_ws/install/data_pkg/share/data_pkg/package.bash'
[6.058s] INFO:colcon.colcon_core.shell:Creating package script '/home/bev/bev_ws/install/data_pkg/share/data_pkg/package.zsh'
[6.059s] Level 1:colcon.colcon_core.environment:create_file_with_runtime_dependencies(/home/bev/bev_ws/install/data_pkg/share/colcon-core/packages/data_pkg)
[6.120s] Level 1:colcon.colcon_core.environment:create_environment_scripts_only(data_pkg)
[6.125s] Level 1:colcon.colcon_core.environment:checking '/home/bev/bev_ws/install/data_pkg' for CMake module files
[6.126s] Level 1:colcon.colcon_core.environment:checking '/home/bev/bev_ws/install/data_pkg' for CMake config files
[6.126s] Level 1:colcon.colcon_core.shell:create_environment_hook('data_pkg', 'cmake_prefix_path')
[6.130s] INFO:colcon.colcon_core.shell:Creating environment hook '/home/bev/bev_ws/install/data_pkg/share/data_pkg/hook/cmake_prefix_path.ps1'
[6.131s] INFO:colcon.colcon_core.shell:Creating environment descriptor '/home/bev/bev_ws/install/data_pkg/share/data_pkg/hook/cmake_prefix_path.dsv'
[6.132s] INFO:colcon.colcon_core.shell:Creating environment hook '/home/bev/bev_ws/install/data_pkg/share/data_pkg/hook/cmake_prefix_path.sh'
[6.133s] Level 1:colcon.colcon_core.environment:checking '/home/bev/bev_ws/install/data_pkg/lib'
[6.133s] Level 1:colcon.colcon_core.environment:checking '/home/bev/bev_ws/install/data_pkg/bin'
[6.133s] Level 1:colcon.colcon_core.environment:checking '/home/bev/bev_ws/install/data_pkg/lib/pkgconfig/data_pkg.pc'
[6.134s] Level 1:colcon.colcon_core.environment:checking '/home/bev/bev_ws/install/data_pkg/lib/python3.8/site-packages'
[6.134s] Level 1:colcon.colcon_core.environment:checking '/home/bev/bev_ws/install/data_pkg/bin'
[6.138s] INFO:colcon.colcon_core.shell:Creating package script '/home/bev/bev_ws/install/data_pkg/share/data_pkg/package.ps1'
[6.139s] INFO:colcon.colcon_core.shell:Creating package descriptor '/home/bev/bev_ws/install/data_pkg/share/data_pkg/package.dsv'
[6.140s] INFO:colcon.colcon_core.shell:Creating package script '/home/bev/bev_ws/install/data_pkg/share/data_pkg/package.sh'
[6.141s] INFO:colcon.colcon_core.shell:Creating package script '/home/bev/bev_ws/install/data_pkg/share/data_pkg/package.bash'
[6.142s] INFO:colcon.colcon_core.shell:Creating package script '/home/bev/bev_ws/install/data_pkg/share/data_pkg/package.zsh'
[6.142s] Level 1:colcon.colcon_core.environment:create_file_with_runtime_dependencies(/home/bev/bev_ws/install/data_pkg/share/colcon-core/packages/data_pkg)
[6.143s] DEBUG:colcon.colcon_parallel_executor.executor.parallel:closing loop
[6.144s] DEBUG:colcon.colcon_parallel_executor.executor.parallel:loop closed
[6.144s] DEBUG:colcon.colcon_parallel_executor.executor.parallel:run_until_complete finished with '0'
[6.145s] DEBUG:colcon.colcon_core.event_reactor:joining thread
[6.158s] INFO:colcon.colcon_core.plugin_system:Skipping extension 'colcon_notification.desktop_notification.terminal_notifier': Not used on non-Darwin systems
[6.158s] INFO:colcon.colcon_core.plugin_system:Skipping extension 'colcon_notification.desktop_notification.win32': Not used on non-Windows systems
[6.158s] INFO:colcon.colcon_notification.desktop_notification:Sending desktop notification using 'notify2'
[6.187s] DEBUG:colcon.colcon_core.event_reactor:joined thread
[6.191s] INFO:colcon.colcon_core.shell:Creating prefix script '/home/bev/bev_ws/install/local_setup.ps1'
[6.193s] INFO:colcon.colcon_core.shell:Creating prefix util module '/home/bev/bev_ws/install/_local_setup_util_ps1.py'
[6.196s] INFO:colcon.colcon_core.shell:Creating prefix chain script '/home/bev/bev_ws/install/setup.ps1'
[6.199s] INFO:colcon.colcon_core.shell:Creating prefix script '/home/bev/bev_ws/install/local_setup.sh'
[6.201s] INFO:colcon.colcon_core.shell:Creating prefix util module '/home/bev/bev_ws/install/_local_setup_util_sh.py'
[6.202s] INFO:colcon.colcon_core.shell:Creating prefix chain script '/home/bev/bev_ws/install/setup.sh'
[6.205s] INFO:colcon.colcon_core.shell:Creating prefix script '/home/bev/bev_ws/install/local_setup.bash'
[6.206s] INFO:colcon.colcon_core.shell:Creating prefix chain script '/home/bev/bev_ws/install/setup.bash'
[6.208s] INFO:colcon.colcon_core.shell:Creating prefix script '/home/bev/bev_ws/install/local_setup.zsh'
[6.208s] INFO:colcon.colcon_core.shell:Creating prefix chain script '/home/bev/bev_ws/install/setup.zsh'
