[0.034s] Invoking command in '/home/bev/bev_ws/build/risk_assessment': CMAKE_PREFIX_PATH=${CMAKE_PREFIX_PATH}:/home/bev/carla-ros-bridge/install/rqt_carla_control:/home/bev/carla-ros-bridge/install/carla_waypoint_publisher:/home/bev/carla-ros-bridge/install/carla_ackermann_control:/home/bev/carla-ros-bridge/install/carla_ros_bridge:/home/bev/carla-ros-bridge/install/carla_spawn_objects:/home/bev/carla-ros-bridge/install/carla_manual_control:/home/bev/carla-ros-bridge/install/carla_ad_agent:/home/bev/carla-ros-bridge/install/ros_compatibility:/home/bev/carla-ros-bridge/install/carla_walker_agent:/home/bev/carla-ros-bridge/install/carla_twist_to_control:/home/bev/carla-ros-bridge/install/carla_ros_scenario_runner:/home/bev/carla-ros-bridge/install/carla_common:/opt/ros/foxy /usr/bin/cmake /home/bev/bev_ws/src/risk_assessment -DCMAKE_INSTALL_PREFIX=/home/bev/bev_ws/install/risk_assessment
[0.058s] -- Found ament_cmake: 0.9.12 (/opt/ros/foxy/share/ament_cmake/cmake)
[0.106s] -- Using PYTHON_EXECUTABLE: /usr/bin/python3
[0.282s] -- Override CMake install command with custom implementation using symlinks instead of copying resources
[0.295s] -- Found rclcpp: 2.4.3 (/opt/ros/foxy/share/rclcpp/cmake)
[0.324s] -- Using all available rosidl_typesupport_c: rosidl_typesupport_fastrtps_c;rosidl_typesupport_introspection_c
[0.326s] -- Found rosidl_adapter: 1.3.1 (/opt/ros/foxy/share/rosidl_adapter/cmake)
[0.434s] -- Using all available rosidl_typesupport_cpp: rosidl_typesupport_fastrtps_cpp;rosidl_typesupport_introspection_cpp
[0.472s] -- Found rmw_implementation_cmake: 1.0.4 (/opt/ros/foxy/share/rmw_implementation_cmake/cmake)
[0.474s] -- Using RMW implementation 'rmw_fastrtps_cpp' as default
[0.590s] -- Found carla_msgs: 1.3.0 (/home/bev/carla-ros-bridge/install/carla_msgs/share/carla_msgs/cmake)
[0.734s] -- Found nav_msgs: 2.0.5 (/opt/ros/foxy/share/nav_msgs/cmake)
[0.792s] -- Found derived_object_msgs: 4.0.0 (/opt/ros/foxy/share/derived_object_msgs/cmake)
[0.955s] -- Found visualization_msgs: 2.0.5 (/opt/ros/foxy/share/visualization_msgs/cmake)
[1.016s] -- Found ament_lint_auto: 0.9.8 (/opt/ros/foxy/share/ament_lint_auto/cmake)
[1.133s] -- Added test 'copyright' to check source files copyright and LICENSE
[1.135s] -- Added test 'cppcheck' to perform static code analysis on C / C++ code
[1.135s] -- Configured cppcheck include dirs: /home/bev/bev_ws/src/risk_assessment/include
[1.136s] -- Configured cppcheck exclude dirs and/or files: 
[1.137s] -- Added test 'cpplint' to check C / C++ code against the Google style
[1.139s] -- Configured cpplint exclude dirs and/or files: 
[1.143s] -- Added test 'lint_cmake' to check CMake code style
[1.143s] -- Added test 'uncrustify' to check C / C++ code style
[1.143s] -- Configured uncrustify additional arguments: 
[1.143s] -- Added test 'xmllint' to check XML markup files
[1.143s] -- Configuring done
[1.156s] -- Generating done
[1.158s] -- Build files have been written to: /home/bev/bev_ws/build/risk_assessment
[1.167s] Invoked command in '/home/bev/bev_ws/build/risk_assessment' returned '0': CMAKE_PREFIX_PATH=${CMAKE_PREFIX_PATH}:/home/bev/carla-ros-bridge/install/rqt_carla_control:/home/bev/carla-ros-bridge/install/carla_waypoint_publisher:/home/bev/carla-ros-bridge/install/carla_ackermann_control:/home/bev/carla-ros-bridge/install/carla_ros_bridge:/home/bev/carla-ros-bridge/install/carla_spawn_objects:/home/bev/carla-ros-bridge/install/carla_manual_control:/home/bev/carla-ros-bridge/install/carla_ad_agent:/home/bev/carla-ros-bridge/install/ros_compatibility:/home/bev/carla-ros-bridge/install/carla_walker_agent:/home/bev/carla-ros-bridge/install/carla_twist_to_control:/home/bev/carla-ros-bridge/install/carla_ros_scenario_runner:/home/bev/carla-ros-bridge/install/carla_common:/opt/ros/foxy /usr/bin/cmake /home/bev/bev_ws/src/risk_assessment -DCMAKE_INSTALL_PREFIX=/home/bev/bev_ws/install/risk_assessment
[1.172s] Invoking command in '/home/bev/bev_ws/build/risk_assessment': CMAKE_PREFIX_PATH=${CMAKE_PREFIX_PATH}:/home/bev/carla-ros-bridge/install/rqt_carla_control:/home/bev/carla-ros-bridge/install/carla_waypoint_publisher:/home/bev/carla-ros-bridge/install/carla_ackermann_control:/home/bev/carla-ros-bridge/install/carla_ros_bridge:/home/bev/carla-ros-bridge/install/carla_spawn_objects:/home/bev/carla-ros-bridge/install/carla_manual_control:/home/bev/carla-ros-bridge/install/carla_ad_agent:/home/bev/carla-ros-bridge/install/ros_compatibility:/home/bev/carla-ros-bridge/install/carla_walker_agent:/home/bev/carla-ros-bridge/install/carla_twist_to_control:/home/bev/carla-ros-bridge/install/carla_ros_scenario_runner:/home/bev/carla-ros-bridge/install/carla_common:/opt/ros/foxy /usr/bin/cmake --build /home/bev/bev_ws/build/risk_assessment -- -j28 -l28
[1.311s] [100%] Built target risk_assessment
[1.327s] Invoked command in '/home/bev/bev_ws/build/risk_assessment' returned '0': CMAKE_PREFIX_PATH=${CMAKE_PREFIX_PATH}:/home/bev/carla-ros-bridge/install/rqt_carla_control:/home/bev/carla-ros-bridge/install/carla_waypoint_publisher:/home/bev/carla-ros-bridge/install/carla_ackermann_control:/home/bev/carla-ros-bridge/install/carla_ros_bridge:/home/bev/carla-ros-bridge/install/carla_spawn_objects:/home/bev/carla-ros-bridge/install/carla_manual_control:/home/bev/carla-ros-bridge/install/carla_ad_agent:/home/bev/carla-ros-bridge/install/ros_compatibility:/home/bev/carla-ros-bridge/install/carla_walker_agent:/home/bev/carla-ros-bridge/install/carla_twist_to_control:/home/bev/carla-ros-bridge/install/carla_ros_scenario_runner:/home/bev/carla-ros-bridge/install/carla_common:/opt/ros/foxy /usr/bin/cmake --build /home/bev/bev_ws/build/risk_assessment -- -j28 -l28
[1.383s] Invoking command in '/home/bev/bev_ws/build/risk_assessment': CMAKE_PREFIX_PATH=${CMAKE_PREFIX_PATH}:/home/bev/carla-ros-bridge/install/rqt_carla_control:/home/bev/carla-ros-bridge/install/carla_waypoint_publisher:/home/bev/carla-ros-bridge/install/carla_ackermann_control:/home/bev/carla-ros-bridge/install/carla_ros_bridge:/home/bev/carla-ros-bridge/install/carla_spawn_objects:/home/bev/carla-ros-bridge/install/carla_manual_control:/home/bev/carla-ros-bridge/install/carla_ad_agent:/home/bev/carla-ros-bridge/install/ros_compatibility:/home/bev/carla-ros-bridge/install/carla_walker_agent:/home/bev/carla-ros-bridge/install/carla_twist_to_control:/home/bev/carla-ros-bridge/install/carla_ros_scenario_runner:/home/bev/carla-ros-bridge/install/carla_common:/opt/ros/foxy /usr/bin/cmake --install /home/bev/bev_ws/build/risk_assessment
[1.402s] -- Install configuration: ""
[1.402s] -- Execute custom install script
[1.403s] -- Up-to-date symlink: /home/bev/bev_ws/install/risk_assessment/lib/risk_assessment/risk_assessment
[1.403s] -- Up-to-date symlink: /home/bev/bev_ws/install/risk_assessment/share/ament_index/resource_index/package_run_dependencies/risk_assessment
[1.404s] -- Up-to-date symlink: /home/bev/bev_ws/install/risk_assessment/share/ament_index/resource_index/parent_prefix_path/risk_assessment
[1.404s] -- Up-to-date symlink: /home/bev/bev_ws/install/risk_assessment/share/risk_assessment/environment/ament_prefix_path.sh
[1.404s] -- Up-to-date symlink: /home/bev/bev_ws/install/risk_assessment/share/risk_assessment/environment/ament_prefix_path.dsv
[1.405s] -- Up-to-date symlink: /home/bev/bev_ws/install/risk_assessment/share/risk_assessment/environment/path.sh
[1.405s] -- Up-to-date symlink: /home/bev/bev_ws/install/risk_assessment/share/risk_assessment/environment/path.dsv
[1.405s] -- Up-to-date symlink: /home/bev/bev_ws/install/risk_assessment/share/risk_assessment/local_setup.bash
[1.406s] -- Up-to-date symlink: /home/bev/bev_ws/install/risk_assessment/share/risk_assessment/local_setup.sh
[1.406s] -- Up-to-date symlink: /home/bev/bev_ws/install/risk_assessment/share/risk_assessment/local_setup.zsh
[1.406s] -- Up-to-date symlink: /home/bev/bev_ws/install/risk_assessment/share/risk_assessment/local_setup.dsv
[1.407s] -- Symlinking: /home/bev/bev_ws/install/risk_assessment/share/risk_assessment/package.dsv
[1.427s] -- Up-to-date symlink: /home/bev/bev_ws/install/risk_assessment/share/ament_index/resource_index/packages/risk_assessment
[1.427s] -- Up-to-date symlink: /home/bev/bev_ws/install/risk_assessment/share/risk_assessment/cmake/risk_assessmentConfig.cmake
[1.428s] -- Up-to-date symlink: /home/bev/bev_ws/install/risk_assessment/share/risk_assessment/cmake/risk_assessmentConfig-version.cmake
[1.428s] -- Up-to-date symlink: /home/bev/bev_ws/install/risk_assessment/share/risk_assessment/package.xml
[1.438s] Invoked command in '/home/bev/bev_ws/build/risk_assessment' returned '0': CMAKE_PREFIX_PATH=${CMAKE_PREFIX_PATH}:/home/bev/carla-ros-bridge/install/rqt_carla_control:/home/bev/carla-ros-bridge/install/carla_waypoint_publisher:/home/bev/carla-ros-bridge/install/carla_ackermann_control:/home/bev/carla-ros-bridge/install/carla_ros_bridge:/home/bev/carla-ros-bridge/install/carla_spawn_objects:/home/bev/carla-ros-bridge/install/carla_manual_control:/home/bev/carla-ros-bridge/install/carla_ad_agent:/home/bev/carla-ros-bridge/install/ros_compatibility:/home/bev/carla-ros-bridge/install/carla_walker_agent:/home/bev/carla-ros-bridge/install/carla_twist_to_control:/home/bev/carla-ros-bridge/install/carla_ros_scenario_runner:/home/bev/carla-ros-bridge/install/carla_common:/opt/ros/foxy /usr/bin/cmake --install /home/bev/bev_ws/build/risk_assessment
