[0.026s] Invoking command in '/home/bev/bev_ws/build/custom_msgs': CMAKE_PREFIX_PATH=${CMAKE_PREFIX_PATH}:/opt/ros/foxy /usr/bin/cmake --build /home/bev/bev_ws/build/custom_msgs -- -j28 -l28
[0.193s] [  2%] Built target custom_msgs__cpp
[0.194s] [ 12%] Built target custom_msgs__rosidl_generator_c
[0.227s] [ 23%] Built target custom_msgs__rosidl_typesupport_introspection_c
[0.231s] [ 34%] Built target custom_msgs__rosidl_typesupport_introspection_cpp
[0.232s] [ 44%] Built target custom_msgs__rosidl_typesupport_cpp
[0.235s] [ 57%] Built target custom_msgs__rosidl_typesupport_c
[0.235s] [ 65%] Built target custom_msgs__rosidl_typesupport_fastrtps_cpp
[0.281s] [ 76%] Built target custom_msgs__rosidl_typesupport_fastrtps_c
[0.328s] [ 76%] Built target custom_msgs
[0.376s] [ 78%] Built target custom_msgs__py
[0.424s] [ 87%] Built target custom_msgs__python
[0.480s] [ 91%] Built target custom_msgs__rosidl_typesupport_fastrtps_c__pyext
[0.480s] [ 95%] Built target custom_msgs__rosidl_typesupport_introspection_c__pyext
[0.481s] [100%] Built target custom_msgs__rosidl_typesupport_c__pyext
[0.505s] Invoked command in '/home/bev/bev_ws/build/custom_msgs' returned '0': CMAKE_PREFIX_PATH=${CMAKE_PREFIX_PATH}:/opt/ros/foxy /usr/bin/cmake --build /home/bev/bev_ws/build/custom_msgs -- -j28 -l28
[0.723s] Invoking command in '/home/bev/bev_ws/build/custom_msgs': CMAKE_PREFIX_PATH=${CMAKE_PREFIX_PATH}:/opt/ros/foxy /usr/bin/cmake --install /home/bev/bev_ws/build/custom_msgs
[0.742s] -- Install configuration: ""
[0.742s] -- Up-to-date: /home/bev/bev_ws/install/custom_msgs/share/ament_index/resource_index/rosidl_interfaces/custom_msgs
[0.743s] -- Up-to-date: /home/bev/bev_ws/install/custom_msgs/include/custom_msgs
[0.743s] -- Up-to-date: /home/bev/bev_ws/install/custom_msgs/include/custom_msgs/msg
[0.743s] -- Up-to-date: /home/bev/bev_ws/install/custom_msgs/include/custom_msgs/msg/output.h
[0.743s] -- Up-to-date: /home/bev/bev_ws/install/custom_msgs/include/custom_msgs/msg/detail
[0.743s] -- Up-to-date: /home/bev/bev_ws/install/custom_msgs/include/custom_msgs/msg/detail/output_array__functions.h
[0.743s] -- Up-to-date: /home/bev/bev_ws/install/custom_msgs/include/custom_msgs/msg/detail/output__type_support.h
[0.744s] -- Up-to-date: /home/bev/bev_ws/install/custom_msgs/include/custom_msgs/msg/detail/bbox__type_support.h
[0.744s] -- Up-to-date: /home/bev/bev_ws/install/custom_msgs/include/custom_msgs/msg/detail/output_array__struct.h
[0.744s] -- Up-to-date: /home/bev/bev_ws/install/custom_msgs/include/custom_msgs/msg/detail/output__functions.h
[0.744s] -- Up-to-date: /home/bev/bev_ws/install/custom_msgs/include/custom_msgs/msg/detail/output__functions.c
[0.744s] -- Up-to-date: /home/bev/bev_ws/install/custom_msgs/include/custom_msgs/msg/detail/bbox__functions.c
[0.745s] -- Up-to-date: /home/bev/bev_ws/install/custom_msgs/include/custom_msgs/msg/detail/bbox__struct.h
[0.745s] -- Up-to-date: /home/bev/bev_ws/install/custom_msgs/include/custom_msgs/msg/detail/output_array__functions.c
[0.745s] -- Up-to-date: /home/bev/bev_ws/install/custom_msgs/include/custom_msgs/msg/detail/bbox__functions.h
[0.745s] -- Up-to-date: /home/bev/bev_ws/install/custom_msgs/include/custom_msgs/msg/detail/output__struct.h
[0.745s] -- Up-to-date: /home/bev/bev_ws/install/custom_msgs/include/custom_msgs/msg/detail/output_array__type_support.h
[0.745s] -- Up-to-date: /home/bev/bev_ws/install/custom_msgs/include/custom_msgs/msg/output_array.h
[0.746s] -- Up-to-date: /home/bev/bev_ws/install/custom_msgs/include/custom_msgs/msg/bbox.h
[0.746s] -- Up-to-date: /home/bev/bev_ws/install/custom_msgs/include/custom_msgs/msg/rosidl_generator_c__visibility_control.h
[0.746s] -- Up-to-date: /home/bev/bev_ws/install/custom_msgs/share/custom_msgs/environment/library_path.sh
[0.746s] -- Up-to-date: /home/bev/bev_ws/install/custom_msgs/share/custom_msgs/environment/library_path.dsv
[0.746s] -- Up-to-date: /home/bev/bev_ws/install/custom_msgs/lib/libcustom_msgs__rosidl_generator_c.so
[0.746s] -- Up-to-date: /home/bev/bev_ws/install/custom_msgs/include/custom_msgs
[0.747s] -- Up-to-date: /home/bev/bev_ws/install/custom_msgs/include/custom_msgs/msg
[0.747s] -- Up-to-date: /home/bev/bev_ws/install/custom_msgs/include/custom_msgs/msg/detail
[0.747s] -- Up-to-date: /home/bev/bev_ws/install/custom_msgs/include/custom_msgs/msg/detail/output_array__rosidl_typesupport_fastrtps_c.h
[0.747s] -- Up-to-date: /home/bev/bev_ws/install/custom_msgs/include/custom_msgs/msg/detail/bbox__rosidl_typesupport_fastrtps_c.h
[0.747s] -- Up-to-date: /home/bev/bev_ws/install/custom_msgs/include/custom_msgs/msg/detail/output__rosidl_typesupport_fastrtps_c.h
[0.748s] -- Up-to-date: /home/bev/bev_ws/install/custom_msgs/include/custom_msgs/msg/rosidl_typesupport_fastrtps_c__visibility_control.h
[0.748s] -- Up-to-date: /home/bev/bev_ws/install/custom_msgs/lib/libcustom_msgs__rosidl_typesupport_fastrtps_c.so
[0.748s] -- Up-to-date: /home/bev/bev_ws/install/custom_msgs/include/custom_msgs
[0.748s] -- Up-to-date: /home/bev/bev_ws/install/custom_msgs/include/custom_msgs/msg
[0.748s] -- Up-to-date: /home/bev/bev_ws/install/custom_msgs/include/custom_msgs/msg/rosidl_typesupport_fastrtps_cpp__visibility_control.h
[0.748s] -- Up-to-date: /home/bev/bev_ws/install/custom_msgs/include/custom_msgs/msg/detail
[0.748s] -- Up-to-date: /home/bev/bev_ws/install/custom_msgs/include/custom_msgs/msg/detail/output__rosidl_typesupport_fastrtps_cpp.hpp
[0.748s] -- Up-to-date: /home/bev/bev_ws/install/custom_msgs/include/custom_msgs/msg/detail/output_array__rosidl_typesupport_fastrtps_cpp.hpp
[0.748s] -- Up-to-date: /home/bev/bev_ws/install/custom_msgs/include/custom_msgs/msg/detail/dds_fastrtps
[0.748s] -- Up-to-date: /home/bev/bev_ws/install/custom_msgs/include/custom_msgs/msg/detail/bbox__rosidl_typesupport_fastrtps_cpp.hpp
[0.748s] -- Up-to-date: /home/bev/bev_ws/install/custom_msgs/lib/libcustom_msgs__rosidl_typesupport_fastrtps_cpp.so
[0.748s] -- Up-to-date: /home/bev/bev_ws/install/custom_msgs/include/custom_msgs
[0.748s] -- Up-to-date: /home/bev/bev_ws/install/custom_msgs/include/custom_msgs/msg
[0.748s] -- Up-to-date: /home/bev/bev_ws/install/custom_msgs/include/custom_msgs/msg/detail
[0.748s] -- Up-to-date: /home/bev/bev_ws/install/custom_msgs/include/custom_msgs/msg/detail/output_array__type_support.c
[0.749s] -- Up-to-date: /home/bev/bev_ws/install/custom_msgs/include/custom_msgs/msg/detail/output__type_support.c
[0.749s] -- Up-to-date: /home/bev/bev_ws/install/custom_msgs/include/custom_msgs/msg/detail/output_array__rosidl_typesupport_introspection_c.h
[0.749s] -- Up-to-date: /home/bev/bev_ws/install/custom_msgs/include/custom_msgs/msg/detail/output__rosidl_typesupport_introspection_c.h
[0.749s] -- Up-to-date: /home/bev/bev_ws/install/custom_msgs/include/custom_msgs/msg/detail/bbox__type_support.c
[0.749s] -- Up-to-date: /home/bev/bev_ws/install/custom_msgs/include/custom_msgs/msg/detail/bbox__rosidl_typesupport_introspection_c.h
[0.749s] -- Up-to-date: /home/bev/bev_ws/install/custom_msgs/include/custom_msgs/msg/rosidl_typesupport_introspection_c__visibility_control.h
[0.749s] -- Up-to-date: /home/bev/bev_ws/install/custom_msgs/lib/libcustom_msgs__rosidl_typesupport_introspection_c.so
[0.749s] -- Up-to-date: /home/bev/bev_ws/install/custom_msgs/lib/libcustom_msgs__rosidl_typesupport_c.so
[0.749s] -- Up-to-date: /home/bev/bev_ws/install/custom_msgs/include/custom_msgs
[0.749s] -- Up-to-date: /home/bev/bev_ws/install/custom_msgs/include/custom_msgs/msg
[0.749s] -- Up-to-date: /home/bev/bev_ws/install/custom_msgs/include/custom_msgs/msg/bbox.hpp
[0.749s] -- Up-to-date: /home/bev/bev_ws/install/custom_msgs/include/custom_msgs/msg/detail
[0.749s] -- Up-to-date: /home/bev/bev_ws/install/custom_msgs/include/custom_msgs/msg/detail/bbox__type_support.hpp
[0.749s] -- Up-to-date: /home/bev/bev_ws/install/custom_msgs/include/custom_msgs/msg/detail/output__traits.hpp
[0.749s] -- Up-to-date: /home/bev/bev_ws/install/custom_msgs/include/custom_msgs/msg/detail/bbox__struct.hpp
[0.749s] -- Up-to-date: /home/bev/bev_ws/install/custom_msgs/include/custom_msgs/msg/detail/output__struct.hpp
[0.749s] -- Up-to-date: /home/bev/bev_ws/install/custom_msgs/include/custom_msgs/msg/detail/output_array__builder.hpp
[0.749s] -- Up-to-date: /home/bev/bev_ws/install/custom_msgs/include/custom_msgs/msg/detail/bbox__builder.hpp
[0.749s] -- Up-to-date: /home/bev/bev_ws/install/custom_msgs/include/custom_msgs/msg/detail/output_array__struct.hpp
[0.749s] -- Up-to-date: /home/bev/bev_ws/install/custom_msgs/include/custom_msgs/msg/detail/bbox__traits.hpp
[0.749s] -- Up-to-date: /home/bev/bev_ws/install/custom_msgs/include/custom_msgs/msg/detail/output_array__type_support.hpp
[0.749s] -- Up-to-date: /home/bev/bev_ws/install/custom_msgs/include/custom_msgs/msg/detail/output__type_support.hpp
[0.750s] -- Up-to-date: /home/bev/bev_ws/install/custom_msgs/include/custom_msgs/msg/detail/output__builder.hpp
[0.750s] -- Up-to-date: /home/bev/bev_ws/install/custom_msgs/include/custom_msgs/msg/detail/output_array__traits.hpp
[0.750s] -- Up-to-date: /home/bev/bev_ws/install/custom_msgs/include/custom_msgs/msg/rosidl_generator_cpp__visibility_control.hpp
[0.750s] -- Up-to-date: /home/bev/bev_ws/install/custom_msgs/include/custom_msgs/msg/output_array.hpp
[0.750s] -- Up-to-date: /home/bev/bev_ws/install/custom_msgs/include/custom_msgs/msg/output.hpp
[0.750s] -- Up-to-date: /home/bev/bev_ws/install/custom_msgs/include/custom_msgs
[0.750s] -- Up-to-date: /home/bev/bev_ws/install/custom_msgs/include/custom_msgs/msg
[0.750s] -- Up-to-date: /home/bev/bev_ws/install/custom_msgs/include/custom_msgs/msg/detail
[0.750s] -- Up-to-date: /home/bev/bev_ws/install/custom_msgs/include/custom_msgs/msg/detail/output__type_support.cpp
[0.750s] -- Up-to-date: /home/bev/bev_ws/install/custom_msgs/include/custom_msgs/msg/detail/bbox__rosidl_typesupport_introspection_cpp.hpp
[0.750s] -- Up-to-date: /home/bev/bev_ws/install/custom_msgs/include/custom_msgs/msg/detail/output__rosidl_typesupport_introspection_cpp.hpp
[0.750s] -- Up-to-date: /home/bev/bev_ws/install/custom_msgs/include/custom_msgs/msg/detail/output_array__rosidl_typesupport_introspection_cpp.hpp
[0.750s] -- Up-to-date: /home/bev/bev_ws/install/custom_msgs/include/custom_msgs/msg/detail/output_array__type_support.cpp
[0.750s] -- Up-to-date: /home/bev/bev_ws/install/custom_msgs/include/custom_msgs/msg/detail/bbox__type_support.cpp
[0.750s] -- Up-to-date: /home/bev/bev_ws/install/custom_msgs/lib/libcustom_msgs__rosidl_typesupport_introspection_cpp.so
[0.750s] -- Up-to-date: /home/bev/bev_ws/install/custom_msgs/lib/libcustom_msgs__rosidl_typesupport_cpp.so
[0.750s] -- Up-to-date: /home/bev/bev_ws/install/custom_msgs/share/custom_msgs/environment/pythonpath.sh
[0.750s] -- Up-to-date: /home/bev/bev_ws/install/custom_msgs/share/custom_msgs/environment/pythonpath.dsv
[0.750s] -- Up-to-date: /home/bev/bev_ws/install/custom_msgs/lib/python3.8/site-packages/custom_msgs/__init__.py
[0.780s] -- Up-to-date: /home/bev/bev_ws/install/custom_msgs/lib/python3.8/site-packages/custom_msgs/msg
[0.780s] -- Up-to-date: /home/bev/bev_ws/install/custom_msgs/lib/python3.8/site-packages/custom_msgs/msg/__init__.py
[0.780s] -- Up-to-date: /home/bev/bev_ws/install/custom_msgs/lib/python3.8/site-packages/custom_msgs/msg/_output_array.py
[0.781s] -- Up-to-date: /home/bev/bev_ws/install/custom_msgs/lib/python3.8/site-packages/custom_msgs/msg/_output_array_s.c
[0.781s] -- Up-to-date: /home/bev/bev_ws/install/custom_msgs/lib/python3.8/site-packages/custom_msgs/msg/_bbox.py
[0.781s] -- Up-to-date: /home/bev/bev_ws/install/custom_msgs/lib/python3.8/site-packages/custom_msgs/msg/_bbox_s.c
[0.781s] -- Up-to-date: /home/bev/bev_ws/install/custom_msgs/lib/python3.8/site-packages/custom_msgs/msg/_output_s.c
[0.781s] -- Up-to-date: /home/bev/bev_ws/install/custom_msgs/lib/python3.8/site-packages/custom_msgs/msg/_output.py
[0.781s] -- Up-to-date: /home/bev/bev_ws/install/custom_msgs/lib/python3.8/site-packages/custom_msgs/custom_msgs_s__rosidl_typesupport_fastrtps_c.cpython-38-x86_64-linux-gnu.so
[0.782s] -- Up-to-date: /home/bev/bev_ws/install/custom_msgs/lib/python3.8/site-packages/custom_msgs/custom_msgs_s__rosidl_typesupport_introspection_c.cpython-38-x86_64-linux-gnu.so
[0.784s] -- Up-to-date: /home/bev/bev_ws/install/custom_msgs/lib/python3.8/site-packages/custom_msgs/custom_msgs_s__rosidl_typesupport_c.cpython-38-x86_64-linux-gnu.so
[0.785s] -- Up-to-date: /home/bev/bev_ws/install/custom_msgs/lib/libcustom_msgs__python.so
[0.785s] -- Up-to-date: /home/bev/bev_ws/install/custom_msgs/share/custom_msgs/msg/Output.idl
[0.785s] -- Up-to-date: /home/bev/bev_ws/install/custom_msgs/share/custom_msgs/msg/Bbox.idl
[0.786s] -- Up-to-date: /home/bev/bev_ws/install/custom_msgs/share/custom_msgs/msg/OutputArray.idl
[0.786s] -- Up-to-date: /home/bev/bev_ws/install/custom_msgs/share/custom_msgs/msg/Output.msg
[0.786s] -- Up-to-date: /home/bev/bev_ws/install/custom_msgs/share/custom_msgs/msg/Bbox.msg
[0.786s] -- Up-to-date: /home/bev/bev_ws/install/custom_msgs/share/custom_msgs/msg/OutputArray.msg
[0.786s] -- Up-to-date: /home/bev/bev_ws/install/custom_msgs/share/ament_index/resource_index/package_run_dependencies/custom_msgs
[0.787s] -- Up-to-date: /home/bev/bev_ws/install/custom_msgs/share/ament_index/resource_index/parent_prefix_path/custom_msgs
[0.787s] -- Up-to-date: /home/bev/bev_ws/install/custom_msgs/share/custom_msgs/environment/ament_prefix_path.sh
[0.787s] -- Up-to-date: /home/bev/bev_ws/install/custom_msgs/share/custom_msgs/environment/ament_prefix_path.dsv
[0.787s] -- Up-to-date: /home/bev/bev_ws/install/custom_msgs/share/custom_msgs/environment/path.sh
[0.787s] -- Up-to-date: /home/bev/bev_ws/install/custom_msgs/share/custom_msgs/environment/path.dsv
[0.787s] -- Up-to-date: /home/bev/bev_ws/install/custom_msgs/share/custom_msgs/local_setup.bash
[0.787s] -- Up-to-date: /home/bev/bev_ws/install/custom_msgs/share/custom_msgs/local_setup.sh
[0.788s] -- Up-to-date: /home/bev/bev_ws/install/custom_msgs/share/custom_msgs/local_setup.zsh
[0.788s] -- Up-to-date: /home/bev/bev_ws/install/custom_msgs/share/custom_msgs/local_setup.dsv
[0.788s] -- Installing: /home/bev/bev_ws/install/custom_msgs/share/custom_msgs/package.dsv
[0.788s] -- Up-to-date: /home/bev/bev_ws/install/custom_msgs/share/ament_index/resource_index/packages/custom_msgs
[0.788s] -- Up-to-date: /home/bev/bev_ws/install/custom_msgs/share/custom_msgs/cmake/custom_msgs__rosidl_generator_cExport.cmake
[0.788s] -- Up-to-date: /home/bev/bev_ws/install/custom_msgs/share/custom_msgs/cmake/custom_msgs__rosidl_generator_cExport-noconfig.cmake
[0.789s] -- Up-to-date: /home/bev/bev_ws/install/custom_msgs/share/custom_msgs/cmake/custom_msgs__rosidl_typesupport_introspection_cExport.cmake
[0.789s] -- Up-to-date: /home/bev/bev_ws/install/custom_msgs/share/custom_msgs/cmake/custom_msgs__rosidl_typesupport_introspection_cExport-noconfig.cmake
[0.789s] -- Up-to-date: /home/bev/bev_ws/install/custom_msgs/share/custom_msgs/cmake/custom_msgs__rosidl_typesupport_cExport.cmake
[0.789s] -- Up-to-date: /home/bev/bev_ws/install/custom_msgs/share/custom_msgs/cmake/custom_msgs__rosidl_typesupport_cExport-noconfig.cmake
[0.789s] -- Up-to-date: /home/bev/bev_ws/install/custom_msgs/share/custom_msgs/cmake/custom_msgs__rosidl_generator_cppExport.cmake
[0.790s] -- Up-to-date: /home/bev/bev_ws/install/custom_msgs/share/custom_msgs/cmake/custom_msgs__rosidl_typesupport_introspection_cppExport.cmake
[0.790s] -- Up-to-date: /home/bev/bev_ws/install/custom_msgs/share/custom_msgs/cmake/custom_msgs__rosidl_typesupport_introspection_cppExport-noconfig.cmake
[0.791s] -- Up-to-date: /home/bev/bev_ws/install/custom_msgs/share/custom_msgs/cmake/custom_msgs__rosidl_typesupport_cppExport.cmake
[0.791s] -- Up-to-date: /home/bev/bev_ws/install/custom_msgs/share/custom_msgs/cmake/custom_msgs__rosidl_typesupport_cppExport-noconfig.cmake
[0.791s] -- Up-to-date: /home/bev/bev_ws/install/custom_msgs/share/custom_msgs/cmake/rosidl_cmake-extras.cmake
[0.791s] -- Up-to-date: /home/bev/bev_ws/install/custom_msgs/share/custom_msgs/cmake/ament_cmake_export_dependencies-extras.cmake
[0.791s] -- Up-to-date: /home/bev/bev_ws/install/custom_msgs/share/custom_msgs/cmake/ament_cmake_export_libraries-extras.cmake
[0.792s] -- Up-to-date: /home/bev/bev_ws/install/custom_msgs/share/custom_msgs/cmake/ament_cmake_export_targets-extras.cmake
[0.792s] -- Up-to-date: /home/bev/bev_ws/install/custom_msgs/share/custom_msgs/cmake/ament_cmake_export_include_directories-extras.cmake
[0.792s] -- Up-to-date: /home/bev/bev_ws/install/custom_msgs/share/custom_msgs/cmake/rosidl_cmake_export_typesupport_libraries-extras.cmake
[0.792s] -- Up-to-date: /home/bev/bev_ws/install/custom_msgs/share/custom_msgs/cmake/rosidl_cmake_export_typesupport_targets-extras.cmake
[0.792s] -- Up-to-date: /home/bev/bev_ws/install/custom_msgs/share/custom_msgs/cmake/custom_msgsConfig.cmake
[0.792s] -- Up-to-date: /home/bev/bev_ws/install/custom_msgs/share/custom_msgs/cmake/custom_msgsConfig-version.cmake
[0.792s] -- Up-to-date: /home/bev/bev_ws/install/custom_msgs/share/custom_msgs/package.xml
[0.797s] Invoked command in '/home/bev/bev_ws/build/custom_msgs' returned '0': CMAKE_PREFIX_PATH=${CMAKE_PREFIX_PATH}:/opt/ros/foxy /usr/bin/cmake --install /home/bev/bev_ws/build/custom_msgs
