[0.267s] DEBUG:colcon:Command line arguments: ['/usr/bin/colcon', 'build']
[0.267s] DEBUG:colcon:Parsed command line arguments: Namespace(allow_overriding=[], ament_cmake_args=None, base_paths=['.'], build_base='build', catkin_cmake_args=None, catkin_skip_building_tests=False, cmake_args=None, cmake_clean_cache=False, cmake_clean_first=False, cmake_force_configure=False, cmake_target=None, cmake_target_skip_unavailable=False, continue_on_error=False, event_handlers=None, executor='parallel', ignore_user_meta=False, install_base='install', log_base=None, log_level=None, main=<bound method BuildVerb.main of <colcon_core.verb.build.BuildVerb object at 0x7fe2d3ca8490>>, merge_install=False, metas=['./colcon.meta'], packages_above=None, packages_above_and_dependencies=None, packages_above_depth=None, packages_end=None, packages_ignore=None, packages_ignore_regex=None, packages_select=None, packages_select_build_failed=False, packages_select_by_dep=None, packages_select_regex=None, packages_select_test_failures=False, packages_skip=None, packages_skip_build_finished=False, packages_skip_by_dep=None, packages_skip_regex=None, packages_skip_test_passed=False, packages_skip_up_to=None, packages_start=None, packages_up_to=None, packages_up_to_regex=None, parallel_workers=28, paths=None, symlink_install=False, test_result_base=None, verb_extension=<colcon_core.verb.build.BuildVerb object at 0x7fe2d3ca8490>, verb_name='build', verb_parser=<colcon_defaults.argument_parser.defaults.DefaultArgumentsDecorator object at 0x7fe2d3ca89d0>)
[0.297s] Level 1:colcon.colcon_core.package_discovery:discover_packages(colcon_meta) check parameters
[0.297s] Level 1:colcon.colcon_core.package_discovery:discover_packages(recursive) check parameters
[0.297s] Level 1:colcon.colcon_core.package_discovery:discover_packages(ignore) check parameters
[0.297s] Level 1:colcon.colcon_core.package_discovery:discover_packages(path) check parameters
[0.297s] Level 1:colcon.colcon_core.package_discovery:discover_packages(colcon_meta) discover
[0.297s] Level 1:colcon.colcon_core.package_discovery:discover_packages(recursive) discover
[0.297s] INFO:colcon.colcon_core.package_discovery:Crawling recursively for packages in '/home/bev/bev_ws'
[0.297s] Level 1:colcon.colcon_core.package_identification:_identify(.) by extensions ['ignore', 'ignore_ament_install']
[0.297s] Level 1:colcon.colcon_core.package_identification:_identify(.) by extension 'ignore'
[0.297s] Level 1:colcon.colcon_core.package_identification:_identify(.) by extension 'ignore_ament_install'
[0.297s] Level 1:colcon.colcon_core.package_identification:_identify(.) by extensions ['colcon_pkg']
[0.297s] Level 1:colcon.colcon_core.package_identification:_identify(.) by extension 'colcon_pkg'
[0.297s] Level 1:colcon.colcon_core.package_identification:_identify(.) by extensions ['colcon_meta']
[0.297s] Level 1:colcon.colcon_core.package_identification:_identify(.) by extension 'colcon_meta'
[0.297s] Level 1:colcon.colcon_core.package_identification:_identify(.) by extensions ['ros']
[0.297s] Level 1:colcon.colcon_core.package_identification:_identify(.) by extension 'ros'
[0.312s] Level 1:colcon.colcon_core.package_identification:_identify(.) by extensions ['cmake', 'python']
[0.313s] Level 1:colcon.colcon_core.package_identification:_identify(.) by extension 'cmake'
[0.313s] Level 1:colcon.colcon_core.package_identification:_identify(.) by extension 'python'
[0.313s] Level 1:colcon.colcon_core.package_identification:_identify(.) by extensions ['python_setup_py']
[0.313s] Level 1:colcon.colcon_core.package_identification:_identify(.) by extension 'python_setup_py'
[0.313s] Level 1:colcon.colcon_core.package_identification:_identify(build) by extensions ['ignore', 'ignore_ament_install']
[0.313s] Level 1:colcon.colcon_core.package_identification:_identify(build) by extension 'ignore'
[0.313s] Level 1:colcon.colcon_core.package_identification:_identify(build) ignored
[0.313s] Level 1:colcon.colcon_core.package_identification:_identify(install) by extensions ['ignore', 'ignore_ament_install']
[0.313s] Level 1:colcon.colcon_core.package_identification:_identify(install) by extension 'ignore'
[0.313s] Level 1:colcon.colcon_core.package_identification:_identify(install) ignored
[0.313s] Level 1:colcon.colcon_core.package_identification:_identify(log) by extensions ['ignore', 'ignore_ament_install']
[0.313s] Level 1:colcon.colcon_core.package_identification:_identify(log) by extension 'ignore'
[0.313s] Level 1:colcon.colcon_core.package_identification:_identify(log) ignored
[0.313s] Level 1:colcon.colcon_core.package_identification:_identify(src) by extensions ['ignore', 'ignore_ament_install']
[0.313s] Level 1:colcon.colcon_core.package_identification:_identify(src) by extension 'ignore'
[0.313s] Level 1:colcon.colcon_core.package_identification:_identify(src) by extension 'ignore_ament_install'
[0.314s] Level 1:colcon.colcon_core.package_identification:_identify(src) by extensions ['colcon_pkg']
[0.314s] Level 1:colcon.colcon_core.package_identification:_identify(src) by extension 'colcon_pkg'
[0.314s] Level 1:colcon.colcon_core.package_identification:_identify(src) by extensions ['colcon_meta']
[0.314s] Level 1:colcon.colcon_core.package_identification:_identify(src) by extension 'colcon_meta'
[0.314s] Level 1:colcon.colcon_core.package_identification:_identify(src) by extensions ['ros']
[0.314s] Level 1:colcon.colcon_core.package_identification:_identify(src) by extension 'ros'
[0.314s] Level 1:colcon.colcon_core.package_identification:_identify(src) by extensions ['cmake', 'python']
[0.314s] Level 1:colcon.colcon_core.package_identification:_identify(src) by extension 'cmake'
[0.314s] Level 1:colcon.colcon_core.package_identification:_identify(src) by extension 'python'
[0.314s] Level 1:colcon.colcon_core.package_identification:_identify(src) by extensions ['python_setup_py']
[0.314s] Level 1:colcon.colcon_core.package_identification:_identify(src) by extension 'python_setup_py'
[0.314s] Level 1:colcon.colcon_core.package_identification:_identify(src/custom_msgs) by extensions ['ignore', 'ignore_ament_install']
[0.314s] Level 1:colcon.colcon_core.package_identification:_identify(src/custom_msgs) by extension 'ignore'
[0.314s] Level 1:colcon.colcon_core.package_identification:_identify(src/custom_msgs) by extension 'ignore_ament_install'
[0.314s] Level 1:colcon.colcon_core.package_identification:_identify(src/custom_msgs) by extensions ['colcon_pkg']
[0.314s] Level 1:colcon.colcon_core.package_identification:_identify(src/custom_msgs) by extension 'colcon_pkg'
[0.314s] Level 1:colcon.colcon_core.package_identification:_identify(src/custom_msgs) by extensions ['colcon_meta']
[0.314s] Level 1:colcon.colcon_core.package_identification:_identify(src/custom_msgs) by extension 'colcon_meta'
[0.314s] Level 1:colcon.colcon_core.package_identification:_identify(src/custom_msgs) by extensions ['ros']
[0.314s] Level 1:colcon.colcon_core.package_identification:_identify(src/custom_msgs) by extension 'ros'
[0.316s] DEBUG:colcon.colcon_core.package_identification:Package 'src/custom_msgs' with type 'ros.ament_cmake' and name 'custom_msgs'
[0.316s] Level 1:colcon.colcon_core.package_identification:_identify(src/data_pkg) by extensions ['ignore', 'ignore_ament_install']
[0.316s] Level 1:colcon.colcon_core.package_identification:_identify(src/data_pkg) by extension 'ignore'
[0.316s] Level 1:colcon.colcon_core.package_identification:_identify(src/data_pkg) by extension 'ignore_ament_install'
[0.316s] Level 1:colcon.colcon_core.package_identification:_identify(src/data_pkg) by extensions ['colcon_pkg']
[0.316s] Level 1:colcon.colcon_core.package_identification:_identify(src/data_pkg) by extension 'colcon_pkg'
[0.316s] Level 1:colcon.colcon_core.package_identification:_identify(src/data_pkg) by extensions ['colcon_meta']
[0.316s] Level 1:colcon.colcon_core.package_identification:_identify(src/data_pkg) by extension 'colcon_meta'
[0.316s] Level 1:colcon.colcon_core.package_identification:_identify(src/data_pkg) by extensions ['ros']
[0.316s] Level 1:colcon.colcon_core.package_identification:_identify(src/data_pkg) by extension 'ros'
[0.317s] DEBUG:colcon.colcon_core.package_identification:Package 'src/data_pkg' with type 'ros.ament_cmake' and name 'data_pkg'
[0.317s] Level 1:colcon.colcon_core.package_identification:_identify(src/risk_assessment) by extensions ['ignore', 'ignore_ament_install']
[0.317s] Level 1:colcon.colcon_core.package_identification:_identify(src/risk_assessment) by extension 'ignore'
[0.317s] Level 1:colcon.colcon_core.package_identification:_identify(src/risk_assessment) by extension 'ignore_ament_install'
[0.317s] Level 1:colcon.colcon_core.package_identification:_identify(src/risk_assessment) by extensions ['colcon_pkg']
[0.317s] Level 1:colcon.colcon_core.package_identification:_identify(src/risk_assessment) by extension 'colcon_pkg'
[0.317s] Level 1:colcon.colcon_core.package_identification:_identify(src/risk_assessment) by extensions ['colcon_meta']
[0.317s] Level 1:colcon.colcon_core.package_identification:_identify(src/risk_assessment) by extension 'colcon_meta'
[0.317s] Level 1:colcon.colcon_core.package_identification:_identify(src/risk_assessment) by extensions ['ros']
[0.317s] Level 1:colcon.colcon_core.package_identification:_identify(src/risk_assessment) by extension 'ros'
[0.318s] DEBUG:colcon.colcon_core.package_identification:Package 'src/risk_assessment' with type 'ros.ament_cmake' and name 'risk_assessment'
[0.318s] Level 1:colcon.colcon_core.package_identification:_identify(src/tcp_socket) by extensions ['ignore', 'ignore_ament_install']
[0.318s] Level 1:colcon.colcon_core.package_identification:_identify(src/tcp_socket) by extension 'ignore'
[0.318s] Level 1:colcon.colcon_core.package_identification:_identify(src/tcp_socket) by extension 'ignore_ament_install'
[0.318s] Level 1:colcon.colcon_core.package_identification:_identify(src/tcp_socket) by extensions ['colcon_pkg']
[0.318s] Level 1:colcon.colcon_core.package_identification:_identify(src/tcp_socket) by extension 'colcon_pkg'
[0.318s] Level 1:colcon.colcon_core.package_identification:_identify(src/tcp_socket) by extensions ['colcon_meta']
[0.318s] Level 1:colcon.colcon_core.package_identification:_identify(src/tcp_socket) by extension 'colcon_meta'
[0.318s] Level 1:colcon.colcon_core.package_identification:_identify(src/tcp_socket) by extensions ['ros']
[0.318s] Level 1:colcon.colcon_core.package_identification:_identify(src/tcp_socket) by extension 'ros'
[0.319s] DEBUG:colcon.colcon_core.package_identification:Package 'src/tcp_socket' with type 'ros.ament_cmake' and name 'tcp_socket'
[0.319s] Level 1:colcon.colcon_core.package_identification:_identify(src/tracking_algorithm) by extensions ['ignore', 'ignore_ament_install']
[0.319s] Level 1:colcon.colcon_core.package_identification:_identify(src/tracking_algorithm) by extension 'ignore'
[0.319s] Level 1:colcon.colcon_core.package_identification:_identify(src/tracking_algorithm) by extension 'ignore_ament_install'
[0.319s] Level 1:colcon.colcon_core.package_identification:_identify(src/tracking_algorithm) by extensions ['colcon_pkg']
[0.319s] Level 1:colcon.colcon_core.package_identification:_identify(src/tracking_algorithm) by extension 'colcon_pkg'
[0.319s] Level 1:colcon.colcon_core.package_identification:_identify(src/tracking_algorithm) by extensions ['colcon_meta']
[0.319s] Level 1:colcon.colcon_core.package_identification:_identify(src/tracking_algorithm) by extension 'colcon_meta'
[0.319s] Level 1:colcon.colcon_core.package_identification:_identify(src/tracking_algorithm) by extensions ['ros']
[0.319s] Level 1:colcon.colcon_core.package_identification:_identify(src/tracking_algorithm) by extension 'ros'
[0.320s] DEBUG:colcon.colcon_core.package_identification:Package 'src/tracking_algorithm' with type 'ros.ament_cmake' and name 'tracking_algorithm'
[0.320s] Level 1:colcon.colcon_core.package_discovery:discover_packages(recursive) using defaults
[0.320s] Level 1:colcon.colcon_core.package_discovery:discover_packages(ignore) discover
[0.320s] Level 1:colcon.colcon_core.package_discovery:discover_packages(ignore) using defaults
[0.320s] Level 1:colcon.colcon_core.package_discovery:discover_packages(path) discover
[0.320s] Level 1:colcon.colcon_core.package_discovery:discover_packages(path) using defaults
[0.338s] Level 1:colcon.colcon_core.package_discovery:discover_packages(prefix_path) check parameters
[0.338s] Level 1:colcon.colcon_core.package_discovery:discover_packages(prefix_path) discover
[0.341s] DEBUG:colcon.colcon_installed_package_information.package_discovery:Found 5 installed packages in /home/bev/bev_ws/install
[0.342s] DEBUG:colcon.colcon_installed_package_information.package_discovery:Found 19 installed packages in /home/bev/carla-ros-bridge/install
[0.343s] DEBUG:colcon.colcon_installed_package_information.package_discovery:Found 278 installed packages in /opt/ros/foxy
[0.344s] Level 1:colcon.colcon_core.package_discovery:discover_packages(prefix_path) using defaults
[0.394s] Level 5:colcon.colcon_core.verb:set package 'custom_msgs' build argument 'cmake_args' from command line to 'None'
[0.394s] Level 5:colcon.colcon_core.verb:set package 'custom_msgs' build argument 'cmake_target' from command line to 'None'
[0.394s] Level 5:colcon.colcon_core.verb:set package 'custom_msgs' build argument 'cmake_target_skip_unavailable' from command line to 'False'
[0.394s] Level 5:colcon.colcon_core.verb:set package 'custom_msgs' build argument 'cmake_clean_cache' from command line to 'False'
[0.394s] Level 5:colcon.colcon_core.verb:set package 'custom_msgs' build argument 'cmake_clean_first' from command line to 'False'
[0.394s] Level 5:colcon.colcon_core.verb:set package 'custom_msgs' build argument 'cmake_force_configure' from command line to 'False'
[0.394s] Level 5:colcon.colcon_core.verb:set package 'custom_msgs' build argument 'ament_cmake_args' from command line to 'None'
[0.394s] Level 5:colcon.colcon_core.verb:set package 'custom_msgs' build argument 'catkin_cmake_args' from command line to 'None'
[0.394s] Level 5:colcon.colcon_core.verb:set package 'custom_msgs' build argument 'catkin_skip_building_tests' from command line to 'False'
[0.394s] DEBUG:colcon.colcon_core.verb:Building package 'custom_msgs' with the following arguments: {'ament_cmake_args': None, 'build_base': '/home/bev/bev_ws/build/custom_msgs', 'catkin_cmake_args': None, 'catkin_skip_building_tests': False, 'cmake_args': None, 'cmake_clean_cache': False, 'cmake_clean_first': False, 'cmake_force_configure': False, 'cmake_target': None, 'cmake_target_skip_unavailable': False, 'install_base': '/home/bev/bev_ws/install/custom_msgs', 'merge_install': False, 'path': '/home/bev/bev_ws/src/custom_msgs', 'symlink_install': False, 'test_result_base': None}
[0.395s] Level 5:colcon.colcon_core.verb:set package 'risk_assessment' build argument 'cmake_args' from command line to 'None'
[0.395s] Level 5:colcon.colcon_core.verb:set package 'risk_assessment' build argument 'cmake_target' from command line to 'None'
[0.395s] Level 5:colcon.colcon_core.verb:set package 'risk_assessment' build argument 'cmake_target_skip_unavailable' from command line to 'False'
[0.395s] Level 5:colcon.colcon_core.verb:set package 'risk_assessment' build argument 'cmake_clean_cache' from command line to 'False'
[0.395s] Level 5:colcon.colcon_core.verb:set package 'risk_assessment' build argument 'cmake_clean_first' from command line to 'False'
[0.395s] Level 5:colcon.colcon_core.verb:set package 'risk_assessment' build argument 'cmake_force_configure' from command line to 'False'
[0.395s] Level 5:colcon.colcon_core.verb:set package 'risk_assessment' build argument 'ament_cmake_args' from command line to 'None'
[0.395s] Level 5:colcon.colcon_core.verb:set package 'risk_assessment' build argument 'catkin_cmake_args' from command line to 'None'
[0.395s] Level 5:colcon.colcon_core.verb:set package 'risk_assessment' build argument 'catkin_skip_building_tests' from command line to 'False'
[0.395s] DEBUG:colcon.colcon_core.verb:Building package 'risk_assessment' with the following arguments: {'ament_cmake_args': None, 'build_base': '/home/bev/bev_ws/build/risk_assessment', 'catkin_cmake_args': None, 'catkin_skip_building_tests': False, 'cmake_args': None, 'cmake_clean_cache': False, 'cmake_clean_first': False, 'cmake_force_configure': False, 'cmake_target': None, 'cmake_target_skip_unavailable': False, 'install_base': '/home/bev/bev_ws/install/risk_assessment', 'merge_install': False, 'path': '/home/bev/bev_ws/src/risk_assessment', 'symlink_install': False, 'test_result_base': None}
[0.396s] Level 5:colcon.colcon_core.verb:set package 'tcp_socket' build argument 'cmake_args' from command line to 'None'
[0.396s] Level 5:colcon.colcon_core.verb:set package 'tcp_socket' build argument 'cmake_target' from command line to 'None'
[0.396s] Level 5:colcon.colcon_core.verb:set package 'tcp_socket' build argument 'cmake_target_skip_unavailable' from command line to 'False'
[0.396s] Level 5:colcon.colcon_core.verb:set package 'tcp_socket' build argument 'cmake_clean_cache' from command line to 'False'
[0.396s] Level 5:colcon.colcon_core.verb:set package 'tcp_socket' build argument 'cmake_clean_first' from command line to 'False'
[0.396s] Level 5:colcon.colcon_core.verb:set package 'tcp_socket' build argument 'cmake_force_configure' from command line to 'False'
[0.396s] Level 5:colcon.colcon_core.verb:set package 'tcp_socket' build argument 'ament_cmake_args' from command line to 'None'
[0.396s] Level 5:colcon.colcon_core.verb:set package 'tcp_socket' build argument 'catkin_cmake_args' from command line to 'None'
[0.396s] Level 5:colcon.colcon_core.verb:set package 'tcp_socket' build argument 'catkin_skip_building_tests' from command line to 'False'
[0.396s] DEBUG:colcon.colcon_core.verb:Building package 'tcp_socket' with the following arguments: {'ament_cmake_args': None, 'build_base': '/home/bev/bev_ws/build/tcp_socket', 'catkin_cmake_args': None, 'catkin_skip_building_tests': False, 'cmake_args': None, 'cmake_clean_cache': False, 'cmake_clean_first': False, 'cmake_force_configure': False, 'cmake_target': None, 'cmake_target_skip_unavailable': False, 'install_base': '/home/bev/bev_ws/install/tcp_socket', 'merge_install': False, 'path': '/home/bev/bev_ws/src/tcp_socket', 'symlink_install': False, 'test_result_base': None}
[0.397s] Level 5:colcon.colcon_core.verb:set package 'data_pkg' build argument 'cmake_args' from command line to 'None'
[0.397s] Level 5:colcon.colcon_core.verb:set package 'data_pkg' build argument 'cmake_target' from command line to 'None'
[0.397s] Level 5:colcon.colcon_core.verb:set package 'data_pkg' build argument 'cmake_target_skip_unavailable' from command line to 'False'
[0.397s] Level 5:colcon.colcon_core.verb:set package 'data_pkg' build argument 'cmake_clean_cache' from command line to 'False'
[0.397s] Level 5:colcon.colcon_core.verb:set package 'data_pkg' build argument 'cmake_clean_first' from command line to 'False'
[0.397s] Level 5:colcon.colcon_core.verb:set package 'data_pkg' build argument 'cmake_force_configure' from command line to 'False'
[0.397s] Level 5:colcon.colcon_core.verb:set package 'data_pkg' build argument 'ament_cmake_args' from command line to 'None'
[0.397s] Level 5:colcon.colcon_core.verb:set package 'data_pkg' build argument 'catkin_cmake_args' from command line to 'None'
[0.397s] Level 5:colcon.colcon_core.verb:set package 'data_pkg' build argument 'catkin_skip_building_tests' from command line to 'False'
[0.397s] DEBUG:colcon.colcon_core.verb:Building package 'data_pkg' with the following arguments: {'ament_cmake_args': None, 'build_base': '/home/bev/bev_ws/build/data_pkg', 'catkin_cmake_args': None, 'catkin_skip_building_tests': False, 'cmake_args': None, 'cmake_clean_cache': False, 'cmake_clean_first': False, 'cmake_force_configure': False, 'cmake_target': None, 'cmake_target_skip_unavailable': False, 'install_base': '/home/bev/bev_ws/install/data_pkg', 'merge_install': False, 'path': '/home/bev/bev_ws/src/data_pkg', 'symlink_install': False, 'test_result_base': None}
[0.398s] Level 5:colcon.colcon_core.verb:set package 'tracking_algorithm' build argument 'cmake_args' from command line to 'None'
[0.398s] Level 5:colcon.colcon_core.verb:set package 'tracking_algorithm' build argument 'cmake_target' from command line to 'None'
[0.398s] Level 5:colcon.colcon_core.verb:set package 'tracking_algorithm' build argument 'cmake_target_skip_unavailable' from command line to 'False'
[0.398s] Level 5:colcon.colcon_core.verb:set package 'tracking_algorithm' build argument 'cmake_clean_cache' from command line to 'False'
[0.398s] Level 5:colcon.colcon_core.verb:set package 'tracking_algorithm' build argument 'cmake_clean_first' from command line to 'False'
[0.398s] Level 5:colcon.colcon_core.verb:set package 'tracking_algorithm' build argument 'cmake_force_configure' from command line to 'False'
[0.398s] Level 5:colcon.colcon_core.verb:set package 'tracking_algorithm' build argument 'ament_cmake_args' from command line to 'None'
[0.398s] Level 5:colcon.colcon_core.verb:set package 'tracking_algorithm' build argument 'catkin_cmake_args' from command line to 'None'
[0.398s] Level 5:colcon.colcon_core.verb:set package 'tracking_algorithm' build argument 'catkin_skip_building_tests' from command line to 'False'
[0.398s] DEBUG:colcon.colcon_core.verb:Building package 'tracking_algorithm' with the following arguments: {'ament_cmake_args': None, 'build_base': '/home/bev/bev_ws/build/tracking_algorithm', 'catkin_cmake_args': None, 'catkin_skip_building_tests': False, 'cmake_args': None, 'cmake_clean_cache': False, 'cmake_clean_first': False, 'cmake_force_configure': False, 'cmake_target': None, 'cmake_target_skip_unavailable': False, 'install_base': '/home/bev/bev_ws/install/tracking_algorithm', 'merge_install': False, 'path': '/home/bev/bev_ws/src/tracking_algorithm', 'symlink_install': False, 'test_result_base': None}
[0.399s] INFO:colcon.colcon_core.executor:Executing jobs using 'parallel' executor
[0.402s] DEBUG:colcon.colcon_parallel_executor.executor.parallel:run_until_complete
[0.402s] INFO:colcon.colcon_ros.task.ament_cmake.build:Building ROS package in '/home/bev/bev_ws/src/custom_msgs' with build type 'ament_cmake'
[0.402s] INFO:colcon.colcon_cmake.task.cmake.build:Building CMake package in '/home/bev/bev_ws/src/custom_msgs'
[0.406s] INFO:colcon.colcon_core.plugin_system:Skipping extension 'colcon_core.shell.bat': Not used on non-Windows systems
[0.406s] INFO:colcon.colcon_core.shell:Skip shell extension 'powershell' for command environment: Not usable outside of PowerShell
[0.406s] DEBUG:colcon.colcon_core.shell:Skip shell extension 'dsv' for command environment
[0.413s] INFO:colcon.colcon_ros.task.ament_cmake.build:Building ROS package in '/home/bev/bev_ws/src/risk_assessment' with build type 'ament_cmake'
[0.414s] INFO:colcon.colcon_cmake.task.cmake.build:Building CMake package in '/home/bev/bev_ws/src/risk_assessment'
[0.415s] INFO:colcon.colcon_core.shell:Skip shell extension 'powershell' for command environment: Not usable outside of PowerShell
[0.415s] DEBUG:colcon.colcon_core.shell:Skip shell extension 'dsv' for command environment
[0.423s] INFO:colcon.colcon_ros.task.ament_cmake.build:Building ROS package in '/home/bev/bev_ws/src/tcp_socket' with build type 'ament_cmake'
[0.423s] INFO:colcon.colcon_cmake.task.cmake.build:Building CMake package in '/home/bev/bev_ws/src/tcp_socket'
[0.424s] INFO:colcon.colcon_core.shell:Skip shell extension 'powershell' for command environment: Not usable outside of PowerShell
[0.424s] DEBUG:colcon.colcon_core.shell:Skip shell extension 'dsv' for command environment
[0.436s] DEBUG:colcon.colcon_core.event_handler.log_command:Invoking command in '/home/bev/bev_ws/build/custom_msgs': CMAKE_PREFIX_PATH=${CMAKE_PREFIX_PATH}:/home/bev/carla-ros-bridge/install/rqt_carla_control:/home/bev/carla-ros-bridge/install/carla_waypoint_publisher:/home/bev/carla-ros-bridge/install/carla_ackermann_control:/home/bev/carla-ros-bridge/install/carla_ros_bridge:/home/bev/carla-ros-bridge/install/carla_spawn_objects:/home/bev/carla-ros-bridge/install/carla_manual_control:/home/bev/carla-ros-bridge/install/carla_ad_agent:/home/bev/carla-ros-bridge/install/ros_compatibility:/home/bev/carla-ros-bridge/install/carla_walker_agent:/home/bev/carla-ros-bridge/install/carla_twist_to_control:/home/bev/carla-ros-bridge/install/carla_ros_scenario_runner:/home/bev/carla-ros-bridge/install/carla_common:/opt/ros/foxy /usr/bin/cmake --build /home/bev/bev_ws/build/custom_msgs -- -j28 -l28
[0.447s] DEBUG:colcon.colcon_core.event_handler.log_command:Invoking command in '/home/bev/bev_ws/build/risk_assessment': CMAKE_PREFIX_PATH=${CMAKE_PREFIX_PATH}:/home/bev/carla-ros-bridge/install/rqt_carla_control:/home/bev/carla-ros-bridge/install/carla_waypoint_publisher:/home/bev/carla-ros-bridge/install/carla_ackermann_control:/home/bev/carla-ros-bridge/install/carla_ros_bridge:/home/bev/carla-ros-bridge/install/carla_spawn_objects:/home/bev/carla-ros-bridge/install/carla_manual_control:/home/bev/carla-ros-bridge/install/carla_ad_agent:/home/bev/carla-ros-bridge/install/ros_compatibility:/home/bev/carla-ros-bridge/install/carla_walker_agent:/home/bev/carla-ros-bridge/install/carla_twist_to_control:/home/bev/carla-ros-bridge/install/carla_ros_scenario_runner:/home/bev/carla-ros-bridge/install/carla_common:/opt/ros/foxy /usr/bin/cmake --build /home/bev/bev_ws/build/risk_assessment -- -j28 -l28
[0.458s] DEBUG:colcon.colcon_core.event_handler.log_command:Invoking command in '/home/bev/bev_ws/build/tcp_socket': CMAKE_PREFIX_PATH=${CMAKE_PREFIX_PATH}:/home/bev/carla-ros-bridge/install/rqt_carla_control:/home/bev/carla-ros-bridge/install/carla_waypoint_publisher:/home/bev/carla-ros-bridge/install/carla_ackermann_control:/home/bev/carla-ros-bridge/install/carla_ros_bridge:/home/bev/carla-ros-bridge/install/carla_spawn_objects:/home/bev/carla-ros-bridge/install/carla_manual_control:/home/bev/carla-ros-bridge/install/carla_ad_agent:/home/bev/carla-ros-bridge/install/ros_compatibility:/home/bev/carla-ros-bridge/install/carla_walker_agent:/home/bev/carla-ros-bridge/install/carla_twist_to_control:/home/bev/carla-ros-bridge/install/carla_ros_scenario_runner:/home/bev/carla-ros-bridge/install/carla_common:/opt/ros/foxy /usr/bin/cmake --build /home/bev/bev_ws/build/tcp_socket -- -j28 -l28
[0.580s] DEBUG:colcon.colcon_core.event_handler.log_command:Invoked command in '/home/bev/bev_ws/build/risk_assessment' returned '0': CMAKE_PREFIX_PATH=${CMAKE_PREFIX_PATH}:/home/bev/carla-ros-bridge/install/rqt_carla_control:/home/bev/carla-ros-bridge/install/carla_waypoint_publisher:/home/bev/carla-ros-bridge/install/carla_ackermann_control:/home/bev/carla-ros-bridge/install/carla_ros_bridge:/home/bev/carla-ros-bridge/install/carla_spawn_objects:/home/bev/carla-ros-bridge/install/carla_manual_control:/home/bev/carla-ros-bridge/install/carla_ad_agent:/home/bev/carla-ros-bridge/install/ros_compatibility:/home/bev/carla-ros-bridge/install/carla_walker_agent:/home/bev/carla-ros-bridge/install/carla_twist_to_control:/home/bev/carla-ros-bridge/install/carla_ros_scenario_runner:/home/bev/carla-ros-bridge/install/carla_common:/opt/ros/foxy /usr/bin/cmake --build /home/bev/bev_ws/build/risk_assessment -- -j28 -l28
[0.593s] DEBUG:colcon.colcon_core.event_handler.log_command:Invoked command in '/home/bev/bev_ws/build/tcp_socket' returned '0': CMAKE_PREFIX_PATH=${CMAKE_PREFIX_PATH}:/home/bev/carla-ros-bridge/install/rqt_carla_control:/home/bev/carla-ros-bridge/install/carla_waypoint_publisher:/home/bev/carla-ros-bridge/install/carla_ackermann_control:/home/bev/carla-ros-bridge/install/carla_ros_bridge:/home/bev/carla-ros-bridge/install/carla_spawn_objects:/home/bev/carla-ros-bridge/install/carla_manual_control:/home/bev/carla-ros-bridge/install/carla_ad_agent:/home/bev/carla-ros-bridge/install/ros_compatibility:/home/bev/carla-ros-bridge/install/carla_walker_agent:/home/bev/carla-ros-bridge/install/carla_twist_to_control:/home/bev/carla-ros-bridge/install/carla_ros_scenario_runner:/home/bev/carla-ros-bridge/install/carla_common:/opt/ros/foxy /usr/bin/cmake --build /home/bev/bev_ws/build/tcp_socket -- -j28 -l28
[0.666s] DEBUG:colcon.colcon_core.event_handler.log_command:Invoking command in '/home/bev/bev_ws/build/risk_assessment': CMAKE_PREFIX_PATH=${CMAKE_PREFIX_PATH}:/home/bev/carla-ros-bridge/install/rqt_carla_control:/home/bev/carla-ros-bridge/install/carla_waypoint_publisher:/home/bev/carla-ros-bridge/install/carla_ackermann_control:/home/bev/carla-ros-bridge/install/carla_ros_bridge:/home/bev/carla-ros-bridge/install/carla_spawn_objects:/home/bev/carla-ros-bridge/install/carla_manual_control:/home/bev/carla-ros-bridge/install/carla_ad_agent:/home/bev/carla-ros-bridge/install/ros_compatibility:/home/bev/carla-ros-bridge/install/carla_walker_agent:/home/bev/carla-ros-bridge/install/carla_twist_to_control:/home/bev/carla-ros-bridge/install/carla_ros_scenario_runner:/home/bev/carla-ros-bridge/install/carla_common:/opt/ros/foxy /usr/bin/cmake --install /home/bev/bev_ws/build/risk_assessment
[0.674s] DEBUG:colcon.colcon_core.event_handler.log_command:Invoking command in '/home/bev/bev_ws/build/tcp_socket': CMAKE_PREFIX_PATH=${CMAKE_PREFIX_PATH}:/home/bev/carla-ros-bridge/install/rqt_carla_control:/home/bev/carla-ros-bridge/install/carla_waypoint_publisher:/home/bev/carla-ros-bridge/install/carla_ackermann_control:/home/bev/carla-ros-bridge/install/carla_ros_bridge:/home/bev/carla-ros-bridge/install/carla_spawn_objects:/home/bev/carla-ros-bridge/install/carla_manual_control:/home/bev/carla-ros-bridge/install/carla_ad_agent:/home/bev/carla-ros-bridge/install/ros_compatibility:/home/bev/carla-ros-bridge/install/carla_walker_agent:/home/bev/carla-ros-bridge/install/carla_twist_to_control:/home/bev/carla-ros-bridge/install/carla_ros_scenario_runner:/home/bev/carla-ros-bridge/install/carla_common:/opt/ros/foxy /usr/bin/cmake --install /home/bev/bev_ws/build/tcp_socket
[0.714s] Level 1:colcon.colcon_core.environment:create_environment_scripts_only(risk_assessment)
[0.715s] DEBUG:colcon.colcon_core.event_handler.log_command:Invoked command in '/home/bev/bev_ws/build/risk_assessment' returned '0': CMAKE_PREFIX_PATH=${CMAKE_PREFIX_PATH}:/home/bev/carla-ros-bridge/install/rqt_carla_control:/home/bev/carla-ros-bridge/install/carla_waypoint_publisher:/home/bev/carla-ros-bridge/install/carla_ackermann_control:/home/bev/carla-ros-bridge/install/carla_ros_bridge:/home/bev/carla-ros-bridge/install/carla_spawn_objects:/home/bev/carla-ros-bridge/install/carla_manual_control:/home/bev/carla-ros-bridge/install/carla_ad_agent:/home/bev/carla-ros-bridge/install/ros_compatibility:/home/bev/carla-ros-bridge/install/carla_walker_agent:/home/bev/carla-ros-bridge/install/carla_twist_to_control:/home/bev/carla-ros-bridge/install/carla_ros_scenario_runner:/home/bev/carla-ros-bridge/install/carla_common:/opt/ros/foxy /usr/bin/cmake --install /home/bev/bev_ws/build/risk_assessment
[0.725s] Level 1:colcon.colcon_core.environment:checking '/home/bev/bev_ws/install/risk_assessment' for CMake module files
[0.726s] Level 1:colcon.colcon_core.environment:checking '/home/bev/bev_ws/install/risk_assessment' for CMake config files
[0.726s] Level 1:colcon.colcon_core.shell:create_environment_hook('risk_assessment', 'cmake_prefix_path')
[0.729s] INFO:colcon.colcon_core.shell:Creating environment hook '/home/bev/bev_ws/install/risk_assessment/share/risk_assessment/hook/cmake_prefix_path.ps1'
[0.730s] INFO:colcon.colcon_core.shell:Creating environment descriptor '/home/bev/bev_ws/install/risk_assessment/share/risk_assessment/hook/cmake_prefix_path.dsv'
[0.730s] INFO:colcon.colcon_core.shell:Creating environment hook '/home/bev/bev_ws/install/risk_assessment/share/risk_assessment/hook/cmake_prefix_path.sh'
[0.731s] Level 1:colcon.colcon_core.environment:checking '/home/bev/bev_ws/install/risk_assessment/lib'
[0.732s] Level 1:colcon.colcon_core.environment:checking '/home/bev/bev_ws/install/risk_assessment/bin'
[0.732s] Level 1:colcon.colcon_core.environment:checking '/home/bev/bev_ws/install/risk_assessment/lib/pkgconfig/risk_assessment.pc'
[0.732s] Level 1:colcon.colcon_core.environment:checking '/home/bev/bev_ws/install/risk_assessment/lib/python3.8/site-packages'
[0.732s] Level 1:colcon.colcon_core.environment:checking '/home/bev/bev_ws/install/risk_assessment/bin'
[0.734s] INFO:colcon.colcon_core.shell:Creating package script '/home/bev/bev_ws/install/risk_assessment/share/risk_assessment/package.ps1'
[0.734s] INFO:colcon.colcon_core.shell:Creating package descriptor '/home/bev/bev_ws/install/risk_assessment/share/risk_assessment/package.dsv'
[0.735s] INFO:colcon.colcon_core.shell:Creating package script '/home/bev/bev_ws/install/risk_assessment/share/risk_assessment/package.sh'
[0.736s] INFO:colcon.colcon_core.shell:Creating package script '/home/bev/bev_ws/install/risk_assessment/share/risk_assessment/package.bash'
[0.737s] INFO:colcon.colcon_core.shell:Creating package script '/home/bev/bev_ws/install/risk_assessment/share/risk_assessment/package.zsh'
[0.738s] Level 1:colcon.colcon_core.environment:create_file_with_runtime_dependencies(/home/bev/bev_ws/install/risk_assessment/share/colcon-core/packages/risk_assessment)
[0.742s] Level 1:colcon.colcon_core.environment:create_environment_scripts_only(tcp_socket)
[0.744s] Level 1:colcon.colcon_core.environment:checking '/home/bev/bev_ws/install/tcp_socket' for CMake module files
[0.745s] DEBUG:colcon.colcon_core.event_handler.log_command:Invoked command in '/home/bev/bev_ws/build/tcp_socket' returned '0': CMAKE_PREFIX_PATH=${CMAKE_PREFIX_PATH}:/home/bev/carla-ros-bridge/install/rqt_carla_control:/home/bev/carla-ros-bridge/install/carla_waypoint_publisher:/home/bev/carla-ros-bridge/install/carla_ackermann_control:/home/bev/carla-ros-bridge/install/carla_ros_bridge:/home/bev/carla-ros-bridge/install/carla_spawn_objects:/home/bev/carla-ros-bridge/install/carla_manual_control:/home/bev/carla-ros-bridge/install/carla_ad_agent:/home/bev/carla-ros-bridge/install/ros_compatibility:/home/bev/carla-ros-bridge/install/carla_walker_agent:/home/bev/carla-ros-bridge/install/carla_twist_to_control:/home/bev/carla-ros-bridge/install/carla_ros_scenario_runner:/home/bev/carla-ros-bridge/install/carla_common:/opt/ros/foxy /usr/bin/cmake --install /home/bev/bev_ws/build/tcp_socket
[0.745s] Level 1:colcon.colcon_core.environment:checking '/home/bev/bev_ws/install/tcp_socket' for CMake config files
[0.746s] Level 1:colcon.colcon_core.shell:create_environment_hook('tcp_socket', 'cmake_prefix_path')
[0.747s] INFO:colcon.colcon_core.shell:Creating environment hook '/home/bev/bev_ws/install/tcp_socket/share/tcp_socket/hook/cmake_prefix_path.ps1'
[0.747s] INFO:colcon.colcon_core.shell:Creating environment descriptor '/home/bev/bev_ws/install/tcp_socket/share/tcp_socket/hook/cmake_prefix_path.dsv'
[0.747s] INFO:colcon.colcon_core.shell:Creating environment hook '/home/bev/bev_ws/install/tcp_socket/share/tcp_socket/hook/cmake_prefix_path.sh'
[0.748s] Level 1:colcon.colcon_core.environment:checking '/home/bev/bev_ws/install/tcp_socket/lib'
[0.748s] Level 1:colcon.colcon_core.environment:checking '/home/bev/bev_ws/install/tcp_socket/bin'
[0.748s] Level 1:colcon.colcon_core.environment:checking '/home/bev/bev_ws/install/tcp_socket/lib/pkgconfig/tcp_socket.pc'
[0.748s] Level 1:colcon.colcon_core.environment:checking '/home/bev/bev_ws/install/tcp_socket/lib/python3.8/site-packages'
[0.748s] Level 1:colcon.colcon_core.environment:checking '/home/bev/bev_ws/install/tcp_socket/bin'
[0.749s] INFO:colcon.colcon_core.shell:Creating package script '/home/bev/bev_ws/install/tcp_socket/share/tcp_socket/package.ps1'
[0.750s] INFO:colcon.colcon_core.shell:Creating package descriptor '/home/bev/bev_ws/install/tcp_socket/share/tcp_socket/package.dsv'
[0.750s] INFO:colcon.colcon_core.shell:Creating package script '/home/bev/bev_ws/install/tcp_socket/share/tcp_socket/package.sh'
[0.750s] INFO:colcon.colcon_core.shell:Creating package script '/home/bev/bev_ws/install/tcp_socket/share/tcp_socket/package.bash'
[0.751s] INFO:colcon.colcon_core.shell:Creating package script '/home/bev/bev_ws/install/tcp_socket/share/tcp_socket/package.zsh'
[0.751s] Level 1:colcon.colcon_core.environment:create_file_with_runtime_dependencies(/home/bev/bev_ws/install/tcp_socket/share/colcon-core/packages/tcp_socket)
[0.791s] Level 1:colcon.colcon_core.environment:create_environment_scripts_only(risk_assessment)
[0.796s] Level 1:colcon.colcon_core.environment:checking '/home/bev/bev_ws/install/risk_assessment' for CMake module files
[0.798s] Level 1:colcon.colcon_core.environment:checking '/home/bev/bev_ws/install/risk_assessment' for CMake config files
[0.799s] Level 1:colcon.colcon_core.shell:create_environment_hook('risk_assessment', 'cmake_prefix_path')
[0.803s] INFO:colcon.colcon_core.shell:Creating environment hook '/home/bev/bev_ws/install/risk_assessment/share/risk_assessment/hook/cmake_prefix_path.ps1'
[0.804s] INFO:colcon.colcon_core.shell:Creating environment descriptor '/home/bev/bev_ws/install/risk_assessment/share/risk_assessment/hook/cmake_prefix_path.dsv'
[0.805s] INFO:colcon.colcon_core.shell:Creating environment hook '/home/bev/bev_ws/install/risk_assessment/share/risk_assessment/hook/cmake_prefix_path.sh'
[0.806s] Level 1:colcon.colcon_core.environment:checking '/home/bev/bev_ws/install/risk_assessment/lib'
[0.806s] Level 1:colcon.colcon_core.environment:checking '/home/bev/bev_ws/install/risk_assessment/bin'
[0.806s] Level 1:colcon.colcon_core.environment:checking '/home/bev/bev_ws/install/risk_assessment/lib/pkgconfig/risk_assessment.pc'
[0.808s] Level 1:colcon.colcon_core.environment:checking '/home/bev/bev_ws/install/risk_assessment/lib/python3.8/site-packages'
[0.808s] Level 1:colcon.colcon_core.environment:checking '/home/bev/bev_ws/install/risk_assessment/bin'
[0.812s] INFO:colcon.colcon_core.shell:Creating package script '/home/bev/bev_ws/install/risk_assessment/share/risk_assessment/package.ps1'
[0.813s] INFO:colcon.colcon_core.shell:Creating package descriptor '/home/bev/bev_ws/install/risk_assessment/share/risk_assessment/package.dsv'
[0.813s] INFO:colcon.colcon_core.shell:Creating package script '/home/bev/bev_ws/install/risk_assessment/share/risk_assessment/package.sh'
[0.814s] INFO:colcon.colcon_core.shell:Creating package script '/home/bev/bev_ws/install/risk_assessment/share/risk_assessment/package.bash'
[0.815s] INFO:colcon.colcon_core.shell:Creating package script '/home/bev/bev_ws/install/risk_assessment/share/risk_assessment/package.zsh'
[0.815s] Level 1:colcon.colcon_core.environment:create_file_with_runtime_dependencies(/home/bev/bev_ws/install/risk_assessment/share/colcon-core/packages/risk_assessment)
[0.819s] Level 1:colcon.colcon_core.environment:create_environment_scripts_only(tcp_socket)
[0.821s] Level 1:colcon.colcon_core.environment:checking '/home/bev/bev_ws/install/tcp_socket' for CMake module files
[0.822s] Level 1:colcon.colcon_core.environment:checking '/home/bev/bev_ws/install/tcp_socket' for CMake config files
[0.823s] Level 1:colcon.colcon_core.shell:create_environment_hook('tcp_socket', 'cmake_prefix_path')
[0.824s] INFO:colcon.colcon_core.shell:Creating environment hook '/home/bev/bev_ws/install/tcp_socket/share/tcp_socket/hook/cmake_prefix_path.ps1'
[0.824s] INFO:colcon.colcon_core.shell:Creating environment descriptor '/home/bev/bev_ws/install/tcp_socket/share/tcp_socket/hook/cmake_prefix_path.dsv'
[0.824s] INFO:colcon.colcon_core.shell:Creating environment hook '/home/bev/bev_ws/install/tcp_socket/share/tcp_socket/hook/cmake_prefix_path.sh'
[0.825s] Level 1:colcon.colcon_core.environment:checking '/home/bev/bev_ws/install/tcp_socket/lib'
[0.825s] Level 1:colcon.colcon_core.environment:checking '/home/bev/bev_ws/install/tcp_socket/bin'
[0.825s] Level 1:colcon.colcon_core.environment:checking '/home/bev/bev_ws/install/tcp_socket/lib/pkgconfig/tcp_socket.pc'
[0.825s] Level 1:colcon.colcon_core.environment:checking '/home/bev/bev_ws/install/tcp_socket/lib/python3.8/site-packages'
[0.825s] Level 1:colcon.colcon_core.environment:checking '/home/bev/bev_ws/install/tcp_socket/bin'
[0.827s] INFO:colcon.colcon_core.shell:Creating package script '/home/bev/bev_ws/install/tcp_socket/share/tcp_socket/package.ps1'
[0.827s] INFO:colcon.colcon_core.shell:Creating package descriptor '/home/bev/bev_ws/install/tcp_socket/share/tcp_socket/package.dsv'
[0.828s] INFO:colcon.colcon_core.shell:Creating package script '/home/bev/bev_ws/install/tcp_socket/share/tcp_socket/package.sh'
[0.828s] INFO:colcon.colcon_core.shell:Creating package script '/home/bev/bev_ws/install/tcp_socket/share/tcp_socket/package.bash'
[0.828s] INFO:colcon.colcon_core.shell:Creating package script '/home/bev/bev_ws/install/tcp_socket/share/tcp_socket/package.zsh'
[0.828s] Level 1:colcon.colcon_core.environment:create_file_with_runtime_dependencies(/home/bev/bev_ws/install/tcp_socket/share/colcon-core/packages/tcp_socket)
[0.865s] DEBUG:colcon.colcon_core.event_handler.log_command:Invoked command in '/home/bev/bev_ws/build/custom_msgs' returned '0': CMAKE_PREFIX_PATH=${CMAKE_PREFIX_PATH}:/home/bev/carla-ros-bridge/install/rqt_carla_control:/home/bev/carla-ros-bridge/install/carla_waypoint_publisher:/home/bev/carla-ros-bridge/install/carla_ackermann_control:/home/bev/carla-ros-bridge/install/carla_ros_bridge:/home/bev/carla-ros-bridge/install/carla_spawn_objects:/home/bev/carla-ros-bridge/install/carla_manual_control:/home/bev/carla-ros-bridge/install/carla_ad_agent:/home/bev/carla-ros-bridge/install/ros_compatibility:/home/bev/carla-ros-bridge/install/carla_walker_agent:/home/bev/carla-ros-bridge/install/carla_twist_to_control:/home/bev/carla-ros-bridge/install/carla_ros_scenario_runner:/home/bev/carla-ros-bridge/install/carla_common:/opt/ros/foxy /usr/bin/cmake --build /home/bev/bev_ws/build/custom_msgs -- -j28 -l28
[1.089s] DEBUG:colcon.colcon_core.event_handler.log_command:Invoking command in '/home/bev/bev_ws/build/custom_msgs': CMAKE_PREFIX_PATH=${CMAKE_PREFIX_PATH}:/home/bev/carla-ros-bridge/install/rqt_carla_control:/home/bev/carla-ros-bridge/install/carla_waypoint_publisher:/home/bev/carla-ros-bridge/install/carla_ackermann_control:/home/bev/carla-ros-bridge/install/carla_ros_bridge:/home/bev/carla-ros-bridge/install/carla_spawn_objects:/home/bev/carla-ros-bridge/install/carla_manual_control:/home/bev/carla-ros-bridge/install/carla_ad_agent:/home/bev/carla-ros-bridge/install/ros_compatibility:/home/bev/carla-ros-bridge/install/carla_walker_agent:/home/bev/carla-ros-bridge/install/carla_twist_to_control:/home/bev/carla-ros-bridge/install/carla_ros_scenario_runner:/home/bev/carla-ros-bridge/install/carla_common:/opt/ros/foxy /usr/bin/cmake --install /home/bev/bev_ws/build/custom_msgs
[1.189s] Level 1:colcon.colcon_core.environment:create_environment_scripts_only(custom_msgs)
[1.196s] Level 1:colcon.colcon_core.environment:checking '/home/bev/bev_ws/install/custom_msgs' for CMake module files
[1.196s] DEBUG:colcon.colcon_core.event_handler.log_command:Invoked command in '/home/bev/bev_ws/build/custom_msgs' returned '0': CMAKE_PREFIX_PATH=${CMAKE_PREFIX_PATH}:/home/bev/carla-ros-bridge/install/rqt_carla_control:/home/bev/carla-ros-bridge/install/carla_waypoint_publisher:/home/bev/carla-ros-bridge/install/carla_ackermann_control:/home/bev/carla-ros-bridge/install/carla_ros_bridge:/home/bev/carla-ros-bridge/install/carla_spawn_objects:/home/bev/carla-ros-bridge/install/carla_manual_control:/home/bev/carla-ros-bridge/install/carla_ad_agent:/home/bev/carla-ros-bridge/install/ros_compatibility:/home/bev/carla-ros-bridge/install/carla_walker_agent:/home/bev/carla-ros-bridge/install/carla_twist_to_control:/home/bev/carla-ros-bridge/install/carla_ros_scenario_runner:/home/bev/carla-ros-bridge/install/carla_common:/opt/ros/foxy /usr/bin/cmake --install /home/bev/bev_ws/build/custom_msgs
[1.198s] Level 1:colcon.colcon_core.environment:checking '/home/bev/bev_ws/install/custom_msgs' for CMake config files
[1.199s] Level 1:colcon.colcon_core.shell:create_environment_hook('custom_msgs', 'cmake_prefix_path')
[1.203s] INFO:colcon.colcon_core.shell:Creating environment hook '/home/bev/bev_ws/install/custom_msgs/share/custom_msgs/hook/cmake_prefix_path.ps1'
[1.203s] INFO:colcon.colcon_core.shell:Creating environment descriptor '/home/bev/bev_ws/install/custom_msgs/share/custom_msgs/hook/cmake_prefix_path.dsv'
[1.204s] INFO:colcon.colcon_core.shell:Creating environment hook '/home/bev/bev_ws/install/custom_msgs/share/custom_msgs/hook/cmake_prefix_path.sh'
[1.205s] Level 1:colcon.colcon_core.environment:checking '/home/bev/bev_ws/install/custom_msgs/lib'
[1.205s] Level 1:colcon.colcon_core.shell:create_environment_hook('custom_msgs', 'ld_library_path_lib')
[1.208s] INFO:colcon.colcon_core.shell:Creating environment hook '/home/bev/bev_ws/install/custom_msgs/share/custom_msgs/hook/ld_library_path_lib.ps1'
[1.209s] INFO:colcon.colcon_core.shell:Creating environment descriptor '/home/bev/bev_ws/install/custom_msgs/share/custom_msgs/hook/ld_library_path_lib.dsv'
[1.209s] INFO:colcon.colcon_core.shell:Creating environment hook '/home/bev/bev_ws/install/custom_msgs/share/custom_msgs/hook/ld_library_path_lib.sh'
[1.210s] Level 1:colcon.colcon_core.environment:checking '/home/bev/bev_ws/install/custom_msgs/bin'
[1.210s] Level 1:colcon.colcon_core.environment:checking '/home/bev/bev_ws/install/custom_msgs/lib/pkgconfig/custom_msgs.pc'
[1.210s] Level 1:colcon.colcon_core.environment:checking '/home/bev/bev_ws/install/custom_msgs/lib/python3.8/site-packages'
[1.210s] Level 1:colcon.colcon_core.shell:create_environment_hook('custom_msgs', 'pythonpath')
[1.212s] INFO:colcon.colcon_core.shell:Creating environment hook '/home/bev/bev_ws/install/custom_msgs/share/custom_msgs/hook/pythonpath.ps1'
[1.213s] INFO:colcon.colcon_core.shell:Creating environment descriptor '/home/bev/bev_ws/install/custom_msgs/share/custom_msgs/hook/pythonpath.dsv'
[1.213s] INFO:colcon.colcon_core.shell:Creating environment hook '/home/bev/bev_ws/install/custom_msgs/share/custom_msgs/hook/pythonpath.sh'
[1.214s] Level 1:colcon.colcon_core.environment:checking '/home/bev/bev_ws/install/custom_msgs/bin'
[1.216s] INFO:colcon.colcon_core.shell:Creating package script '/home/bev/bev_ws/install/custom_msgs/share/custom_msgs/package.ps1'
[1.216s] INFO:colcon.colcon_core.shell:Creating package descriptor '/home/bev/bev_ws/install/custom_msgs/share/custom_msgs/package.dsv'
[1.217s] INFO:colcon.colcon_core.shell:Creating package script '/home/bev/bev_ws/install/custom_msgs/share/custom_msgs/package.sh'
[1.218s] INFO:colcon.colcon_core.shell:Creating package script '/home/bev/bev_ws/install/custom_msgs/share/custom_msgs/package.bash'
[1.218s] INFO:colcon.colcon_core.shell:Creating package script '/home/bev/bev_ws/install/custom_msgs/share/custom_msgs/package.zsh'
[1.218s] Level 1:colcon.colcon_core.environment:create_file_with_runtime_dependencies(/home/bev/bev_ws/install/custom_msgs/share/colcon-core/packages/custom_msgs)
[1.450s] Level 1:colcon.colcon_core.environment:create_environment_scripts_only(custom_msgs)
[1.455s] Level 1:colcon.colcon_core.environment:checking '/home/bev/bev_ws/install/custom_msgs' for CMake module files
[1.456s] Level 1:colcon.colcon_core.environment:checking '/home/bev/bev_ws/install/custom_msgs' for CMake config files
[1.458s] Level 1:colcon.colcon_core.shell:create_environment_hook('custom_msgs', 'cmake_prefix_path')
[1.460s] INFO:colcon.colcon_core.shell:Creating environment hook '/home/bev/bev_ws/install/custom_msgs/share/custom_msgs/hook/cmake_prefix_path.ps1'
[1.461s] INFO:colcon.colcon_core.shell:Creating environment descriptor '/home/bev/bev_ws/install/custom_msgs/share/custom_msgs/hook/cmake_prefix_path.dsv'
[1.462s] INFO:colcon.colcon_core.shell:Creating environment hook '/home/bev/bev_ws/install/custom_msgs/share/custom_msgs/hook/cmake_prefix_path.sh'
[1.463s] Level 1:colcon.colcon_core.environment:checking '/home/bev/bev_ws/install/custom_msgs/lib'
[1.463s] Level 1:colcon.colcon_core.shell:create_environment_hook('custom_msgs', 'ld_library_path_lib')
[1.465s] INFO:colcon.colcon_core.shell:Creating environment hook '/home/bev/bev_ws/install/custom_msgs/share/custom_msgs/hook/ld_library_path_lib.ps1'
[1.466s] INFO:colcon.colcon_core.shell:Creating environment descriptor '/home/bev/bev_ws/install/custom_msgs/share/custom_msgs/hook/ld_library_path_lib.dsv'
[1.466s] INFO:colcon.colcon_core.shell:Creating environment hook '/home/bev/bev_ws/install/custom_msgs/share/custom_msgs/hook/ld_library_path_lib.sh'
[1.466s] Level 1:colcon.colcon_core.environment:checking '/home/bev/bev_ws/install/custom_msgs/bin'
[1.466s] Level 1:colcon.colcon_core.environment:checking '/home/bev/bev_ws/install/custom_msgs/lib/pkgconfig/custom_msgs.pc'
[1.467s] Level 1:colcon.colcon_core.environment:checking '/home/bev/bev_ws/install/custom_msgs/lib/python3.8/site-packages'
[1.467s] Level 1:colcon.colcon_core.shell:create_environment_hook('custom_msgs', 'pythonpath')
[1.469s] INFO:colcon.colcon_core.shell:Creating environment hook '/home/bev/bev_ws/install/custom_msgs/share/custom_msgs/hook/pythonpath.ps1'
[1.469s] INFO:colcon.colcon_core.shell:Creating environment descriptor '/home/bev/bev_ws/install/custom_msgs/share/custom_msgs/hook/pythonpath.dsv'
[1.469s] INFO:colcon.colcon_core.shell:Creating environment hook '/home/bev/bev_ws/install/custom_msgs/share/custom_msgs/hook/pythonpath.sh'
[1.470s] Level 1:colcon.colcon_core.environment:checking '/home/bev/bev_ws/install/custom_msgs/bin'
[1.472s] INFO:colcon.colcon_core.shell:Creating package script '/home/bev/bev_ws/install/custom_msgs/share/custom_msgs/package.ps1'
[1.472s] INFO:colcon.colcon_core.shell:Creating package descriptor '/home/bev/bev_ws/install/custom_msgs/share/custom_msgs/package.dsv'
[1.473s] INFO:colcon.colcon_core.shell:Creating package script '/home/bev/bev_ws/install/custom_msgs/share/custom_msgs/package.sh'
[1.474s] INFO:colcon.colcon_core.shell:Creating package script '/home/bev/bev_ws/install/custom_msgs/share/custom_msgs/package.bash'
[1.475s] INFO:colcon.colcon_core.shell:Creating package script '/home/bev/bev_ws/install/custom_msgs/share/custom_msgs/package.zsh'
[1.475s] Level 1:colcon.colcon_core.environment:create_file_with_runtime_dependencies(/home/bev/bev_ws/install/custom_msgs/share/colcon-core/packages/custom_msgs)
[1.476s] INFO:colcon.colcon_ros.task.ament_cmake.build:Building ROS package in '/home/bev/bev_ws/src/data_pkg' with build type 'ament_cmake'
[1.476s] INFO:colcon.colcon_cmake.task.cmake.build:Building CMake package in '/home/bev/bev_ws/src/data_pkg'
[1.477s] INFO:colcon.colcon_core.shell:Skip shell extension 'powershell' for command environment: Not usable outside of PowerShell
[1.477s] DEBUG:colcon.colcon_core.shell:Skip shell extension 'dsv' for command environment
[1.486s] INFO:colcon.colcon_ros.task.ament_cmake.build:Building ROS package in '/home/bev/bev_ws/src/tracking_algorithm' with build type 'ament_cmake'
[1.486s] INFO:colcon.colcon_cmake.task.cmake.build:Building CMake package in '/home/bev/bev_ws/src/tracking_algorithm'
[1.487s] INFO:colcon.colcon_core.shell:Skip shell extension 'powershell' for command environment: Not usable outside of PowerShell
[1.487s] DEBUG:colcon.colcon_core.shell:Skip shell extension 'dsv' for command environment
[1.501s] DEBUG:colcon.colcon_core.event_handler.log_command:Invoking command in '/home/bev/bev_ws/build/data_pkg': CMAKE_PREFIX_PATH=/home/bev/bev_ws/install/custom_msgs:/home/bev/bev_ws/install/tracking_algorithm:/home/bev/bev_ws/install/tcp_socket:/home/bev/bev_ws/install/risk_assessment:/home/bev/bev_ws/install/data_pkg:/home/bev/carla-ros-bridge/install/carla_ad_demo:/home/bev/carla-ros-bridge/install/rviz_carla_plugin:/home/bev/carla-ros-bridge/install/pcl_recorder:/home/bev/carla-ros-bridge/install/carla_waypoint_types:/home/bev/carla-ros-bridge/install/carla_ros_scenario_runner_types:/home/bev/carla-ros-bridge/install/carla_ackermann_msgs:/home/bev/carla-ros-bridge/install/carla_msgs:/home/bev/carla-ros-bridge/install/rqt_carla_control:/home/bev/carla-ros-bridge/install/carla_waypoint_publisher:/home/bev/carla-ros-bridge/install/carla_ackermann_control:/home/bev/carla-ros-bridge/install/carla_ros_bridge:/home/bev/carla-ros-bridge/install/carla_spawn_objects:/home/bev/carla-ros-bridge/install/carla_manual_control:/home/bev/carla-ros-bridge/install/carla_ad_agent:/home/bev/carla-ros-bridge/install/ros_compatibility:/home/bev/carla-ros-bridge/install/carla_walker_agent:/home/bev/carla-ros-bridge/install/carla_twist_to_control:/home/bev/carla-ros-bridge/install/carla_ros_scenario_runner:/home/bev/carla-ros-bridge/install/carla_common:/opt/ros/foxy LD_LIBRARY_PATH=/home/bev/bev_ws/install/custom_msgs/lib:/home/bev/carla-ros-bridge/install/rviz_carla_plugin/lib:/home/bev/carla-ros-bridge/install/carla_waypoint_types/lib:/home/bev/carla-ros-bridge/install/carla_ros_scenario_runner_types/lib:/home/bev/carla-ros-bridge/install/carla_ackermann_msgs/lib:/home/bev/carla-ros-bridge/install/carla_msgs/lib:/opt/ros/foxy/opt/yaml_cpp_vendor/lib:/opt/ros/foxy/opt/rviz_ogre_vendor/lib:/opt/ros/foxy/lib/x86_64-linux-gnu:/opt/ros/foxy/lib:/usr/local/cuda-11.3/lib64:/home/bev/TensorRT-8.6.1.6/lib /usr/bin/cmake --build /home/bev/bev_ws/build/data_pkg -- -j28 -l28
[1.510s] DEBUG:colcon.colcon_core.event_handler.log_command:Invoking command in '/home/bev/bev_ws/build/tracking_algorithm': CMAKE_PREFIX_PATH=/home/bev/bev_ws/install/custom_msgs:/home/bev/bev_ws/install/tracking_algorithm:/home/bev/bev_ws/install/tcp_socket:/home/bev/bev_ws/install/risk_assessment:/home/bev/bev_ws/install/data_pkg:/home/bev/carla-ros-bridge/install/carla_ad_demo:/home/bev/carla-ros-bridge/install/rviz_carla_plugin:/home/bev/carla-ros-bridge/install/pcl_recorder:/home/bev/carla-ros-bridge/install/carla_waypoint_types:/home/bev/carla-ros-bridge/install/carla_ros_scenario_runner_types:/home/bev/carla-ros-bridge/install/carla_ackermann_msgs:/home/bev/carla-ros-bridge/install/carla_msgs:/home/bev/carla-ros-bridge/install/rqt_carla_control:/home/bev/carla-ros-bridge/install/carla_waypoint_publisher:/home/bev/carla-ros-bridge/install/carla_ackermann_control:/home/bev/carla-ros-bridge/install/carla_ros_bridge:/home/bev/carla-ros-bridge/install/carla_spawn_objects:/home/bev/carla-ros-bridge/install/carla_manual_control:/home/bev/carla-ros-bridge/install/carla_ad_agent:/home/bev/carla-ros-bridge/install/ros_compatibility:/home/bev/carla-ros-bridge/install/carla_walker_agent:/home/bev/carla-ros-bridge/install/carla_twist_to_control:/home/bev/carla-ros-bridge/install/carla_ros_scenario_runner:/home/bev/carla-ros-bridge/install/carla_common:/opt/ros/foxy LD_LIBRARY_PATH=/home/bev/bev_ws/install/custom_msgs/lib:/home/bev/carla-ros-bridge/install/rviz_carla_plugin/lib:/home/bev/carla-ros-bridge/install/carla_waypoint_types/lib:/home/bev/carla-ros-bridge/install/carla_ros_scenario_runner_types/lib:/home/bev/carla-ros-bridge/install/carla_ackermann_msgs/lib:/home/bev/carla-ros-bridge/install/carla_msgs/lib:/opt/ros/foxy/opt/yaml_cpp_vendor/lib:/opt/ros/foxy/opt/rviz_ogre_vendor/lib:/opt/ros/foxy/lib/x86_64-linux-gnu:/opt/ros/foxy/lib:/usr/local/cuda-11.3/lib64:/home/bev/TensorRT-8.6.1.6/lib /usr/bin/cmake --build /home/bev/bev_ws/build/tracking_algorithm -- -j28 -l28
[1.647s] DEBUG:colcon.colcon_core.event_handler.log_command:Invoked command in '/home/bev/bev_ws/build/data_pkg' returned '0': CMAKE_PREFIX_PATH=/home/bev/bev_ws/install/custom_msgs:/home/bev/bev_ws/install/tracking_algorithm:/home/bev/bev_ws/install/tcp_socket:/home/bev/bev_ws/install/risk_assessment:/home/bev/bev_ws/install/data_pkg:/home/bev/carla-ros-bridge/install/carla_ad_demo:/home/bev/carla-ros-bridge/install/rviz_carla_plugin:/home/bev/carla-ros-bridge/install/pcl_recorder:/home/bev/carla-ros-bridge/install/carla_waypoint_types:/home/bev/carla-ros-bridge/install/carla_ros_scenario_runner_types:/home/bev/carla-ros-bridge/install/carla_ackermann_msgs:/home/bev/carla-ros-bridge/install/carla_msgs:/home/bev/carla-ros-bridge/install/rqt_carla_control:/home/bev/carla-ros-bridge/install/carla_waypoint_publisher:/home/bev/carla-ros-bridge/install/carla_ackermann_control:/home/bev/carla-ros-bridge/install/carla_ros_bridge:/home/bev/carla-ros-bridge/install/carla_spawn_objects:/home/bev/carla-ros-bridge/install/carla_manual_control:/home/bev/carla-ros-bridge/install/carla_ad_agent:/home/bev/carla-ros-bridge/install/ros_compatibility:/home/bev/carla-ros-bridge/install/carla_walker_agent:/home/bev/carla-ros-bridge/install/carla_twist_to_control:/home/bev/carla-ros-bridge/install/carla_ros_scenario_runner:/home/bev/carla-ros-bridge/install/carla_common:/opt/ros/foxy LD_LIBRARY_PATH=/home/bev/bev_ws/install/custom_msgs/lib:/home/bev/carla-ros-bridge/install/rviz_carla_plugin/lib:/home/bev/carla-ros-bridge/install/carla_waypoint_types/lib:/home/bev/carla-ros-bridge/install/carla_ros_scenario_runner_types/lib:/home/bev/carla-ros-bridge/install/carla_ackermann_msgs/lib:/home/bev/carla-ros-bridge/install/carla_msgs/lib:/opt/ros/foxy/opt/yaml_cpp_vendor/lib:/opt/ros/foxy/opt/rviz_ogre_vendor/lib:/opt/ros/foxy/lib/x86_64-linux-gnu:/opt/ros/foxy/lib:/usr/local/cuda-11.3/lib64:/home/bev/TensorRT-8.6.1.6/lib /usr/bin/cmake --build /home/bev/bev_ws/build/data_pkg -- -j28 -l28
[1.669s] DEBUG:colcon.colcon_core.event_handler.log_command:Invoked command in '/home/bev/bev_ws/build/tracking_algorithm' returned '0': CMAKE_PREFIX_PATH=/home/bev/bev_ws/install/custom_msgs:/home/bev/bev_ws/install/tracking_algorithm:/home/bev/bev_ws/install/tcp_socket:/home/bev/bev_ws/install/risk_assessment:/home/bev/bev_ws/install/data_pkg:/home/bev/carla-ros-bridge/install/carla_ad_demo:/home/bev/carla-ros-bridge/install/rviz_carla_plugin:/home/bev/carla-ros-bridge/install/pcl_recorder:/home/bev/carla-ros-bridge/install/carla_waypoint_types:/home/bev/carla-ros-bridge/install/carla_ros_scenario_runner_types:/home/bev/carla-ros-bridge/install/carla_ackermann_msgs:/home/bev/carla-ros-bridge/install/carla_msgs:/home/bev/carla-ros-bridge/install/rqt_carla_control:/home/bev/carla-ros-bridge/install/carla_waypoint_publisher:/home/bev/carla-ros-bridge/install/carla_ackermann_control:/home/bev/carla-ros-bridge/install/carla_ros_bridge:/home/bev/carla-ros-bridge/install/carla_spawn_objects:/home/bev/carla-ros-bridge/install/carla_manual_control:/home/bev/carla-ros-bridge/install/carla_ad_agent:/home/bev/carla-ros-bridge/install/ros_compatibility:/home/bev/carla-ros-bridge/install/carla_walker_agent:/home/bev/carla-ros-bridge/install/carla_twist_to_control:/home/bev/carla-ros-bridge/install/carla_ros_scenario_runner:/home/bev/carla-ros-bridge/install/carla_common:/opt/ros/foxy LD_LIBRARY_PATH=/home/bev/bev_ws/install/custom_msgs/lib:/home/bev/carla-ros-bridge/install/rviz_carla_plugin/lib:/home/bev/carla-ros-bridge/install/carla_waypoint_types/lib:/home/bev/carla-ros-bridge/install/carla_ros_scenario_runner_types/lib:/home/bev/carla-ros-bridge/install/carla_ackermann_msgs/lib:/home/bev/carla-ros-bridge/install/carla_msgs/lib:/opt/ros/foxy/opt/yaml_cpp_vendor/lib:/opt/ros/foxy/opt/rviz_ogre_vendor/lib:/opt/ros/foxy/lib/x86_64-linux-gnu:/opt/ros/foxy/lib:/usr/local/cuda-11.3/lib64:/home/bev/TensorRT-8.6.1.6/lib /usr/bin/cmake --build /home/bev/bev_ws/build/tracking_algorithm -- -j28 -l28
[1.712s] DEBUG:colcon.colcon_core.event_handler.log_command:Invoking command in '/home/bev/bev_ws/build/data_pkg': CMAKE_PREFIX_PATH=/home/bev/bev_ws/install/custom_msgs:/home/bev/bev_ws/install/tracking_algorithm:/home/bev/bev_ws/install/tcp_socket:/home/bev/bev_ws/install/risk_assessment:/home/bev/bev_ws/install/data_pkg:/home/bev/carla-ros-bridge/install/carla_ad_demo:/home/bev/carla-ros-bridge/install/rviz_carla_plugin:/home/bev/carla-ros-bridge/install/pcl_recorder:/home/bev/carla-ros-bridge/install/carla_waypoint_types:/home/bev/carla-ros-bridge/install/carla_ros_scenario_runner_types:/home/bev/carla-ros-bridge/install/carla_ackermann_msgs:/home/bev/carla-ros-bridge/install/carla_msgs:/home/bev/carla-ros-bridge/install/rqt_carla_control:/home/bev/carla-ros-bridge/install/carla_waypoint_publisher:/home/bev/carla-ros-bridge/install/carla_ackermann_control:/home/bev/carla-ros-bridge/install/carla_ros_bridge:/home/bev/carla-ros-bridge/install/carla_spawn_objects:/home/bev/carla-ros-bridge/install/carla_manual_control:/home/bev/carla-ros-bridge/install/carla_ad_agent:/home/bev/carla-ros-bridge/install/ros_compatibility:/home/bev/carla-ros-bridge/install/carla_walker_agent:/home/bev/carla-ros-bridge/install/carla_twist_to_control:/home/bev/carla-ros-bridge/install/carla_ros_scenario_runner:/home/bev/carla-ros-bridge/install/carla_common:/opt/ros/foxy LD_LIBRARY_PATH=/home/bev/bev_ws/install/custom_msgs/lib:/home/bev/carla-ros-bridge/install/rviz_carla_plugin/lib:/home/bev/carla-ros-bridge/install/carla_waypoint_types/lib:/home/bev/carla-ros-bridge/install/carla_ros_scenario_runner_types/lib:/home/bev/carla-ros-bridge/install/carla_ackermann_msgs/lib:/home/bev/carla-ros-bridge/install/carla_msgs/lib:/opt/ros/foxy/opt/yaml_cpp_vendor/lib:/opt/ros/foxy/opt/rviz_ogre_vendor/lib:/opt/ros/foxy/lib/x86_64-linux-gnu:/opt/ros/foxy/lib:/usr/local/cuda-11.3/lib64:/home/bev/TensorRT-8.6.1.6/lib /usr/bin/cmake --install /home/bev/bev_ws/build/data_pkg
[1.765s] DEBUG:colcon.colcon_core.event_handler.log_command:Invoking command in '/home/bev/bev_ws/build/tracking_algorithm': CMAKE_PREFIX_PATH=/home/bev/bev_ws/install/custom_msgs:/home/bev/bev_ws/install/tracking_algorithm:/home/bev/bev_ws/install/tcp_socket:/home/bev/bev_ws/install/risk_assessment:/home/bev/bev_ws/install/data_pkg:/home/bev/carla-ros-bridge/install/carla_ad_demo:/home/bev/carla-ros-bridge/install/rviz_carla_plugin:/home/bev/carla-ros-bridge/install/pcl_recorder:/home/bev/carla-ros-bridge/install/carla_waypoint_types:/home/bev/carla-ros-bridge/install/carla_ros_scenario_runner_types:/home/bev/carla-ros-bridge/install/carla_ackermann_msgs:/home/bev/carla-ros-bridge/install/carla_msgs:/home/bev/carla-ros-bridge/install/rqt_carla_control:/home/bev/carla-ros-bridge/install/carla_waypoint_publisher:/home/bev/carla-ros-bridge/install/carla_ackermann_control:/home/bev/carla-ros-bridge/install/carla_ros_bridge:/home/bev/carla-ros-bridge/install/carla_spawn_objects:/home/bev/carla-ros-bridge/install/carla_manual_control:/home/bev/carla-ros-bridge/install/carla_ad_agent:/home/bev/carla-ros-bridge/install/ros_compatibility:/home/bev/carla-ros-bridge/install/carla_walker_agent:/home/bev/carla-ros-bridge/install/carla_twist_to_control:/home/bev/carla-ros-bridge/install/carla_ros_scenario_runner:/home/bev/carla-ros-bridge/install/carla_common:/opt/ros/foxy LD_LIBRARY_PATH=/home/bev/bev_ws/install/custom_msgs/lib:/home/bev/carla-ros-bridge/install/rviz_carla_plugin/lib:/home/bev/carla-ros-bridge/install/carla_waypoint_types/lib:/home/bev/carla-ros-bridge/install/carla_ros_scenario_runner_types/lib:/home/bev/carla-ros-bridge/install/carla_ackermann_msgs/lib:/home/bev/carla-ros-bridge/install/carla_msgs/lib:/opt/ros/foxy/opt/yaml_cpp_vendor/lib:/opt/ros/foxy/opt/rviz_ogre_vendor/lib:/opt/ros/foxy/lib/x86_64-linux-gnu:/opt/ros/foxy/lib:/usr/local/cuda-11.3/lib64:/home/bev/TensorRT-8.6.1.6/lib /usr/bin/cmake --install /home/bev/bev_ws/build/tracking_algorithm
[1.766s] Level 1:colcon.colcon_core.environment:create_environment_scripts_only(data_pkg)
[1.770s] Level 1:colcon.colcon_core.environment:checking '/home/bev/bev_ws/install/data_pkg' for CMake module files
[1.771s] DEBUG:colcon.colcon_core.event_handler.log_command:Invoked command in '/home/bev/bev_ws/build/data_pkg' returned '0': CMAKE_PREFIX_PATH=/home/bev/bev_ws/install/custom_msgs:/home/bev/bev_ws/install/tracking_algorithm:/home/bev/bev_ws/install/tcp_socket:/home/bev/bev_ws/install/risk_assessment:/home/bev/bev_ws/install/data_pkg:/home/bev/carla-ros-bridge/install/carla_ad_demo:/home/bev/carla-ros-bridge/install/rviz_carla_plugin:/home/bev/carla-ros-bridge/install/pcl_recorder:/home/bev/carla-ros-bridge/install/carla_waypoint_types:/home/bev/carla-ros-bridge/install/carla_ros_scenario_runner_types:/home/bev/carla-ros-bridge/install/carla_ackermann_msgs:/home/bev/carla-ros-bridge/install/carla_msgs:/home/bev/carla-ros-bridge/install/rqt_carla_control:/home/bev/carla-ros-bridge/install/carla_waypoint_publisher:/home/bev/carla-ros-bridge/install/carla_ackermann_control:/home/bev/carla-ros-bridge/install/carla_ros_bridge:/home/bev/carla-ros-bridge/install/carla_spawn_objects:/home/bev/carla-ros-bridge/install/carla_manual_control:/home/bev/carla-ros-bridge/install/carla_ad_agent:/home/bev/carla-ros-bridge/install/ros_compatibility:/home/bev/carla-ros-bridge/install/carla_walker_agent:/home/bev/carla-ros-bridge/install/carla_twist_to_control:/home/bev/carla-ros-bridge/install/carla_ros_scenario_runner:/home/bev/carla-ros-bridge/install/carla_common:/opt/ros/foxy LD_LIBRARY_PATH=/home/bev/bev_ws/install/custom_msgs/lib:/home/bev/carla-ros-bridge/install/rviz_carla_plugin/lib:/home/bev/carla-ros-bridge/install/carla_waypoint_types/lib:/home/bev/carla-ros-bridge/install/carla_ros_scenario_runner_types/lib:/home/bev/carla-ros-bridge/install/carla_ackermann_msgs/lib:/home/bev/carla-ros-bridge/install/carla_msgs/lib:/opt/ros/foxy/opt/yaml_cpp_vendor/lib:/opt/ros/foxy/opt/rviz_ogre_vendor/lib:/opt/ros/foxy/lib/x86_64-linux-gnu:/opt/ros/foxy/lib:/usr/local/cuda-11.3/lib64:/home/bev/TensorRT-8.6.1.6/lib /usr/bin/cmake --install /home/bev/bev_ws/build/data_pkg
[1.771s] Level 1:colcon.colcon_core.environment:checking '/home/bev/bev_ws/install/data_pkg' for CMake config files
[1.773s] Level 1:colcon.colcon_core.shell:create_environment_hook('data_pkg', 'cmake_prefix_path')
[1.775s] INFO:colcon.colcon_core.shell:Creating environment hook '/home/bev/bev_ws/install/data_pkg/share/data_pkg/hook/cmake_prefix_path.ps1'
[1.777s] INFO:colcon.colcon_core.shell:Creating environment descriptor '/home/bev/bev_ws/install/data_pkg/share/data_pkg/hook/cmake_prefix_path.dsv'
[1.777s] INFO:colcon.colcon_core.shell:Creating environment hook '/home/bev/bev_ws/install/data_pkg/share/data_pkg/hook/cmake_prefix_path.sh'
[1.779s] Level 1:colcon.colcon_core.environment:checking '/home/bev/bev_ws/install/data_pkg/lib'
[1.779s] Level 1:colcon.colcon_core.environment:checking '/home/bev/bev_ws/install/data_pkg/bin'
[1.779s] Level 1:colcon.colcon_core.environment:checking '/home/bev/bev_ws/install/data_pkg/lib/pkgconfig/data_pkg.pc'
[1.779s] Level 1:colcon.colcon_core.environment:checking '/home/bev/bev_ws/install/data_pkg/lib/python3.8/site-packages'
[1.780s] Level 1:colcon.colcon_core.environment:checking '/home/bev/bev_ws/install/data_pkg/bin'
[1.782s] INFO:colcon.colcon_core.shell:Creating package script '/home/bev/bev_ws/install/data_pkg/share/data_pkg/package.ps1'
[1.783s] INFO:colcon.colcon_core.shell:Creating package descriptor '/home/bev/bev_ws/install/data_pkg/share/data_pkg/package.dsv'
[1.783s] INFO:colcon.colcon_core.shell:Creating package script '/home/bev/bev_ws/install/data_pkg/share/data_pkg/package.sh'
[1.784s] INFO:colcon.colcon_core.shell:Creating package script '/home/bev/bev_ws/install/data_pkg/share/data_pkg/package.bash'
[1.784s] INFO:colcon.colcon_core.shell:Creating package script '/home/bev/bev_ws/install/data_pkg/share/data_pkg/package.zsh'
[1.785s] Level 1:colcon.colcon_core.environment:create_file_with_runtime_dependencies(/home/bev/bev_ws/install/data_pkg/share/colcon-core/packages/data_pkg)
[1.795s] Level 1:colcon.colcon_core.environment:create_environment_scripts_only(tracking_algorithm)
[1.798s] Level 1:colcon.colcon_core.environment:checking '/home/bev/bev_ws/install/tracking_algorithm' for CMake module files
[1.799s] DEBUG:colcon.colcon_core.event_handler.log_command:Invoked command in '/home/bev/bev_ws/build/tracking_algorithm' returned '0': CMAKE_PREFIX_PATH=/home/bev/bev_ws/install/custom_msgs:/home/bev/bev_ws/install/tracking_algorithm:/home/bev/bev_ws/install/tcp_socket:/home/bev/bev_ws/install/risk_assessment:/home/bev/bev_ws/install/data_pkg:/home/bev/carla-ros-bridge/install/carla_ad_demo:/home/bev/carla-ros-bridge/install/rviz_carla_plugin:/home/bev/carla-ros-bridge/install/pcl_recorder:/home/bev/carla-ros-bridge/install/carla_waypoint_types:/home/bev/carla-ros-bridge/install/carla_ros_scenario_runner_types:/home/bev/carla-ros-bridge/install/carla_ackermann_msgs:/home/bev/carla-ros-bridge/install/carla_msgs:/home/bev/carla-ros-bridge/install/rqt_carla_control:/home/bev/carla-ros-bridge/install/carla_waypoint_publisher:/home/bev/carla-ros-bridge/install/carla_ackermann_control:/home/bev/carla-ros-bridge/install/carla_ros_bridge:/home/bev/carla-ros-bridge/install/carla_spawn_objects:/home/bev/carla-ros-bridge/install/carla_manual_control:/home/bev/carla-ros-bridge/install/carla_ad_agent:/home/bev/carla-ros-bridge/install/ros_compatibility:/home/bev/carla-ros-bridge/install/carla_walker_agent:/home/bev/carla-ros-bridge/install/carla_twist_to_control:/home/bev/carla-ros-bridge/install/carla_ros_scenario_runner:/home/bev/carla-ros-bridge/install/carla_common:/opt/ros/foxy LD_LIBRARY_PATH=/home/bev/bev_ws/install/custom_msgs/lib:/home/bev/carla-ros-bridge/install/rviz_carla_plugin/lib:/home/bev/carla-ros-bridge/install/carla_waypoint_types/lib:/home/bev/carla-ros-bridge/install/carla_ros_scenario_runner_types/lib:/home/bev/carla-ros-bridge/install/carla_ackermann_msgs/lib:/home/bev/carla-ros-bridge/install/carla_msgs/lib:/opt/ros/foxy/opt/yaml_cpp_vendor/lib:/opt/ros/foxy/opt/rviz_ogre_vendor/lib:/opt/ros/foxy/lib/x86_64-linux-gnu:/opt/ros/foxy/lib:/usr/local/cuda-11.3/lib64:/home/bev/TensorRT-8.6.1.6/lib /usr/bin/cmake --install /home/bev/bev_ws/build/tracking_algorithm
[1.799s] Level 1:colcon.colcon_core.environment:checking '/home/bev/bev_ws/install/tracking_algorithm' for CMake config files
[1.800s] Level 1:colcon.colcon_core.shell:create_environment_hook('tracking_algorithm', 'cmake_prefix_path')
[1.801s] INFO:colcon.colcon_core.shell:Creating environment hook '/home/bev/bev_ws/install/tracking_algorithm/share/tracking_algorithm/hook/cmake_prefix_path.ps1'
[1.802s] INFO:colcon.colcon_core.shell:Creating environment descriptor '/home/bev/bev_ws/install/tracking_algorithm/share/tracking_algorithm/hook/cmake_prefix_path.dsv'
[1.802s] INFO:colcon.colcon_core.shell:Creating environment hook '/home/bev/bev_ws/install/tracking_algorithm/share/tracking_algorithm/hook/cmake_prefix_path.sh'
[1.802s] Level 1:colcon.colcon_core.environment:checking '/home/bev/bev_ws/install/tracking_algorithm/lib'
[1.802s] Level 1:colcon.colcon_core.environment:checking '/home/bev/bev_ws/install/tracking_algorithm/bin'
[1.803s] Level 1:colcon.colcon_core.environment:checking '/home/bev/bev_ws/install/tracking_algorithm/lib/pkgconfig/tracking_algorithm.pc'
[1.803s] Level 1:colcon.colcon_core.environment:checking '/home/bev/bev_ws/install/tracking_algorithm/lib/python3.8/site-packages'
[1.803s] Level 1:colcon.colcon_core.environment:checking '/home/bev/bev_ws/install/tracking_algorithm/bin'
[1.805s] INFO:colcon.colcon_core.shell:Creating package script '/home/bev/bev_ws/install/tracking_algorithm/share/tracking_algorithm/package.ps1'
[1.805s] INFO:colcon.colcon_core.shell:Creating package descriptor '/home/bev/bev_ws/install/tracking_algorithm/share/tracking_algorithm/package.dsv'
[1.805s] INFO:colcon.colcon_core.shell:Creating package script '/home/bev/bev_ws/install/tracking_algorithm/share/tracking_algorithm/package.sh'
[1.806s] INFO:colcon.colcon_core.shell:Creating package script '/home/bev/bev_ws/install/tracking_algorithm/share/tracking_algorithm/package.bash'
[1.806s] INFO:colcon.colcon_core.shell:Creating package script '/home/bev/bev_ws/install/tracking_algorithm/share/tracking_algorithm/package.zsh'
[1.806s] Level 1:colcon.colcon_core.environment:create_file_with_runtime_dependencies(/home/bev/bev_ws/install/tracking_algorithm/share/colcon-core/packages/tracking_algorithm)
[1.844s] Level 1:colcon.colcon_core.environment:create_environment_scripts_only(data_pkg)
[1.849s] Level 1:colcon.colcon_core.environment:checking '/home/bev/bev_ws/install/data_pkg' for CMake module files
[1.850s] Level 1:colcon.colcon_core.environment:checking '/home/bev/bev_ws/install/data_pkg' for CMake config files
[1.851s] Level 1:colcon.colcon_core.shell:create_environment_hook('data_pkg', 'cmake_prefix_path')
[1.853s] INFO:colcon.colcon_core.shell:Creating environment hook '/home/bev/bev_ws/install/data_pkg/share/data_pkg/hook/cmake_prefix_path.ps1'
[1.854s] INFO:colcon.colcon_core.shell:Creating environment descriptor '/home/bev/bev_ws/install/data_pkg/share/data_pkg/hook/cmake_prefix_path.dsv'
[1.854s] INFO:colcon.colcon_core.shell:Creating environment hook '/home/bev/bev_ws/install/data_pkg/share/data_pkg/hook/cmake_prefix_path.sh'
[1.855s] Level 1:colcon.colcon_core.environment:checking '/home/bev/bev_ws/install/data_pkg/lib'
[1.855s] Level 1:colcon.colcon_core.environment:checking '/home/bev/bev_ws/install/data_pkg/bin'
[1.855s] Level 1:colcon.colcon_core.environment:checking '/home/bev/bev_ws/install/data_pkg/lib/pkgconfig/data_pkg.pc'
[1.856s] Level 1:colcon.colcon_core.environment:checking '/home/bev/bev_ws/install/data_pkg/lib/python3.8/site-packages'
[1.856s] Level 1:colcon.colcon_core.environment:checking '/home/bev/bev_ws/install/data_pkg/bin'
[1.858s] INFO:colcon.colcon_core.shell:Creating package script '/home/bev/bev_ws/install/data_pkg/share/data_pkg/package.ps1'
[1.859s] INFO:colcon.colcon_core.shell:Creating package descriptor '/home/bev/bev_ws/install/data_pkg/share/data_pkg/package.dsv'
[1.860s] INFO:colcon.colcon_core.shell:Creating package script '/home/bev/bev_ws/install/data_pkg/share/data_pkg/package.sh'
[1.860s] INFO:colcon.colcon_core.shell:Creating package script '/home/bev/bev_ws/install/data_pkg/share/data_pkg/package.bash'
[1.861s] INFO:colcon.colcon_core.shell:Creating package script '/home/bev/bev_ws/install/data_pkg/share/data_pkg/package.zsh'
[1.861s] Level 1:colcon.colcon_core.environment:create_file_with_runtime_dependencies(/home/bev/bev_ws/install/data_pkg/share/colcon-core/packages/data_pkg)
[1.902s] Level 1:colcon.colcon_core.environment:create_environment_scripts_only(tracking_algorithm)
[1.907s] Level 1:colcon.colcon_core.environment:checking '/home/bev/bev_ws/install/tracking_algorithm' for CMake module files
[1.908s] Level 1:colcon.colcon_core.environment:checking '/home/bev/bev_ws/install/tracking_algorithm' for CMake config files
[1.909s] Level 1:colcon.colcon_core.shell:create_environment_hook('tracking_algorithm', 'cmake_prefix_path')
[1.912s] INFO:colcon.colcon_core.shell:Creating environment hook '/home/bev/bev_ws/install/tracking_algorithm/share/tracking_algorithm/hook/cmake_prefix_path.ps1'
[1.913s] INFO:colcon.colcon_core.shell:Creating environment descriptor '/home/bev/bev_ws/install/tracking_algorithm/share/tracking_algorithm/hook/cmake_prefix_path.dsv'
[1.913s] INFO:colcon.colcon_core.shell:Creating environment hook '/home/bev/bev_ws/install/tracking_algorithm/share/tracking_algorithm/hook/cmake_prefix_path.sh'
[1.914s] Level 1:colcon.colcon_core.environment:checking '/home/bev/bev_ws/install/tracking_algorithm/lib'
[1.914s] Level 1:colcon.colcon_core.environment:checking '/home/bev/bev_ws/install/tracking_algorithm/bin'
[1.914s] Level 1:colcon.colcon_core.environment:checking '/home/bev/bev_ws/install/tracking_algorithm/lib/pkgconfig/tracking_algorithm.pc'
[1.914s] Level 1:colcon.colcon_core.environment:checking '/home/bev/bev_ws/install/tracking_algorithm/lib/python3.8/site-packages'
[1.914s] Level 1:colcon.colcon_core.environment:checking '/home/bev/bev_ws/install/tracking_algorithm/bin'
[1.917s] INFO:colcon.colcon_core.shell:Creating package script '/home/bev/bev_ws/install/tracking_algorithm/share/tracking_algorithm/package.ps1'
[1.917s] INFO:colcon.colcon_core.shell:Creating package descriptor '/home/bev/bev_ws/install/tracking_algorithm/share/tracking_algorithm/package.dsv'
[1.918s] INFO:colcon.colcon_core.shell:Creating package script '/home/bev/bev_ws/install/tracking_algorithm/share/tracking_algorithm/package.sh'
[1.919s] INFO:colcon.colcon_core.shell:Creating package script '/home/bev/bev_ws/install/tracking_algorithm/share/tracking_algorithm/package.bash'
[1.919s] INFO:colcon.colcon_core.shell:Creating package script '/home/bev/bev_ws/install/tracking_algorithm/share/tracking_algorithm/package.zsh'
[1.920s] Level 1:colcon.colcon_core.environment:create_file_with_runtime_dependencies(/home/bev/bev_ws/install/tracking_algorithm/share/colcon-core/packages/tracking_algorithm)
[1.920s] DEBUG:colcon.colcon_parallel_executor.executor.parallel:closing loop
[1.920s] DEBUG:colcon.colcon_parallel_executor.executor.parallel:loop closed
[1.921s] DEBUG:colcon.colcon_parallel_executor.executor.parallel:run_until_complete finished with '0'
[1.921s] DEBUG:colcon.colcon_core.event_reactor:joining thread
[1.934s] INFO:colcon.colcon_core.plugin_system:Skipping extension 'colcon_notification.desktop_notification.terminal_notifier': Not used on non-Darwin systems
[1.934s] INFO:colcon.colcon_core.plugin_system:Skipping extension 'colcon_notification.desktop_notification.win32': Not used on non-Windows systems
[1.934s] INFO:colcon.colcon_notification.desktop_notification:Sending desktop notification using 'notify2'
[1.959s] DEBUG:colcon.colcon_core.event_reactor:joined thread
[1.962s] INFO:colcon.colcon_core.shell:Creating prefix script '/home/bev/bev_ws/install/local_setup.ps1'
[1.964s] INFO:colcon.colcon_core.shell:Creating prefix util module '/home/bev/bev_ws/install/_local_setup_util_ps1.py'
[1.967s] INFO:colcon.colcon_core.shell:Creating prefix chain script '/home/bev/bev_ws/install/setup.ps1'
[1.972s] INFO:colcon.colcon_core.shell:Creating prefix script '/home/bev/bev_ws/install/local_setup.sh'
[1.973s] INFO:colcon.colcon_core.shell:Creating prefix util module '/home/bev/bev_ws/install/_local_setup_util_sh.py'
[1.973s] INFO:colcon.colcon_core.shell:Creating prefix chain script '/home/bev/bev_ws/install/setup.sh'
[1.976s] INFO:colcon.colcon_core.shell:Creating prefix script '/home/bev/bev_ws/install/local_setup.bash'
[1.977s] INFO:colcon.colcon_core.shell:Creating prefix chain script '/home/bev/bev_ws/install/setup.bash'
[1.980s] INFO:colcon.colcon_core.shell:Creating prefix script '/home/bev/bev_ws/install/local_setup.zsh'
[1.981s] INFO:colcon.colcon_core.shell:Creating prefix chain script '/home/bev/bev_ws/install/setup.zsh'
