[0.019s] Invoking command in '/home/bev/bev_ws/build/tcp_socket': CMAKE_PREFIX_PATH=${CMAKE_PREFIX_PATH}:/opt/ros/foxy /usr/bin/cmake --build /home/bev/bev_ws/build/tcp_socket -- -j28 -l28
[0.132s] [100%] Built target tcp_socket
[0.143s] Invoked command in '/home/bev/bev_ws/build/tcp_socket' returned '0': CMAKE_PREFIX_PATH=${CMAKE_PREFIX_PATH}:/opt/ros/foxy /usr/bin/cmake --build /home/bev/bev_ws/build/tcp_socket -- -j28 -l28
[0.213s] Invoking command in '/home/bev/bev_ws/build/tcp_socket': CMAKE_PREFIX_PATH=${CMAKE_PREFIX_PATH}:/opt/ros/foxy /usr/bin/cmake --install /home/bev/bev_ws/build/tcp_socket
[0.234s] -- Install configuration: ""
[0.234s] -- Up-to-date: /home/bev/bev_ws/install/tcp_socket/lib/tcp_socket/tcp_socket
[0.235s] -- Up-to-date: /home/bev/bev_ws/install/tcp_socket/share/ament_index/resource_index/package_run_dependencies/tcp_socket
[0.235s] -- Up-to-date: /home/bev/bev_ws/install/tcp_socket/share/ament_index/resource_index/parent_prefix_path/tcp_socket
[0.235s] -- Up-to-date: /home/bev/bev_ws/install/tcp_socket/share/tcp_socket/environment/ament_prefix_path.sh
[0.236s] -- Up-to-date: /home/bev/bev_ws/install/tcp_socket/share/tcp_socket/environment/ament_prefix_path.dsv
[0.236s] -- Up-to-date: /home/bev/bev_ws/install/tcp_socket/share/tcp_socket/environment/path.sh
[0.236s] -- Up-to-date: /home/bev/bev_ws/install/tcp_socket/share/tcp_socket/environment/path.dsv
[0.236s] -- Up-to-date: /home/bev/bev_ws/install/tcp_socket/share/tcp_socket/local_setup.bash
[0.237s] -- Up-to-date: /home/bev/bev_ws/install/tcp_socket/share/tcp_socket/local_setup.sh
[0.237s] -- Up-to-date: /home/bev/bev_ws/install/tcp_socket/share/tcp_socket/local_setup.zsh
[0.237s] -- Up-to-date: /home/bev/bev_ws/install/tcp_socket/share/tcp_socket/local_setup.dsv
[0.237s] -- Installing: /home/bev/bev_ws/install/tcp_socket/share/tcp_socket/package.dsv
[0.237s] -- Up-to-date: /home/bev/bev_ws/install/tcp_socket/share/ament_index/resource_index/packages/tcp_socket
[0.238s] -- Up-to-date: /home/bev/bev_ws/install/tcp_socket/share/tcp_socket/cmake/tcp_socketConfig.cmake
[0.238s] -- Up-to-date: /home/bev/bev_ws/install/tcp_socket/share/tcp_socket/cmake/tcp_socketConfig-version.cmake
[0.239s] -- Up-to-date: /home/bev/bev_ws/install/tcp_socket/share/tcp_socket/package.xml
[0.241s] Invoked command in '/home/bev/bev_ws/build/tcp_socket' returned '0': CMAKE_PREFIX_PATH=${CMAKE_PREFIX_PATH}:/opt/ros/foxy /usr/bin/cmake --install /home/bev/bev_ws/build/tcp_socket
