[0.035s] Invoking command in '/home/bev/bev_ws/build/tcp_socket': CMAKE_PREFIX_PATH=${CMAKE_PREFIX_PATH}:/home/bev/carla-ros-bridge/install/rqt_carla_control:/home/bev/carla-ros-bridge/install/carla_waypoint_publisher:/home/bev/carla-ros-bridge/install/carla_ackermann_control:/home/bev/carla-ros-bridge/install/carla_ros_bridge:/home/bev/carla-ros-bridge/install/carla_spawn_objects:/home/bev/carla-ros-bridge/install/carla_manual_control:/home/bev/carla-ros-bridge/install/carla_ad_agent:/home/bev/carla-ros-bridge/install/ros_compatibility:/home/bev/carla-ros-bridge/install/carla_walker_agent:/home/bev/carla-ros-bridge/install/carla_twist_to_control:/home/bev/carla-ros-bridge/install/carla_ros_scenario_runner:/home/bev/carla-ros-bridge/install/carla_common:/opt/ros/foxy /usr/bin/cmake --build /home/bev/bev_ws/build/tcp_socket -- -j28 -l28
[0.134s] [100%] Built target tcp_socket
[0.148s] Invoked command in '/home/bev/bev_ws/build/tcp_socket' returned '0': CMAKE_PREFIX_PATH=${CMAKE_PREFIX_PATH}:/home/bev/carla-ros-bridge/install/rqt_carla_control:/home/bev/carla-ros-bridge/install/carla_waypoint_publisher:/home/bev/carla-ros-bridge/install/carla_ackermann_control:/home/bev/carla-ros-bridge/install/carla_ros_bridge:/home/bev/carla-ros-bridge/install/carla_spawn_objects:/home/bev/carla-ros-bridge/install/carla_manual_control:/home/bev/carla-ros-bridge/install/carla_ad_agent:/home/bev/carla-ros-bridge/install/ros_compatibility:/home/bev/carla-ros-bridge/install/carla_walker_agent:/home/bev/carla-ros-bridge/install/carla_twist_to_control:/home/bev/carla-ros-bridge/install/carla_ros_scenario_runner:/home/bev/carla-ros-bridge/install/carla_common:/opt/ros/foxy /usr/bin/cmake --build /home/bev/bev_ws/build/tcp_socket -- -j28 -l28
[0.205s] Invoking command in '/home/bev/bev_ws/build/tcp_socket': CMAKE_PREFIX_PATH=${CMAKE_PREFIX_PATH}:/home/bev/carla-ros-bridge/install/rqt_carla_control:/home/bev/carla-ros-bridge/install/carla_waypoint_publisher:/home/bev/carla-ros-bridge/install/carla_ackermann_control:/home/bev/carla-ros-bridge/install/carla_ros_bridge:/home/bev/carla-ros-bridge/install/carla_spawn_objects:/home/bev/carla-ros-bridge/install/carla_manual_control:/home/bev/carla-ros-bridge/install/carla_ad_agent:/home/bev/carla-ros-bridge/install/ros_compatibility:/home/bev/carla-ros-bridge/install/carla_walker_agent:/home/bev/carla-ros-bridge/install/carla_twist_to_control:/home/bev/carla-ros-bridge/install/carla_ros_scenario_runner:/home/bev/carla-ros-bridge/install/carla_common:/opt/ros/foxy /usr/bin/cmake --install /home/bev/bev_ws/build/tcp_socket
[0.213s] -- Install configuration: ""
[0.214s] -- Up-to-date: /home/bev/bev_ws/install/tcp_socket/lib/tcp_socket/tcp_socket
[0.214s] -- Up-to-date: /home/bev/bev_ws/install/tcp_socket/share/ament_index/resource_index/package_run_dependencies/tcp_socket
[0.214s] -- Up-to-date: /home/bev/bev_ws/install/tcp_socket/share/ament_index/resource_index/parent_prefix_path/tcp_socket
[0.214s] -- Up-to-date: /home/bev/bev_ws/install/tcp_socket/share/tcp_socket/environment/ament_prefix_path.sh
[0.215s] -- Up-to-date: /home/bev/bev_ws/install/tcp_socket/share/tcp_socket/environment/ament_prefix_path.dsv
[0.215s] -- Up-to-date: /home/bev/bev_ws/install/tcp_socket/share/tcp_socket/environment/path.sh
[0.215s] -- Up-to-date: /home/bev/bev_ws/install/tcp_socket/share/tcp_socket/environment/path.dsv
[0.215s] -- Up-to-date: /home/bev/bev_ws/install/tcp_socket/share/tcp_socket/local_setup.bash
[0.215s] -- Up-to-date: /home/bev/bev_ws/install/tcp_socket/share/tcp_socket/local_setup.sh
[0.215s] -- Up-to-date: /home/bev/bev_ws/install/tcp_socket/share/tcp_socket/local_setup.zsh
[0.216s] -- Up-to-date: /home/bev/bev_ws/install/tcp_socket/share/tcp_socket/local_setup.dsv
[0.216s] -- Installing: /home/bev/bev_ws/install/tcp_socket/share/tcp_socket/package.dsv
[0.216s] -- Up-to-date: /home/bev/bev_ws/install/tcp_socket/share/ament_index/resource_index/packages/tcp_socket
[0.218s] -- Up-to-date: /home/bev/bev_ws/install/tcp_socket/share/tcp_socket/cmake/tcp_socketConfig.cmake
[0.220s] -- Up-to-date: /home/bev/bev_ws/install/tcp_socket/share/tcp_socket/cmake/tcp_socketConfig-version.cmake
[0.221s] -- Up-to-date: /home/bev/bev_ws/install/tcp_socket/share/tcp_socket/package.xml
[0.221s] Invoked command in '/home/bev/bev_ws/build/tcp_socket' returned '0': CMAKE_PREFIX_PATH=${CMAKE_PREFIX_PATH}:/home/bev/carla-ros-bridge/install/rqt_carla_control:/home/bev/carla-ros-bridge/install/carla_waypoint_publisher:/home/bev/carla-ros-bridge/install/carla_ackermann_control:/home/bev/carla-ros-bridge/install/carla_ros_bridge:/home/bev/carla-ros-bridge/install/carla_spawn_objects:/home/bev/carla-ros-bridge/install/carla_manual_control:/home/bev/carla-ros-bridge/install/carla_ad_agent:/home/bev/carla-ros-bridge/install/ros_compatibility:/home/bev/carla-ros-bridge/install/carla_walker_agent:/home/bev/carla-ros-bridge/install/carla_twist_to_control:/home/bev/carla-ros-bridge/install/carla_ros_scenario_runner:/home/bev/carla-ros-bridge/install/carla_common:/opt/ros/foxy /usr/bin/cmake --install /home/bev/bev_ws/build/tcp_socket
