-- Found ament_cmake: 0.9.12 (/opt/ros/foxy/share/ament_cmake/cmake)
-- Using PYTHON_EXECUTABLE: /usr/bin/python3
-- Found rclcpp: 2.4.3 (/opt/ros/foxy/share/rclcpp/cmake)
-- Using all available rosidl_typesupport_c: rosidl_typesupport_fastrtps_c;rosidl_typesupport_introspection_c
-- Found rosidl_adapter: 1.3.1 (/opt/ros/foxy/share/rosidl_adapter/cmake)
-- Using all available rosidl_typesupport_cpp: rosidl_typesupport_fastrtps_cpp;rosidl_typesupport_introspection_cpp
-- Found rmw_implementation_cmake: 1.0.4 (/opt/ros/foxy/share/rmw_implementation_cmake/cmake)
-- Using RMW implementation 'rmw_fastrtps_cpp' as default
-- Found custom_msgs: 0.0.0 (/home/bev/bev_ws/install/custom_msgs/share/custom_msgs/cmake)
-- Found ament_lint_auto: 0.9.8 (/opt/ros/foxy/share/ament_lint_auto/cmake)
-- Added test 'copyright' to check source files copyright and LICENSE
-- Added test 'cppcheck' to perform static code analysis on C / C++ code
-- Configured cppcheck include dirs: /home/bev/bev_ws/src/data_pkg/include
-- Configured cppcheck exclude dirs and/or files: 
-- Added test 'cpplint' to check C / C++ code against the Google style
-- Configured cpplint exclude dirs and/or files: 
-- Added test 'lint_cmake' to check CMake code style
-- Added test 'uncrustify' to check C / C++ code style
-- Configured uncrustify additional arguments: 
-- Added test 'xmllint' to check XML markup files
-- Configuring done
-- Generating done
-- Build files have been written to: /home/bev/bev_ws/build/data_pkg
[35m[1mScanning dependencies of target data_collection[0m
[ 50%] [32mBuilding CXX object CMakeFiles/data_collection.dir/src/data_collection.cpp.o[0m
[01m[K/home/bev/bev_ws/src/data_pkg/src/data_collection.cpp:[m[K In member function ‘[01m[Kvoid Data::Parse()[m[K’:
[01m[K/home/bev/bev_ws/src/data_pkg/src/data_collection.cpp:174:20:[m[K [01;35m[Kwarning: [m[Kcomparison of integer expressions of different signedness: ‘[01m[Kint[m[K’ and ‘[01m[Kstd::vector<custom_msgs::msg::Output_<std::allocator<void> >, std::allocator<custom_msgs::msg::Output_<std::allocator<void> > > >::size_type[m[K’ {aka ‘[01m[Klong unsigned int[m[K’} [[01;35m[K-Wsign-compare[m[K]
  174 |       for(int i=0;[01;35m[Ki<bev_output->outputs.size()[m[K;i++)
      |                   [01;35m[K~^~~~~~~~~~~~~~~~~~~~~~~~~~~[m[K
[100%] [32m[1mLinking CXX executable data_collection[0m
[100%] Built target data_collection
-- Install configuration: ""
-- Installing: /home/bev/bev_ws/install/data_pkg/lib/data_pkg/data_collection
-- Set runtime path of "/home/bev/bev_ws/install/data_pkg/lib/data_pkg/data_collection" to ""
-- Up-to-date: /home/bev/bev_ws/install/data_pkg/share/ament_index/resource_index/package_run_dependencies/data_pkg
-- Installing: /home/bev/bev_ws/install/data_pkg/share/ament_index/resource_index/parent_prefix_path/data_pkg
-- Up-to-date: /home/bev/bev_ws/install/data_pkg/share/data_pkg/environment/ament_prefix_path.sh
-- Installing: /home/bev/bev_ws/install/data_pkg/share/data_pkg/environment/ament_prefix_path.dsv
-- Up-to-date: /home/bev/bev_ws/install/data_pkg/share/data_pkg/environment/path.sh
-- Installing: /home/bev/bev_ws/install/data_pkg/share/data_pkg/environment/path.dsv
-- Up-to-date: /home/bev/bev_ws/install/data_pkg/share/data_pkg/local_setup.bash
-- Up-to-date: /home/bev/bev_ws/install/data_pkg/share/data_pkg/local_setup.sh
-- Up-to-date: /home/bev/bev_ws/install/data_pkg/share/data_pkg/local_setup.zsh
-- Installing: /home/bev/bev_ws/install/data_pkg/share/data_pkg/local_setup.dsv
-- Installing: /home/bev/bev_ws/install/data_pkg/share/data_pkg/package.dsv
-- Up-to-date: /home/bev/bev_ws/install/data_pkg/share/ament_index/resource_index/packages/data_pkg
-- Up-to-date: /home/bev/bev_ws/install/data_pkg/share/data_pkg/cmake/data_pkgConfig.cmake
-- Up-to-date: /home/bev/bev_ws/install/data_pkg/share/data_pkg/cmake/data_pkgConfig-version.cmake
-- Up-to-date: /home/bev/bev_ws/install/data_pkg/share/data_pkg/package.xml
