-- Found ament_cmake: 0.9.12 (/opt/ros/foxy/share/ament_cmake/cmake)
-- Using PYTHON_EXECUTABLE: /usr/bin/python3
-- Found rclcpp: 2.4.3 (/opt/ros/foxy/share/rclcpp/cmake)
-- Using all available rosidl_typesupport_c: rosidl_typesupport_fastrtps_c;rosidl_typesupport_introspection_c
-- Found rosidl_adapter: 1.3.1 (/opt/ros/foxy/share/rosidl_adapter/cmake)
-- Using all available rosidl_typesupport_cpp: rosidl_typesupport_fastrtps_cpp;rosidl_typesupport_introspection_cpp
-- Found rmw_implementation_cmake: 1.0.4 (/opt/ros/foxy/share/rmw_implementation_cmake/cmake)
-- Using RMW implementation 'rmw_fastrtps_cpp' as default
-- Found carla_msgs: 1.3.0 (/home/bev/carla-ros-bridge/install/carla_msgs/share/carla_msgs/cmake)
-- Found nav_msgs: 2.0.5 (/opt/ros/foxy/share/nav_msgs/cmake)
-- Found ament_lint_auto: 0.9.8 (/opt/ros/foxy/share/ament_lint_auto/cmake)
-- Added test 'copyright' to check source files copyright and LICENSE
-- Added test 'cppcheck' to perform static code analysis on C / C++ code
-- Configured cppcheck include dirs: /home/bev/bev_ws/src/risk_assessment/include
-- Configured cppcheck exclude dirs and/or files: 
-- Added test 'cpplint' to check C / C++ code against the Google style
-- Configured cpplint exclude dirs and/or files: 
-- Added test 'lint_cmake' to check CMake code style
-- Added test 'uncrustify' to check C / C++ code style
-- Configured uncrustify additional arguments: 
-- Added test 'xmllint' to check XML markup files
-- Configuring done
-- Generating done
-- Build files have been written to: /home/bev/bev_ws/build/risk_assessment
[35m[1mScanning dependencies of target risk_assessment[0m
[ 50%] [32mBuilding CXX object CMakeFiles/risk_assessment.dir/src/calculate_risk.cpp.o[0m
[100%] [32m[1mLinking CXX executable risk_assessment[0m
[100%] Built target risk_assessment
-- Install configuration: ""
-- Installing: /home/bev/bev_ws/install/risk_assessment/lib/risk_assessment/risk_assessment
-- Set runtime path of "/home/bev/bev_ws/install/risk_assessment/lib/risk_assessment/risk_assessment" to ""
-- Up-to-date: /home/bev/bev_ws/install/risk_assessment/share/ament_index/resource_index/package_run_dependencies/risk_assessment
-- Up-to-date: /home/bev/bev_ws/install/risk_assessment/share/ament_index/resource_index/parent_prefix_path/risk_assessment
-- Up-to-date: /home/bev/bev_ws/install/risk_assessment/share/risk_assessment/environment/ament_prefix_path.sh
-- Installing: /home/bev/bev_ws/install/risk_assessment/share/risk_assessment/environment/ament_prefix_path.dsv
-- Up-to-date: /home/bev/bev_ws/install/risk_assessment/share/risk_assessment/environment/path.sh
-- Installing: /home/bev/bev_ws/install/risk_assessment/share/risk_assessment/environment/path.dsv
-- Up-to-date: /home/bev/bev_ws/install/risk_assessment/share/risk_assessment/local_setup.bash
-- Up-to-date: /home/bev/bev_ws/install/risk_assessment/share/risk_assessment/local_setup.sh
-- Up-to-date: /home/bev/bev_ws/install/risk_assessment/share/risk_assessment/local_setup.zsh
-- Installing: /home/bev/bev_ws/install/risk_assessment/share/risk_assessment/local_setup.dsv
-- Installing: /home/bev/bev_ws/install/risk_assessment/share/risk_assessment/package.dsv
-- Up-to-date: /home/bev/bev_ws/install/risk_assessment/share/ament_index/resource_index/packages/risk_assessment
-- Up-to-date: /home/bev/bev_ws/install/risk_assessment/share/risk_assessment/cmake/risk_assessmentConfig.cmake
-- Up-to-date: /home/bev/bev_ws/install/risk_assessment/share/risk_assessment/cmake/risk_assessmentConfig-version.cmake
-- Up-to-date: /home/bev/bev_ws/install/risk_assessment/share/risk_assessment/package.xml
