[0.019s] Invoking command in '/home/bev/bev_ws/build/tracking_algorithm': AMENT_PREFIX_PATH=/home/bev/bev_ws/install/custom_msgs:${AMENT_PREFIX_PATH} CMAKE_PREFIX_PATH=/home/bev/bev_ws/install/custom_msgs:/opt/ros/foxy LD_LIBRARY_PATH=/home/bev/bev_ws/install/custom_msgs/lib:/opt/ros/foxy/opt/yaml_cpp_vendor/lib:/opt/ros/foxy/opt/rviz_ogre_vendor/lib:/opt/ros/foxy/lib/x86_64-linux-gnu:/opt/ros/foxy/lib:/usr/local/cuda-11.3/lib64:/home/bev/TensorRT-8.6.1.6/lib PYTHONPATH=/home/bev/bev_ws/install/custom_msgs/lib/python3.8/site-packages:${PYTHONPATH} /usr/bin/cmake --build /home/bev/bev_ws/build/tracking_algorithm -- -j28 -l28
[0.117s] [35m[1mScanning dependencies of target sort_ros[0m
[0.171s] [ 12%] [32mBuilding CXX object CMakeFiles/sort_ros.dir/src/main.cpp.o[0m
[0.171s] [ 25%] [32mBuilding CXX object CMakeFiles/sort_ros.dir/src/SortRos.cpp.o[0m
[4.816s] [ 37%] [32m[1mLinking CXX executable sort_ros[0m
[5.249s] [100%] Built target sort_ros
[5.272s] Invoked command in '/home/bev/bev_ws/build/tracking_algorithm' returned '0': AMENT_PREFIX_PATH=/home/bev/bev_ws/install/custom_msgs:${AMENT_PREFIX_PATH} CMAKE_PREFIX_PATH=/home/bev/bev_ws/install/custom_msgs:/opt/ros/foxy LD_LIBRARY_PATH=/home/bev/bev_ws/install/custom_msgs/lib:/opt/ros/foxy/opt/yaml_cpp_vendor/lib:/opt/ros/foxy/opt/rviz_ogre_vendor/lib:/opt/ros/foxy/lib/x86_64-linux-gnu:/opt/ros/foxy/lib:/usr/local/cuda-11.3/lib64:/home/bev/TensorRT-8.6.1.6/lib PYTHONPATH=/home/bev/bev_ws/install/custom_msgs/lib/python3.8/site-packages:${PYTHONPATH} /usr/bin/cmake --build /home/bev/bev_ws/build/tracking_algorithm -- -j28 -l28
[5.356s] Invoking command in '/home/bev/bev_ws/build/tracking_algorithm': AMENT_PREFIX_PATH=/home/bev/bev_ws/install/custom_msgs:${AMENT_PREFIX_PATH} CMAKE_PREFIX_PATH=/home/bev/bev_ws/install/custom_msgs:/opt/ros/foxy LD_LIBRARY_PATH=/home/bev/bev_ws/install/custom_msgs/lib:/opt/ros/foxy/opt/yaml_cpp_vendor/lib:/opt/ros/foxy/opt/rviz_ogre_vendor/lib:/opt/ros/foxy/lib/x86_64-linux-gnu:/opt/ros/foxy/lib:/usr/local/cuda-11.3/lib64:/home/bev/TensorRT-8.6.1.6/lib PYTHONPATH=/home/bev/bev_ws/install/custom_msgs/lib/python3.8/site-packages:${PYTHONPATH} /usr/bin/cmake --install /home/bev/bev_ws/build/tracking_algorithm
[5.373s] -- Install configuration: ""
[5.374s] -- Installing: /home/bev/bev_ws/install/tracking_algorithm/lib/tracking_algorithm/sort_ros
[5.377s] -- Set runtime path of "/home/bev/bev_ws/install/tracking_algorithm/lib/tracking_algorithm/sort_ros" to ""
[5.378s] -- Up-to-date: /home/bev/bev_ws/install/tracking_algorithm/share/ament_index/resource_index/package_run_dependencies/tracking_algorithm
[5.378s] -- Up-to-date: /home/bev/bev_ws/install/tracking_algorithm/share/ament_index/resource_index/parent_prefix_path/tracking_algorithm
[5.378s] -- Up-to-date: /home/bev/bev_ws/install/tracking_algorithm/share/tracking_algorithm/environment/ament_prefix_path.sh
[5.378s] -- Up-to-date: /home/bev/bev_ws/install/tracking_algorithm/share/tracking_algorithm/environment/ament_prefix_path.dsv
[5.378s] -- Up-to-date: /home/bev/bev_ws/install/tracking_algorithm/share/tracking_algorithm/environment/path.sh
[5.379s] -- Up-to-date: /home/bev/bev_ws/install/tracking_algorithm/share/tracking_algorithm/environment/path.dsv
[5.379s] -- Up-to-date: /home/bev/bev_ws/install/tracking_algorithm/share/tracking_algorithm/local_setup.bash
[5.379s] -- Up-to-date: /home/bev/bev_ws/install/tracking_algorithm/share/tracking_algorithm/local_setup.sh
[5.379s] -- Up-to-date: /home/bev/bev_ws/install/tracking_algorithm/share/tracking_algorithm/local_setup.zsh
[5.379s] -- Up-to-date: /home/bev/bev_ws/install/tracking_algorithm/share/tracking_algorithm/local_setup.dsv
[5.379s] -- Installing: /home/bev/bev_ws/install/tracking_algorithm/share/tracking_algorithm/package.dsv
[5.379s] -- Up-to-date: /home/bev/bev_ws/install/tracking_algorithm/share/ament_index/resource_index/packages/tracking_algorithm
[5.380s] -- Up-to-date: /home/bev/bev_ws/install/tracking_algorithm/share/tracking_algorithm/cmake/tracking_algorithmConfig.cmake
[5.380s] -- Up-to-date: /home/bev/bev_ws/install/tracking_algorithm/share/tracking_algorithm/cmake/tracking_algorithmConfig-version.cmake
[5.380s] -- Up-to-date: /home/bev/bev_ws/install/tracking_algorithm/share/tracking_algorithm/package.xml
[5.388s] Invoked command in '/home/bev/bev_ws/build/tracking_algorithm' returned '0': AMENT_PREFIX_PATH=/home/bev/bev_ws/install/custom_msgs:${AMENT_PREFIX_PATH} CMAKE_PREFIX_PATH=/home/bev/bev_ws/install/custom_msgs:/opt/ros/foxy LD_LIBRARY_PATH=/home/bev/bev_ws/install/custom_msgs/lib:/opt/ros/foxy/opt/yaml_cpp_vendor/lib:/opt/ros/foxy/opt/rviz_ogre_vendor/lib:/opt/ros/foxy/lib/x86_64-linux-gnu:/opt/ros/foxy/lib:/usr/local/cuda-11.3/lib64:/home/bev/TensorRT-8.6.1.6/lib PYTHONPATH=/home/bev/bev_ws/install/custom_msgs/lib/python3.8/site-packages:${PYTHONPATH} /usr/bin/cmake --install /home/bev/bev_ws/build/tracking_algorithm
